The SAS System                                                                     14:43 Thursday, December 11, 2008   1

The MEANS Procedure

Variable                N            Mean         Std Dev         Minimum         Maximum
-----------------------------------------------------------------------------------------
state             3942866      27.5980725      95.7642839       1.0000000      56.0000000
age               3942866      38.8324184      74.5013958      18.0000000      68.0000000
pob               3942866      55.3586013     506.5368597       1.0000000     555.0000000
imm               3942866       0.0990676       1.8188592               0       1.0000000
hispanic          3942866       0.0865494       1.7118339               0       1.0000000
english           3942866       0.2465497       4.2861515               0       4.0000000
weeks             3942866      36.2377536     128.4749687               0      52.0000000
msa               3942866         5695.45        19032.79      40.0000000         9999.00
wagesal           3942866        17284.84       131781.06               0       197927.00
selfinc           3942866         1407.41        53675.16       -19998.00       215195.00
educ              3942866      12.7007352      18.5967784               0      20.0000000
eclass            3942866       2.4967743       6.3149387       1.0000000       4.0000000
dropout           3942866       0.2014339       2.4417926               0       1.0000000
somecoll          3942866       0.2751848       2.7190231               0       1.0000000
collplus          3942866       0.2115117       2.4862906               0       1.0000000
advanced          3942866       0.0732193       1.5859453               0       1.0000000
exp               3942866      19.0403037      74.9317102       1.0000000      45.0000000
xclass            3942866       4.2161605      14.9061319       1.0000000       9.0000000
annhrs            3942866         1493.20         6178.19               0         5148.00
wage              2970962      12.4091655      77.2034407       2.5125000     167.5000000
owage             2970962      13.0032747     901.7974154     0.000194250       195516.00
wage2             2815690      12.2546843      74.7651966       2.5125000     167.5000000
logwage2          2815690       2.2559752       4.1078868       0.9212783       5.1209834
female            3942866       0.4981687       3.0440666               0       1.0000000
c                 3942866       1.0000000               0       1.0000000       1.0000000
inschool          3942866       0.1005014       1.8305152               0       1.0000000
exp2              3942866       5.1401369      33.7858566       0.0100000      20.2500000
exp3              3942866      16.3745289     142.0397684     0.000999999      91.1250000
ic                3942866       0.5498055      37.7306622      -1.0000000      38.0000000
yrsinus           3942866       1.4657536      34.2333824               0      45.0000000
pre_exp           3942866       0.4068147      23.2394193     -27.5000000      43.5000000
pre_exp1          3942866       0.0198640       0.8494997               0       1.0000000
yrsinus2          3942866      33.7657872         1065.96               0         2025.00
euro              3942866       0.0222519       0.8980156               0       1.0000000
hi_asian          3942866       0.0108986       0.6321099               0       1.0000000
mid_asian         3942866       0.0101563       0.6104337               0       1.0000000
mex               3942866       0.0228380       0.9094931               0       1.0000000
euro_ed           3942866       0.2841465      11.9562834               0      20.0000000
euro_coll         3942866       0.0057156       0.4589588               0       1.0000000
hi_asian_ed       3942866       0.1554611       9.2984170               0      20.0000000
hi_asian_coll     3942866       0.0052165       0.4385712               0       1.0000000
mid_asian_ed      3942866       0.1294680       8.1975758               0      20.0000000
mid_asian_coll    3942866       0.0034608       0.3575358               0       1.0000000
mex_ed            3942866       0.1765123       8.1077981               0      20.0000000
mex_coll          3942866     0.000671481       0.1577095               0       1.0000000
euro_yrs          3942866       0.5002189      23.4669699               0      45.0000000
hi_asian_yrs      3942866       0.1237623       9.0221531               0      45.0000000
mid_asian_yrs     3942866       0.1199901       8.9661774               0      45.0000000
mex_yrs           3942866       0.2954994      14.6272039               0      45.0000000
euro_yrs2         3942866      15.1075202     823.6624980               0         2025.00
hi_asian_yrs2     3942866       2.2113876     224.1541131               0         2025.00
mid_asian_yrs2    3942866       2.1833027     235.9767561               0         2025.00
mex_yrs2          3942866       5.8596150     403.8851445               0         2025.00
-----------------------------------------------------------------------------------------
The SAS System                                                                     14:43 Thursday, December 11, 2008   2

The MEANS Procedure

Variable                N            Mean         Std Dev         Minimum         Maximum
-----------------------------------------------------------------------------------------
imm_ed            3942866       1.1191967      22.4008580               0      20.0000000
imm_coll          3942866       0.0207570       0.8679893               0       1.0000000
asian             3942866       0.0292562       1.0260021               0       1.0000000
black             3942866       0.1157581       1.9478175               0       1.0000000
asian_ed          3942866       0.3876194      14.2209360               0      20.0000000
black_ed          3942866       1.3881753      24.0488138               0      20.0000000
asian_coll        3942866       0.0108128       0.6296446               0       1.0000000
black_coll        3942866       0.0127478       0.6829974               0       1.0000000
hisp_ed           3942866       0.8899787      19.0885468               0      20.0000000
hisp_coll         3942866       0.0071472       0.5128583               0       1.0000000
p1                3942866       0.0911979       0.5102869     0.000692260       0.6671970
p2                3942866       0.0982507       0.3958617       0.0018950       0.2315477
p3                3942866       0.0938152       0.3023351       0.0035811       0.1591841
p4                3942866       0.1016469       0.2414217       0.0077400       0.1439071
p5                3942866       0.0993807       0.1781870       0.0136687       0.1332594
p6                3942866       0.0944927       0.1296713       0.0155951       0.1217200
p7                3942866       0.1087007       0.1951383       0.0087660       0.1489274
p8                3942866       0.1008919       0.3085557       0.0034117       0.1707784
p9                3942866       0.1007373       0.4500114       0.0014579       0.2328081
p10               3942866       0.1108859       0.6827282     0.000336084       0.5907050
rmsa              3942866         2988.10        17870.13               0         9320.00
dev               2815690    3.9743555E-8       4.1078868      -1.3346969       2.8650082
devsq             2815690       0.4506932       4.4653045    2.342299E-11       8.2082717
nonmover          3942866       0.5536285       3.0265266               0       1.0000000
emp               3942866       0.8102960       2.3869708               0       1.0000000
-----------------------------------------------------------------------------------------
The SAS System                                                                     14:43 Thursday, December 11, 2008   3

The MEANS Procedure

Variable                N            Mean         Std Dev         Minimum         Maximum
-----------------------------------------------------------------------------------------
state             3272664      28.1981560      98.7584460       1.0000000      56.0000000
age               3272664      38.9243458      77.8574257      18.0000000      68.0000000
pob               3272664      31.1443733     153.1532355       1.0000000     555.0000000
imm               3272664               0               0               0               0
hispanic          3272664       0.0495806       1.3768987               0       1.0000000
english           3272664       0.0932672       2.4680207               0       4.0000000
weeks             3272664      36.5771784     132.9995483               0      52.0000000
msa               3272664         5753.05        20238.66      40.0000000         9999.00
wagesal           3272664        17554.03       137484.26               0       197927.00
selfinc           3272664         1411.11        55949.51       -19998.00       215195.00
educ              3272664      12.8550590      17.6387920               0      20.0000000
eclass            3272664       2.5250784       6.4545005       1.0000000       4.0000000
dropout           3272664       0.1813320       2.4438785               0       1.0000000
somecoll          3272664       0.2829496       2.8570501               0       1.0000000
collplus          3272664       0.2117304       2.5912984               0       1.0000000
advanced          3272664       0.0715498       1.6348273               0       1.0000000
exp               3272664      19.0555211      78.3379843       1.0000000      45.0000000
xclass            3272664       4.2193699      15.5798233       1.0000000       9.0000000
annhrs            3272664         1507.04         6415.42               0         5148.00
wage              2495603      12.4558131      79.6534796       2.5125000     167.5000000
owage             2495603      12.9323994     264.2070331     0.000194250        27500.00
wage2             2357820      12.3049427      77.1073816       2.5125000     167.5000000
logwage2          2357820       2.2635548       4.2541283       0.9212783       5.1209834
female            3272664       0.4989422       3.1714472               0       1.0000000
c                 3272664       1.0000000               0       1.0000000       1.0000000
inschool          3272664       0.0956473       1.8654936               0       1.0000000
exp2              3272664       5.1564718      35.3493377       0.0100000      20.2500000
exp3              3272664      16.4647841     148.7436679     0.000999999      91.1250000
ic                3272664      -1.0000000               0      -1.0000000      -1.0000000
yrsinus           3272664               0               0               0               0
pre_exp           3272664               0               0               0               0
pre_exp1          3272664               0               0               0               0
yrsinus2          3272664               0               0               0               0
euro              3272664               0               0               0               0
hi_asian          3272664               0               0               0               0
mid_asian         3272664               0               0               0               0
mex               3272664               0               0               0               0
euro_ed           3272664               0               0               0               0
euro_coll         3272664               0               0               0               0
hi_asian_ed       3272664               0               0               0               0
hi_asian_coll     3272664               0               0               0               0
mid_asian_ed      3272664               0               0               0               0
mid_asian_coll    3272664               0               0               0               0
mex_ed            3272664               0               0               0               0
mex_coll          3272664               0               0               0               0
euro_yrs          3272664               0               0               0               0
hi_asian_yrs      3272664               0               0               0               0
mid_asian_yrs     3272664               0               0               0               0
mex_yrs           3272664               0               0               0               0
euro_yrs2         3272664               0               0               0               0
hi_asian_yrs2     3272664               0               0               0               0
mid_asian_yrs2    3272664               0               0               0               0
mex_yrs2          3272664               0               0               0               0
-----------------------------------------------------------------------------------------
The SAS System                                                                     14:43 Thursday, December 11, 2008   4

The MEANS Procedure

Variable                N            Mean         Std Dev         Minimum         Maximum
-----------------------------------------------------------------------------------------
imm_ed            3272664               0               0               0               0
imm_coll          3272664               0               0               0               0
asian             3272664       0.0067431       0.5190964               0       1.0000000
black             3272664       0.1212553       2.0704757               0       1.0000000
asian_ed          3272664       0.0924367       7.2546832               0      20.0000000
black_ed          3272664       1.4516560      25.5001784               0      20.0000000
asian_coll        3272664       0.0022460       0.3002678               0       1.0000000
black_coll        3272664       0.0127926       0.7128059               0       1.0000000
hisp_ed           3272664       0.5665380      16.3776336               0      20.0000000
hisp_coll         3272664       0.0045685       0.4277388               0       1.0000000
p1                3272664       0.0879111       0.5176332       0.0010635       0.6671970
p2                3272664       0.0965117       0.4114028       0.0027291       0.2315465
p3                3272664       0.0927526       0.3170564       0.0049487       0.1591841
p4                3272664       0.1009220       0.2545627       0.0103030       0.1439071
p5                3272664       0.0991223       0.1878010       0.0175462       0.1332594
p6                3272664       0.0946279       0.1341932       0.0155951       0.1217199
p7                3272664       0.1094053       0.2008879       0.0087660       0.1489274
p8                3272664       0.1021823       0.3216394       0.0034117       0.1707784
p9                3272664       0.1027358       0.4714587       0.0014579       0.2328081
p10               3272664       0.1138289       0.7151294     0.000336084       0.5411772
rmsa              3272664         2850.36        18652.92               0         9320.00
dev               2357820       0.0075796       4.2541283      -1.3346969       2.8650082
devsq             2357820       0.4468206       4.6127238    2.342299E-11       8.2082717
nonmover          3272664       0.6145062       3.0871681               0       1.0000000
emp               3272664       0.8159064       2.4582606               0       1.0000000
-----------------------------------------------------------------------------------------
The SAS System                                                                     14:43 Thursday, December 11, 2008   5

The MEANS Procedure

Variable                N            Mean         Std Dev         Minimum         Maximum
-----------------------------------------------------------------------------------------
state              670202      22.1408457      74.9174350       1.0000000      56.0000000
age                670202      37.9964204      55.1078408      18.0000000      68.0000000
pob                670202     275.5655152     481.8796685     100.0000000     555.0000000
imm                670202       1.0000000               0       1.0000000       1.0000000
hispanic           670202       0.4227479       2.2960423               0       1.0000000
english            670202       1.6405184       5.6339929               0       4.0000000
weeks              670202      33.1509863     102.4712315               0      52.0000000
msa                670202         5171.67        11154.53      40.0000000         9999.00
wagesal            670202        14836.76        98608.84               0       197927.00
selfinc            670202         1373.78        40786.27       -19998.00       215195.00
educ               670202      11.2972975      21.6360824               0      20.0000000
eclass             670202       2.2393742       5.4394405       1.0000000       4.0000000
dropout            670202       0.3842426       2.2608096               0       1.0000000
somecoll           670202       0.2045703       1.8749020               0       1.0000000
collplus           670202       0.2095233       1.8915468               0       1.0000000
advanced           670202       0.0884018       1.3194372               0       1.0000000
exp                670202      18.9019147      55.3619446       1.0000000      45.0000000
xclass             670202       4.1869742      11.0400547       1.0000000       9.0000000
annhrs             670202         1367.38         4816.80               0         5148.00
wage               475359      11.9516825      62.7519728       2.5125000     167.5000000
owage              475359      13.6983637         2171.68     0.000194250       195516.00
wage2              457870      11.7704509      61.2574750       2.5125000     167.5000000
logwage2           457870       2.1829466       3.2326568       0.9212783       5.1209834
female             670202       0.4911339       2.3235826               0       1.0000000
c                  670202       1.0000000               0       1.0000000       1.0000000
inschool           670202       0.1446449       1.6348624               0       1.0000000
exp2               670202       4.9915855      24.7615427       0.0100000      20.2500000
exp3               670202      15.5537377     103.1509902     0.000999999      91.1250000
ic                 670202      14.6439108      60.1002874       1.0000000      38.0000000
yrsinus            670202      14.7954816      51.3228282       1.5000000      45.0000000
pre_exp            670202       4.1064330      53.3769325     -27.5000000      43.5000000
pre_exp1           670202       0.2005091       1.8609307               0       1.0000000
yrsinus2           670202     340.8356551         2103.29       2.2500000         2025.00
euro               670202       0.2246130       1.9396933               0       1.0000000
hi_asian           670202       0.1100116       1.4543462               0       1.0000000
mid_asian          670202       0.1025190       1.4098446               0       1.0000000
mex                670202       0.2305294       1.9575622               0       1.0000000
euro_ed            670202       2.8682064      26.0939373               0      20.0000000
euro_coll          670202       0.0576940       1.0837218               0       1.0000000
hi_asian_ed        670202       1.5692421      21.4646060               0      20.0000000
hi_asian_coll      670202       0.0526557       1.0380855               0       1.0000000
mid_asian_ed       670202       1.3068647      19.0290814               0      20.0000000
mid_asian_coll     670202       0.0349332       0.8534035               0       1.0000000
mex_ed             670202       1.7817349      18.0263180               0      20.0000000
mex_coll           670202       0.0067780       0.3813558               0       1.0000000
euro_yrs           670202       5.0492663      52.3795231               0      45.0000000
hi_asian_yrs       670202       1.2492710      21.1779469               0      45.0000000
mid_asian_yrs      670202       1.2111933      21.0809184               0      45.0000000
mex_yrs            670202       2.9828037      32.9478114               0      45.0000000
euro_yrs2          670202     152.4970082         1881.12               0         2025.00
hi_asian_yrs2      670202      22.3219956     534.6956252               0         2025.00
mid_asian_yrs2     670202      22.0385031     564.0461541               0         2025.00
mex_yrs2           670202      59.1476127     944.2362564               0         2025.00
-----------------------------------------------------------------------------------------
The SAS System                                                                     14:43 Thursday, December 11, 2008   6

The MEANS Procedure

Variable                N            Mean         Std Dev         Minimum         Maximum
-----------------------------------------------------------------------------------------
imm_ed             670202      11.2972975      21.6360824               0      20.0000000
imm_coll           670202       0.2095233       1.8915468               0       1.0000000
asian              670202       0.2339931       1.9677696               0       1.0000000
black              670202       0.0657660       1.1520864               0       1.0000000
asian_ed           670202       3.0720440      27.5677120               0      20.0000000
black_ed           670202       0.8108747      14.8051621               0      20.0000000
asian_coll         670202       0.0887200       1.3215786               0       1.0000000
black_coll         670202       0.0123410       0.5131393               0       1.0000000
hisp_ed            670202       3.8313846      25.0280822               0      20.0000000
hisp_coll          670202       0.0305986       0.8004957               0       1.0000000
p1                 670202       0.1210884       0.4495503     0.000692260       0.6484119
p2                 670202       0.1140654       0.2990777       0.0018950       0.2315477
p3                 670202       0.1034787       0.2112865       0.0035811       0.1591841
p4                 670202       0.1082388       0.1594229       0.0077400       0.1439071
p5                 670202       0.1017310       0.1201514       0.0136687       0.1332594
p6                 670202       0.0932629       0.1046522       0.0227769       0.1217200
p7                 670202       0.1022932       0.1611697       0.0155478       0.1489274
p8                 670202       0.0891573       0.2272492       0.0070955       0.1707784
p9                 670202       0.0825630       0.3131853       0.0025081       0.2328081
p10                670202       0.0841213       0.4772577     0.000404735       0.5907050
rmsa               670202         4240.74        11920.98               0         9320.00
dev                457870      -0.0730286       3.2326568      -1.3346969       2.8650082
devsq              457870       0.4880058       3.6075199    1.448533E-10       8.2082717
nonmover           670202               0               0               0               0
emp                670202       0.7592744       1.9870872               0       1.0000000
-----------------------------------------------------------------------------------------
The SAS System                                                                     14:43 Thursday, December 11, 2008   7

The FREQ Procedure

Table of ic by hispanic

ic        hispanic

Frequency|
Percent  |
Row Pct  |
Col Pct  |       0|       1|  Total
---------+--------+--------+
      -1 |1.251E8 |6528148 |1.317E8
         |  85.63 |   4.47 |  90.09
         |  95.04 |   4.96 |
         |  93.74 |  51.61 |
---------+--------+--------+
       1 |  23820 |3313856 |3337676
         |   0.02 |   2.27 |   2.28
         |   0.71 |  99.29 |
         |   0.02 |  26.20 |
---------+--------+--------+
       2 | 666407 |  40624 | 707031
         |   0.46 |   0.03 |   0.48
         |  94.25 |   5.75 |
         |   0.50 |   0.32 |
---------+--------+--------+
       3 | 366857 |   2014 | 368871
         |   0.25 |   0.00 |   0.25
         |  99.45 |   0.55 |
         |   0.27 |   0.02 |
---------+--------+--------+
       4 | 390038 |    820 | 390858
         |   0.27 |   0.00 |   0.27
         |  99.79 |   0.21 |
         |   0.29 |   0.01 |
---------+--------+--------+
       5 |   3237 | 364039 | 367276
         |   0.00 |   0.25 |   0.25
         |   0.88 |  99.12 |
         |   0.00 |   2.88 |
---------+--------+--------+
       6 | 385728 |    685 | 386413
         |   0.26 |   0.00 |   0.26
         |  99.82 |   0.18 |
         |   0.29 |   0.01 |
---------+--------+--------+
       7 |   6648 | 535479 | 542127
         |   0.00 |   0.37 |   0.37
         |   1.23 |  98.77 |
         |   0.00 |   4.23 |
---------+--------+--------+
Total     1.335E8  1.265E7  1.461E8
            91.35     8.65   100.00
(Continued)
The SAS System                                                                     14:43 Thursday, December 11, 2008   8

The FREQ Procedure

Table of ic by hispanic

ic        hispanic

Frequency|
Percent  |
Row Pct  |
Col Pct  |       0|       1|  Total
---------+--------+--------+
       8 |   3637 | 269189 | 272826
         |   0.00 |   0.18 |   0.19
         |   1.33 |  98.67 |
         |   0.00 |   2.13 |
---------+--------+--------+
       9 | 440235 |    523 | 440758
         |   0.30 |   0.00 |   0.30
         |  99.88 |   0.12 |
         |   0.33 |   0.00 |
---------+--------+--------+
      10 | 251972 |   3545 | 255517
         |   0.17 |   0.00 |   0.17
         |  98.61 |   1.39 |
         |   0.19 |   0.03 |
---------+--------+--------+
      11 | 445201 |   1891 | 447092
         |   0.30 |   0.00 |   0.31
         |  99.58 |   0.42 |
         |   0.33 |   0.01 |
---------+--------+--------+
      12 |   4309 | 236953 | 241262
         |   0.00 |   0.16 |   0.17
         |   1.79 |  98.21 |
         |   0.00 |   1.87 |
---------+--------+--------+
      13 |   2626 | 173455 | 176081
         |   0.00 |   0.12 |   0.12
         |   1.49 |  98.51 |
         |   0.00 |   1.37 |
---------+--------+--------+
      14 | 501259 |   2793 | 504052
         |   0.34 |   0.00 |   0.34
         |  99.45 |   0.55 |
         |   0.38 |   0.02 |
---------+--------+--------+
      15 | 166025 |  12210 | 178235
         |   0.11 |   0.01 |   0.12
         |  93.15 |   6.85 |
         |   0.12 |   0.10 |
---------+--------+--------+
Total     1.335E8  1.265E7  1.461E8
            91.35     8.65   100.00
(Continued)
The SAS System                                                                     14:43 Thursday, December 11, 2008   9

The FREQ Procedure

Table of ic by hispanic

ic        hispanic

Frequency|
Percent  |
Row Pct  |
Col Pct  |       0|       1|  Total
---------+--------+--------+
      16 | 211731 |    523 | 212254
         |   0.14 |   0.00 |   0.15
         |  99.75 |   0.25 |
         |   0.16 |   0.00 |
---------+--------+--------+
      17 | 198120 |    284 | 198404
         |   0.14 |   0.00 |   0.14
         |  99.86 |   0.14 |
         |   0.15 |   0.00 |
---------+--------+--------+
      18 | 426602 |   1655 | 428257
         |   0.29 |   0.00 |   0.29
         |  99.61 |   0.39 |
         |   0.32 |   0.01 |
---------+--------+--------+
      19 | 314267 |   1781 | 316048
         |   0.22 |   0.00 |   0.22
         |  99.44 |   0.56 |
         |   0.24 |   0.01 |
---------+--------+--------+
      20 |   1867 | 112328 | 114195
         |   0.00 |   0.08 |   0.08
         |   1.63 |  98.37 |
         |   0.00 |   0.89 |
---------+--------+--------+
      21 | 233029 |    527 | 233556
         |   0.16 |   0.00 |   0.16
         |  99.77 |   0.23 |
         |   0.17 |   0.00 |
---------+--------+--------+
      22 | 166164 |    426 | 166590
         |   0.11 |   0.00 |   0.11
         |  99.74 |   0.26 |
         |   0.12 |   0.00 |
---------+--------+--------+
      23 |   3652 |  79465 |  83117
         |   0.00 |   0.05 |   0.06
         |   4.39 |  95.61 |
         |   0.00 |   0.63 |
---------+--------+--------+
Total     1.335E8  1.265E7  1.461E8
            91.35     8.65   100.00
(Continued)
The SAS System                                                                     14:43 Thursday, December 11, 2008  10

The FREQ Procedure

Table of ic by hispanic

ic        hispanic

Frequency|
Percent  |
Row Pct  |
Col Pct  |       0|       1|  Total
---------+--------+--------+
      24 |   4770 | 110588 | 115358
         |   0.00 |   0.08 |   0.08
         |   4.13 |  95.87 |
         |   0.00 |   0.87 |
---------+--------+--------+
      25 | 147196 |    534 | 147730
         |   0.10 |   0.00 |   0.10
         |  99.64 |   0.36 |
         |   0.11 |   0.00 |
---------+--------+--------+
      26 |   1550 | 115981 | 117531
         |   0.00 |   0.08 |   0.08
         |   1.32 |  98.68 |
         |   0.00 |   0.92 |
---------+--------+--------+
      27 |  87544 |   1461 |  89005
         |   0.06 |   0.00 |   0.06
         |  98.36 |   1.64 |
         |   0.07 |   0.01 |
---------+--------+--------+
      28 |  69606 |    306 |  69912
         |   0.05 |   0.00 |   0.05
         |  99.56 |   0.44 |
         |   0.05 |   0.00 |
---------+--------+--------+
      29 | 114266 |    425 | 114691
         |   0.08 |   0.00 |   0.08
         |  99.63 |   0.37 |
         |   0.09 |   0.00 |
---------+--------+--------+
      30 |  92570 |   2488 |  95058
         |   0.06 |   0.00 |   0.07
         |  97.38 |   2.62 |
         |   0.07 |   0.02 |
---------+--------+--------+
      31 | 938430 |  74224 |1012654
         |   0.64 |   0.05 |   0.69
         |  92.67 |   7.33 |
         |   0.70 |   0.59 |
---------+--------+--------+
Total     1.335E8  1.265E7  1.461E8
            91.35     8.65   100.00
(Continued)
The SAS System                                                                     14:43 Thursday, December 11, 2008  11

The FREQ Procedure

Table of ic by hispanic

ic        hispanic

Frequency|
Percent  |
Row Pct  |
Col Pct  |       0|       1|  Total
---------+--------+--------+
      32 | 183460 |    469 | 183929
         |   0.13 |   0.00 |   0.13
         |  99.75 |   0.25 |
         |   0.14 |   0.00 |
---------+--------+--------+
      33 | 267118 |   2177 | 269295
         |   0.18 |   0.00 |   0.18
         |  99.19 |   0.81 |
         |   0.20 |   0.02 |
---------+--------+--------+
      34 | 408293 |   1970 | 410263
         |   0.28 |   0.00 |   0.28
         |  99.52 |   0.48 |
         |   0.31 |   0.02 |
---------+--------+--------+
      35 |  75249 | 204924 | 280173
         |   0.05 |   0.14 |   0.19
         |  26.86 |  73.14 |
         |   0.06 |   1.62 |
---------+--------+--------+
      36 | 303269 |   3166 | 306435
         |   0.21 |   0.00 |   0.21
         |  98.97 |   1.03 |
         |   0.23 |   0.03 |
---------+--------+--------+
      37 | 153441 | 106920 | 260361
         |   0.10 |   0.07 |   0.18
         |  58.93 |  41.07 |
         |   0.11 |   0.85 |
---------+--------+--------+
      38 | 297442 | 339977 | 637419
         |   0.20 |   0.23 |   0.44
         |  46.66 |  53.34 |
         |   0.22 |   2.69 |
---------+--------+--------+
Total     1.335E8  1.265E7  1.461E8
            91.35     8.65   100.00
