The SAS System                                                                     23:48 Thursday, December 11, 2008   1

The MEANS Procedure

Variable          N            Mean         Std Dev         Minimum         Maximum
-----------------------------------------------------------------------------------
imm         1234382               0               0               0               0
female      1234382               0               0               0               0
logwage2    1234382       2.4049855       4.3435212       0.9212783       5.1209834
educ        1234382      13.0375349      17.2610060               0      20.0000000
exp         1234382      17.4719186      74.3578078       1.0000000      45.0000000
rmsa0       1234382       0.2116604       2.6105800               0       1.0000000
rmsa1       1234382       0.1463426       2.2588518               0       1.0000000
homey       1234382       0.6173084       3.1062474               0       1.0000000
nonmover    1234382       0.6054489       3.1235674               0       1.0000000
-----------------------------------------------------------------------------------
The SAS System                                                                     23:48 Thursday, December 11, 2008   2

The MEANS Procedure

Variable          N            Mean         Std Dev         Minimum         Maximum
-----------------------------------------------------------------------------------
imm         1123438               0               0               0               0
female      1123438       1.0000000               0       1.0000000       1.0000000
logwage2    1123438       2.1054353       3.9181533       0.9212783       5.1209834
educ        1123438      13.1147050      15.1823063               0      20.0000000
exp         1123438      17.6524439      73.6377290       1.0000000      45.0000000
rmsa0       1123438       0.2109392       2.5847806               0       1.0000000
rmsa1       1123438       0.1420061       2.2114921               0       1.0000000
homey       1123438       0.6321521       3.0551656               0       1.0000000
nonmover    1123438       0.6195510       3.0759309               0       1.0000000
-----------------------------------------------------------------------------------
The SAS System                                                                     23:48 Thursday, December 11, 2008   3

The MEANS Procedure

Variable         N            Mean         Std Dev         Minimum         Maximum
----------------------------------------------------------------------------------
imm         259435       1.0000000               0       1.0000000       1.0000000
female      259435               0               0               0               0
logwage2    259435       2.2675758       3.3614545       0.9212783       5.1209834
educ        259435      11.3973913      22.5184281               0      20.0000000
exp         259435      17.5971240      52.3892570       1.0000000      45.0000000
rmsa0       259435       0.0522160       1.0396627               0       1.0000000
rmsa1       259435       0.0764521       1.2418253               0       1.0000000
----------------------------------------------------------------------------------
The SAS System                                                                     23:48 Thursday, December 11, 2008   4

The MEANS Procedure

Variable         N            Mean         Std Dev         Minimum         Maximum
----------------------------------------------------------------------------------
imm         198435       1.0000000               0       1.0000000       1.0000000
female      198435       1.0000000               0       1.0000000       1.0000000
logwage2    198435       2.0700292       2.9769689       0.9212783       5.1209834
educ        198435      11.7542712      19.5875991               0      20.0000000
exp         198435      18.9951203      53.2101752       1.0000000      45.0000000
rmsa0       198435       0.0502363       1.0105037               0       1.0000000
rmsa1       198435       0.0759251       1.2253702               0       1.0000000
----------------------------------------------------------------------------------
The SAS System                                                                     23:48 Thursday, December 11, 2008   5

The GLM Procedure

         Class Level Information
 
Class         Levels    Values

eclass             4    1 2 3 4           

xclass             9    1 2 3 4 5 6 7 8 9 

homey              2    0 1               


Number of Observations Read     1234382
Number of Observations Used     1234273
The SAS System                                                                     23:48 Thursday, December 11, 2008   6

The GLM Procedure
 
Dependent Variable: logwage2   

Weight: wt   

                                        Sum of
Source                      DF         Squares     Mean Square    F Value    Pr > F

Model                       55      7036942.63       127944.41    9716.95    <.0001

Error                   1.23E6     16251107.10           13.17                     

Corrected Total         1.23E6     23288049.72                                     


R-Square     Coeff Var      Root MSE    logwage2 Mean

0.302170      150.8805      3.628655         2.404986


Source                      DF       Type I SS     Mean Square    F Value    Pr > F

exp                          1     1991651.804     1991651.804     151259    <.0001
exp2                         1     1033155.019     1033155.019    78464.7    <.0001
exp3                         1       24677.185       24677.185    1874.15    <.0001
educ                         1     3047327.780     3047327.780     231434    <.0001
eclass*xclass               35      379623.306       10846.380     823.75    <.0001
inschool                     1       32377.462       32377.462    2458.96    <.0001
advanced                     1        7173.654        7173.654     544.81    <.0001
ft                           1       47031.194       47031.194    3571.86    <.0001
lowhrs                       1       17035.988       17035.988    1293.83    <.0001
hisp_ed                      1        5689.326        5689.326     432.09    <.0001
hisp_coll                    1         384.348         384.348      29.19    <.0001
black_ed                     1      125084.034      125084.034    9499.71    <.0001
black_coll                   1         951.957         951.957      72.30    <.0001
asian_ed                     1         306.428         306.428      23.27    <.0001
asian_coll                   1          31.539          31.539       2.40    0.1217
eclass*homey                 4       14829.830        3707.458     281.57    <.0001
rmsa0                        1      231322.697      231322.697    17568.2    <.0001
rmsa1                        1       78289.077       78289.077    5945.79    <.0001


Source                      DF     Type III SS     Mean Square    F Value    Pr > F

exp                          1      57613.5452      57613.5452    4375.56    <.0001
exp2                         1      11892.1343      11892.1343     903.17    <.0001
exp3                         1       2965.7857       2965.7857     225.24    <.0001
educ                         1      44840.2641      44840.2641    3405.47    <.0001
eclass*xclass               32      45644.1795       1426.3806     108.33    <.0001
inschool                     1      26006.5615      26006.5615    1975.11    <.0001
advanced                     1       6786.7653       6786.7653     515.43    <.0001
ft                           1      52221.9565      52221.9565    3966.08    <.0001
lowhrs                       1      21451.2773      21451.2773    1629.15    <.0001
hisp_ed                      1      18002.5761      18002.5761    1367.24    <.0001
hisp_coll                    1         27.7086         27.7086       2.10    0.1469
black_ed                     1     140263.9968     140263.9968    10652.6    <.0001
black_coll                   1       1783.7891       1783.7891     135.47    <.0001
The SAS System                                                                     23:48 Thursday, December 11, 2008   7

The GLM Procedure
 
Dependent Variable: logwage2   

Source                      DF     Type III SS     Mean Square    F Value    Pr > F

asian_ed                     1          0.0104          0.0104       0.00    0.9776
asian_coll                   1          0.0067          0.0067       0.00    0.9820
eclass*homey                 4      16271.7181       4067.9295     308.95    <.0001
rmsa0                        1     282717.8355     282717.8355    21471.5    <.0001
rmsa1                        1      78289.0767      78289.0767    5945.79    <.0001


                                            Standard
Parameter                 Estimate             Error    t Value    Pr > |t|

Intercept              1.493456197 B      0.01967236      75.92      <.0001
exp                    0.068779784        0.00103979      66.15      <.0001
exp2                  -0.177237705        0.00589755     -30.05      <.0001
exp3                   0.013631549        0.00090828      15.01      <.0001
educ                   0.030469174        0.00052212      58.36      <.0001
eclass*xclass 1 1     -0.346706220 B      0.01774277     -19.54      <.0001
eclass*xclass 1 2     -0.360762299 B      0.01738938     -20.75      <.0001
eclass*xclass 1 3     -0.375853247 B      0.01667563     -22.54      <.0001
eclass*xclass 1 4     -0.410392348 B      0.01581515     -25.95      <.0001
eclass*xclass 1 5     -0.389254095 B      0.01486735     -26.18      <.0001
eclass*xclass 1 6     -0.328006306 B      0.01361595     -24.09      <.0001
eclass*xclass 1 7     -0.281053918 B      0.01201084     -23.40      <.0001
eclass*xclass 1 8     -0.226712504 B      0.01009958     -22.45      <.0001
eclass*xclass 1 9     -0.179157776 B      0.00890584     -20.12      <.0001
eclass*xclass 2 1     -0.176059820 B      0.01749577     -10.06      <.0001
eclass*xclass 2 2     -0.149495716 B      0.01697466      -8.81      <.0001
eclass*xclass 2 3     -0.184779811 B      0.01627183     -11.36      <.0001
eclass*xclass 2 4     -0.207957453 B      0.01533584     -13.56      <.0001
eclass*xclass 2 5     -0.191951452 B      0.01421485     -13.50      <.0001
eclass*xclass 2 6     -0.147474721 B      0.01291618     -11.42      <.0001
eclass*xclass 2 7     -0.133470747 B      0.01132513     -11.79      <.0001
eclass*xclass 2 8     -0.116958686 B      0.00932390     -12.54      <.0001
eclass*xclass 2 9     -0.127006033 B      0.00825182     -15.39      <.0001
eclass*xclass 3 1     -0.038125225 B      0.01743045      -2.19      0.0287
eclass*xclass 3 2     -0.025421438 B      0.01692632      -1.50      0.1331
eclass*xclass 3 3     -0.064086178 B      0.01621216      -3.95      <.0001
eclass*xclass 3 4     -0.092884352 B      0.01522860      -6.10      <.0001
eclass*xclass 3 5     -0.065774730 B      0.01416884      -4.64      <.0001
eclass*xclass 3 6     -0.036573373 B      0.01297912      -2.82      0.0048
eclass*xclass 3 7     -0.031388926 B      0.01150810      -2.73      0.0064
eclass*xclass 3 8     -0.030824099 B      0.00968750      -3.18      0.0015
eclass*xclass 3 9     -0.078373211 B      0.00920785      -8.51      <.0001
eclass*xclass 4 1      0.147751086 B      0.01733935       8.52      <.0001
eclass*xclass 4 2      0.152532235 B      0.01681417       9.07      <.0001
eclass*xclass 4 3      0.117747660 B      0.01608295       7.32      <.0001
eclass*xclass 4 4      0.088826614 B      0.01504410       5.90      <.0001
eclass*xclass 4 5      0.122180569 B      0.01399326       8.73      <.0001
eclass*xclass 4 6      0.122726696 B      0.01282458       9.57      <.0001
eclass*xclass 4 7      0.128482991 B      0.01128365      11.39      <.0001
eclass*xclass 4 8      0.105424615 B      0.00947487      11.13      <.0001
eclass*xclass 4 9      0.000000000 B       .                .         .    
inschool              -0.086123483        0.00193788     -44.44      <.0001
The SAS System                                                                     23:48 Thursday, December 11, 2008   8

The GLM Procedure
 
Dependent Variable: logwage2   

                                            Standard
Parameter                 Estimate             Error    t Value    Pr > |t|

advanced               0.059846516        0.00263605      22.70      <.0001
ft                     0.110247376        0.00175060      62.98      <.0001
lowhrs                 0.091556588        0.00226834      40.36      <.0001
hisp_ed               -0.008068648        0.00021821     -36.98      <.0001
hisp_coll              0.011769091        0.00811299       1.45      0.1469
black_ed              -0.015658842        0.00015172    -103.21      <.0001
black_coll             0.063768144        0.00547870      11.64      <.0001
asian_ed               0.000016757        0.00059582       0.03      0.9776
asian_coll             0.000327136        0.01447478       0.02      0.9820
eclass*homey  1 0      0.017737884 B      0.00275568       6.44      <.0001
eclass*homey  1 1      0.000000000 B       .                .         .    
eclass*homey  2 0     -0.042686215 B      0.00196187     -21.76      <.0001
eclass*homey  2 1      0.000000000 B       .                .         .    
eclass*homey  3 0     -0.044219943 B      0.00195593     -22.61      <.0001
eclass*homey  3 1      0.000000000 B       .                .         .    
eclass*homey  4 0      0.030865599 B      0.00213242      14.47      <.0001
eclass*homey  4 1      0.000000000 B       .                .         .    
rmsa0                 -0.191493373        0.00130684    -146.53      <.0001
rmsa1                 -0.114653482        0.00148690     -77.11      <.0001

NOTE: The X'X matrix has been found to be singular, and a generalized inverse was used to solve the normal equations.  
      Terms whose estimates are followed by the letter 'B' are not uniquely estimable.
The SAS System                                                                     23:48 Thursday, December 11, 2008   9

The GLM Procedure

         Class Level Information
 
Class         Levels    Values

eclass             4    1 2 3 4           

xclass             9    1 2 3 4 5 6 7 8 9 

homey              2    0 1               


Number of Observations Read     1123438
Number of Observations Used     1123350
The SAS System                                                                     23:48 Thursday, December 11, 2008  10

The GLM Procedure
 
Dependent Variable: logwage2   

Weight: wt   

                                        Sum of
Source                      DF         Squares     Mean Square    F Value    Pr > F

Model                       55      3936693.60        71576.25    6040.56    <.0001

Error                   1.12E6     13310227.30           11.85                     

Corrected Total         1.12E6     17246920.90                                     


R-Square     Coeff Var      Root MSE    logwage2 Mean

0.228255      163.4949      3.442279         2.105435


Source                      DF       Type I SS     Mean Square    F Value    Pr > F

exp                          1      131588.083      131588.083    11105.2    <.0001
exp2                         1      303815.751      303815.751    25640.0    <.0001
exp3                         1       56038.207       56038.207    4729.25    <.0001
educ                         1     2612435.358     2612435.358     220472    <.0001
eclass*xclass               35      275104.114        7860.118     663.34    <.0001
inschool                     1        3793.637        3793.637     320.16    <.0001
advanced                     1       34353.240       34353.240    2899.18    <.0001
ft                           1      134295.734      134295.734    11333.7    <.0001
lowhrs                       1           8.445           8.445       0.71    0.3985
hisp_ed                      1        1243.413        1243.413     104.94    <.0001
hisp_coll                    1           4.327           4.327       0.37    0.5457
black_ed                     1         182.860         182.860      15.43    <.0001
black_coll                   1        1201.614        1201.614     101.41    <.0001
asian_ed                     1        4826.545        4826.545     407.33    <.0001
asian_coll                   1         366.905         366.905      30.96    <.0001
eclass*homey                 4        1786.385         446.596      37.69    <.0001
rmsa0                        1      283711.146      283711.146    23943.3    <.0001
rmsa1                        1       91937.838       91937.838    7758.94    <.0001


Source                      DF     Type III SS     Mean Square    F Value    Pr > F

exp                          1      32561.8151      32561.8151    2748.00    <.0001
exp2                         1      13354.0575      13354.0575    1126.99    <.0001
exp3                         1       7218.5117       7218.5117     609.19    <.0001
educ                         1      16419.2451      16419.2451    1385.67    <.0001
eclass*xclass               32      20513.6887        641.0528      54.10    <.0001
inschool                     1       1529.5961       1529.5961     129.09    <.0001
advanced                     1      35660.8154      35660.8154    3009.53    <.0001
ft                           1      68156.5158      68156.5158    5751.95    <.0001
lowhrs                       1          0.0666          0.0666       0.01    0.9402
hisp_ed                      1        292.3294        292.3294      24.67    <.0001
hisp_coll                    1        173.5698        173.5698      14.65    0.0001
black_ed                     1       7718.7530       7718.7530     651.41    <.0001
black_coll                   1       2449.2701       2449.2701     206.70    <.0001
The SAS System                                                                     23:48 Thursday, December 11, 2008  11

The GLM Procedure
 
Dependent Variable: logwage2   

Source                      DF     Type III SS     Mean Square    F Value    Pr > F

asian_ed                     1       2108.2783       2108.2783     177.92    <.0001
asian_coll                   1        216.7130        216.7130      18.29    <.0001
eclass*homey                 4        989.2410        247.3102      20.87    <.0001
rmsa0                        1     344163.8468     344163.8468    29045.1    <.0001
rmsa1                        1      91937.8376      91937.8376    7758.94    <.0001


                                            Standard
Parameter                 Estimate             Error    t Value    Pr > |t|

Intercept              1.584780409 B      0.02107318      75.20      <.0001
exp                    0.054017776        0.00103045      52.42      <.0001
exp2                  -0.196162908        0.00584327     -33.57      <.0001
exp3                   0.022301051        0.00090354      24.68      <.0001
educ                   0.022873064        0.00061446      37.22      <.0001
eclass*xclass 1 1     -0.389448560 B      0.01876248     -20.76      <.0001
eclass*xclass 1 2     -0.430530492 B      0.01851960     -23.25      <.0001
eclass*xclass 1 3     -0.454739247 B      0.01783071     -25.50      <.0001
eclass*xclass 1 4     -0.459352694 B      0.01698539     -27.04      <.0001
eclass*xclass 1 5     -0.421782932 B      0.01606782     -26.25      <.0001
eclass*xclass 1 6     -0.398887187 B      0.01488407     -26.80      <.0001
eclass*xclass 1 7     -0.363114092 B      0.01347963     -26.94      <.0001
eclass*xclass 1 8     -0.343318868 B      0.01179496     -29.11      <.0001
eclass*xclass 1 9     -0.352674835 B      0.01082053     -32.59      <.0001
eclass*xclass 2 1     -0.255832020 B      0.01840062     -13.90      <.0001
eclass*xclass 2 2     -0.270506434 B      0.01788182     -15.13      <.0001
eclass*xclass 2 3     -0.302070591 B      0.01720809     -17.55      <.0001
eclass*xclass 2 4     -0.314414290 B      0.01630272     -19.29      <.0001
eclass*xclass 2 5     -0.292506001 B      0.01525136     -19.18      <.0001
eclass*xclass 2 6     -0.271636793 B      0.01407664     -19.30      <.0001
eclass*xclass 2 7     -0.237849386 B      0.01262702     -18.84      <.0001
eclass*xclass 2 8     -0.232835541 B      0.01083927     -21.48      <.0001
eclass*xclass 2 9     -0.245236057 B      0.00987192     -24.84      <.0001
eclass*xclass 3 1     -0.109172874 B      0.01826985      -5.98      <.0001
eclass*xclass 3 2     -0.094542024 B      0.01777165      -5.32      <.0001
eclass*xclass 3 3     -0.125353738 B      0.01710499      -7.33      <.0001
eclass*xclass 3 4     -0.144038675 B      0.01619712      -8.89      <.0001
eclass*xclass 3 5     -0.139549622 B      0.01520971      -9.18      <.0001
eclass*xclass 3 6     -0.124771254 B      0.01411886      -8.84      <.0001
eclass*xclass 3 7     -0.103640975 B      0.01280962      -8.09      <.0001
eclass*xclass 3 8     -0.097614617 B      0.01122723      -8.69      <.0001
eclass*xclass 3 9     -0.143485914 B      0.01066990     -13.45      <.0001
eclass*xclass 4 1      0.160881935 B      0.01815094       8.86      <.0001
eclass*xclass 4 2      0.155032011 B      0.01765230       8.78      <.0001
eclass*xclass 4 3      0.115539290 B      0.01696682       6.81      <.0001
eclass*xclass 4 4      0.084556028 B      0.01604387       5.27      <.0001
eclass*xclass 4 5      0.081287077 B      0.01510620       5.38      <.0001
eclass*xclass 4 6      0.094316005 B      0.01412550       6.68      <.0001
eclass*xclass 4 7      0.121790397 B      0.01298067       9.38      <.0001
eclass*xclass 4 8      0.090768301 B      0.01163013       7.80      <.0001
eclass*xclass 4 9      0.000000000 B       .                .         .    
inschool              -0.019982970        0.00175880     -11.36      <.0001
The SAS System                                                                     23:48 Thursday, December 11, 2008  12

The GLM Procedure
 
Dependent Variable: logwage2   

                                            Standard
Parameter                 Estimate             Error    t Value    Pr > |t|

advanced               0.154494229        0.00281619      54.86      <.0001
ft                     0.105541943        0.00139161      75.84      <.0001
lowhrs                -0.000124977        0.00166672      -0.07      0.9402
hisp_ed               -0.001125103        0.00022652      -4.97      <.0001
hisp_coll              0.031071966        0.00811854       3.83      0.0001
black_ed              -0.003616481        0.00014170     -25.52      <.0001
black_coll             0.065955984        0.00458756      14.38      <.0001
asian_ed               0.008039601        0.00060272      13.34      <.0001
asian_coll            -0.061053660        0.01427629      -4.28      <.0001
eclass*homey  1 0      0.014086180 B      0.00309948       4.54      <.0001
eclass*homey  1 1      0.000000000 B       .                .         .    
eclass*homey  2 0     -0.002971977 B      0.00192499      -1.54      0.1226
eclass*homey  2 1      0.000000000 B       .                .         .    
eclass*homey  3 0     -0.006489138 B      0.00186894      -3.47      0.0005
eclass*homey  3 1      0.000000000 B       .                .         .    
eclass*homey  4 0     -0.015447239 B      0.00222136      -6.95      <.0001
eclass*homey  4 1      0.000000000 B       .                .         .    
rmsa0                 -0.223031609        0.00130867    -170.43      <.0001
rmsa1                 -0.132922418        0.00150903     -88.08      <.0001

NOTE: The X'X matrix has been found to be singular, and a generalized inverse was used to solve the normal equations.  
      Terms whose estimates are followed by the letter 'B' are not uniquely estimable.
The SAS System                                                                     23:48 Thursday, December 11, 2008  13

The GLM Procedure

                                                Class Level Information
 
Class       Levels  Values

ic              38  1 2 3 4 5 6 7 8 9 10 11 12 13 14 15 16 17 18 19 20 21 22 23 24 25 26 27 28 29 30 31 32 33 34 35 36  
                    37 38                                                                                               

eclass           4  1 2 3 4                                                                                             

xclass           9  1 2 3 4 5 6 7 8 9                                                                                   


Number of Observations Read      259435
Number of Observations Used      259398
The SAS System                                                                     23:48 Thursday, December 11, 2008  14

The GLM Procedure
 
Dependent Variable: logwage2   

Weight: wt   

                                        Sum of
Source                      DF         Squares     Mean Square    F Value    Pr > F

Model                      168      964891.827        5743.404     757.09    <.0001

Error                   259229     1966550.597           7.586                     

Corrected Total         259397     2931442.424                                     


R-Square     Coeff Var      Root MSE    logwage2 Mean

0.329153      121.4644      2.754297         2.267576


Source                      DF       Type I SS     Mean Square    F Value    Pr > F

exp                          1     144203.3398     144203.3398    19008.8    <.0001
exp2                         1      41715.3052      41715.3052    5498.88    <.0001
exp3                         1        252.1266        252.1266      33.24    <.0001
educ                         1     498644.6784     498644.6784    65730.9    <.0001
eclass*xclass               35      71387.1380       2039.6325     268.86    <.0001
inschool                     1      10559.6498      10559.6498    1391.96    <.0001
advanced                     1       5330.3095       5330.3095     702.64    <.0001
ft                           1        166.5299        166.5299      21.95    <.0001
lowhrs                       1      10354.6644      10354.6644    1364.94    <.0001
mex_ed                       1      11722.9509      11722.9509    1545.31    <.0001
mex_coll                     1        345.2632        345.2632      45.51    <.0001
euro_ed                      1      35518.5973      35518.5973    4682.03    <.0001
euro_coll                    1       5457.2290       5457.2290     719.37    <.0001
hisp_ed                      1       1490.6926       1490.6926     196.50    <.0001
hisp_coll                    1        141.8309        141.8309      18.70    <.0001
hi_asian_ed                  1       2349.7118       2349.7118     309.74    <.0001
hi_asian_coll                1        457.3821        457.3821      60.29    <.0001
mid_asian_ed                 1        762.7660        762.7660     100.55    <.0001
mid_asian_coll               1          0.6345          0.6345       0.08    0.7724
ic                          37      36945.8179        998.5356     131.63    <.0001
yrsinus*ic                  38      69779.7755       1836.3099     242.06    <.0001
yrsinus2*ic                 38       7786.2351        204.9009      27.01    <.0001
rmsa0                        1       6258.9942       6258.9942     825.06    <.0001
rmsa1                        1       3260.2045       3260.2045     429.76    <.0001


Source                      DF     Type III SS     Mean Square    F Value    Pr > F

exp                          1      3640.98204      3640.98204     479.95    <.0001
exp2                         1      1130.73825      1130.73825     149.05    <.0001
exp3                         1       411.65880       411.65880      54.26    <.0001
educ                         1      2105.99116      2105.99116     277.61    <.0001
eclass*xclass               35     22266.30266       636.18008      83.86    <.0001
inschool                     1      6364.26406      6364.26406     838.93    <.0001
advanced                     1      7631.30638      7631.30638    1005.95    <.0001
The SAS System                                                                     23:48 Thursday, December 11, 2008  15

The GLM Procedure
 
Dependent Variable: logwage2   

Source                      DF     Type III SS     Mean Square    F Value    Pr > F

ft                           1       490.58087       490.58087      64.67    <.0001
lowhrs                       1     11481.12652     11481.12652    1513.43    <.0001
mex_ed                       1       270.55947       270.55947      35.66    <.0001
mex_coll                     1       317.20449       317.20449      41.81    <.0001
euro_ed                      1      1094.30634      1094.30634     144.25    <.0001
euro_coll                    1        61.59692        61.59692       8.12    0.0044
hisp_ed                      1       579.42099       579.42099      76.38    <.0001
hisp_coll                    1        39.63488        39.63488       5.22    0.0223
hi_asian_ed                  1         0.47385         0.47385       0.06    0.8026
hi_asian_coll                1        47.53962        47.53962       6.27    0.0123
mid_asian_ed                 1       255.51688       255.51688      33.68    <.0001
mid_asian_coll               1         7.34748         7.34748       0.97    0.3250
ic                          37     30916.45808       835.57995     110.15    <.0001
yrsinus*ic                  38     29237.35807       769.40416     101.42    <.0001
yrsinus2*ic                 38      7530.51398       198.17142      26.12    <.0001
rmsa0                        1      7000.12428      7000.12428     922.75    <.0001
rmsa1                        1      3260.20449      3260.20449     429.76    <.0001


                                             Standard
Parameter                  Estimate             Error    t Value    Pr > |t|

Intercept               1.686753010 B      0.04503592      37.45      <.0001
exp                     0.055809894        0.00254749      21.91      <.0001
exp2                   -0.172693491        0.01414509     -12.21      <.0001
exp3                    0.015946123        0.00216470       7.37      <.0001
educ                    0.014362600        0.00086202      16.66      <.0001
eclass*xclass  1 1     -0.347133591 B      0.04084956      -8.50      <.0001
eclass*xclass  1 2     -0.368060130 B      0.03976279      -9.26      <.0001
eclass*xclass  1 3     -0.412445449 B      0.03839358     -10.74      <.0001
eclass*xclass  1 4     -0.421585075 B      0.03644833     -11.57      <.0001
eclass*xclass  1 5     -0.429024349 B      0.03412663     -12.57      <.0001
eclass*xclass  1 6     -0.414772781 B      0.03140820     -13.21      <.0001
eclass*xclass  1 7     -0.417952968 B      0.02788478     -14.99      <.0001
eclass*xclass  1 8     -0.386125518 B      0.02336277     -16.53      <.0001
eclass*xclass  1 9     -0.374035400 B      0.02074347     -18.03      <.0001
eclass*xclass  2 1     -0.283768153 B      0.04091961      -6.93      <.0001
eclass*xclass  2 2     -0.272898369 B      0.03978963      -6.86      <.0001
eclass*xclass  2 3     -0.327847477 B      0.03846551      -8.52      <.0001
eclass*xclass  2 4     -0.336137273 B      0.03663709      -9.17      <.0001
eclass*xclass  2 5     -0.327172245 B      0.03440768      -9.51      <.0001
eclass*xclass  2 6     -0.332583869 B      0.03190224     -10.43      <.0001
eclass*xclass  2 7     -0.283693851 B      0.02865208      -9.90      <.0001
eclass*xclass  2 8     -0.277927287 B      0.02474366     -11.23      <.0001
eclass*xclass  2 9     -0.281817992 B      0.02291223     -12.30      <.0001
eclass*xclass  3 1     -0.160080866 B      0.04076293      -3.93      <.0001
eclass*xclass  3 2     -0.158610619 B      0.03964411      -4.00      <.0001
eclass*xclass  3 3     -0.197365491 B      0.03830231      -5.15      <.0001
eclass*xclass  3 4     -0.209710430 B      0.03645250      -5.75      <.0001
eclass*xclass  3 5     -0.183575726 B      0.03434630      -5.34      <.0001
eclass*xclass  3 6     -0.171781057 B      0.03186957      -5.39      <.0001
eclass*xclass  3 7     -0.176021236 B      0.02883357      -6.10      <.0001
The SAS System                                                                     23:48 Thursday, December 11, 2008  16

The GLM Procedure
 
Dependent Variable: logwage2   

                                             Standard
Parameter                  Estimate             Error    t Value    Pr > |t|

eclass*xclass  3 8     -0.156576459 B      0.02536294      -6.17      <.0001
eclass*xclass  3 9     -0.210032966 B      0.02433352      -8.63      <.0001
eclass*xclass  4 1      0.028114772 B      0.03996059       0.70      0.4817
eclass*xclass  4 2      0.001612976 B      0.03872611       0.04      0.9668
eclass*xclass  4 3     -0.010751980 B      0.03730094      -0.29      0.7732
eclass*xclass  4 4      0.027859986 B      0.03519431       0.79      0.4286
eclass*xclass  4 5      0.062863427 B      0.03290924       1.91      0.0561
eclass*xclass  4 6      0.063241112 B      0.03016581       2.10      0.0360
eclass*xclass  4 7      0.069857166 B      0.02701035       2.59      0.0097
eclass*xclass  4 8      0.036724360 B      0.02301408       1.60      0.1105
eclass*xclass  4 9      0.000000000 B       .                .         .    
inschool               -0.105723529        0.00365013     -28.96      <.0001
advanced                0.171463248        0.00540608      31.72      <.0001
ft                      0.028666448        0.00356475       8.04      <.0001
lowhrs                  0.177459377        0.00456160      38.90      <.0001
mex_ed                  0.005353473        0.00089643       5.97      <.0001
mex_coll               -0.109465618        0.01692851      -6.47      <.0001
euro_ed                -0.015302035        0.00127406     -12.01      <.0001
euro_coll               0.034004407        0.01193346       2.85      0.0044
hisp_ed                -0.005076311        0.00058085      -8.74      <.0001
hisp_coll              -0.026282432        0.01149840      -2.29      0.0223
hi_asian_ed            -0.000516526        0.00206673      -0.25      0.8026
hi_asian_coll           0.039009980        0.01558327       2.50      0.0123
mid_asian_ed            0.009045509        0.00155860       5.80      <.0001
mid_asian_coll         -0.013691543        0.01391214      -0.98      0.3250
ic             1       -0.170979180 B      0.01552181     -11.02      <.0001
ic             2       -0.310031381 B      0.02549767     -12.16      <.0001
ic             3       -0.106864009 B      0.03148328      -3.39      0.0007
ic             4       -0.256138425 B      0.03148575      -8.14      <.0001
ic             5       -0.118658003 B      0.02175714      -5.45      <.0001
ic             6       -0.390565316 B      0.02545539     -15.34      <.0001
ic             7       -0.217508855 B      0.02625420      -8.28      <.0001
ic             8        0.027901058 B      0.02620591       1.06      0.2870
ic             9       -0.137502127 B      0.03280639      -4.19      <.0001
ic             10       0.059739388 B      0.02746430       2.18      0.0296
ic             11       0.660409635 B      0.02813305      23.47      <.0001
ic             12       0.018041542 B      0.02701358       0.67      0.5042
ic             13      -0.160011824 B      0.02621443      -6.10      <.0001
ic             14       0.554546233 B      0.03235921      17.14      <.0001
ic             15      -0.163853610 B      0.03285164      -4.99      <.0001
ic             16       0.131612883 B      0.02845834       4.62      <.0001
ic             17      -0.121670248 B      0.03934522      -3.09      0.0020
ic             18       0.693519998 B      0.02620838      26.46      <.0001
ic             19       0.499241761 B      0.03762694      13.27      <.0001
ic             20      -0.016237268 B      0.03424320      -0.47      0.6354
ic             21       0.644555179 B      0.03303037      19.51      <.0001
ic             22      -0.105313113 B      0.04145441      -2.54      0.0111
ic             23      -0.185624003 B      0.03803134      -4.88      <.0001
ic             24      -0.133252920 B      0.03236282      -4.12      <.0001
ic             25       0.119267908 B      0.03331062       3.58      0.0003
ic             26      -0.255960049 B      0.02903206      -8.82      <.0001
The SAS System                                                                     23:48 Thursday, December 11, 2008  17

The GLM Procedure
 
Dependent Variable: logwage2   

                                             Standard
Parameter                  Estimate             Error    t Value    Pr > |t|

ic             27       0.094780266 B      0.03908732       2.42      0.0153
ic             28      -0.187629663 B      0.04677339      -4.01      <.0001
ic             29      -0.059784640 B      0.04359283      -1.37      0.1702
ic             30       0.019792252 B      0.04390835       0.45      0.6522
ic             31       0.500911177 B      0.02219882      22.56      <.0001
ic             32       0.208847483 B      0.03417027       6.11      <.0001
ic             33      -0.058984167 B      0.02446948      -2.41      0.0159
ic             34      -0.130355541 B      0.02374363      -5.49      <.0001
ic             35       0.012202139 B      0.02297507       0.53      0.5953
ic             36      -0.045091939 B      0.02195084      -2.05      0.0400
ic             37      -0.001433018 B      0.02743287      -0.05      0.9583
ic             38       0.000000000 B       .                .         .    
yrsinus*ic     1        0.023593422        0.00074665      31.60      <.0001
yrsinus*ic     2        0.040458715        0.00182077      22.22      <.0001
yrsinus*ic     3        0.041522557        0.00255689      16.24      <.0001
yrsinus*ic     4        0.041800258        0.00427345       9.78      <.0001
yrsinus*ic     5        0.028498912        0.00299943       9.50      <.0001
yrsinus*ic     6        0.029887920        0.00208266      14.35      <.0001
yrsinus*ic     7        0.034260791        0.00242993      14.10      <.0001
yrsinus*ic     8        0.011697099        0.00333260       3.51      0.0004
yrsinus*ic     9        0.025791471        0.00300994       8.57      <.0001
yrsinus*ic     10       0.021886195        0.00310536       7.05      <.0001
yrsinus*ic     11       0.000523966        0.00202573       0.26      0.7959
yrsinus*ic     12       0.018704739        0.00336693       5.56      <.0001
yrsinus*ic     13       0.030530139        0.00396429       7.70      <.0001
yrsinus*ic     14      -0.002944838        0.00230513      -1.28      0.2014
yrsinus*ic     15       0.021540954        0.00436648       4.93      <.0001
yrsinus*ic     16       0.034264095        0.00269375      12.72      <.0001
yrsinus*ic     17       0.037277738        0.00474309       7.86      <.0001
yrsinus*ic     18       0.002032047        0.00205913       0.99      0.3237
yrsinus*ic     19       0.008988922        0.00278489       3.23      0.0012
yrsinus*ic     20       0.025225613        0.00429279       5.88      <.0001
yrsinus*ic     21      -0.022761897        0.00342319      -6.65      <.0001
yrsinus*ic     22       0.032404203        0.00409098       7.92      <.0001
yrsinus*ic     23       0.037009774        0.00543074       6.81      <.0001
yrsinus*ic     24       0.036054914        0.00439098       8.21      <.0001
yrsinus*ic     25       0.037521051        0.00366474      10.24      <.0001
yrsinus*ic     26       0.046716775        0.00441491      10.58      <.0001
yrsinus*ic     27       0.013896101        0.00554854       2.50      0.0123
yrsinus*ic     28       0.028885658        0.00654961       4.41      <.0001
yrsinus*ic     29       0.031097411        0.00431690       7.20      <.0001
yrsinus*ic     30       0.029667598        0.00541601       5.48      <.0001
yrsinus*ic     31       0.007936000        0.00129719       6.12      <.0001
yrsinus*ic     32       0.028156036        0.00297431       9.47      <.0001
yrsinus*ic     33       0.028561881        0.00281971      10.13      <.0001
yrsinus*ic     34       0.027755836        0.00289510       9.59      <.0001
yrsinus*ic     35       0.030625502        0.00266130      11.51      <.0001
yrsinus*ic     36       0.014229789        0.00257762       5.52      <.0001
yrsinus*ic     37       0.026549714        0.00290103       9.15      <.0001
yrsinus*ic     38       0.010112161        0.00168069       6.02      <.0001
yrsinus2*ic    1       -0.000281959        0.00001998     -14.11      <.0001
The SAS System                                                                     23:48 Thursday, December 11, 2008  18

The GLM Procedure
 
Dependent Variable: logwage2   

                                             Standard
Parameter                  Estimate             Error    t Value    Pr > |t|

yrsinus2*ic    2       -0.000683111        0.00004998     -13.67      <.0001
yrsinus2*ic    3       -0.000686530        0.00008336      -8.24      <.0001
yrsinus2*ic    4       -0.000780111        0.00019365      -4.03      <.0001
yrsinus2*ic    5       -0.000538553        0.00010619      -5.07      <.0001
yrsinus2*ic    6       -0.000305156        0.00005203      -5.87      <.0001
yrsinus2*ic    7       -0.000404355        0.00005923      -6.83      <.0001
yrsinus2*ic    8       -0.000046147        0.00010115      -0.46      0.6482
yrsinus2*ic    9       -0.000175075        0.00009713      -1.80      0.0715
yrsinus2*ic    10      -0.000403250        0.00008644      -4.67      <.0001
yrsinus2*ic    11       0.000012303        0.00004317       0.28      0.7757
yrsinus2*ic    12      -0.000076834        0.00009870      -0.78      0.4363
yrsinus2*ic    13      -0.000326446        0.00013706      -2.38      0.0172
yrsinus2*ic    14       0.000188902        0.00004739       3.99      <.0001
yrsinus2*ic    15      -0.000106989        0.00013423      -0.80      0.4254
yrsinus2*ic    16      -0.000426675        0.00006214      -6.87      <.0001
yrsinus2*ic    17      -0.000543990        0.00016333      -3.33      0.0009
yrsinus2*ic    18      -0.000028418        0.00004734      -0.60      0.5483
yrsinus2*ic    19      -0.000021975        0.00005517      -0.40      0.6904
yrsinus2*ic    20      -0.000361833        0.00012386      -2.92      0.0035
yrsinus2*ic    21       0.000485581        0.00009949       4.88      <.0001
yrsinus2*ic    22      -0.000385299        0.00011504      -3.35      0.0008
yrsinus2*ic    23      -0.000641668        0.00015100      -4.25      <.0001
yrsinus2*ic    24      -0.000539027        0.00012875      -4.19      <.0001
yrsinus2*ic    25      -0.000570926        0.00008338      -6.85      <.0001
yrsinus2*ic    26      -0.000785447        0.00012441      -6.31      <.0001
yrsinus2*ic    27      -0.000044367        0.00017860      -0.25      0.8038
yrsinus2*ic    28       0.000000647        0.00023062       0.00      0.9978
yrsinus2*ic    29      -0.000458836        0.00012107      -3.79      0.0002
yrsinus2*ic    30      -0.000635539        0.00016308      -3.90      <.0001
yrsinus2*ic    31      -0.000042199        0.00002921      -1.44      0.1486
yrsinus2*ic    32      -0.000338297        0.00006436      -5.26      <.0001
yrsinus2*ic    33      -0.000350154        0.00007739      -4.52      <.0001
yrsinus2*ic    34      -0.000308899        0.00008483      -3.64      0.0003
yrsinus2*ic    35      -0.000451544        0.00007432      -6.08      <.0001
yrsinus2*ic    36       0.000126795        0.00007634       1.66      0.0967
yrsinus2*ic    37      -0.000412101        0.00007368      -5.59      <.0001
yrsinus2*ic    38      -0.000043685        0.00004389      -1.00      0.3196
rmsa0                  -0.160168309        0.00527272     -30.38      <.0001
rmsa1                  -0.091326903        0.00440542     -20.73      <.0001

NOTE: The X'X matrix has been found to be singular, and a generalized inverse was used to solve the normal equations.  
      Terms whose estimates are followed by the letter 'B' are not uniquely estimable.
The SAS System                                                                     23:48 Thursday, December 11, 2008  19

The GLM Procedure

                                                Class Level Information
 
Class       Levels  Values

ic              38  1 2 3 4 5 6 7 8 9 10 11 12 13 14 15 16 17 18 19 20 21 22 23 24 25 26 27 28 29 30 31 32 33 34 35 36  
                    37 38                                                                                               

eclass           4  1 2 3 4                                                                                             

xclass           9  1 2 3 4 5 6 7 8 9                                                                                   


Number of Observations Read      198435
Number of Observations Used      198424
The SAS System                                                                     23:48 Thursday, December 11, 2008  20

The GLM Procedure
 
Dependent Variable: logwage2   

Weight: wt   

                                        Sum of
Source                      DF         Squares     Mean Square    F Value    Pr > F

Model                      168      407937.191        2428.198     356.42    <.0001

Error                   198255     1350653.091           6.813                     

Corrected Total         198423     1758590.281                                     


R-Square     Coeff Var      Root MSE    logwage2 Mean

0.231968      126.0908      2.610116         2.070029


Source                      DF       Type I SS     Mean Square    F Value    Pr > F

exp                          1       3222.2491       3222.2491     472.98    <.0001
exp2                         1      10830.5198      10830.5198    1589.75    <.0001
exp3                         1       1493.4756       1493.4756     219.22    <.0001
educ                         1     254589.6301     254589.6301    37369.8    <.0001
eclass*xclass               35      52558.1825       1501.6624     220.42    <.0001
inschool                     1       1885.1263       1885.1263     276.71    <.0001
advanced                     1       2673.9902       2673.9902     392.50    <.0001
ft                           1        428.8271        428.8271      62.95    <.0001
lowhrs                       1       3034.1496       3034.1496     445.37    <.0001
mex_ed                       1       7752.7850       7752.7850    1137.99    <.0001
mex_coll                     1         30.0317         30.0317       4.41    0.0358
euro_ed                      1       2278.7527       2278.7527     334.49    <.0001
euro_coll                    1        147.4312        147.4312      21.64    <.0001
hisp_ed                      1       3201.5082       3201.5082     469.93    <.0001
hisp_coll                    1         21.3585         21.3585       3.14    0.0766
hi_asian_ed                  1        469.4311        469.4311      68.91    <.0001
hi_asian_coll                1          0.0033          0.0033       0.00    0.9824
mid_asian_ed                 1        462.7613        462.7613      67.93    <.0001
mid_asian_coll               1        369.2138        369.2138      54.19    <.0001
ic                          37      12832.2536        346.8177      50.91    <.0001
yrsinus*ic                  38      34660.3953        912.1157     133.88    <.0001
yrsinus2*ic                 38       5255.0471        138.2907      20.30    <.0001
rmsa0                        1       6245.9474       6245.9474     916.81    <.0001
rmsa1                        1       3494.1203       3494.1203     512.88    <.0001


Source                      DF     Type III SS     Mean Square    F Value    Pr > F

exp                          1      1443.65889      1443.65889     211.91    <.0001
exp2                         1       777.90510       777.90510     114.18    <.0001
exp3                         1       446.09038       446.09038      65.48    <.0001
educ                         1      1515.42773      1515.42773     222.44    <.0001
eclass*xclass               35     20325.49838       580.72853      85.24    <.0001
inschool                     1       810.74712       810.74712     119.01    <.0001
advanced                     1      4615.60735      4615.60735     677.50    <.0001
The SAS System                                                                     23:48 Thursday, December 11, 2008  21

The GLM Procedure
 
Dependent Variable: logwage2   

Source                      DF     Type III SS     Mean Square    F Value    Pr > F

ft                           1      1351.93480      1351.93480     198.44    <.0001
lowhrs                       1      3998.13753      3998.13753     586.86    <.0001
mex_ed                       1         0.36627         0.36627       0.05    0.8166
mex_coll                     1        23.66859        23.66859       3.47    0.0623
euro_ed                      1       178.84382       178.84382      26.25    <.0001
euro_coll                    1        83.15905        83.15905      12.21    0.0005
hisp_ed                      1       675.67192       675.67192      99.18    <.0001
hisp_coll                    1         0.03979         0.03979       0.01    0.9391
hi_asian_ed                  1        14.98121        14.98121       2.20    0.1381
hi_asian_coll                1         0.57169         0.57169       0.08    0.7721
mid_asian_ed                 1         1.49547         1.49547       0.22    0.6394
mid_asian_coll               1       192.03342       192.03342      28.19    <.0001
ic                          37      6524.27910       176.33187      25.88    <.0001
yrsinus*ic                  38     17060.83908       448.96945      65.90    <.0001
yrsinus2*ic                 38      4965.95862       130.68312      19.18    <.0001
rmsa0                        1      7072.34595      7072.34595    1038.11    <.0001
rmsa1                        1      3494.12029      3494.12029     512.88    <.0001


                                             Standard
Parameter                  Estimate             Error    t Value    Pr > |t|

Intercept               1.598975059 B      0.05010847      31.91      <.0001
exp                     0.040778678        0.00280131      14.56      <.0001
exp2                   -0.161017250        0.01506846     -10.69      <.0001
exp3                    0.018423631        0.00227679       8.09      <.0001
educ                    0.014010122        0.00093936      14.91      <.0001
eclass*xclass  1 1     -0.243187073 B      0.04491157      -5.41      <.0001
eclass*xclass  1 2     -0.257548374 B      0.04333560      -5.94      <.0001
eclass*xclass  1 3     -0.278546934 B      0.04166707      -6.69      <.0001
eclass*xclass  1 4     -0.299920164 B      0.03953853      -7.59      <.0001
eclass*xclass  1 5     -0.283441889 B      0.03717311      -7.62      <.0001
eclass*xclass  1 6     -0.282104271 B      0.03462129      -8.15      <.0001
eclass*xclass  1 7     -0.267690700 B      0.03143969      -8.51      <.0001
eclass*xclass  1 8     -0.245572016 B      0.02750207      -8.93      <.0001
eclass*xclass  1 9     -0.272342862 B      0.02527357     -10.78      <.0001
eclass*xclass  2 1     -0.163841316 B      0.04470229      -3.67      0.0002
eclass*xclass  2 2     -0.168743183 B      0.04313571      -3.91      <.0001
eclass*xclass  2 3     -0.200135742 B      0.04154286      -4.82      <.0001
eclass*xclass  2 4     -0.193099386 B      0.03943256      -4.90      <.0001
eclass*xclass  2 5     -0.198019017 B      0.03701812      -5.35      <.0001
eclass*xclass  2 6     -0.201232015 B      0.03448922      -5.83      <.0001
eclass*xclass  2 7     -0.190109363 B      0.03135385      -6.06      <.0001
eclass*xclass  2 8     -0.167055113 B      0.02780413      -6.01      <.0001
eclass*xclass  2 9     -0.211611481 B      0.02597332      -8.15      <.0001
eclass*xclass  3 1     -0.015968473 B      0.04445980      -0.36      0.7195
eclass*xclass  3 2     -0.012325120 B      0.04294622      -0.29      0.7741
eclass*xclass  3 3     -0.039161510 B      0.04137169      -0.95      0.3439
eclass*xclass  3 4     -0.047571474 B      0.03931218      -1.21      0.2262
eclass*xclass  3 5     -0.035922113 B      0.03705378      -0.97      0.3323
eclass*xclass  3 6     -0.022705122 B      0.03458801      -0.66      0.5115
eclass*xclass  3 7     -0.017446423 B      0.03176474      -0.55      0.5828
The SAS System                                                                     23:48 Thursday, December 11, 2008  22

The GLM Procedure
 
Dependent Variable: logwage2   

                                             Standard
Parameter                  Estimate             Error    t Value    Pr > |t|

eclass*xclass  3 8     -0.023969318 B      0.02868305      -0.84      0.4033
eclass*xclass  3 9     -0.031206014 B      0.02783969      -1.12      0.2623
eclass*xclass  4 1      0.194222496 B      0.04357988       4.46      <.0001
eclass*xclass  4 2      0.170191351 B      0.04202016       4.05      <.0001
eclass*xclass  4 3      0.156628591 B      0.04035734       3.88      0.0001
eclass*xclass  4 4      0.103493207 B      0.03818649       2.71      0.0067
eclass*xclass  4 5      0.111615150 B      0.03595527       3.10      0.0019
eclass*xclass  4 6      0.097835170 B      0.03353527       2.92      0.0035
eclass*xclass  4 7      0.103466860 B      0.03122561       3.31      0.0009
eclass*xclass  4 8      0.113172332 B      0.02849875       3.97      <.0001
eclass*xclass  4 9      0.000000000 B       .                .         .    
inschool               -0.042382213        0.00388509     -10.91      <.0001
advanced                0.164238972        0.00630989      26.03      <.0001
ft                      0.049251689        0.00349625      14.09      <.0001
lowhrs                  0.098903658        0.00408266      24.23      <.0001
mex_ed                 -0.000248598        0.00107215      -0.23      0.8166
mex_coll               -0.037703729        0.02022823      -1.86      0.0623
euro_ed                -0.006929310        0.00135242      -5.12      <.0001
euro_coll               0.043854075        0.01255206       3.49      0.0005
hisp_ed                -0.005957297        0.00059819      -9.96      <.0001
hisp_coll              -0.000942384        0.01233119      -0.08      0.9391
hi_asian_ed            -0.002948917        0.00198861      -1.48      0.1381
hi_asian_coll          -0.004529082        0.01563472      -0.29      0.7721
mid_asian_ed           -0.000704174        0.00150297      -0.47      0.6394
mid_asian_coll          0.072405002        0.01363766       5.31      <.0001
ic             1       -0.167517196 B      0.02018167      -8.30      <.0001
ic             2       -0.144881290 B      0.02595162      -5.58      <.0001
ic             3       -0.175023232 B      0.03488883      -5.02      <.0001
ic             4       -0.120759365 B      0.03387185      -3.57      0.0004
ic             5       -0.165548135 B      0.02669368      -6.20      <.0001
ic             6       -0.280595482 B      0.02709588     -10.36      <.0001
ic             7       -0.246459046 B      0.03076243      -8.01      <.0001
ic             8       -0.079242640 B      0.02790775      -2.84      0.0045
ic             9       -0.105146622 B      0.03358550      -3.13      0.0017
ic             10       0.083981502 B      0.02762303       3.04      0.0024
ic             11       0.282190481 B      0.03042925       9.27      <.0001
ic             12      -0.098665289 B      0.03038741      -3.25      0.0012
ic             13      -0.281072560 B      0.03192656      -8.80      <.0001
ic             14       0.092176697 B      0.03137377       2.94      0.0033
ic             15      -0.168316453 B      0.03532109      -4.77      <.0001
ic             16      -0.100656780 B      0.03217270      -3.13      0.0018
ic             17      -0.122534110 B      0.04023639      -3.05      0.0023
ic             18       0.180314692 B      0.02977093       6.06      <.0001
ic             19       0.227717315 B      0.05021914       4.53      <.0001
ic             20      -0.054787267 B      0.04284168      -1.28      0.2010
ic             21       0.163971632 B      0.03919834       4.18      <.0001
ic             22      -0.070549218 B      0.04747252      -1.49      0.1373
ic             23      -0.228171013 B      0.03996316      -5.71      <.0001
ic             24      -0.177880368 B      0.03616973      -4.92      <.0001
ic             25       0.015833027 B      0.03766580       0.42      0.6742
ic             26      -0.244809567 B      0.03227548      -7.59      <.0001
The SAS System                                                                     23:48 Thursday, December 11, 2008  23

The GLM Procedure
 
Dependent Variable: logwage2   

                                             Standard
Parameter                  Estimate             Error    t Value    Pr > |t|

ic             27       0.008637284 B      0.04169043       0.21      0.8359
ic             28      -0.360374453 B      0.07540593      -4.78      <.0001
ic             29       0.005685038 B      0.04331400       0.13      0.8956
ic             30       0.028339178 B      0.04146806       0.68      0.4944
ic             31       0.182918941 B      0.02581915       7.08      <.0001
ic             32      -0.077631099 B      0.03991055      -1.95      0.0518
ic             33      -0.127797781 B      0.03707851      -3.45      0.0006
ic             34      -0.074089528 B      0.02672636      -2.77      0.0056
ic             35      -0.100097533 B      0.02683586      -3.73      0.0002
ic             36      -0.035319485 B      0.02874530      -1.23      0.2192
ic             37      -0.011356586 B      0.02811720      -0.40      0.6863
ic             38       0.000000000 B       .                .         .    
yrsinus*ic     1        0.018135198        0.00100493      18.05      <.0001
yrsinus*ic     2        0.033437403        0.00163554      20.44      <.0001
yrsinus*ic     3        0.038969034        0.00305117      12.77      <.0001
yrsinus*ic     4        0.034232341        0.00413862       8.27      <.0001
yrsinus*ic     5        0.016394489        0.00332923       4.92      <.0001
yrsinus*ic     6        0.032059328        0.00218256      14.69      <.0001
yrsinus*ic     7        0.031331264        0.00257404      12.17      <.0001
yrsinus*ic     8        0.019663236        0.00312256       6.30      <.0001
yrsinus*ic     9        0.027607987        0.00275603      10.02      <.0001
yrsinus*ic     10       0.018491622        0.00294087       6.29      <.0001
yrsinus*ic     11       0.004260738        0.00194024       2.20      0.0281
yrsinus*ic     12       0.021552057        0.00347371       6.20      <.0001
yrsinus*ic     13       0.031246098        0.00411810       7.59      <.0001
yrsinus*ic     14       0.006481597        0.00195607       3.31      0.0009
yrsinus*ic     15       0.027131954        0.00456064       5.95      <.0001
yrsinus*ic     16       0.030127214        0.00275979      10.92      <.0001
yrsinus*ic     17       0.040113497        0.00474060       8.46      <.0001
yrsinus*ic     18       0.008232510        0.00196931       4.18      <.0001
yrsinus*ic     19       0.005527765        0.00366424       1.51      0.1314
yrsinus*ic     20       0.018190617        0.00500887       3.63      0.0003
yrsinus*ic     21       0.002347076        0.00317111       0.74      0.4592
yrsinus*ic     22       0.023407510        0.00508580       4.60      <.0001
yrsinus*ic     23       0.025974105        0.00516119       5.03      <.0001
yrsinus*ic     24       0.034718272        0.00455753       7.62      <.0001
yrsinus*ic     25       0.028066487        0.00388332       7.23      <.0001
yrsinus*ic     26       0.033119971        0.00432235       7.66      <.0001
yrsinus*ic     27       0.022497599        0.00564163       3.99      <.0001
yrsinus*ic     28       0.055273699        0.01084716       5.10      <.0001
yrsinus*ic     29       0.026396547        0.00434922       6.07      <.0001
yrsinus*ic     30       0.018740503        0.00477490       3.92      <.0001
yrsinus*ic     31       0.009629272        0.00139566       6.90      <.0001
yrsinus*ic     32       0.032975652        0.00336340       9.80      <.0001
yrsinus*ic     33       0.022373154        0.00422377       5.30      <.0001
yrsinus*ic     34       0.017389240        0.00306093       5.68      <.0001
yrsinus*ic     35       0.023269447        0.00280092       8.31      <.0001
yrsinus*ic     36       0.016144014        0.00331043       4.88      <.0001
yrsinus*ic     37       0.021701114        0.00267715       8.11      <.0001
yrsinus*ic     38       0.013072560        0.00196065       6.67      <.0001
yrsinus2*ic    1       -0.000211747        0.00002512      -8.43      <.0001
The SAS System                                                                     23:48 Thursday, December 11, 2008  24

The GLM Procedure
 
Dependent Variable: logwage2   

                                             Standard
Parameter                  Estimate             Error    t Value    Pr > |t|

yrsinus2*ic    2       -0.000543572        0.00004864     -11.17      <.0001
yrsinus2*ic    3       -0.000674192        0.00009927      -6.79      <.0001
yrsinus2*ic    4       -0.000797477        0.00015971      -4.99      <.0001
yrsinus2*ic    5        0.000055870        0.00011104       0.50      0.6149
yrsinus2*ic    6       -0.000441142        0.00005626      -7.84      <.0001
yrsinus2*ic    7       -0.000419629        0.00006133      -6.84      <.0001
yrsinus2*ic    8       -0.000248834        0.00008975      -2.77      0.0056
yrsinus2*ic    9       -0.000463205        0.00008574      -5.40      <.0001
yrsinus2*ic    10      -0.000195431        0.00008554      -2.28      0.0223
yrsinus2*ic    11      -0.000044328        0.00004069      -1.09      0.2760
yrsinus2*ic    12      -0.000258112        0.00010095      -2.56      0.0106
yrsinus2*ic    13      -0.000372121        0.00012548      -2.97      0.0030
yrsinus2*ic    14      -0.000012936        0.00004040      -0.32      0.7488
yrsinus2*ic    15      -0.000285821        0.00014165      -2.02      0.0436
yrsinus2*ic    16      -0.000440193        0.00006307      -6.98      <.0001
yrsinus2*ic    17      -0.000851676        0.00016811      -5.07      <.0001
yrsinus2*ic    18      -0.000103027        0.00004270      -2.41      0.0158
yrsinus2*ic    19      -0.000031387        0.00006994      -0.45      0.6536
yrsinus2*ic    20      -0.000236601        0.00014288      -1.66      0.0977
yrsinus2*ic    21       0.000003766        0.00007842       0.05      0.9617
yrsinus2*ic    22      -0.000239912        0.00013811      -1.74      0.0824
yrsinus2*ic    23      -0.000431404        0.00014263      -3.02      0.0025
yrsinus2*ic    24      -0.000590526        0.00013000      -4.54      <.0001
yrsinus2*ic    25      -0.000453382        0.00008783      -5.16      <.0001
yrsinus2*ic    26      -0.000466499        0.00011715      -3.98      <.0001
yrsinus2*ic    27      -0.000252820        0.00017950      -1.41      0.1590
yrsinus2*ic    28      -0.001128734        0.00036884      -3.06      0.0022
yrsinus2*ic    29      -0.000456612        0.00012481      -3.66      0.0003
yrsinus2*ic    30      -0.000180537        0.00014294      -1.26      0.2066
yrsinus2*ic    31      -0.000118848        0.00003048      -3.90      <.0001
yrsinus2*ic    32      -0.000531703        0.00007131      -7.46      <.0001
yrsinus2*ic    33      -0.000309624        0.00011024      -2.81      0.0050
yrsinus2*ic    34      -0.000108924        0.00009311      -1.17      0.2420
yrsinus2*ic    35      -0.000258521        0.00007618      -3.39      0.0007
yrsinus2*ic    36      -0.000125447        0.00009240      -1.36      0.1746
yrsinus2*ic    37      -0.000271229        0.00006694      -4.05      <.0001
yrsinus2*ic    38      -0.000208346        0.00004835      -4.31      <.0001
rmsa0                  -0.190475169        0.00591176     -32.22      <.0001
rmsa1                  -0.110052038        0.00485947     -22.65      <.0001

NOTE: The X'X matrix has been found to be singular, and a generalized inverse was used to solve the normal equations.  
      Terms whose estimates are followed by the letter 'B' are not uniquely estimable.
The SAS System                                                                     23:48 Thursday, December 11, 2008  25

The CORR Procedure

   7        Variables:    logwage2 pred     res      educ     exp      imm      female   
     Weight Variable:     wt                                                             


                                    Simple Statistics
 
Variable           N          Mean       Std Dev           Sum       Minimum       Maximum

logwage2     2815690       2.25598       4.10789     237834541       0.92128       5.12098
pred         2815690       2.25598       2.27987     237834541       1.07254       3.76655
res          2815690             0       3.41715             0      -2.44010       3.93158
educ         2815690      12.93070      17.43304    1363209311             0      20.00000
exp          2815690      17.61723      71.01508    1857283166       1.00000      45.00000
imm          2815690       0.09403       1.78595       9913061             0       1.00000
female       2815690       0.46803       3.05322      49341763             0       1.00000


                              Pearson Correlation Coefficients, N = 2815690 
                                        Prob > |r| under H0: Rho=0
 
              logwage2          pred           res          educ           exp           imm        female

logwage2       1.00000       0.55500       0.83185       0.35000       0.18744      -0.03505      -0.21459
                              <.0001        <.0001        <.0001        <.0001        <.0001        <.0001

pred           0.55500       1.00000      -0.00000       0.63064       0.33772      -0.06314      -0.38665
                <.0001                      1.0000        <.0001        <.0001        <.0001        <.0001

res            0.83185      -0.00000       1.00000       0.00000       0.00000       0.00000       0.00000
                <.0001        1.0000                      1.0000        1.0000        1.0000        1.0000

educ           0.35000       0.63064       0.00000       1.00000      -0.12725      -0.15610       0.02203
                <.0001        <.0001        1.0000                      <.0001        <.0001        <.0001

exp            0.18744       0.33772       0.00000      -0.12725       1.00000       0.01607       0.01219
                <.0001        <.0001        1.0000        <.0001                      <.0001        <.0001

imm           -0.03505      -0.06314       0.00000      -0.15610       0.01607       1.00000      -0.02559
                <.0001        <.0001        1.0000        <.0001        <.0001                      <.0001

female        -0.21459      -0.38665       0.00000       0.02203       0.01219      -0.02559       1.00000
                <.0001        <.0001        1.0000        <.0001        <.0001        <.0001              
The SAS System                                                                     23:48 Thursday, December 11, 2008  26

The MEANS Procedure

Variable          N            Mean         Std Dev         Minimum         Maximum
-----------------------------------------------------------------------------------
dropout     2815690       0.1685459       2.2906365               0       1.0000000
hs          2815690       0.3142806       2.8405992               0       1.0000000
somecoll    2815690       0.2929667       2.7848834               0       1.0000000
college     2815690       0.1483898       2.1752060               0       1.0000000
advanced    2815690       0.0758171       1.6197217               0       1.0000000
collplus    2815690       0.2242068       2.5519688               0       1.0000000
-----------------------------------------------------------------------------------
The SAS System                                                                     23:48 Thursday, December 11, 2008  27

Obs    rmsa        count      imm      logwage2       v          res        vres       pred      vpred

  1       .    105424269    0.09403     2.25598    0.45069    -0.00000    0.31187    2.25598    0.13882
  2       0     20692633    0.02461     2.07267    0.40921     0.00000    0.30470    2.07267    0.11990
  3       1     14537442    0.05198     2.18683    0.43600     0.00000    0.30700    2.18683    0.12828
  4      80       280947    0.02828     2.24335    0.42670    -0.08143    0.28109    2.32478    0.12308
  5     160       351528    0.04741     2.35977    0.37802    -0.01263    0.25637    2.37240    0.13003
  6     200       254025    0.05649     2.14371    0.44036    -0.18211    0.31133    2.32582    0.13279
  7     240       236860    0.04125     2.31820    0.36361    -0.02352    0.23974    2.34172    0.12239
  8     440       131250    0.07159     2.37789    0.48335    -0.01819    0.34579    2.39608    0.14158
  9     520      1467508    0.04796     2.32590    0.43861     0.00362    0.30077    2.32228    0.13122
 10     600        53271    0.01008     2.24655    0.46345    -0.04761    0.31415    2.29417    0.12740
 11     640       403158    0.07833     2.17471    0.41819    -0.14432    0.29468    2.31903    0.13389
 12     680       215331    0.16849     2.22445    0.46335    -0.02480    0.32085    2.24925    0.12987
 13     720      1076190    0.04073     2.37627    0.41123     0.04502    0.28708    2.33125    0.12958
 14     760       206979    0.02576     2.18181    0.48885    -0.13059    0.34656    2.31240    0.13116
 15     875       585178    0.20952     2.54416    0.45780     0.17694    0.32101    2.36722    0.13286
 16    1000       337806    0.01253     2.21561    0.44493    -0.11181    0.30932    2.32742    0.11955
 17    1080       148780    0.04455     2.09660    0.40010    -0.22848    0.28172    2.32508    0.13021
 18    1120      1384838    0.12605     2.50837    0.39263     0.11669    0.28908    2.39169    0.13164
 19    1160       153973    0.11674     2.55118    0.43027     0.17759    0.30528    2.37359    0.13936
 20    1280       497711    0.04320     2.25783    0.41166    -0.09056    0.27824    2.34839    0.12090
 21    1440       234426    0.02296     2.08238    0.44794    -0.17993    0.32487    2.26231    0.11929
 22    1520       559233    0.02609     2.22704    0.39280    -0.07331    0.27382    2.30035    0.12161
 23    1560       172284    0.01448     2.16677    0.39790    -0.13963    0.26886    2.30640    0.11973
 24    1600      3267432    0.14599     2.38781    0.43795     0.05348    0.30133    2.33434    0.13075
 25    1640       616563    0.02254     2.27281    0.41439    -0.05201    0.27708    2.32482    0.12441
 26    1680       927482    0.04574     2.29173    0.42258    -0.03695    0.29093    2.32868    0.11987
 27    1720       187422    0.05032     2.13704    0.43174    -0.19918    0.28976    2.33622    0.12987
 28    1760       212382    0.02740     2.17842    0.41057    -0.13561    0.29495    2.31403    0.13095
 29    1840       606813    0.03128     2.24488    0.40404    -0.07676    0.27358    2.32164    0.12524
 30    1920      1241249    0.11246     2.27099    0.46199    -0.03641    0.31359    2.30740    0.13656
 31    2000       369722    0.01953     2.26027    0.42728    -0.08139    0.27312    2.34166    0.12577
 32    2020       139226    0.05928     2.10741    0.42676    -0.18175    0.33747    2.28917    0.11351
 33    2080       792354    0.05341     2.30353    0.42662    -0.07188    0.30421    2.37541    0.13138
 34    2120       155580    0.02748     2.21711    0.39883    -0.12351    0.27188    2.34062    0.12147
 35    2160      1880251    0.05155     2.38770    0.46929     0.05639    0.30890    2.33132    0.12244
 36    2320       227259    0.27465     1.97703    0.43929    -0.21952    0.30292    2.19655    0.12689
 37    2640       173259    0.01651     2.32632    0.50288     0.02119    0.34766    2.30513    0.11359
 38    2680       533520    0.17015     2.30126    0.41876    -0.01252    0.31872    2.31378    0.12041
 39    2700       129606    0.05733     2.16535    0.42989    -0.13701    0.35411    2.30236    0.12120
 40    2760       184739    0.01842     2.22092    0.37634    -0.08705    0.25632    2.30796    0.12051
 41    2800       639707    0.07695     2.24380    0.43558    -0.07228    0.30039    2.31608    0.13061
 42    2840       304287    0.21641     2.16248    0.45977    -0.07275    0.33322    2.23522    0.13374
 43    2960       249111    0.03901     2.26252    0.44274    -0.04268    0.29831    2.30520    0.11316
 44    3000       378247    0.03487     2.26325    0.40713    -0.05268    0.27669    2.31593    0.12272
 45    3120       521625    0.01547     2.18056    0.38700    -0.11261    0.27917    2.29317    0.11574
 46    3160       382758    0.01662     2.14742    0.37981    -0.13112    0.26681    2.27854    0.12301
 47    3240       265024    0.02142     2.26416    0.33061    -0.05901    0.22812    2.32317    0.11686
 48    3280       539640    0.09907     2.50107    0.37420     0.13035    0.26647    2.37072    0.13315
 49    3320       406046    0.17521     2.27456    0.41912    -0.07785    0.30312    2.35241    0.12380
 50    3360      1446627    0.16334     2.26986    0.49717    -0.02998    0.32769    2.29984    0.14243
 51    3480       623451    0.02049     2.24997    0.41967    -0.06739    0.27964    2.31737    0.12211
 52    3560       159567    0.01126     2.10650    0.45381    -0.19883    0.32584    2.30533    0.12259
 53    3600       396979    0.03882     2.18785    0.42205    -0.09799    0.31045    2.28584    0.12021
 54    3640       249596    0.37054     2.35304    0.40513     0.10083    0.32231    2.25220    0.11348
 55    3660       121941    0.00923     2.09298    0.41770    -0.22091    0.28106    2.31388    0.12520
 56    3720       199952    0.02304     2.24759    0.44110    -0.08417    0.31146    2.33176    0.12443
The SAS System                                                                     23:48 Thursday, December 11, 2008  28

Obs    rmsa     count       imm      logwage2       v          res        vres       pred      vpred

 57    3760     721363    0.02704     2.27432    0.40646    -0.07874    0.28246    2.35306    0.12270
 58    3840     261009    0.01695     2.12952    0.43819    -0.19249    0.30082    2.32200    0.12428
 59    3980     160988    0.04341     2.08848    0.39072    -0.16948    0.29970    2.25796    0.11798
 60    4000     180254    0.02438     2.25810    0.33936    -0.03295    0.23887    2.29105    0.12178
 61    4040     191166    0.03437     2.28973    0.43870    -0.06244    0.29673    2.35217    0.12763
 62    4120     394356    0.10941     2.22965    0.41364    -0.05524    0.32652    2.28489    0.11411
 63    4280     149874    0.02597     2.14089    0.42025    -0.18237    0.29607    2.32327    0.12475
 64    4400     231218    0.01733     2.14110    0.39035    -0.16593    0.26876    2.30703    0.12454
 65    4480    3738166    0.38500     2.34524    0.50101     0.10558    0.33311    2.23966    0.14688
 66    4520     409103    0.01383     2.18849    0.42809    -0.12643    0.30329    2.31492    0.11721
 67    4720     174382    0.03443     2.25942    0.37025    -0.11577    0.24823    2.37519    0.13241
 68    4880     119681    0.29899     1.84215    0.42475    -0.26512    0.31657    2.10727    0.11439
 69    4900     171917    0.05630     2.22561    0.42980    -0.12871    0.29752    2.35432    0.12494
 70    4920     355386    0.01852     2.20131    0.44173    -0.09149    0.30401    2.29280    0.12475
 71    5000     817386    0.52452     2.18626    0.47281    -0.03773    0.33990    2.22399    0.12820
 72    5015     499974    0.14728     2.56928    0.40406     0.18085    0.27276    2.38842    0.13044
 73    5080     635777    0.03707     2.27454    0.39919    -0.06500    0.27055    2.33954    0.12259
 74    5120    1183789    0.03383     2.36024    0.39324    -0.00676    0.27665    2.36699    0.11863
 75    5160     198579    0.01649     2.09328    0.47385    -0.18682    0.33862    2.28010    0.11821
 76    5170     144716    0.18431     2.24641    0.42259    -0.00662    0.31617    2.25302    0.12526
 77    5190     420297    0.07243     2.49286    0.45281     0.12008    0.30151    2.37278    0.12948
 78    5360     448761    0.02291     2.20890    0.39087    -0.10077    0.27006    2.30967    0.11913
 79    5380    1172142    0.12146     2.57687    0.45767     0.18239    0.31066    2.39447    0.12930
 80    5480     218496    0.08092     2.45712    0.36657     0.11712    0.27749    2.33999    0.12736
 81    5560     517704    0.04744     2.16662    0.47974    -0.13255    0.34244    2.29917    0.12492
 82    5600    3488351    0.31932     2.46918    0.49435     0.15261    0.36375    2.31657    0.12907
 83    5640     880170    0.16621     2.51682    0.45333     0.16794    0.30941    2.34888    0.13613
 84    5720     722313    0.04198     2.13826    0.43059    -0.13060    0.30104    2.26886    0.12416
 85    5775     940266    0.18360     2.49743    0.43802     0.12839    0.31269    2.36905    0.13509
 86    5880     381348    0.04145     2.15991    0.42550    -0.17211    0.30505    2.33201    0.12722
 87    5920     251197    0.02819     2.19566    0.38260    -0.15747    0.26100    2.35313    0.12884
 88    5945    1129781    0.26603     2.46091    0.47590     0.14495    0.29625    2.31596    0.15476
 89    5960     565341    0.07918     2.19121    0.40291    -0.11952    0.29809    2.31073    0.12207
 90    6080     148550    0.02860     2.07668    0.43436    -0.23575    0.29586    2.31243    0.12056
 91    6160    2083556    0.05445     2.40127    0.42165     0.05764    0.29694    2.34363    0.12738
 92    6200     974580    0.08206     2.23254    0.43833    -0.08492    0.31143    2.31746    0.12858
 93    6280     999558    0.02025     2.24494    0.44467    -0.11610    0.30513    2.36104    0.11879
 94    6440     674374    0.06868     2.26467    0.41292    -0.09538    0.30046    2.36005    0.12535
 95    6480     487190    0.12203     2.32280    0.35674     0.00766    0.24999    2.31514    0.12371
 96    6640     422640    0.04099     2.26465    0.39940    -0.08257    0.28161    2.34722    0.13309
 97    6760     426648    0.03191     2.28737    0.40429    -0.02878    0.27923    2.31615    0.12432
 98    6780    1039270    0.17675     2.31111    0.44755     0.04777    0.32719    2.26334    0.12550
 99    6840     490292    0.04851     2.32839    0.41749    -0.02422    0.27413    2.35260    0.12703
100    6920     579060    0.09100     2.35634    0.39907     0.00203    0.29358    2.35431    0.12269
101    7040    1024296    0.02105     2.30007    0.43449    -0.03864    0.29281    2.33871    0.12571
102    7160     441606    0.04797     2.19352    0.41893    -0.14690    0.28545    2.34043    0.12874
103    7240     552634    0.09283     2.09204    0.43940    -0.18690    0.30757    2.27894    0.12849
104    7320    1144301    0.19213     2.27528    0.47327    -0.01632    0.32718    2.29159    0.13777
105    7360     757942    0.29734     2.49890    0.47616     0.11758    0.34867    2.38132    0.14378
106    7400     731576    0.26306     2.53538    0.43751     0.17397    0.29664    2.36141    0.14200
107    7500     157827    0.11608     2.38866    0.41743     0.03582    0.31221    2.35285    0.12974
108    7510      98514    0.05012     2.20572    0.48463    -0.13561    0.37869    2.34133    0.12546
109    7560     216022    0.01467     2.16623    0.40039    -0.16536    0.30966    2.33159    0.11419
110    7600     935499    0.08684     2.40061    0.39239     0.00894    0.29046    2.39168    0.12697
111    7840     144978    0.02914     2.18975    0.40037    -0.16769    0.28829    2.35744    0.11942
112    8000     241689    0.07441     2.32526    0.35870     0.00051    0.25968    2.32476    0.12866
The SAS System                                                                     23:48 Thursday, December 11, 2008  29

Obs    rmsa     count       imm      logwage2       v          res        vres       pred      vpred

113    8120     185361    0.18987     2.25253    0.42676    -0.00224    0.31325    2.25476    0.12737
114    8160     353897    0.03338     2.27049    0.40424    -0.06700    0.28220    2.33749    0.12070
115    8200     263673    0.05977     2.22114    0.41700    -0.08410    0.29630    2.30524    0.12425
116    8280     846514    0.07138     2.16051    0.40660    -0.14825    0.30770    2.30877    0.12017
117    8400     238091    0.02604     2.25948    0.45422    -0.05541    0.29809    2.31489    0.12211
118    8520     269894    0.09591     2.14264    0.45556    -0.18146    0.32625    2.32410    0.12676
119    8560     265176    0.02478     2.19981    0.44288    -0.13317    0.31220    2.33298    0.12343
120    8720     203706    0.15706     2.39291    0.43498     0.06425    0.33374    2.32866    0.12251
121    8735     298697    0.21227     2.41695    0.46199     0.10345    0.29921    2.31350    0.14346
122    8840    2161610    0.13212     2.47577    0.41729     0.10330    0.28617    2.37247    0.14744
123    8960     339335    0.14797     2.32335    0.46028    -0.00019    0.34050    2.32355    0.12746
124    9040     175440    0.04077     2.24616    0.38862    -0.09221    0.27474    2.33838    0.11953
125    9160     214884    0.04377     2.39870    0.41876     0.06098    0.27787    2.33773    0.13252
126    9240     215256    0.06186     2.42623    0.33579     0.06820    0.23954    2.35803    0.12605
127    9320     234114    0.01781     2.19938    0.43645    -0.11350    0.30050    2.31288    0.10994
The SAS System                                                                     23:48 Thursday, December 11, 2008  30

The CORR Procedure

   5        Variables:    v        vres     imm      educ     exp      
     Weight Variable:     count                                        


                                    Simple Statistics
 
Variable           N          Mean       Std Dev           Sum       Minimum       Maximum

v                124       0.43566      27.23004      30580803       0.33061       0.50288
vres             124       0.30390      19.36989      21331805       0.22812       0.37869
imm              124       0.12320      85.48652       8648212       0.00923       0.52452
educ             124      13.08295     310.57499     918347127      10.33050      14.41006
exp              124      17.48082     634.23571    1227052183      15.27474      20.03030


                Pearson Correlation Coefficients, N = 124 
                        Prob > |r| under H0: Rho=0
 
                 v          vres           imm          educ           exp

v          1.00000       0.86056       0.64402      -0.33392      -0.00925
                          <.0001        <.0001        0.0002        0.9188

vres       0.86056       1.00000       0.64575      -0.31193       0.11405
            <.0001                      <.0001        0.0004        0.2072

imm        0.64402       0.64575       1.00000      -0.35945       0.02869
            <.0001        <.0001                      <.0001        0.7517

educ      -0.33392      -0.31193      -0.35945       1.00000      -0.06163
            0.0002        0.0004        <.0001                      0.4965

exp       -0.00925       0.11405       0.02869      -0.06163       1.00000
            0.9188        0.2072        0.7517        0.4965              
