30jThe SAS System                                                                       22:16 Sunday, December 21, 2008   1

The FREQ Procedure

Table of eclass by xclass2

eclass     xclass2

Frequency|
Percent  |
Row Pct  |
Col Pct  |       1|       2|       3|       4|  Total
---------+--------+--------+--------+--------+
       1 |1356859 |1606568 |1237916 |1361841 |5563184
         |   9.37 |  11.10 |   8.55 |   9.41 |  38.42
         |  24.39 |  28.88 |  22.25 |  24.48 |
         |  31.52 |  37.49 |  40.79 |  47.73 |
---------+--------+--------+--------+--------+
       2 | 886059 | 791142 | 609122 | 633428 |2919751
         |   6.12 |   5.46 |   4.21 |   4.38 |  20.17
         |  30.35 |  27.10 |  20.86 |  21.69 |
         |  20.58 |  18.46 |  20.07 |  22.20 |
---------+--------+--------+--------+--------+
       3 |1070476 | 876756 | 562196 | 452404 |2961832
         |   7.39 |   6.06 |   3.88 |   3.12 |  20.46
         |  36.14 |  29.60 |  18.98 |  15.27 |
         |  24.87 |  20.46 |  18.52 |  15.85 |
---------+--------+--------+--------+--------+
       4 | 991315 |1010765 | 625708 | 405755 |3033543
         |   6.85 |   6.98 |   4.32 |   2.80 |  20.95
         |  32.68 |  33.32 |  20.63 |  13.38 |
         |  23.03 |  23.59 |  20.62 |  14.22 |
---------+--------+--------+--------+--------+
Total     4304709  4285231  3034942  2853428  1.448E7
            29.73    29.60    20.96    19.71   100.00
The SAS System                                                                       22:16 Sunday, December 21, 2008   2

The MEANS Procedure

Variable         N            Mean         Std Dev         Minimum         Maximum
----------------------------------------------------------------------------------
ex11        670202       0.0937167       1.3545555               0       1.0000000
ex12        670202       0.1109638       1.4598450               0       1.0000000
ex13        670202       0.0855014       1.2996744               0       1.0000000
ex14        670202       0.0940608       1.3567824               0       1.0000000
ex21        670202       0.0611991       1.1140779               0       1.0000000
ex22        670202       0.0546433       1.0563858               0       1.0000000
ex23        670202       0.0420713       0.9330742               0       1.0000000
ex24        670202       0.0437501       0.9506744               0       1.0000000
ex31        670202       0.0739365       1.2162037               0       1.0000000
ex32        670202       0.0605565       1.1085931               0       1.0000000
ex33        670202       0.0388302       0.8979277               0       1.0000000
ex34        670202       0.0312470       0.8086623               0       1.0000000
ex41        670202       0.0684690       1.1738212               0       1.0000000
ex42        670202       0.0698124       1.1844258               0       1.0000000
ex43        670202       0.0432169       0.9451268               0       1.0000000
ex44        670202       0.0280250       0.7671088               0       1.0000000
ic1         670202       0.2305294       1.9575622               0       1.0000000
ic2         670202       0.0488338       1.0017167               0       1.0000000
ic3         670202       0.0254775       0.7323702               0       1.0000000
ic4         670202       0.0269961       0.7532936               0       1.0000000
ic5         670202       0.0253673       0.7308264               0       1.0000000
ic6         670202       0.0266891       0.7491161               0       1.0000000
ic7         670202       0.0374441       0.8823908               0       1.0000000
ic8         670202       0.0188438       0.6319889               0       1.0000000
ic9         670202       0.0304426       0.7985173               0       1.0000000
ic10        670202       0.0176483       0.6119851               0       1.0000000
ic11        670202       0.0308801       0.8040530               0       1.0000000
ic12        670202       0.0166637       0.5949671               0       1.0000000
ic13        670202       0.0121617       0.5094442               0       1.0000000
ic14        670202       0.0348143       0.8520019               0       1.0000000
ic15        670202       0.0123105       0.5125122               0       1.0000000
ic16        670202       0.0146601       0.5586225               0       1.0000000
ic17        670202       0.0137035       0.5403516               0       1.0000000
ic18        670202       0.0295792       0.7874623               0       1.0000000
ic19        670202       0.0218291       0.6791745               0       1.0000000
ic20        670202       0.0078873       0.4111512               0       1.0000000
ic21        670202       0.0161314       0.5855467               0       1.0000000
ic22        670202       0.0115062       0.4956886               0       1.0000000
ic23        670202       0.0057408       0.3511496               0       1.0000000
ic24        670202       0.0079676       0.4132228               0       1.0000000
ic25        670202       0.0102035       0.4670945               0       1.0000000
ic26        670202       0.0081177       0.4170650               0       1.0000000
ic27        670202       0.0061475       0.3633002               0       1.0000000
ic28        670202       0.0048287       0.3221976               0       1.0000000
ic29        670202       0.0079216       0.4120360               0       1.0000000
ic30        670202       0.0065655       0.3753716               0       1.0000000
ic31        670202       0.0699428       1.1854489               0       1.0000000
ic32        670202       0.0127038       0.5205307               0       1.0000000
ic33        670202       0.0185999       0.6279639               0       1.0000000
ic34        670202       0.0283364       0.7712348               0       1.0000000
ic35        670202       0.0193512       0.6402762               0       1.0000000
ic36        670202       0.0211651       0.6689927               0       1.0000000
ic37        670202       0.0179828       0.6176536               0       1.0000000
----------------------------------------------------------------------------------
The SAS System                                                                       22:16 Sunday, December 21, 2008   3

The MEANS Procedure

Variable         N            Mean         Std Dev         Minimum         Maximum
----------------------------------------------------------------------------------
ic38        670202       0.0440258       0.9535271               0       1.0000000
----------------------------------------------------------------------------------
The SAS System                                                                       22:16 Sunday, December 21, 2008   4

Obs    ic       count    female    dropout       hs    somecoll    collplus       x1       x2       x3       x4

  1     .    14478310    0.491      0.384     0.202     0.205       0.210      0.297    0.296    0.210    0.197
  4     1     3337676    0.429      0.746     0.132     0.092       0.029      0.364    0.324    0.185    0.128
  5     2      707031    0.579      0.120     0.153     0.281       0.447      0.281    0.316    0.239    0.164
  6     3      368871    0.437      0.111     0.109     0.138       0.642      0.321    0.326    0.236    0.116
  7     4      390858    0.476      0.403     0.190     0.265       0.142      0.360    0.324    0.197    0.120
  8     5      367276    0.476      0.680     0.166     0.118       0.036      0.376    0.369    0.171    0.084
  9     6      386413    0.492      0.317     0.172     0.164       0.348      0.199    0.254    0.266    0.281
 10     7      542127    0.486      0.366     0.216     0.242       0.176      0.200    0.236    0.207    0.357
 11     8      272826    0.535      0.551     0.213     0.164       0.071      0.308    0.314    0.215    0.162
 12     9      440758    0.575      0.172     0.265     0.223       0.339      0.316    0.297    0.231    0.157
 13    10      255517    0.543      0.286     0.283     0.280       0.151      0.315    0.276    0.214    0.194
 14    11      447092    0.563      0.152     0.239     0.318       0.290      0.207    0.254    0.222    0.317
 15    12      241262    0.519      0.317     0.280     0.255       0.149      0.308    0.299    0.221    0.171
 16    13      176081    0.481      0.636     0.173     0.141       0.050      0.366    0.340    0.203    0.091
 17    14      504052    0.638      0.138     0.313     0.313       0.236      0.144    0.215    0.261    0.380
 18    15      178235    0.486      0.404     0.224     0.257       0.115      0.266    0.352    0.233    0.150
 19    16      212254    0.505      0.223     0.302     0.237       0.238      0.170    0.309    0.214    0.307
 20    17      198404    0.537      0.075     0.128     0.194       0.603      0.401    0.371    0.154    0.074
 21    18      428257    0.575      0.096     0.282     0.331       0.292      0.206    0.232    0.245    0.318
 22    19      316048    0.465      0.443     0.269     0.155       0.133      0.126    0.203    0.242    0.429
 23    20      114195    0.495      0.366     0.271     0.251       0.112      0.307    0.286    0.227    0.179
 24    21      233556    0.633      0.100     0.271     0.266       0.363      0.308    0.276    0.166    0.250
 25    22      166590    0.395      0.100     0.158     0.225       0.517      0.357    0.340    0.173    0.130
 26    23       83117    0.564      0.512     0.229     0.190       0.070      0.350    0.345    0.177    0.128
 27    24      115358    0.494      0.197     0.299     0.313       0.191      0.311    0.323    0.206    0.160
 28    25      147730    0.505      0.168     0.212     0.220       0.399      0.216    0.281    0.247    0.255
 29    26      117531    0.519      0.427     0.224     0.224       0.124      0.365    0.308    0.186    0.141
 30    27       89005    0.505      0.300     0.287     0.271       0.142      0.344    0.290    0.210    0.156
 31    28       69912    0.352      0.141     0.174     0.191       0.493      0.377    0.390    0.162    0.070
 32    29      114691    0.508      0.151     0.154     0.250       0.445      0.482    0.336    0.120    0.062
 33    30       95058    0.550      0.230     0.311     0.315       0.144      0.308    0.292    0.230    0.170
 34    31     1012654    0.506      0.256     0.243     0.241       0.259      0.195    0.233    0.244    0.328
 35    32      183929    0.475      0.273     0.256     0.215       0.257      0.142    0.204    0.259    0.394
 36    33      269295    0.384      0.245     0.197     0.236       0.322      0.373    0.277    0.182    0.168
 37    34      410263    0.512      0.389     0.185     0.229       0.197      0.347    0.308    0.213    0.132
 38    35      280173    0.503      0.209     0.239     0.283       0.269      0.320    0.292    0.208    0.180
 39    36      306435    0.382      0.115     0.155     0.276       0.455      0.370    0.378    0.160    0.092
 40    37      260361    0.549      0.271     0.287     0.290       0.152      0.297    0.294    0.232    0.177
 41    38      637419    0.430      0.441     0.216     0.191       0.152      0.340    0.315    0.186    0.159
The SAS System                                                                       22:16 Sunday, December 21, 2008   5

Obs    rmsa    shric1    shric2    shric3    shric4    shric5    shric6    shric7    shric37    shric38

  1       0    0.0739    0.0527    0.0395    0.0303    0.0151    0.0324    0.0164    0.0341     0.0543 
  2       1    0.1042    0.0544    0.0834    0.0625    0.0213    0.0514    0.0294    0.0562     0.0747 
  3      80    0.0000    0.0004    0.0019    0.0005    0.0000    0.0012    0.0002    0.0003     0.0003 
  4     160    0.0000    0.0007    0.0038    0.0013    0.0003    0.0027    0.0003    0.0010     0.0014 
  5     200    0.0029    0.0004    0.0008    0.0015    0.0005    0.0008    0.0004    0.0008     0.0008 
  6     240    0.0001    0.0002    0.0019    0.0010    0.0002    0.0015    0.0006    0.0008     0.0004 
  7     440    0.0001    0.0005    0.0029    0.0005    0.0001    0.0024    0.0001    0.0004     0.0008 
  8     520    0.0025    0.0032    0.0138    0.0091    0.0019    0.0055    0.0055    0.0112     0.0071 
  9     600    0.0000    0.0000    0.0000    0.0000    0.0001    0.0000    0.0000    0.0004     0.0000 
 10     640    0.0058    0.0011    0.0040    0.0046    0.0015    0.0022    0.0007    0.0016     0.0021 
 11     680    0.0102    0.0041    0.0012    0.0016    0.0034    0.0008    0.0002    0.0004     0.0044 
 12     720    0.0002    0.0049    0.0101    0.0032    0.0007    0.0049    0.0008    0.0041     0.0033 
 13     760    0.0001    0.0002    0.0024    0.0026    0.0005    0.0015    0.0003    0.0009     0.0003 
 14     875    0.0009    0.0084    0.0216    0.0006    0.0044    0.0064    0.0097    0.0105     0.0100 
 15    1000    0.0000    0.0003    0.0012    0.0009    0.0000    0.0005    0.0002    0.0004     0.0006 
 16    1080    0.0011    0.0003    0.0000    0.0003    0.0000    0.0010    0.0001    0.0001     0.0001 
 17    1120    0.0005    0.0034    0.0173    0.0151    0.0143    0.0352    0.0044    0.0276     0.0156 
 18    1160    0.0001    0.0002    0.0020    0.0008    0.0013    0.0002    0.0013    0.0015     0.0015 
 19    1280    0.0001    0.0008    0.0036    0.0017    0.0003    0.0016    0.0004    0.0009     0.0013 
 20    1440    0.0001    0.0025    0.0007    0.0003    0.0000    0.0003    0.0001    0.0004     0.0010 
 21    1520    0.0003    0.0007    0.0037    0.0029    0.0003    0.0003    0.0006    0.0017     0.0009 
 22    1560    0.0001    0.0004    0.0006    0.0002    0.0000    0.0002    0.0003    0.0005     0.0001 
 23    1600    0.0645    0.0528    0.0765    0.0120    0.0103    0.0288    0.0182    0.0189     0.0344 
 24    1640    0.0000    0.0007    0.0057    0.0013    0.0001    0.0009    0.0004    0.0012     0.0005 
 25    1680    0.0002    0.0029    0.0078    0.0013    0.0003    0.0043    0.0006    0.0008     0.0017 
 26    1720    0.0001    0.0012    0.0003    0.0014    0.0001    0.0003    0.0001    0.0014     0.0006 
 27    1760    0.0000    0.0003    0.0016    0.0003    0.0000    0.0004    0.0002    0.0018     0.0009 
 28    1840    0.0001    0.0011    0.0045    0.0015    0.0000    0.0028    0.0004    0.0017     0.0011 
 29    1920    0.0268    0.0052    0.0190    0.0194    0.0214    0.0066    0.0034    0.0071     0.0145 
 30    2000    0.0000    0.0006    0.0027    0.0011    0.0000    0.0004    0.0002    0.0006     0.0004 
 31    2020    0.0010    0.0005    0.0006    0.0002    0.0002    0.0001    0.0015    0.0007     0.0008 
 32    2080    0.0043    0.0021    0.0020    0.0080    0.0008    0.0042    0.0017    0.0028     0.0049 
 33    2120    0.0001    0.0001    0.0009    0.0016    0.0006    0.0003    0.0002    0.0001     0.0002 
 34    2160    0.0012    0.0075    0.0221    0.0026    0.0005    0.0071    0.0020    0.0052     0.0051 
 35    2320    0.0277    0.0007    0.0008    0.0005    0.0006    0.0005    0.0005    0.0035     0.0044 
 36    2640    0.0001    0.0002    0.0013    0.0001    0.0000    0.0001    0.0000    0.0002     0.0002 
 37    2680    0.0007    0.0014    0.0032    0.0018    0.0021    0.0022    0.0223    0.0199     0.0092 
 38    2700    0.0005    0.0002    0.0005    0.0001    0.0002    0.0003    0.0010    0.0014     0.0011 
 39    2760    0.0001    0.0002    0.0006    0.0009    0.0000    0.0001    0.0000    0.0003     0.0004 
 40    2800    0.0093    0.0014    0.0051    0.0121    0.0015    0.0023    0.0018    0.0020     0.0036 
 41    2840    0.0194    0.0023    0.0040    0.0026    0.0052    0.0026    0.0001    0.0004     0.0071 
 42    2960    0.0014    0.0005    0.0017    0.0003    0.0001    0.0002    0.0003    0.0001     0.0008 
 43    3000    0.0010    0.0007    0.0003    0.0036    0.0001    0.0012    0.0008    0.0007     0.0004 
 44    3120    0.0003    0.0002    0.0017    0.0011    0.0002    0.0005    0.0004    0.0006     0.0008 
 45    3160    0.0002    0.0002    0.0014    0.0006    0.0001    0.0002    0.0004    0.0004     0.0005 
 46    3240    0.0001    0.0004    0.0013    0.0014    0.0000    0.0001    0.0001    0.0003     0.0004 
 47    3280    0.0001    0.0012    0.0062    0.0034    0.0004    0.0021    0.0016    0.0046     0.0042 
 48    3320    0.0003    0.0540    0.0015    0.0106    0.0004    0.0184    0.0002    0.0021     0.0056 
 49    3360    0.0445    0.0120    0.0317    0.0510    0.0653    0.0156    0.0084    0.0179     0.0209 
 50    3480    0.0002    0.0016    0.0024    0.0010    0.0001    0.0010    0.0004    0.0014     0.0004 
 51    3560    0.0000    0.0002    0.0008    0.0001    0.0000    0.0006    0.0000    0.0001     0.0003 
 52    3600    0.0001    0.0064    0.0015    0.0011    0.0001    0.0006    0.0017    0.0041     0.0010 
 53    3640    0.0005    0.0120    0.0153    0.0017    0.0121    0.0033    0.0431    0.0082     0.0119 
 54    3660    0.0000    0.0001    0.0001    0.0000    0.0000    0.0000    0.0000    0.0000     0.0000 
 55    3720    0.0002    0.0003    0.0014    0.0004    0.0000    0.0001    0.0003    0.0003     0.0002 
 56    3760    0.0012    0.0016    0.0032    0.0022    0.0005    0.0015    0.0010    0.0021     0.0021 
The SAS System                                                                       22:16 Sunday, December 21, 2008   6

Obs    rmsa    shric1    shric2    shric3    shric4    shric5    shric6    shric7    shric37    shric38

 57    3840    0.0000    0.0005    0.0014    0.0001    0.0000    0.0003    0.0001    0.0002     0.0005 
 58    3980    0.0007    0.0004    0.0008    0.0006    0.0000    0.0002    0.0016    0.0020     0.0010 
 59    4000    0.0000    0.0002    0.0001    0.0029    0.0000    0.0001    0.0007    0.0001     0.0004 
 60    4040    0.0002    0.0004    0.0015    0.0013    0.0000    0.0016    0.0002    0.0003     0.0005 
 61    4120    0.0048    0.0054    0.0014    0.0038    0.0039    0.0023    0.0065    0.0031     0.0038 
 62    4280    0.0001    0.0001    0.0011    0.0000    0.0000    0.0010    0.0004    0.0005     0.0007 
 63    4400    0.0001    0.0003    0.0007    0.0003    0.0000    0.0001    0.0001    0.0002     0.0005 
 64    4480    0.2702    0.1714    0.0566    0.1390    0.4487    0.1216    0.0465    0.0912     0.1601 
 65    4520    0.0001    0.0005    0.0015    0.0007    0.0002    0.0009    0.0001    0.0007     0.0004 
 66    4720    0.0001    0.0004    0.0008    0.0009    0.0000    0.0009    0.0003    0.0004     0.0007 
 67    4880    0.0177    0.0001    0.0005    0.0004    0.0006    0.0002    0.0001    0.0003     0.0034 
 68    4900    0.0001    0.0008    0.0010    0.0006    0.0001    0.0003    0.0009    0.0022     0.0008 
 69    4920    0.0002    0.0010    0.0013    0.0012    0.0000    0.0013    0.0004    0.0005     0.0011 
 70    5000    0.0022    0.0038    0.0049    0.0017    0.0140    0.0030    0.5474    0.0606     0.0461 
 71    5015    0.0005    0.0062    0.0361    0.0026    0.0031    0.0087    0.0046    0.0076     0.0044 
 72    5080    0.0014    0.0007    0.0030    0.0017    0.0004    0.0026    0.0008    0.0011     0.0012 
 73    5120    0.0005    0.0027    0.0054    0.0096    0.0006    0.0040    0.0011    0.0014     0.0022 
 74    5160    0.0001    0.0001    0.0005    0.0013    0.0000    0.0003    0.0001    0.0007     0.0004 
 75    5170    0.0061    0.0012    0.0020    0.0014    0.0008    0.0012    0.0001    0.0004     0.0019 
 76    5190    0.0004    0.0035    0.0071    0.0005    0.0009    0.0019    0.0024    0.0031     0.0018 
 77    5360    0.0001    0.0005    0.0026    0.0011    0.0001    0.0006    0.0003    0.0006     0.0005 
 78    5380    0.0004    0.0058    0.0226    0.0019    0.0346    0.0114    0.0071    0.0227     0.0121 
 79    5480    0.0001    0.0005    0.0018    0.0004    0.0003    0.0019    0.0006    0.0014     0.0013 
 80    5560    0.0003    0.0015    0.0036    0.0123    0.0014    0.0020    0.0055    0.0050     0.0026 
 81    5600    0.0094    0.0466    0.1033    0.0171    0.0460    0.2185    0.0628    0.3592     0.1589 
 82    5640    0.0004    0.0083    0.0244    0.0025    0.0096    0.0077    0.0232    0.0144     0.0148 
 83    5720    0.0003    0.0148    0.0031    0.0039    0.0002    0.0027    0.0007    0.0051     0.0026 
 84    5775    0.0131    0.0531    0.0260    0.0320    0.0152    0.0516    0.0015    0.0060     0.0109 
 85    5880    0.0018    0.0008    0.0028    0.0063    0.0002    0.0017    0.0006    0.0007     0.0008 
 86    5920    0.0004    0.0007    0.0007    0.0008    0.0001    0.0004    0.0003    0.0003     0.0002 
 87    5945    0.0554    0.0221    0.0221    0.1066    0.0240    0.0155    0.0061    0.0060     0.0244 
 88    5960    0.0009    0.0034    0.0033    0.0056    0.0006    0.0017    0.0107    0.0107     0.0039 
 89    6080    0.0000    0.0018    0.0005    0.0017    0.0001    0.0002    0.0002    0.0009     0.0005 
 90    6160    0.0011    0.0095    0.0293    0.0162    0.0008    0.0126    0.0048    0.0141     0.0100 
 91    6200    0.0173    0.0037    0.0063    0.0067    0.0025    0.0045    0.0006    0.0026     0.0097 
 92    6280    0.0001    0.0008    0.0076    0.0012    0.0000    0.0032    0.0002    0.0016     0.0010 
 93    6440    0.0033    0.0040    0.0039    0.0134    0.0006    0.0049    0.0009    0.0016     0.0034 
 94    6480    0.0002    0.0011    0.0031    0.0016    0.0014    0.0026    0.0008    0.0012     0.0050 
 95    6640    0.0005    0.0005    0.0056    0.0021    0.0007    0.0029    0.0002    0.0015     0.0015 
 96    6760    0.0001    0.0012    0.0028    0.0038    0.0004    0.0016    0.0007    0.0010     0.0014 
 97    6780    0.0435    0.0199    0.0095    0.0172    0.0135    0.0042    0.0051    0.0110     0.0193 
 98    6840    0.0001    0.0008    0.0036    0.0025    0.0004    0.0013    0.0012    0.0023     0.0013 
 99    6920    0.0049    0.0115    0.0038    0.0162    0.0020    0.0105    0.0008    0.0019     0.0062 
100    7040    0.0003    0.0027    0.0038    0.0047    0.0004    0.0029    0.0009    0.0008     0.0014 
101    7160    0.0012    0.0009    0.0016    0.0040    0.0007    0.0023    0.0004    0.0005     0.0013 
102    7240    0.0154    0.0029    0.0015    0.0020    0.0016    0.0013    0.0013    0.0032     0.0040 
103    7320    0.0425    0.0699    0.0055    0.0329    0.0031    0.0078    0.0025    0.0090     0.0318 
104    7360    0.0113    0.0632    0.0086    0.0305    0.0575    0.1175    0.0027    0.0072     0.0229 
105    7400    0.0173    0.0437    0.0281    0.0911    0.0110    0.0298    0.0009    0.0039     0.0167 
106    7500    0.0031    0.0017    0.0003    0.0012    0.0008    0.0022    0.0001    0.0009     0.0027 
107    7510    0.0002    0.0003    0.0001    0.0003    0.0001    0.0000    0.0009    0.0004     0.0004 
108    7560    0.0000    0.0003    0.0016    0.0005    0.0001    0.0003    0.0001    0.0003     0.0005 
109    7600    0.0010    0.0188    0.0063    0.0218    0.0004    0.0127    0.0010    0.0022     0.0047 
110    7840    0.0001    0.0002    0.0001    0.0010    0.0000    0.0004    0.0001    0.0000     0.0004 
111    8000    0.0000    0.0002    0.0013    0.0010    0.0003    0.0017    0.0005    0.0022     0.0011 
112    8120    0.0073    0.0074    0.0030    0.0066    0.0005    0.0037    0.0003    0.0006     0.0079 
The SAS System                                                                       22:16 Sunday, December 21, 2008   7

Obs    rmsa    shric1    shric2    shric3    shric4    shric5    shric6    shric7    shric37    shric38

113    8160    0.0000    0.0005    0.0025    0.0016    0.0000    0.0007    0.0002    0.0009     0.0012 
114    8200    0.0003    0.0033    0.0001    0.0023    0.0003    0.0005    0.0000    0.0009     0.0029 
115    8280    0.0020    0.0033    0.0030    0.0051    0.0011    0.0020    0.0239    0.0091     0.0098 
116    8400    0.0001    0.0005    0.0013    0.0002    0.0000    0.0014    0.0002    0.0000     0.0004 
117    8520    0.0071    0.0012    0.0015    0.0018    0.0004    0.0016    0.0008    0.0010     0.0022 
118    8560    0.0006    0.0002    0.0011    0.0019    0.0000    0.0003    0.0002    0.0009     0.0002 
119    8720    0.0031    0.0203    0.0018    0.0013    0.0017    0.0010    0.0003    0.0008     0.0045 
120    8735    0.0137    0.0098    0.0035    0.0035    0.0017    0.0021    0.0010    0.0025     0.0052 
121    8840    0.0023    0.0215    0.0487    0.0433    0.0986    0.0230    0.0080    0.0263     0.0236 
122    8960    0.0015    0.0008    0.0023    0.0011    0.0015    0.0011    0.0171    0.0069     0.0061 
123    9040    0.0006    0.0002    0.0012    0.0044    0.0000    0.0008    0.0001    0.0002     0.0002 
124    9160    0.0002    0.0005    0.0027    0.0002    0.0004    0.0020    0.0006    0.0012     0.0005 
125    9240    0.0002    0.0004    0.0017    0.0030    0.0005    0.0011    0.0010    0.0010     0.0009 
126    9320    0.0000    0.0001    0.0008    0.0003    0.0001    0.0003    0.0000    0.0000     0.0004 
The SAS System                                                                       22:16 Sunday, December 21, 2008   8

The MEANS Procedure

Variable      N            Mean             Sum         Minimum         Maximum
-------------------------------------------------------------------------------
shric1      126       0.0079365       1.0000000    4.7937547E-6       0.2701607
shric2      126       0.0079365       1.0000000     0.000029702       0.1713574
shric3      126       0.0079365       1.0000000               0       0.1033234
shric4      126       0.0079365       1.0000000               0       0.1390019
shric5      126       0.0079365       1.0000000               0       0.4486653
shric6      126       0.0079365       1.0000000               0       0.2184502
shric7      126       0.0079365       1.0000000               0       0.5473773
shric8      126       0.0079365       1.0000000               0       0.6476362
shric9      126       0.0079365       1.0000000     0.000034032       0.1940589
shric10     126       0.0079365       1.0000000               0       0.3617489
shric11     126       0.0079365       1.0000000     0.000046970       0.1348157
shric12     126       0.0079365       1.0000000               0       0.2535169
shric13     126       0.0079365       1.0000000               0       0.4820906
shric14     126       0.0079365       1.0000000     0.000164666       0.1285284
shric15     126       0.0079365       1.0000000               0       0.3375936
shric16     126       0.0079365       1.0000000               0       0.2721928
shric17     126       0.0079365       1.0000000               0       0.1853944
shric18     126       0.0079365       1.0000000     0.000084062       0.1104874
shric19     126       0.0079365       1.0000000               0       0.2228839
shric20     126       0.0079365       1.0000000               0       0.4486098
shric21     126       0.0079365       1.0000000               0       0.1333470
shric22     126       0.0079365       1.0000000               0       0.3026532
shric23     126       0.0079365       1.0000000               0       0.1940999
shric24     126       0.0079365       1.0000000               0       0.1598762
shric25     126       0.0079365       1.0000000               0       0.2865295
shric26     126       0.0079365       1.0000000               0       0.3809888
shric27     126       0.0079365       1.0000000               0       0.5976743
shric28     126       0.0079365       1.0000000               0       0.1830158
shric29     126       0.0079365       1.0000000               0       0.1935985
shric30     126       0.0079365       1.0000000               0       0.4985062
shric31     126       0.0079365       1.0000000     0.000014813       0.1245855
shric32     126       0.0079365       1.0000000               0       0.1621441
shric33     126       0.0079365       1.0000000               0       0.1355614
shric34     126       0.0079365       1.0000000               0       0.1319519
shric35     126       0.0079365       1.0000000               0       0.1458706
shric36     126       0.0079365       1.0000000               0       0.1246398
shric37     126       0.0079365       1.0000000               0       0.3591859
shric38     126       0.0079365       1.0000000     0.000028239       0.1601082
-------------------------------------------------------------------------------
