The SAS System                                                                       11:30 Sunday, December 28, 2008   1

The FREQ Procedure

Table of mfg by imm

mfg       imm

Frequency|
Percent  |
Row Pct  |
Col Pct  |       0|       1|  Total
---------+--------+--------+
       0 |7.751E7 |7685703 |8.519E7
         |  73.52 |   7.29 |  80.81
         |  90.98 |   9.02 |
         |  81.15 |  77.53 |
---------+--------+--------+
       1 |  1.8E7 |2227358 |2.023E7
         |  17.08 |   2.11 |  19.19
         |  88.99 |  11.01 |
         |  18.85 |  22.47 |
---------+--------+--------+
Total     9.551E7  9913061  1.054E8
            90.60     9.40   100.00


Table of mfg by female

mfg       female

Frequency|
Percent  |
Row Pct  |
Col Pct  |       0|       1|  Total
---------+--------+--------+
       0 |4.287E7 |4.233E7 |8.519E7
         |  40.66 |  40.15 |  80.81
         |  50.32 |  49.68 |
         |  76.43 |  85.78 |
---------+--------+--------+
       1 |1.322E7 |7015198 |2.023E7
         |  12.54 |   6.65 |  19.19
         |  65.33 |  34.67 |
         |  23.57 |  14.22 |
---------+--------+--------+
Total     5.608E7  4.934E7  1.054E8
            53.20    46.80   100.00


The SAS System                                                                       11:30 Sunday, December 28, 2008   2

The FREQ Procedure

Table 1 of mfg by imm
Controlling for female=0

mfg       imm

Frequency|
Percent  |
Row Pct  |
Col Pct  |       0|       1|  Total
---------+--------+--------+
       0 |3.855E7 |4318462 |4.287E7
         |  68.73 |   7.70 |  76.43
         |  89.93 |  10.07 |
         |  76.46 |  76.21 |
---------+--------+--------+
       1 |1.187E7 |1347832 |1.322E7
         |  21.16 |   2.40 |  23.57
         |  89.80 |  10.20 |
         |  23.54 |  23.79 |
---------+--------+--------+
Total     5.042E7  5666294  5.608E7
            89.90    10.10   100.00


Table 2 of mfg by imm
Controlling for female=1

mfg       imm

Frequency|
Percent  |
Row Pct  |
Col Pct  |       0|       1|  Total
---------+--------+--------+
       0 |3.896E7 |3367241 |4.233E7
         |  78.96 |   6.82 |  85.78
         |  92.04 |   7.96 |
         |  86.39 |  79.29 |
---------+--------+--------+
       1 |6135672 | 879526 |7015198
         |  12.44 |   1.78 |  14.22
         |  87.46 |  12.54 |
         |  13.61 |  20.71 |
---------+--------+--------+
Total     4.509E7  4246767  4.934E7
            91.39     8.61   100.00
The SAS System                                                                       11:30 Sunday, December 28, 2008   3

Obs    rmsa      mfg

  1       .    0.19191
  2       0    0.23585
  3       1    0.19526
  4      80    0.26982
  5     160    0.12720
  6     200    0.10637
  7     240    0.27440
  8     440    0.19675
  9     520    0.14914
 10     600    0.29020
 11     640    0.14169
 12     680    0.07949
 13     720    0.13301
 14     760    0.14377
 15     875    0.21240
 16    1000    0.15097
 17    1080    0.17242
 18    1120    0.15760
 19    1160    0.24815
 20    1280    0.20686
 21    1440    0.13802
 22    1520    0.26511
 23    1560    0.24868
 24    1600    0.21043
 25    1640    0.21451
 26    1680    0.24533
 27    1720    0.14612
 28    1760    0.12412
 29    1840    0.15941
 30    1920    0.17596
 31    2000    0.23285
 32    2020    0.11652
 33    2080    0.13208
 34    2120    0.13767
 35    2160    0.26898
 36    2320    0.17822
 37    2640    0.30971
 38    2680    0.10362
 39    2700    0.06869
 40    2760    0.28311
 41    2800    0.21576
 42    2840    0.11730
 43    2960    0.25838
 44    3000    0.31392
 45    3120    0.33619
 46    3160    0.34927
 47    3240    0.19082
 48    3280    0.20153
 49    3320    0.05911
 50    3360    0.13746
 51    3480    0.20345
 52    3560    0.14781
 53    3600    0.09180
 54    3640    0.21007
 55    3660    0.29075
 56    3720    0.30428
The SAS System                                                                       11:30 Sunday, December 28, 2008   4

Obs    rmsa      mfg

 57    3760    0.16139
 58    3840    0.21073
 59    3980    0.14294
 60    4000    0.31580
 61    4040    0.18465
 62    4120    0.05265
 63    4280    0.18332
 64    4400    0.15597
 65    4480    0.22505
 66    4520    0.20198
 67    4720    0.12445
 68    4880    0.12927
 69    4900    0.20962
 70    4920    0.13506
 71    5000    0.11837
 72    5015    0.20421
 73    5080    0.26379
 74    5120    0.20913
 75    5160    0.17818
 76    5170    0.23384
 77    5190    0.12525
 78    5360    0.18968
 79    5380    0.13880
 80    5480    0.21807
 81    5560    0.10840
 82    5600    0.12349
 83    5640    0.19128
 84    5720    0.12938
 85    5775    0.15285
 86    5880    0.12370
 87    5920    0.11264
 88    5945    0.23533
 89    5960    0.10936
 90    6080    0.09960
 91    6160    0.17727
 92    6200    0.15830
 93    6280    0.16575
 94    6440    0.20250
 95    6480    0.27270
 96    6640    0.17485
 97    6760    0.15620
 98    6780    0.15578
 99    6840    0.30401
100    6920    0.09144
101    7040    0.19998
102    7160    0.16538
103    7240    0.09854
104    7320    0.13233
105    7360    0.11240
106    7400    0.34148
107    7500    0.14148
108    7510    0.09281
109    7560    0.24076
110    7600    0.21928
111    7840    0.13719
112    8000    0.21988
The SAS System                                                                       11:30 Sunday, December 28, 2008   5

Obs    rmsa      mfg

113    8120    0.16686
114    8160    0.20728
115    8200    0.15506
116    8280    0.12255
117    8400    0.21839
118    8520    0.11219
119    8560    0.17530
120    8720    0.14453
121    8735    0.17636
122    8840    0.06801
123    8960    0.10250
124    9040    0.29825
125    9160    0.21295
126    9240    0.24921
127    9320    0.29683
