1                                                          The SAS System                              15:13 Thursday, July 17, 2008

NOTE: Copyright (c) 2002-2003 by SAS Institute Inc., Cary, NC, USA. 
NOTE: SAS (r) 9.1 (TS1M3)
      Licensed to UNIVERSITY OF CALIFORNIA SYSTEM-T/R, Site 0029107917.
NOTE: This session is executing on the Linux 2.6.15-27-amd64-k8 platform.



NOTE: SAS 9.1.3 Service Pack 3

You are running SAS 9. Some SAS 8 files will be automatically converted 
by the V9 engine; others are incompatible.  Please see 
http://support.sas.com/rnd/migration/planning/platform/64bit.html

PROC MIGRATE will preserve current SAS file attributes and is 
recommended for converting all your SAS libraries from any 
SAS 8 release to SAS 9.  For details and examples, please see
http://support.sas.com/rnd/migration/index.html


This message is contained in the SAS news file, and is presented upon
initialization.  Edit the file "news" in the "misc/base" directory to
display site-specific news and information in the program log.
The command line option "-nonews" will prevent this display.




NOTE: SAS initialization used:
      real time           0.54 seconds
      cpu time            0.01 seconds
      
1          *read90.sas - reads 1990 files HH and GQ from ICPSR;
2          *note that pairs of files are uncompressed, concatenated, then read by sas;
3          
4          
5          options ls = 100 nocenter;
6          libname c90 '/tmp/' ;
NOTE: Libref C90 was successfully assigned as follows: 
      Engine:        V9 
      Physical Name: /tmp
7          
8          %macro read;
9          
10         %do y = 1 %to 56;
11           %if (&y ne 3 and &y ne 7 and &y ne 14 and &y ne 43 and &y ne 52)
12         	%then %do;
13         	
14         	/* Uncompress files and catenate */
15         	%if &y < 10 %then %do;
16         	x "nice gunzip -c
17                   /accounts/fac/card/data/census/1990/data/hh0&y..txt.gz
18         		> /tmp/c90hh&y;";
19         	x "nice gunzip -c
20                   /accounts/fac/card/data/census/1990/data/gq0&y..txt.gz
21         		> /tmp/c90gq&y;";
22                 %end;
23         
24         	%else %do;
2 The SAS System                                                       15:13 Thursday, July 17, 2008

25         	x "nice gunzip -c
26                   /accounts/fac/card/data/census/1990/data/hh&y..txt.gz
27         		> /tmp/c90hh&y;";
28         	x "nice gunzip -c
29                   /accounts/fac/card/data/census/1990/data/gq&y..txt.gz
30         	     	> /tmp/c90gq&y;";
31         	%end;
32         
33                 x "cat /tmp/c90hh&y. /tmp/c90gq&y. > /tmp/c90all&y;";
34         
35         
36         	data st&y.(drop = type p i rv keep );
37         
38         	/* Length statement */
39         
40         	length state famrel sex race age marstat dfamrel dhisp pob
41                   imm hispanic citizen immyr enroll grade state85
42                   lang1 english esr hourslw weeks hrswkly al_pob al_sal
43                    3 ;
44         
45         	infile "/tmp/c90all&y.";
46         	input type $ 1 state 11-12 puma 13-17 msa 20-23
47                     p 33-34 gqinst 35 ;
48         
49         	/* Check that this is a hh record */
50         	if type ne 'H' then do;
51         		put 'Not household' _N_ type=;
52         		abort;
53         	end;
54         
55         	/* Check if there are no people in this household */
56         	/* If no people then return to next record */
57         	else if p = 0 then return;
58         
59         
60         	/* Read person records */
61         	else do i = 1 to p;
62         		input p1 $1  @;
63         
64         	/* Check that this is a person record */
65         	if p1 ne 'P' then do;
66         		put 'invalid type' _N_ p1=;
67         		abort;
68         	end;
69         
70                else do;
71         
72         	input famrel 9-10 sex 11 race 12-14 age 15-16 marstat 17
73                 pwgt 18-21 dfamrel 35 dhisp 38-40  pob 44-46
74         	citizen 47 immyr 48-49 enroll 50 grade 51-52 state85 60-61
75                 lang1 67 english 71 esr 91 hourslw 93-94
76                 ind 115-117 occ 118-120 weeks 123-124 hrswkly 125-126
77                 totearn 127-132 income 133-138 wagesal 139-144
78                 selfinc 145-150 farminc 151-156
79                 al_pob 190 al_sal 224;
80         
81                 imm=(citizen in (3,4));
82                 if dhisp=0 or (6<=dhisp<=199) then hispanic=0;
3 The SAS System                                                       15:13 Thursday, July 17, 2008

83                   else hispanic=1;
84                 rv=ranuni(9211093);
85                 keep=0;
86                 if imm=1 then keep=1; else if imm=0 and rv<=.5 then keep=1;
87                 if keep=1 then output;
88         
89         	end;
90         
91         
92         	end; /* end over i */
93         
94         
95         
96         
97         proc means;
98         var state imm age wagesal weeks hrswkly;
99         
100        proc freq;
101        tables msa*gqinst / missing;
102        
103        run;	
104        
105        x "/bin/rm /tmp/c90hh&y.;";
106        x "/bin/rm /tmp/c90gq&y.;";
107        x "/bin/rm /tmp/c90all&y.;";
108        
109        	
110          %end;
111        %end;
112        %mend;
113        
114        %macro state;
115        %do y = 1 %to 56;
116          %if (&y ne 3 and &y ne 7 and &y ne 14 and &y ne 43 and &y ne 52)
117        	%then %do;
118        	st&y.
119          %end;
120        %end;
121        %mend;
122        
123        /* Run macro to read in all files */
124        
125        
126        %read;

NOTE: The infile "/tmp/c90all1" is:
      File Name=/tmp/c90all1,
      Owner Name=card,Group Name=scanner,
      Access Permission=rw-r--r--,
      File Size (bytes)=67083496

NOTE: 289153 records were read from the infile "/tmp/c90all1".
      The minimum record length was 231.
      The maximum record length was 231.
NOTE: The data set WORK.ST1 has 100849 observations and 36 variables.
NOTE: DATA statement used (Total process time):
      real time           1.21 seconds
      cpu time            1.19 seconds
4 The SAS System                                                       15:13 Thursday, July 17, 2008

      


NOTE: There were 100849 observations read from the data set WORK.ST1.
NOTE: The PROCEDURE MEANS printed page 1.
NOTE: PROCEDURE MEANS used (Total process time):
      real time           0.10 seconds
      cpu time            0.05 seconds
      


NOTE: There were 100849 observations read from the data set WORK.ST1.
NOTE: The PROCEDURE FREQ printed pages 2-3.
NOTE: PROCEDURE FREQ used (Total process time):
      real time           0.04 seconds
      cpu time            0.05 seconds
      


NOTE: The infile "/tmp/c90all2" is:
      File Name=/tmp/c90all2,
      Owner Name=card,Group Name=scanner,
      Access Permission=rw-r--r--,
      File Size (bytes)=10248832

NOTE: 44176 records were read from the infile "/tmp/c90all2".
      The minimum record length was 231.
      The maximum record length was 231.
NOTE: The data set WORK.ST2 has 15484 observations and 36 variables.
NOTE: DATA statement used (Total process time):
      real time           0.18 seconds
      cpu time            0.19 seconds
      


NOTE: There were 15484 observations read from the data set WORK.ST2.
NOTE: The PROCEDURE MEANS printed page 4.
NOTE: PROCEDURE MEANS used (Total process time):
      real time           0.01 seconds
      cpu time            0.02 seconds
      


NOTE: There were 15484 observations read from the data set WORK.ST2.
NOTE: The PROCEDURE FREQ printed page 5.
NOTE: PROCEDURE FREQ used (Total process time):
      real time           0.00 seconds
      cpu time            0.01 seconds
      


NOTE: The infile "/tmp/c90all4" is:
      File Name=/tmp/c90all4,
      Owner Name=card,Group Name=scanner,
      Access Permission=rw-r--r--,
      File Size (bytes)=63122560

NOTE: 272080 records were read from the infile "/tmp/c90all4".
5 The SAS System                                                       15:13 Thursday, July 17, 2008

      The minimum record length was 231.
      The maximum record length was 231.
NOTE: The data set WORK.ST4 has 98133 observations and 36 variables.
NOTE: DATA statement used (Total process time):
      real time           2.94 seconds
      cpu time            1.11 seconds
      


NOTE: There were 98133 observations read from the data set WORK.ST4.
NOTE: The PROCEDURE MEANS printed page 6.
NOTE: PROCEDURE MEANS used (Total process time):
      real time           0.05 seconds
      cpu time            0.05 seconds
      


NOTE: There were 98133 observations read from the data set WORK.ST4.
NOTE: The PROCEDURE FREQ printed page 7.
NOTE: PROCEDURE FREQ used (Total process time):
      real time           0.03 seconds
      cpu time            0.04 seconds
      


NOTE: The infile "/tmp/c90all5" is:
      File Name=/tmp/c90all5,
      Owner Name=card,Group Name=scanner,
      Access Permission=rw-r--r--,
      File Size (bytes)=39476888

NOTE: 170159 records were read from the infile "/tmp/c90all5".
      The minimum record length was 231.
      The maximum record length was 231.
NOTE: The data set WORK.ST5 has 58972 observations and 36 variables.
NOTE: DATA statement used (Total process time):
      real time           3.02 seconds
      cpu time            0.71 seconds
      


NOTE: There were 58972 observations read from the data set WORK.ST5.
NOTE: The PROCEDURE MEANS printed page 8.
NOTE: PROCEDURE MEANS used (Total process time):
      real time           0.03 seconds
      cpu time            0.04 seconds
      


NOTE: There were 58972 observations read from the data set WORK.ST5.
NOTE: The PROCEDURE FREQ printed page 9.
NOTE: PROCEDURE FREQ used (Total process time):
      real time           0.02 seconds
      cpu time            0.03 seconds
      


NOTE: The infile "/tmp/c90all6" is:
6 The SAS System                                                       15:13 Thursday, July 17, 2008

      File Name=/tmp/c90all6,
      Owner Name=card,Group Name=scanner,
      Access Permission=rw-r--r--,
      File Size (bytes)=486342296

NOTE: 2096303 records were read from the infile "/tmp/c90all6".
      The minimum record length was 231.
      The maximum record length was 231.
NOTE: The data set WORK.ST6 has 902194 observations and 36 variables.
NOTE: DATA statement used (Total process time):
      real time           8.93 seconds
      cpu time            8.74 seconds
      


NOTE: There were 902194 observations read from the data set WORK.ST6.
NOTE: The PROCEDURE MEANS printed page 10.
NOTE: PROCEDURE MEANS used (Total process time):
      real time           0.39 seconds
      cpu time            0.40 seconds
      


NOTE: There were 902194 observations read from the data set WORK.ST6.
NOTE: The PROCEDURE FREQ printed pages 11-13.
NOTE: PROCEDURE FREQ used (Total process time):
      real time           0.38 seconds
      cpu time            0.38 seconds
      


NOTE: The infile "/tmp/c90all8" is:
      File Name=/tmp/c90all8,
      Owner Name=card,Group Name=scanner,
      Access Permission=rw-r--r--,
      File Size (bytes)=60503512

NOTE: 260791 records were read from the infile "/tmp/c90all8".
      The minimum record length was 231.
      The maximum record length was 231.
NOTE: The data set WORK.ST8 has 90363 observations and 36 variables.
NOTE: DATA statement used (Total process time):
      real time           1.07 seconds
      cpu time            1.05 seconds
      


NOTE: There were 90363 observations read from the data set WORK.ST8.
NOTE: The PROCEDURE MEANS printed page 14.
NOTE: PROCEDURE MEANS used (Total process time):
      real time           0.05 seconds
      cpu time            0.06 seconds
      


NOTE: There were 90363 observations read from the data set WORK.ST8.
NOTE: The PROCEDURE FREQ printed page 15.
NOTE: PROCEDURE FREQ used (Total process time):
7 The SAS System                                                       15:13 Thursday, July 17, 2008

      real time           0.03 seconds
      cpu time            0.04 seconds
      


NOTE: The infile "/tmp/c90all9" is:
      File Name=/tmp/c90all9,
      Owner Name=card,Group Name=scanner,
      Access Permission=rw-r--r--,
      File Size (bytes)=54810232

NOTE: 236251 records were read from the infile "/tmp/c90all9".
      The minimum record length was 231.
      The maximum record length was 231.
NOTE: The data set WORK.ST9 has 88503 observations and 36 variables.
NOTE: DATA statement used (Total process time):
      real time           3.45 seconds
      cpu time            0.97 seconds
      


NOTE: There were 88503 observations read from the data set WORK.ST9.
NOTE: The PROCEDURE MEANS printed page 16.
NOTE: PROCEDURE MEANS used (Total process time):
      real time           0.04 seconds
      cpu time            0.04 seconds
      


NOTE: There were 88503 observations read from the data set WORK.ST9.
NOTE: The PROCEDURE FREQ printed pages 17-18.
NOTE: PROCEDURE FREQ used (Total process time):
      real time           0.03 seconds
      cpu time            0.04 seconds
      


NOTE: The infile "/tmp/c90all10" is:
      File Name=/tmp/c90all10,
      Owner Name=card,Group Name=scanner,
      Access Permission=rw-r--r--,
      File Size (bytes)=11496760

NOTE: 49555 records were read from the infile "/tmp/c90all10".
      The minimum record length was 231.
      The maximum record length was 231.
NOTE: The data set WORK.ST10 has 16781 observations and 36 variables.
NOTE: DATA statement used (Total process time):
      real time           1.50 seconds
      cpu time            0.21 seconds
      


NOTE: There were 16781 observations read from the data set WORK.ST10.
NOTE: The PROCEDURE MEANS printed page 19.
NOTE: PROCEDURE MEANS used (Total process time):
      real time           1.20 seconds
      cpu time            0.00 seconds
8 The SAS System                                                       15:13 Thursday, July 17, 2008

      


NOTE: There were 16781 observations read from the data set WORK.ST10.
NOTE: The PROCEDURE FREQ printed page 20.
NOTE: PROCEDURE FREQ used (Total process time):
      real time           0.10 seconds
      cpu time            0.01 seconds
      


NOTE: The infile "/tmp/c90all11" is:
      File Name=/tmp/c90all11,
      Owner Name=card,Group Name=scanner,
      Access Permission=rw-r--r--,
      File Size (bytes)=11374960

NOTE: 49030 records were read from the infile "/tmp/c90all11".
      The minimum record length was 231.
      The maximum record length was 231.
NOTE: The data set WORK.ST11 has 17454 observations and 36 variables.
NOTE: DATA statement used (Total process time):
      real time           1.40 seconds
      cpu time            0.20 seconds
      


NOTE: There were 17454 observations read from the data set WORK.ST11.
NOTE: The PROCEDURE MEANS printed page 21.
NOTE: PROCEDURE MEANS used (Total process time):
      real time           0.41 seconds
      cpu time            0.02 seconds
      


NOTE: There were 17454 observations read from the data set WORK.ST11.
NOTE: The PROCEDURE FREQ printed page 22.
NOTE: PROCEDURE FREQ used (Total process time):
      real time           0.10 seconds
      cpu time            0.00 seconds
      


NOTE: The infile "/tmp/c90all12" is:
      File Name=/tmp/c90all12,
      Owner Name=card,Group Name=scanner,
      Access Permission=rw-r--r--,
      File Size (bytes)=240052952

NOTE: 1034711 records were read from the infile "/tmp/c90all12".
      The minimum record length was 231.
      The maximum record length was 231.
NOTE: The data set WORK.ST12 has 383130 observations and 36 variables.
NOTE: DATA statement used (Total process time):
      real time           25.82 seconds
      cpu time            4.20 seconds
      

9 The SAS System                                                       15:13 Thursday, July 17, 2008


NOTE: There were 383130 observations read from the data set WORK.ST12.
NOTE: The PROCEDURE MEANS printed page 23.
NOTE: PROCEDURE MEANS used (Total process time):
      real time           3.39 seconds
      cpu time            0.13 seconds
      


NOTE: There were 383130 observations read from the data set WORK.ST12.
NOTE: The PROCEDURE FREQ printed pages 24-26.
NOTE: PROCEDURE FREQ used (Total process time):
      real time           0.95 seconds
      cpu time            0.16 seconds
      


NOTE: The infile "/tmp/c90all13" is:
      File Name=/tmp/c90all13,
      Owner Name=card,Group Name=scanner,
      Access Permission=rw-r--r--,
      File Size (bytes)=114270672

NOTE: 492546 records were read from the infile "/tmp/c90all13".
      The minimum record length was 231.
      The maximum record length was 231.
NOTE: The data set WORK.ST13 has 174299 observations and 36 variables.
NOTE: DATA statement used (Total process time):
      real time           12.57 seconds
      cpu time            2.02 seconds
      


NOTE: There were 174299 observations read from the data set WORK.ST13.
NOTE: The PROCEDURE MEANS printed page 27.
NOTE: PROCEDURE MEANS used (Total process time):
      real time           1.74 seconds
      cpu time            0.04 seconds
      


NOTE: There were 174299 observations read from the data set WORK.ST13.
NOTE: The PROCEDURE FREQ printed page 28.
NOTE: PROCEDURE FREQ used (Total process time):
      real time           0.36 seconds
      cpu time            0.07 seconds
      


NOTE: The infile "/tmp/c90all15" is:
      File Name=/tmp/c90all15,
      Owner Name=card,Group Name=scanner,
      Access Permission=rw-r--r--,
      File Size (bytes)=18576240

NOTE: 80070 records were read from the infile "/tmp/c90all15".
      The minimum record length was 231.
      The maximum record length was 231.
10 The SAS System                                                      15:13 Thursday, July 17, 2008

NOTE: The data set WORK.ST15 has 32916 observations and 36 variables.
NOTE: DATA statement used (Total process time):
      real time           2.35 seconds
      cpu time            0.32 seconds
      


NOTE: There were 32916 observations read from the data set WORK.ST15.
NOTE: The PROCEDURE MEANS printed page 29.
NOTE: PROCEDURE MEANS used (Total process time):
      real time           1.51 seconds
      cpu time            0.01 seconds
      


NOTE: There were 32916 observations read from the data set WORK.ST15.
NOTE: The PROCEDURE FREQ printed page 30.
NOTE: PROCEDURE FREQ used (Total process time):
      real time           0.11 seconds
      cpu time            0.01 seconds
      


NOTE: The infile "/tmp/c90all16" is:
      File Name=/tmp/c90all16,
      Owner Name=card,Group Name=scanner,
      Access Permission=rw-r--r--,
      File Size (bytes)=17048984

NOTE: 73487 records were read from the infile "/tmp/c90all16".
      The minimum record length was 231.
      The maximum record length was 231.
NOTE: The data set WORK.ST16 has 25911 observations and 36 variables.
NOTE: DATA statement used (Total process time):
      real time           2.01 seconds
      cpu time            0.30 seconds
      


NOTE: There were 25911 observations read from the data set WORK.ST16.
NOTE: The PROCEDURE MEANS printed page 31.
NOTE: PROCEDURE MEANS used (Total process time):
      real time           0.51 seconds
      cpu time            0.02 seconds
      


NOTE: There were 25911 observations read from the data set WORK.ST16.
NOTE: The PROCEDURE FREQ printed page 32.
NOTE: PROCEDURE FREQ used (Total process time):
      real time           0.01 seconds
      cpu time            0.01 seconds
      


NOTE: The infile "/tmp/c90all17" is:
      File Name=/tmp/c90all17,
      Owner Name=card,Group Name=scanner,
11 The SAS System                                                      15:13 Thursday, July 17, 2008

      Access Permission=rw-r--r--,
      File Size (bytes)=195961120

NOTE: 844660 records were read from the infile "/tmp/c90all17".
      The minimum record length was 231.
      The maximum record length was 231.
NOTE: The data set WORK.ST17 has 316421 observations and 36 variables.
NOTE: DATA statement used (Total process time):
      real time           12.55 seconds
      cpu time            3.52 seconds
      


NOTE: There were 316421 observations read from the data set WORK.ST17.
NOTE: The PROCEDURE MEANS printed page 33.
NOTE: PROCEDURE MEANS used (Total process time):
      real time           0.13 seconds
      cpu time            0.13 seconds
      


NOTE: There were 316421 observations read from the data set WORK.ST17.
NOTE: The PROCEDURE FREQ printed pages 34-35.
NOTE: PROCEDURE FREQ used (Total process time):
      real time           0.12 seconds
      cpu time            0.12 seconds
      


NOTE: The infile "/tmp/c90all18" is:
      File Name=/tmp/c90all18,
      Owner Name=card,Group Name=scanner,
      Access Permission=rw-r--r--,
      File Size (bytes)=95454312

NOTE: 411441 records were read from the infile "/tmp/c90all18".
      The minimum record length was 231.
      The maximum record length was 231.
NOTE: The data set WORK.ST18 has 144651 observations and 36 variables.
NOTE: DATA statement used (Total process time):
      real time           6.91 seconds
      cpu time            1.67 seconds
      


NOTE: There were 144651 observations read from the data set WORK.ST18.
NOTE: The PROCEDURE MEANS printed page 36.
NOTE: PROCEDURE MEANS used (Total process time):
      real time           0.73 seconds
      cpu time            0.06 seconds
      


NOTE: There were 144651 observations read from the data set WORK.ST18.
NOTE: The PROCEDURE FREQ printed pages 37-38.
NOTE: PROCEDURE FREQ used (Total process time):
      real time           0.36 seconds
      cpu time            0.07 seconds
12 The SAS System                                                      15:13 Thursday, July 17, 2008

      


NOTE: The infile "/tmp/c90all19" is:
      File Name=/tmp/c90all19,
      Owner Name=card,Group Name=scanner,
      Access Permission=rw-r--r--,
      File Size (bytes)=47575080

NOTE: 205065 records were read from the infile "/tmp/c90all19".
      The minimum record length was 231.
      The maximum record length was 231.
NOTE: The data set WORK.ST19 has 71251 observations and 36 variables.
NOTE: DATA statement used (Total process time):
      real time           5.55 seconds
      cpu time            0.85 seconds
      


NOTE: There were 71251 observations read from the data set WORK.ST19.
NOTE: The PROCEDURE MEANS printed page 39.
NOTE: PROCEDURE MEANS used (Total process time):
      real time           0.98 seconds
      cpu time            0.02 seconds
      


NOTE: There were 71251 observations read from the data set WORK.ST19.
NOTE: The PROCEDURE FREQ printed page 40.
NOTE: PROCEDURE FREQ used (Total process time):
      real time           0.12 seconds
      cpu time            0.03 seconds
      


NOTE: The infile "/tmp/c90all20" is:
      File Name=/tmp/c90all20,
      Owner Name=card,Group Name=scanner,
      Access Permission=rw-r--r--,
      File Size (bytes)=43962376

NOTE: 189493 records were read from the infile "/tmp/c90all20".
      The minimum record length was 231.
      The maximum record length was 231.
NOTE: The data set WORK.ST20 has 65760 observations and 36 variables.
NOTE: DATA statement used (Total process time):
      real time           4.89 seconds
      cpu time            0.77 seconds
      


NOTE: There were 65760 observations read from the data set WORK.ST20.
NOTE: The PROCEDURE MEANS printed page 41.
NOTE: PROCEDURE MEANS used (Total process time):
      real time           1.74 seconds
      cpu time            0.03 seconds
      

13 The SAS System                                                      15:13 Thursday, July 17, 2008


NOTE: There were 65760 observations read from the data set WORK.ST20.
NOTE: The PROCEDURE FREQ printed page 42.
NOTE: PROCEDURE FREQ used (Total process time):
      real time           0.12 seconds
      cpu time            0.02 seconds
      


NOTE: The infile "/tmp/c90all21" is:
      File Name=/tmp/c90all21,
      Owner Name=card,Group Name=scanner,
      Access Permission=rw-r--r--,
      File Size (bytes)=61238720

NOTE: 263960 records were read from the infile "/tmp/c90all21".
      The minimum record length was 231.
      The maximum record length was 231.
NOTE: The data set WORK.ST21 has 92197 observations and 36 variables.
NOTE: DATA statement used (Total process time):
      real time           6.78 seconds
      cpu time            1.08 seconds
      


NOTE: There were 92197 observations read from the data set WORK.ST21.
NOTE: The PROCEDURE MEANS printed page 43.
NOTE: PROCEDURE MEANS used (Total process time):
      real time           1.18 seconds
      cpu time            0.01 seconds
      


NOTE: There were 92197 observations read from the data set WORK.ST21.
NOTE: The PROCEDURE FREQ printed page 44.
NOTE: PROCEDURE FREQ used (Total process time):
      real time           0.23 seconds
      cpu time            0.04 seconds
      


NOTE: The infile "/tmp/c90all22" is:
      File Name=/tmp/c90all22,
      Owner Name=card,Group Name=scanner,
      Access Permission=rw-r--r--,
      File Size (bytes)=71033064

NOTE: 306177 records were read from the infile "/tmp/c90all22".
      The minimum record length was 231.
      The maximum record length was 231.
NOTE: The data set WORK.ST22 has 107986 observations and 36 variables.
NOTE: DATA statement used (Total process time):
      real time           9.21 seconds
      cpu time            1.25 seconds
      


NOTE: There were 107986 observations read from the data set WORK.ST22.
14 The SAS System                                                      15:13 Thursday, July 17, 2008

NOTE: The PROCEDURE MEANS printed page 45.
NOTE: PROCEDURE MEANS used (Total process time):
      real time           2.01 seconds
      cpu time            0.04 seconds
      


NOTE: There were 107986 observations read from the data set WORK.ST22.
NOTE: The PROCEDURE FREQ printed pages 46-47.
NOTE: PROCEDURE FREQ used (Total process time):
      real time           0.24 seconds
      cpu time            0.04 seconds
      


NOTE: The infile "/tmp/c90all23" is:
      File Name=/tmp/c90all23,
      Owner Name=card,Group Name=scanner,
      Access Permission=rw-r--r--,
      File Size (bytes)=22784720

NOTE: 98210 records were read from the infile "/tmp/c90all23".
      The minimum record length was 231.
      The maximum record length was 231.
NOTE: The data set WORK.ST23 has 32527 observations and 36 variables.
NOTE: DATA statement used (Total process time):
      real time           2.64 seconds
      cpu time            0.41 seconds
      


NOTE: There were 32527 observations read from the data set WORK.ST23.
NOTE: The PROCEDURE MEANS printed page 48.
NOTE: PROCEDURE MEANS used (Total process time):
      real time           0.85 seconds
      cpu time            0.01 seconds
      


NOTE: There were 32527 observations read from the data set WORK.ST23.
NOTE: The PROCEDURE FREQ printed page 49.
NOTE: PROCEDURE FREQ used (Total process time):
      real time           0.11 seconds
      cpu time            0.01 seconds
      


NOTE: The infile "/tmp/c90all24" is:
      File Name=/tmp/c90all24,
      Owner Name=card,Group Name=scanner,
      Access Permission=rw-r--r--,
      File Size (bytes)=82266040

NOTE: 354595 records were read from the infile "/tmp/c90all24".
      The minimum record length was 231.
      The maximum record length was 231.
NOTE: The data set WORK.ST24 has 131982 observations and 36 variables.
NOTE: DATA statement used (Total process time):
15 The SAS System                                                      15:13 Thursday, July 17, 2008

      real time           9.29 seconds
      cpu time            1.48 seconds
      


NOTE: There were 131982 observations read from the data set WORK.ST24.
NOTE: The PROCEDURE MEANS printed page 50.
NOTE: PROCEDURE MEANS used (Total process time):
      real time           1.73 seconds
      cpu time            0.05 seconds
      


NOTE: There were 131982 observations read from the data set WORK.ST24.
NOTE: The PROCEDURE FREQ printed page 51.
NOTE: PROCEDURE FREQ used (Total process time):
      real time           0.40 seconds
      cpu time            0.05 seconds
      


NOTE: The infile "/tmp/c90all25" is:
      File Name=/tmp/c90all25,
      Owner Name=card,Group Name=scanner,
      Access Permission=rw-r--r--,
      File Size (bytes)=108953464

NOTE: 469627 records were read from the infile "/tmp/c90all25".
      The minimum record length was 231.
      The maximum record length was 231.
NOTE: The data set WORK.ST25 has 174739 observations and 36 variables.
NOTE: DATA statement used (Total process time):
      real time           12.22 seconds
      cpu time            1.95 seconds
      


NOTE: There were 174739 observations read from the data set WORK.ST25.
NOTE: The PROCEDURE MEANS printed page 52.
NOTE: PROCEDURE MEANS used (Total process time):
      real time           2.45 seconds
      cpu time            0.05 seconds
      


NOTE: There were 174739 observations read from the data set WORK.ST25.
NOTE: The PROCEDURE FREQ printed pages 53-54.
NOTE: PROCEDURE FREQ used (Total process time):
      real time           0.47 seconds
      cpu time            0.07 seconds
      


NOTE: The infile "/tmp/c90all26" is:
      File Name=/tmp/c90all26,
      Owner Name=card,Group Name=scanner,
      Access Permission=rw-r--r--,
      File Size (bytes)=157976224
16 The SAS System                                                      15:13 Thursday, July 17, 2008


NOTE: 680932 records were read from the infile "/tmp/c90all26".
      The minimum record length was 231.
      The maximum record length was 231.
NOTE: The data set WORK.ST26 has 238976 observations and 36 variables.
NOTE: DATA statement used (Total process time):
      real time           17.54 seconds
      cpu time            2.82 seconds
      


NOTE: There were 238976 observations read from the data set WORK.ST26.
NOTE: The PROCEDURE MEANS printed page 55.
NOTE: PROCEDURE MEANS used (Total process time):
      real time           1.19 seconds
      cpu time            0.09 seconds
      


NOTE: There were 238976 observations read from the data set WORK.ST26.
NOTE: The PROCEDURE FREQ printed pages 56-57.
NOTE: PROCEDURE FREQ used (Total process time):
      real time           0.60 seconds
      cpu time            0.11 seconds
      


NOTE: The infile "/tmp/c90all27" is:
      File Name=/tmp/c90all27,
      Owner Name=card,Group Name=scanner,
      Access Permission=rw-r--r--,
      File Size (bytes)=77931120

NOTE: 335910 records were read from the infile "/tmp/c90all27".
      The minimum record length was 231.
      The maximum record length was 231.
NOTE: The data set WORK.ST27 has 116894 observations and 36 variables.
NOTE: DATA statement used (Total process time):
      real time           8.86 seconds
      cpu time            1.38 seconds
      


NOTE: There were 116894 observations read from the data set WORK.ST27.
NOTE: The PROCEDURE MEANS printed page 58.
NOTE: PROCEDURE MEANS used (Total process time):
      real time           1.92 seconds
      cpu time            0.04 seconds
      


NOTE: There were 116894 observations read from the data set WORK.ST27.
NOTE: The PROCEDURE FREQ printed page 59.
NOTE: PROCEDURE FREQ used (Total process time):
      real time           0.34 seconds
      cpu time            0.05 seconds
      

17 The SAS System                                                      15:13 Thursday, July 17, 2008


NOTE: The infile "/tmp/c90all28" is:
      File Name=/tmp/c90all28,
      Owner Name=card,Group Name=scanner,
      Access Permission=rw-r--r--,
      File Size (bytes)=44907312

NOTE: 193566 records were read from the infile "/tmp/c90all28".
      The minimum record length was 231.
      The maximum record length was 231.
NOTE: The data set WORK.ST28 has 68247 observations and 36 variables.
NOTE: DATA statement used (Total process time):
      real time           5.24 seconds
      cpu time            0.80 seconds
      


NOTE: There were 68247 observations read from the data set WORK.ST28.
NOTE: The PROCEDURE MEANS printed page 60.
NOTE: PROCEDURE MEANS used (Total process time):
      real time           1.12 seconds
      cpu time            0.03 seconds
      


NOTE: There were 68247 observations read from the data set WORK.ST28.
NOTE: The PROCEDURE FREQ printed page 61.
NOTE: PROCEDURE FREQ used (Total process time):
      real time           0.22 seconds
      cpu time            0.03 seconds
      


NOTE: The infile "/tmp/c90all29" is:
      File Name=/tmp/c90all29,
      Owner Name=card,Group Name=scanner,
      Access Permission=rw-r--r--,
      File Size (bytes)=88665760

NOTE: 382180 records were read from the infile "/tmp/c90all29".
      The minimum record length was 231.
      The maximum record length was 231.
NOTE: The data set WORK.ST29 has 131465 observations and 36 variables.
NOTE: DATA statement used (Total process time):
      real time           10.00 seconds
      cpu time            1.56 seconds
      


NOTE: There were 131465 observations read from the data set WORK.ST29.
NOTE: The PROCEDURE MEANS printed page 62.
NOTE: PROCEDURE MEANS used (Total process time):
      real time           1.82 seconds
      cpu time            0.05 seconds
      


NOTE: There were 131465 observations read from the data set WORK.ST29.
18 The SAS System                                                      15:13 Thursday, July 17, 2008

NOTE: The PROCEDURE FREQ printed page 63.
NOTE: PROCEDURE FREQ used (Total process time):
      real time           0.35 seconds
      cpu time            0.05 seconds
      


NOTE: The infile "/tmp/c90all30" is:
      File Name=/tmp/c90all30,
      Owner Name=card,Group Name=scanner,
      Access Permission=rw-r--r--,
      File Size (bytes)=14016976

NOTE: 60418 records were read from the infile "/tmp/c90all30".
      The minimum record length was 231.
      The maximum record length was 231.
NOTE: The data set WORK.ST30 has 20467 observations and 36 variables.
NOTE: DATA statement used (Total process time):
      real time           1.74 seconds
      cpu time            0.25 seconds
      


NOTE: There were 20467 observations read from the data set WORK.ST30.
NOTE: The PROCEDURE MEANS printed page 64.
NOTE: PROCEDURE MEANS used (Total process time):
      real time           0.51 seconds
      cpu time            0.01 seconds
      


NOTE: There were 20467 observations read from the data set WORK.ST30.
NOTE: The PROCEDURE FREQ printed page 65.
NOTE: PROCEDURE FREQ used (Total process time):
      real time           0.00 seconds
      cpu time            0.01 seconds
      


NOTE: The infile "/tmp/c90all31" is:
      File Name=/tmp/c90all31,
      Owner Name=card,Group Name=scanner,
      Access Permission=rw-r--r--,
      File Size (bytes)=27073240

NOTE: 116695 records were read from the infile "/tmp/c90all31".
      The minimum record length was 231.
      The maximum record length was 231.
NOTE: The data set WORK.ST31 has 40552 observations and 36 variables.
NOTE: DATA statement used (Total process time):
      real time           3.15 seconds
      cpu time            0.48 seconds
      


NOTE: There were 40552 observations read from the data set WORK.ST31.
NOTE: The PROCEDURE MEANS printed page 66.
NOTE: PROCEDURE MEANS used (Total process time):
19 The SAS System                                                      15:13 Thursday, July 17, 2008

      real time           0.61 seconds
      cpu time            0.03 seconds
      


NOTE: There were 40552 observations read from the data set WORK.ST31.
NOTE: The PROCEDURE FREQ printed page 67.
NOTE: PROCEDURE FREQ used (Total process time):
      real time           0.11 seconds
      cpu time            0.01 seconds
      


NOTE: The infile "/tmp/c90all32" is:
      File Name=/tmp/c90all32,
      Owner Name=card,Group Name=scanner,
      Access Permission=rw-r--r--,
      File Size (bytes)=21136128

NOTE: 91104 records were read from the infile "/tmp/c90all32".
      The minimum record length was 231.
      The maximum record length was 231.
NOTE: The data set WORK.ST32 has 33742 observations and 36 variables.
NOTE: DATA statement used (Total process time):
      real time           2.48 seconds
      cpu time            0.39 seconds
      


NOTE: There were 33742 observations read from the data set WORK.ST32.
NOTE: The PROCEDURE MEANS printed page 68.
NOTE: PROCEDURE MEANS used (Total process time):
      real time           1.11 seconds
      cpu time            0.02 seconds
      


NOTE: There were 33742 observations read from the data set WORK.ST32.
NOTE: The PROCEDURE FREQ printed page 69.
NOTE: PROCEDURE FREQ used (Total process time):
      real time           0.11 seconds
      cpu time            0.01 seconds
      


NOTE: The infile "/tmp/c90all33" is:
      File Name=/tmp/c90all33,
      Owner Name=card,Group Name=scanner,
      Access Permission=rw-r--r--,
      File Size (bytes)=20629440

NOTE: 88920 records were read from the infile "/tmp/c90all33".
      The minimum record length was 231.
      The maximum record length was 231.
NOTE: The data set WORK.ST33 has 29906 observations and 36 variables.
NOTE: DATA statement used (Total process time):
      real time           2.46 seconds
      cpu time            0.36 seconds
20 The SAS System                                                      15:13 Thursday, July 17, 2008

      


NOTE: There were 29906 observations read from the data set WORK.ST33.
NOTE: The PROCEDURE MEANS printed page 70.
NOTE: PROCEDURE MEANS used (Total process time):
      real time           0.61 seconds
      cpu time            0.01 seconds
      


NOTE: There were 29906 observations read from the data set WORK.ST33.
NOTE: The PROCEDURE FREQ printed page 71.
NOTE: PROCEDURE FREQ used (Total process time):
      real time           0.11 seconds
      cpu time            0.01 seconds
      


NOTE: The infile "/tmp/c90all34" is:
      File Name=/tmp/c90all34,
      Owner Name=card,Group Name=scanner,
      Access Permission=rw-r--r--,
      File Size (bytes)=136816664

NOTE: 589727 records were read from the infile "/tmp/c90all34".
      The minimum record length was 231.
      The maximum record length was 231.
NOTE: The data set WORK.ST34 has 230056 observations and 36 variables.
NOTE: DATA statement used (Total process time):
      real time           15.23 seconds
      cpu time            2.48 seconds
      


NOTE: There were 230056 observations read from the data set WORK.ST34.
NOTE: The PROCEDURE MEANS printed page 72.
NOTE: PROCEDURE MEANS used (Total process time):
      real time           1.93 seconds
      cpu time            0.08 seconds
      


NOTE: There were 230056 observations read from the data set WORK.ST34.
NOTE: The PROCEDURE FREQ printed pages 73-74.
NOTE: PROCEDURE FREQ used (Total process time):
      real time           0.63 seconds
      cpu time            0.09 seconds
      


NOTE: The infile "/tmp/c90all35" is:
      File Name=/tmp/c90all35,
      Owner Name=card,Group Name=scanner,
      Access Permission=rw-r--r--,
      File Size (bytes)=27137736

NOTE: 116973 records were read from the infile "/tmp/c90all35".
21 The SAS System                                                      15:13 Thursday, July 17, 2008

      The minimum record length was 231.
      The maximum record length was 231.
NOTE: The data set WORK.ST35 has 42262 observations and 36 variables.
NOTE: DATA statement used (Total process time):
      real time           3.27 seconds
      cpu time            0.49 seconds
      


NOTE: There were 42262 observations read from the data set WORK.ST35.
NOTE: The PROCEDURE MEANS printed page 75.
NOTE: PROCEDURE MEANS used (Total process time):
      real time           0.51 seconds
      cpu time            0.03 seconds
      


NOTE: There were 42262 observations read from the data set WORK.ST35.
NOTE: The PROCEDURE FREQ printed page 76.
NOTE: PROCEDURE FREQ used (Total process time):
      real time           0.11 seconds
      cpu time            0.01 seconds
      


NOTE: The infile "/tmp/c90all36" is:
      File Name=/tmp/c90all36,
      Owner Name=card,Group Name=scanner,
      Access Permission=rw-r--r--,
      File Size (bytes)=314472056

NOTE: 1355483 records were read from the infile "/tmp/c90all36".
      The minimum record length was 231.
      The maximum record length was 231.
NOTE: The data set WORK.ST36 has 528400 observations and 36 variables.
NOTE: DATA statement used (Total process time):
      real time           34.73 seconds
      cpu time            5.62 seconds
      


NOTE: There were 528400 observations read from the data set WORK.ST36.
NOTE: The PROCEDURE MEANS printed page 77.
NOTE: PROCEDURE MEANS used (Total process time):
      real time           3.28 seconds
      cpu time            0.18 seconds
      


NOTE: There were 528400 observations read from the data set WORK.ST36.
NOTE: The PROCEDURE FREQ printed pages 78-79.
NOTE: PROCEDURE FREQ used (Total process time):
      real time           1.33 seconds
      cpu time            0.23 seconds
      


NOTE: The infile "/tmp/c90all37" is:
22 The SAS System                                                      15:13 Thursday, July 17, 2008

      File Name=/tmp/c90all37,
      Owner Name=card,Group Name=scanner,
      Access Permission=rw-r--r--,
      File Size (bytes)=119385344

NOTE: 514592 records were read from the infile "/tmp/c90all37".
      The minimum record length was 231.
      The maximum record length was 231.
NOTE: The data set WORK.ST37 has 176216 observations and 36 variables.
NOTE: DATA statement used (Total process time):
      real time           12.89 seconds
      cpu time            2.11 seconds
      


NOTE: There were 176216 observations read from the data set WORK.ST37.
NOTE: The PROCEDURE MEANS printed page 80.
NOTE: PROCEDURE MEANS used (Total process time):
      real time           1.99 seconds
      cpu time            0.03 seconds
      


NOTE: There were 176216 observations read from the data set WORK.ST37.
NOTE: The PROCEDURE FREQ printed pages 81-82.
NOTE: PROCEDURE FREQ used (Total process time):
      real time           0.37 seconds
      cpu time            0.07 seconds
      


NOTE: The infile "/tmp/c90all38" is:
      File Name=/tmp/c90all38,
      Owner Name=card,Group Name=scanner,
      Access Permission=rw-r--r--,
      File Size (bytes)=10949240

NOTE: 47195 records were read from the infile "/tmp/c90all38".
      The minimum record length was 231.
      The maximum record length was 231.
NOTE: The data set WORK.ST38 has 15991 observations and 36 variables.
NOTE: DATA statement used (Total process time):
      real time           1.39 seconds
      cpu time            0.18 seconds
      


NOTE: There were 15991 observations read from the data set WORK.ST38.
NOTE: The PROCEDURE MEANS printed page 83.
NOTE: PROCEDURE MEANS used (Total process time):
      real time           1.20 seconds
      cpu time            0.01 seconds
      


NOTE: There were 15991 observations read from the data set WORK.ST38.
NOTE: The PROCEDURE FREQ printed page 84.
NOTE: PROCEDURE FREQ used (Total process time):
23 The SAS System                                                      15:13 Thursday, July 17, 2008

      real time           0.10 seconds
      cpu time            0.01 seconds
      


NOTE: The infile "/tmp/c90all39" is:
      File Name=/tmp/c90all39,
      Owner Name=card,Group Name=scanner,
      Access Permission=rw-r--r--,
      File Size (bytes)=182966568

NOTE: 788649 records were read from the infile "/tmp/c90all39".
      The minimum record length was 231.
      The maximum record length was 231.
NOTE: The data set WORK.ST39 has 280948 observations and 36 variables.
NOTE: DATA statement used (Total process time):
      real time           20.13 seconds
      cpu time            3.31 seconds
      


NOTE: There were 280948 observations read from the data set WORK.ST39.
NOTE: The PROCEDURE MEANS printed page 85.
NOTE: PROCEDURE MEANS used (Total process time):
      real time           1.32 seconds
      cpu time            0.12 seconds
      


NOTE: There were 280948 observations read from the data set WORK.ST39.
NOTE: The PROCEDURE FREQ printed pages 86-87.
NOTE: PROCEDURE FREQ used (Total process time):
      real time           0.72 seconds
      cpu time            0.12 seconds
      


NOTE: The infile "/tmp/c90all40" is:
      File Name=/tmp/c90all40,
      Owner Name=card,Group Name=scanner,
      Access Permission=rw-r--r--,
      File Size (bytes)=54968456

NOTE: 236933 records were read from the infile "/tmp/c90all40".
      The minimum record length was 231.
      The maximum record length was 231.
NOTE: The data set WORK.ST40 has 80843 observations and 36 variables.
NOTE: DATA statement used (Total process time):
      real time           6.38 seconds
      cpu time            0.96 seconds
      


NOTE: There were 80843 observations read from the data set WORK.ST40.
NOTE: The PROCEDURE MEANS printed page 88.
NOTE: PROCEDURE MEANS used (Total process time):
      real time           1.49 seconds
      cpu time            0.05 seconds
24 The SAS System                                                      15:13 Thursday, July 17, 2008

      


NOTE: There were 80843 observations read from the data set WORK.ST40.
NOTE: The PROCEDURE FREQ printed page 89.
NOTE: PROCEDURE FREQ used (Total process time):
      real time           0.13 seconds
      cpu time            0.03 seconds
      


NOTE: The infile "/tmp/c90all41" is:
      File Name=/tmp/c90all41,
      Owner Name=card,Group Name=scanner,
      Access Permission=rw-r--r--,
      File Size (bytes)=48471296

NOTE: 208928 records were read from the infile "/tmp/c90all41".
      The minimum record length was 231.
      The maximum record length was 231.
NOTE: The data set WORK.ST41 has 75106 observations and 36 variables.
NOTE: DATA statement used (Total process time):
      real time           5.35 seconds
      cpu time            0.85 seconds
      


NOTE: There were 75106 observations read from the data set WORK.ST41.
NOTE: The PROCEDURE MEANS printed page 90.
NOTE: PROCEDURE MEANS used (Total process time):
      real time           1.28 seconds
      cpu time            0.03 seconds
      


NOTE: There were 75106 observations read from the data set WORK.ST41.
NOTE: The PROCEDURE FREQ printed page 91.
NOTE: PROCEDURE FREQ used (Total process time):
      real time           0.13 seconds
      cpu time            0.03 seconds
      


NOTE: The infile "/tmp/c90all42" is:
      File Name=/tmp/c90all42,
      Owner Name=card,Group Name=scanner,
      Access Permission=rw-r--r--,
      File Size (bytes)=205347144

NOTE: 885117 records were read from the infile "/tmp/c90all42".
      The minimum record length was 231.
      The maximum record length was 231.
NOTE: The data set WORK.ST42 has 311367 observations and 36 variables.
NOTE: DATA statement used (Total process time):
      real time           22.14 seconds
      cpu time            3.62 seconds
      

25 The SAS System                                                      15:13 Thursday, July 17, 2008


NOTE: There were 311367 observations read from the data set WORK.ST42.
NOTE: The PROCEDURE MEANS printed page 92.
NOTE: PROCEDURE MEANS used (Total process time):
      real time           2.35 seconds
      cpu time            0.10 seconds
      


NOTE: There were 311367 observations read from the data set WORK.ST42.
NOTE: The PROCEDURE FREQ printed pages 93-94.
NOTE: PROCEDURE FREQ used (Total process time):
      real time           0.82 seconds
      cpu time            0.14 seconds
      


NOTE: The infile "/tmp/c90all44" is:
      File Name=/tmp/c90all44,
      Owner Name=card,Group Name=scanner,
      Access Permission=rw-r--r--,
      File Size (bytes)=17551264

NOTE: 75652 records were read from the infile "/tmp/c90all44".
      The minimum record length was 231.
      The maximum record length was 231.
NOTE: The data set WORK.ST44 has 28035 observations and 36 variables.
NOTE: DATA statement used (Total process time):
      real time           2.11 seconds
      cpu time            0.32 seconds
      


NOTE: There were 28035 observations read from the data set WORK.ST44.
NOTE: The PROCEDURE MEANS printed page 95.
NOTE: PROCEDURE MEANS used (Total process time):
      real time           0.41 seconds
      cpu time            0.01 seconds
      


NOTE: There were 28035 observations read from the data set WORK.ST44.
NOTE: The PROCEDURE FREQ printed page 96.
NOTE: PROCEDURE FREQ used (Total process time):
      real time           0.11 seconds
      cpu time            0.02 seconds
      


NOTE: The infile "/tmp/c90all45" is:
      File Name=/tmp/c90all45,
      Owner Name=card,Group Name=scanner,
      Access Permission=rw-r--r--,
      File Size (bytes)=58941688

NOTE: 254059 records were read from the infile "/tmp/c90all45".
      The minimum record length was 231.
      The maximum record length was 231.
26 The SAS System                                                      15:13 Thursday, July 17, 2008

NOTE: The data set WORK.ST45 has 87896 observations and 36 variables.
NOTE: DATA statement used (Total process time):
      real time           6.57 seconds
      cpu time            1.04 seconds
      


NOTE: There were 87896 observations read from the data set WORK.ST45.
NOTE: The PROCEDURE MEANS printed page 97.
NOTE: PROCEDURE MEANS used (Total process time):
      real time           1.03 seconds
      cpu time            0.02 seconds
      


NOTE: There were 87896 observations read from the data set WORK.ST45.
NOTE: The PROCEDURE FREQ printed pages 98-99.
NOTE: PROCEDURE FREQ used (Total process time):
      real time           0.23 seconds
      cpu time            0.04 seconds
      


NOTE: The infile "/tmp/c90all46" is:
      File Name=/tmp/c90all46,
      Owner Name=card,Group Name=scanner,
      Access Permission=rw-r--r--,
      File Size (bytes)=11839424

NOTE: 51032 records were read from the infile "/tmp/c90all46".
      The minimum record length was 231.
      The maximum record length was 231.
NOTE: The data set WORK.ST46 has 17414 observations and 36 variables.
NOTE: DATA statement used (Total process time):
      real time           1.51 seconds
      cpu time            0.21 seconds
      


NOTE: There were 17414 observations read from the data set WORK.ST46.
NOTE: The PROCEDURE MEANS printed page 100.
NOTE: PROCEDURE MEANS used (Total process time):
      real time           1.20 seconds
      cpu time            0.00 seconds
      


NOTE: There were 17414 observations read from the data set WORK.ST46.
NOTE: The PROCEDURE FREQ printed page 101.
NOTE: PROCEDURE FREQ used (Total process time):
      real time           0.00 seconds
      cpu time            0.01 seconds
      


NOTE: The infile "/tmp/c90all47" is:
      File Name=/tmp/c90all47,
      Owner Name=card,Group Name=scanner,
27 The SAS System                                                      15:13 Thursday, July 17, 2008

      Access Permission=rw-r--r--,
      File Size (bytes)=84341976

NOTE: 363543 records were read from the infile "/tmp/c90all47".
      The minimum record length was 231.
      The maximum record length was 231.
NOTE: The data set WORK.ST47 has 126344 observations and 36 variables.
NOTE: DATA statement used (Total process time):
      real time           9.07 seconds
      cpu time            1.48 seconds
      


NOTE: There were 126344 observations read from the data set WORK.ST47.
NOTE: The PROCEDURE MEANS printed page 102.
NOTE: PROCEDURE MEANS used (Total process time):
      real time           0.83 seconds
      cpu time            0.05 seconds
      


NOTE: There were 126344 observations read from the data set WORK.ST47.
NOTE: The PROCEDURE FREQ printed page 103.
NOTE: PROCEDURE FREQ used (Total process time):
      real time           0.35 seconds
      cpu time            0.06 seconds
      


NOTE: The infile "/tmp/c90all48" is:
      File Name=/tmp/c90all48,
      Owner Name=card,Group Name=scanner,
      Access Permission=rw-r--r--,
      File Size (bytes)=303969184

NOTE: 1310212 records were read from the infile "/tmp/c90all48".
      The minimum record length was 231.
      The maximum record length was 231.
NOTE: The data set WORK.ST48 has 488667 observations and 36 variables.
NOTE: DATA statement used (Total process time):
      real time           32.63 seconds
      cpu time            5.41 seconds
      


NOTE: There were 488667 observations read from the data set WORK.ST48.
NOTE: The PROCEDURE MEANS printed page 104.
NOTE: PROCEDURE MEANS used (Total process time):
      real time           4.73 seconds
      cpu time            0.16 seconds
      


NOTE: There were 488667 observations read from the data set WORK.ST48.
NOTE: The PROCEDURE FREQ printed pages 105-108.
NOTE: PROCEDURE FREQ used (Total process time):
      real time           1.22 seconds
      cpu time            0.20 seconds
28 The SAS System                                                      15:13 Thursday, July 17, 2008

      


NOTE: The infile "/tmp/c90all49" is:
      File Name=/tmp/c90all49,
      Owner Name=card,Group Name=scanner,
      Access Permission=rw-r--r--,
      File Size (bytes)=28949656

NOTE: 124783 records were read from the infile "/tmp/c90all49".
      The minimum record length was 231.
      The maximum record length was 231.
NOTE: The data set WORK.ST49 has 46721 observations and 36 variables.
NOTE: DATA statement used (Total process time):
      real time           3.32 seconds
      cpu time            0.53 seconds
      


NOTE: There were 46721 observations read from the data set WORK.ST49.
NOTE: The PROCEDURE MEANS printed page 109.
NOTE: PROCEDURE MEANS used (Total process time):
      real time           0.91 seconds
      cpu time            0.01 seconds
      


NOTE: There were 46721 observations read from the data set WORK.ST49.
NOTE: The PROCEDURE FREQ printed page 110.
NOTE: PROCEDURE FREQ used (Total process time):
      real time           0.11 seconds
      cpu time            0.02 seconds
      


NOTE: The infile "/tmp/c90all50" is:
      File Name=/tmp/c90all50,
      Owner Name=card,Group Name=scanner,
      Access Permission=rw-r--r--,
      File Size (bytes)=10358568

NOTE: 44649 records were read from the infile "/tmp/c90all50".
      The minimum record length was 231.
      The maximum record length was 231.
NOTE: The data set WORK.ST50 has 14602 observations and 36 variables.
NOTE: DATA statement used (Total process time):
      real time           1.27 seconds
      cpu time            0.18 seconds
      


NOTE: There were 14602 observations read from the data set WORK.ST50.
NOTE: The PROCEDURE MEANS printed page 111.
NOTE: PROCEDURE MEANS used (Total process time):
      real time           0.50 seconds
      cpu time            0.00 seconds
      

29 The SAS System                                                      15:13 Thursday, July 17, 2008


NOTE: There were 14602 observations read from the data set WORK.ST50.
NOTE: The PROCEDURE FREQ printed page 112.
NOTE: PROCEDURE FREQ used (Total process time):
      real time           0.10 seconds
      cpu time            0.01 seconds
      


NOTE: The infile "/tmp/c90all51" is:
      File Name=/tmp/c90all51,
      Owner Name=card,Group Name=scanner,
      Access Permission=rw-r--r--,
      File Size (bytes)=103453208

NOTE: 445919 records were read from the infile "/tmp/c90all51".
      The minimum record length was 231.
      The maximum record length was 231.
NOTE: The data set WORK.ST51 has 160878 observations and 36 variables.
NOTE: DATA statement used (Total process time):
      real time           11.59 seconds
      cpu time            1.83 seconds
      


NOTE: There were 160878 observations read from the data set WORK.ST51.
NOTE: The PROCEDURE MEANS printed page 113.
NOTE: PROCEDURE MEANS used (Total process time):
      real time           1.44 seconds
      cpu time            0.06 seconds
      


NOTE: There were 160878 observations read from the data set WORK.ST51.
NOTE: The PROCEDURE FREQ printed page 114.
NOTE: PROCEDURE FREQ used (Total process time):
      real time           0.36 seconds
      cpu time            0.06 seconds
      


NOTE: The infile "/tmp/c90all53" is:
      File Name=/tmp/c90all53,
      Owner Name=card,Group Name=scanner,
      Access Permission=rw-r--r--,
      File Size (bytes)=84228760

NOTE: 363055 records were read from the infile "/tmp/c90all53".
      The minimum record length was 231.
      The maximum record length was 231.
NOTE: The data set WORK.ST53 has 132771 observations and 36 variables.
NOTE: DATA statement used (Total process time):
      real time           9.32 seconds
      cpu time            1.51 seconds
      


NOTE: There were 132771 observations read from the data set WORK.ST53.
30 The SAS System                                                      15:13 Thursday, July 17, 2008

NOTE: The PROCEDURE MEANS printed page 115.
NOTE: PROCEDURE MEANS used (Total process time):
      real time           1.63 seconds
      cpu time            0.04 seconds
      


NOTE: There were 132771 observations read from the data set WORK.ST53.
NOTE: The PROCEDURE FREQ printed pages 116-117.
NOTE: PROCEDURE FREQ used (Total process time):
      real time           0.25 seconds
      cpu time            0.06 seconds
      


NOTE: The infile "/tmp/c90all54" is:
      File Name=/tmp/c90all54,
      Owner Name=card,Group Name=scanner,
      Access Permission=rw-r--r--,
      File Size (bytes)=30322864

NOTE: 130702 records were read from the infile "/tmp/c90all54".
      The minimum record length was 231.
      The maximum record length was 231.
NOTE: The data set WORK.ST54 has 45100 observations and 36 variables.
NOTE: DATA statement used (Total process time):
      real time           3.51 seconds
      cpu time            0.53 seconds
      


NOTE: There were 45100 observations read from the data set WORK.ST54.
NOTE: The PROCEDURE MEANS printed page 118.
NOTE: PROCEDURE MEANS used (Total process time):
      real time           0.61 seconds
      cpu time            0.02 seconds
      


NOTE: There were 45100 observations read from the data set WORK.ST54.
NOTE: The PROCEDURE FREQ printed page 119.
NOTE: PROCEDURE FREQ used (Total process time):
      real time           0.11 seconds
      cpu time            0.02 seconds
      


NOTE: The infile "/tmp/c90all55" is:
      File Name=/tmp/c90all55,
      Owner Name=card,Group Name=scanner,
      Access Permission=rw-r--r--,
      File Size (bytes)=85032408

NOTE: 366519 records were read from the infile "/tmp/c90all55".
      The minimum record length was 231.
      The maximum record length was 231.
NOTE: The data set WORK.ST55 has 126998 observations and 36 variables.
NOTE: DATA statement used (Total process time):
31 The SAS System                                                      15:13 Thursday, July 17, 2008

      real time           9.25 seconds
      cpu time            1.49 seconds
      


NOTE: There were 126998 observations read from the data set WORK.ST55.
NOTE: The PROCEDURE MEANS printed page 120.
NOTE: PROCEDURE MEANS used (Total process time):
      real time           1.52 seconds
      cpu time            0.05 seconds
      


NOTE: There were 126998 observations read from the data set WORK.ST55.
NOTE: The PROCEDURE FREQ printed pages 121-122.
NOTE: PROCEDURE FREQ used (Total process time):
      real time           0.24 seconds
      cpu time            0.05 seconds
      


NOTE: The infile "/tmp/c90all56" is:
      File Name=/tmp/c90all56,
      Owner Name=card,Group Name=scanner,
      Access Permission=rw-r--r--,
      File Size (bytes)=8100280

NOTE: 34915 records were read from the infile "/tmp/c90all56".
      The minimum record length was 231.
      The maximum record length was 231.
NOTE: The data set WORK.ST56 has 11893 observations and 36 variables.
NOTE: DATA statement used (Total process time):
      real time           1.11 seconds
      cpu time            0.15 seconds
      


NOTE: There were 11893 observations read from the data set WORK.ST56.
NOTE: The PROCEDURE MEANS printed page 123.
NOTE: PROCEDURE MEANS used (Total process time):
      real time           0.60 seconds
      cpu time            0.00 seconds
      


NOTE: There were 11893 observations read from the data set WORK.ST56.
NOTE: The PROCEDURE FREQ printed page 124.
NOTE: PROCEDURE FREQ used (Total process time):
      real time           0.00 seconds
      cpu time            0.01 seconds
      

127        
128        
129        data c90.all90;
130         set %state;
131        

32 The SAS System                                                      15:13 Thursday, July 17, 2008

NOTE: There were 100849 observations read from the data set WORK.ST1.
NOTE: There were 15484 observations read from the data set WORK.ST2.
NOTE: There were 98133 observations read from the data set WORK.ST4.
NOTE: There were 58972 observations read from the data set WORK.ST5.
NOTE: There were 902194 observations read from the data set WORK.ST6.
NOTE: There were 90363 observations read from the data set WORK.ST8.
NOTE: There were 88503 observations read from the data set WORK.ST9.
NOTE: There were 16781 observations read from the data set WORK.ST10.
NOTE: There were 17454 observations read from the data set WORK.ST11.
NOTE: There were 383130 observations read from the data set WORK.ST12.
NOTE: There were 174299 observations read from the data set WORK.ST13.
NOTE: There were 32916 observations read from the data set WORK.ST15.
NOTE: There were 25911 observations read from the data set WORK.ST16.
NOTE: There were 316421 observations read from the data set WORK.ST17.
NOTE: There were 144651 observations read from the data set WORK.ST18.
NOTE: There were 71251 observations read from the data set WORK.ST19.
NOTE: There were 65760 observations read from the data set WORK.ST20.
NOTE: There were 92197 observations read from the data set WORK.ST21.
NOTE: There were 107986 observations read from the data set WORK.ST22.
NOTE: There were 32527 observations read from the data set WORK.ST23.
NOTE: There were 131982 observations read from the data set WORK.ST24.
NOTE: There were 174739 observations read from the data set WORK.ST25.
NOTE: There were 238976 observations read from the data set WORK.ST26.
NOTE: There were 116894 observations read from the data set WORK.ST27.
NOTE: There were 68247 observations read from the data set WORK.ST28.
NOTE: There were 131465 observations read from the data set WORK.ST29.
NOTE: There were 20467 observations read from the data set WORK.ST30.
NOTE: There were 40552 observations read from the data set WORK.ST31.
NOTE: There were 33742 observations read from the data set WORK.ST32.
NOTE: There were 29906 observations read from the data set WORK.ST33.
NOTE: There were 230056 observations read from the data set WORK.ST34.
NOTE: There were 42262 observations read from the data set WORK.ST35.
NOTE: There were 528400 observations read from the data set WORK.ST36.
NOTE: There were 176216 observations read from the data set WORK.ST37.
NOTE: There were 15991 observations read from the data set WORK.ST38.
NOTE: There were 280948 observations read from the data set WORK.ST39.
NOTE: There were 80843 observations read from the data set WORK.ST40.
NOTE: There were 75106 observations read from the data set WORK.ST41.
NOTE: There were 311367 observations read from the data set WORK.ST42.
NOTE: There were 28035 observations read from the data set WORK.ST44.
NOTE: There were 87896 observations read from the data set WORK.ST45.
NOTE: There were 17414 observations read from the data set WORK.ST46.
NOTE: There were 126344 observations read from the data set WORK.ST47.
NOTE: There were 488667 observations read from the data set WORK.ST48.
NOTE: There were 46721 observations read from the data set WORK.ST49.
NOTE: There were 14602 observations read from the data set WORK.ST50.
NOTE: There were 160878 observations read from the data set WORK.ST51.
NOTE: There were 132771 observations read from the data set WORK.ST53.
NOTE: There were 45100 observations read from the data set WORK.ST54.
NOTE: There were 126998 observations read from the data set WORK.ST55.
NOTE: There were 11893 observations read from the data set WORK.ST56.
NOTE: The data set C90.ALL90 has 6851260 observations and 36 variables.
NOTE: DATA statement used (Total process time):
      real time           1:09.16
      cpu time            6.91 seconds
      

132        proc freq;
33 The SAS System                                                      15:13 Thursday, July 17, 2008

133        tables gqinst state msa / missing;
134        
135        
NOTE: There were 6851260 observations read from the data set C90.ALL90.
NOTE: The PROCEDURE FREQ printed pages 125-132.
NOTE: PROCEDURE FREQ used (Total process time):
      real time           20.35 seconds
      cpu time            3.15 seconds
      

NOTE: SAS Institute Inc., SAS Campus Drive, Cary, NC USA 27513-2414
NOTE: The SAS System used:
      real time           27:23.21
      cpu time            1:32.37
      
