The SAS System                                                                       22:16 Friday, December 12, 2008   1

The MEANS Procedure

Variable      N            Mean         Std Dev         Minimum         Maximum
-------------------------------------------------------------------------------
rsupply1    126       0.1377107       0.0457964       0.0617842       0.3675529
rsupply2    126       0.3016270       0.0538615       0.1723556       0.4524561
rsupply3    126       0.3117318       0.0457924       0.1760692       0.4279228
rsupply4    126       0.2489306       0.0562160       0.1447661       0.4378059
rsupply5    126       0.1641895       0.0332331       0.0951862       0.2607090
rsupply6    126       0.0847410       0.0269081       0.0439261       0.2249371
shs         126       0.5538904       0.0516639       0.3810523       0.6714835
scoll1      126       0.4047964       0.0588788       0.2611814       0.6002620
scoll2      126       0.4217446       0.0633935       0.2707631       0.6452494
logrels1    126      -0.3197228       0.2408705      -0.9019956       0.4544295
logrels2    126      -0.2793540       0.2451813      -0.8621471       0.5267003
-------------------------------------------------------------------------------
The SAS System                                                                       22:16 Friday, December 12, 2008   2

The CORR Procedure

  11  Variables:    rsupply1 rsupply2 rsupply3 rsupply4 rsupply5 rsupply6 shs      scoll1   scoll2   logrels1 logrels2 


                                    Simple Statistics
 
Variable           N          Mean       Std Dev           Sum       Minimum       Maximum

rsupply1         124       0.13738       0.04603      17.03470       0.06178       0.36755
rsupply2         124       0.30056       0.05351      37.26899       0.17236       0.45246
rsupply3         124       0.31217       0.04599      38.70864       0.17607       0.42792
rsupply4         124       0.24990       0.05601      30.98767       0.14477       0.43781
rsupply5         124       0.16485       0.03300      20.44111       0.09519       0.26071
rsupply6         124       0.08505       0.02698      10.54656       0.04393       0.22494
shs              124       0.55280       0.05119      68.54760       0.38105       0.67148
scoll1           124       0.40598       0.05839      50.34199       0.26118       0.60026
scoll2           124       0.42299       0.06292      52.45131       0.27076       0.64525
logrels1         124      -0.31465       0.23846     -39.01614      -0.90200       0.45443
logrels2         124      -0.27425       0.24283     -34.00669      -0.86215       0.52670


                                      Pearson Correlation Coefficients, N = 124 
                                              Prob > |r| under H0: Rho=0
 
          rsupply1  rsupply2  rsupply3  rsupply4  rsupply5  rsupply6       shs    scoll1    scoll2  logrels1  logrels2

rsupply1   1.00000  -0.04907  -0.34393  -0.49249  -0.46038  -0.45940   0.42360  -0.60780  -0.60351  -0.55000  -0.54979
                      0.5884    <.0001    <.0001    <.0001    <.0001    <.0001    <.0001    <.0001    <.0001    <.0001

rsupply2  -0.04907   1.00000  -0.45967  -0.53768  -0.55081  -0.44261   0.80802  -0.69673  -0.68461  -0.73942  -0.73129
            0.5884              <.0001    <.0001    <.0001    <.0001    <.0001    <.0001    <.0001    <.0001    <.0001

rsupply3  -0.34393  -0.45967   1.00000  -0.09931  -0.05087  -0.14395  -0.24779   0.29854   0.26474   0.29048   0.27156
            <.0001    <.0001              0.2725    0.5747    0.1107    0.0055    0.0008    0.0030    0.0011    0.0023

rsupply4  -0.49249  -0.53768  -0.09931   1.00000   0.94639   0.91863  -0.91667   0.92003   0.93268   0.91995   0.92754
            <.0001    <.0001    0.2725              <.0001    <.0001    <.0001    <.0001    <.0001    <.0001    <.0001

rsupply5  -0.46038  -0.55081  -0.05087   0.94639   1.00000   0.74175  -0.88843   0.88768   0.88749   0.89132   0.89227
            <.0001    <.0001    0.5747    <.0001              <.0001    <.0001    <.0001    <.0001    <.0001    <.0001

rsupply6  -0.45940  -0.44261  -0.14395   0.91863   0.74175   1.00000  -0.81651   0.82441   0.85091   0.81979   0.83437
            <.0001    <.0001    0.1107    <.0001    <.0001              <.0001    <.0001    <.0001    <.0001    <.0001

shs        0.42360   0.80802  -0.24779  -0.91667  -0.88843  -0.81651   1.00000  -0.97679  -0.97660  -0.98867  -0.98853
            <.0001    <.0001    0.0055    <.0001    <.0001    <.0001              <.0001    <.0001    <.0001    <.0001

scoll1    -0.60780  -0.69673   0.29854   0.92003   0.88768   0.82441  -0.97679   1.00000   0.99882   0.99675   0.99657
            <.0001    <.0001    0.0008    <.0001    <.0001    <.0001    <.0001              <.0001    <.0001    <.0001

scoll2    -0.60351  -0.68461   0.26474   0.93268   0.88749   0.85091  -0.97660   0.99882   1.00000   0.99541   0.99650
            <.0001    <.0001    0.0030    <.0001    <.0001    <.0001    <.0001    <.0001              <.0001    <.0001

logrels1  -0.55000  -0.73942   0.29048   0.91995   0.89132   0.81979  -0.98867   0.99675   0.99541   1.00000   0.99964
            <.0001    <.0001    0.0011    <.0001    <.0001    <.0001    <.0001    <.0001    <.0001              <.0001
The SAS System                                                                       22:16 Friday, December 12, 2008   3

The CORR Procedure

                                      Pearson Correlation Coefficients, N = 124 
                                              Prob > |r| under H0: Rho=0
 
          rsupply1  rsupply2  rsupply3  rsupply4  rsupply5  rsupply6       shs    scoll1    scoll2  logrels1  logrels2

logrels2  -0.54979  -0.73129   0.27156   0.92754   0.89227   0.83437  -0.98853   0.99657   0.99650   0.99964   1.00000
            <.0001    <.0001    0.0023    <.0001    <.0001    <.0001    <.0001    <.0001    <.0001    <.0001          
The SAS System                                                                       22:16 Friday, December 12, 2008   4

Obs    rmsa       supply       rsupply1    rsupply2    rsupply3    rsupply4    rsupply5    rsupply6

  1       .    193003113848     0.14668     0.31231     0.29889     0.24211     0.15833     0.08378
  2       0     37026523440     0.17750     0.39493     0.26918     0.15839     0.10386     0.05453
  3       1     26432250795     0.13935     0.34108     0.30038     0.21919     0.14291     0.07628
  4    4480      6781526319     0.24186     0.20181     0.30575     0.25059     0.16509     0.08549
  5    5600      6271802015     0.18723     0.25488     0.24148     0.31641     0.18406     0.13235
  6    1600      6085163139     0.14373     0.25921     0.30370     0.29337     0.18996     0.10341
  7    8840      4161954205     0.10430     0.23866     0.26445     0.39259     0.22860     0.16399
  8    6160      3823029108     0.12030     0.34698     0.24791     0.28480     0.18282     0.10198
  9    2160      3457752853     0.12177     0.29973     0.35012     0.22838     0.14773     0.08065
 10     520      2779706179     0.13228     0.27698     0.29481     0.29593     0.20778     0.08814
 11    3360      2732467445     0.17790     0.23719     0.29979     0.28511     0.19517     0.08994
 12    1120      2522359870     0.08988     0.25646     0.25789     0.39577     0.24223     0.15354
 13    1920      2393643059     0.15849     0.23964     0.31256     0.28931     0.20562     0.08369
 14    5120      2173998229     0.06716     0.29647     0.33112     0.30525     0.22232     0.08293
 15    5380      2149447673     0.09326     0.29708     0.30227     0.30739     0.18479     0.12259
 16    7320      2141346311     0.12011     0.26610     0.36247     0.25132     0.16793     0.08339
 17    5945      2125223008     0.15832     0.19362     0.35287     0.29519     0.20089     0.09429
 18     720      2023644155     0.13770     0.29936     0.28697     0.27597     0.17159     0.10438
 19    6780      1881728616     0.18590     0.27046     0.37493     0.16871     0.11015     0.05856
 20    7040      1880025464     0.11617     0.30502     0.31403     0.26478     0.17343     0.09135
 21    6200      1816159527     0.13787     0.24535     0.37998     0.23679     0.16534     0.07145
 22    6280      1776376540     0.07877     0.39554     0.26649     0.25920     0.17106     0.08814
 23    7600      1728726894     0.07841     0.23747     0.36150     0.32262     0.22580     0.09682
 24    5775      1726570653     0.09398     0.21928     0.34950     0.33724     0.21795     0.11929
 25    1680      1697288561     0.12877     0.34343     0.29594     0.23186     0.15427     0.07760
 26    5640      1622879818     0.13988     0.29928     0.23685     0.32399     0.20763     0.11636
 27    8280      1571215686     0.15132     0.30680     0.32470     0.21718     0.15166     0.06552
 28    2080      1511299377     0.09436     0.24282     0.34684     0.31598     0.21265     0.10333
 29    5000      1497834258     0.23511     0.24248     0.29478     0.22763     0.13945     0.08817
 30    5720      1406534553     0.11359     0.35051     0.33710     0.19879     0.13383     0.06497
 31    7360      1383147845     0.11256     0.17236     0.31425     0.40083     0.26071     0.14012
 32    7400      1360567525     0.12439     0.17905     0.33305     0.36352     0.23012     0.13340
 33    3760      1351266851     0.09815     0.30751     0.31409     0.28025     0.18808     0.09217
 34    6440      1233181695     0.09991     0.25654     0.38784     0.25571     0.17342     0.08229
 35    2800      1221763411     0.14902     0.25473     0.34286     0.25339     0.18733     0.06606
 36    3480      1174951283     0.13226     0.35112     0.27898     0.23764     0.15328     0.08437
 37    5080      1159646220     0.10263     0.33393     0.30635     0.25709     0.18012     0.07697
 38    1640      1140533409     0.13503     0.32605     0.28550     0.25342     0.16666     0.08675
 39    1840      1119383610     0.11724     0.33464     0.28341     0.26471     0.17679     0.08792
 40     875      1087149303     0.12996     0.30340     0.24272     0.32392     0.20851     0.11540
 41    1520      1068265098     0.18538     0.29050     0.29965     0.22446     0.16567     0.05879
 42    5960      1062595820     0.14106     0.29999     0.32515     0.23381     0.16527     0.06854
 43    6920      1045165097     0.09505     0.23295     0.40709     0.26491     0.18532     0.07960
 44    7240      1017005358     0.16083     0.27090     0.33889     0.22938     0.14654     0.08284
 45    2680       999178943     0.15439     0.30068     0.31898     0.22595     0.15478     0.07117
 46    3280       999103472     0.11682     0.29722     0.26986     0.31611     0.19751     0.11860
 47    3120       985523523     0.19191     0.32977     0.27243     0.20590     0.15067     0.05522
 48    5560       953059152     0.15894     0.30205     0.30225     0.23676     0.15421     0.08256
 49    5015       942468860     0.09583     0.28994     0.25659     0.35765     0.23144     0.12620
 50    6840       891372690     0.11424     0.31295     0.30814     0.26467     0.16797     0.09670
 51    1280       878469404     0.10515     0.32626     0.32243     0.24616     0.15217     0.09399
 52    6480       877641441     0.18578     0.31787     0.26528     0.23107     0.15419     0.07688
 53    5360       851473902     0.15957     0.31865     0.26865     0.25313     0.17579     0.07734
 54    6760       808112034     0.15916     0.28276     0.29059     0.26750     0.18331     0.08419
 55    7160       808042840     0.11052     0.26127     0.39342     0.23480     0.16203     0.07277
 56    3320       803095758     0.07980     0.32238     0.33621     0.26161     0.17900     0.08261
The SAS System                                                                       22:16 Friday, December 12, 2008   5

Obs    rmsa      supply     rsupply1    rsupply2    rsupply3    rsupply4    rsupply5    rsupply6

 57    6640    791298741     0.11765     0.24299     0.29250     0.34686     0.22569     0.12117
 58    5190    776645660     0.10512     0.32366     0.28475     0.28648     0.18653     0.09994
 59    3600    757820585     0.13898     0.34773     0.32192     0.19137     0.13503     0.05634
 60    4520    746454227     0.13421     0.35164     0.30241     0.21175     0.13381     0.07794
 61     640    743803298     0.12761     0.22821     0.33291     0.31127     0.21269     0.09858
 62    4120    725923995     0.16351     0.33793     0.34730     0.15126     0.10146     0.04980
 63    3160    714630243     0.22241     0.33259     0.25747     0.18753     0.13206     0.05547
 64    5880    696608388     0.12353     0.27022     0.35392     0.25233     0.16648     0.08585
 65    2000    681439838     0.11548     0.32532     0.31319     0.24601     0.15574     0.09027
 66    3000    679508508     0.11660     0.33229     0.33527     0.21583     0.14471     0.07112
 67    4920    654537570     0.13761     0.28603     0.33369     0.24267     0.15678     0.08589
 68     160    637379431     0.09997     0.31051     0.29878     0.29074     0.16639     0.12435
 69    8160    634518241     0.12047     0.34374     0.30191     0.23388     0.15417     0.07971
 70    8960    631604912     0.16575     0.27591     0.31112     0.24722     0.16843     0.07880
 71    1000    627871738     0.12695     0.29507     0.31817     0.25981     0.17396     0.08585
 72    8735    551172547     0.15910     0.22118     0.37669     0.24303     0.16291     0.08012
 73    2840    516433213     0.25286     0.22602     0.32959     0.19153     0.13546     0.05607
 74      80    504407242     0.11729     0.35518     0.29935     0.22818     0.15596     0.07222
 75    3240    495609683     0.12517     0.43660     0.22577     0.21245     0.14520     0.06726
 76    8560    484778553     0.12203     0.29926     0.33879     0.23992     0.17162     0.06830
 77    8520    484090944     0.12543     0.23322     0.38279     0.25857     0.15804     0.10053
 78    8200    478854246     0.08986     0.34829     0.37059     0.19126     0.13435     0.05691
 79    5920    476238299     0.08368     0.28046     0.34420     0.29166     0.19006     0.10160
 80    3840    475315605     0.15999     0.33542     0.26895     0.23563     0.15631     0.07932
 81     200    460032645     0.11771     0.30808     0.31173     0.26247     0.15476     0.10771
 82    3640    456670611     0.23634     0.29401     0.20606     0.26358     0.18739     0.07619
 83    2960    448744050     0.12718     0.40701     0.29274     0.17307     0.10726     0.06581
 84    1440    447168723     0.13904     0.34107     0.33553     0.18436     0.13203     0.05234
 85     240    435534580     0.12258     0.41401     0.23861     0.22480     0.14899     0.07581
 86    4400    425069088     0.12664     0.33455     0.30288     0.23593     0.15419     0.08173
 87    8000    424005430     0.14395     0.32631     0.28188     0.24785     0.14923     0.09863
 88    8400    423056539     0.10136     0.36087     0.30885     0.22892     0.15250     0.07642
 89    9320    416536041     0.11407     0.45246     0.27835     0.15512     0.10656     0.04856
 90    2320    403340593     0.22371     0.26173     0.32709     0.18746     0.13351     0.05396
 91    9160    399596302     0.11690     0.32247     0.28280     0.27783     0.17488     0.10295
 92    9240    398776483     0.11898     0.30514     0.29688     0.27900     0.17771     0.10129
 93    5480    395986760     0.12868     0.32471     0.25483     0.29179     0.16544     0.12635
 94    1760    394528809     0.13051     0.28233     0.30761     0.27955     0.18171     0.09785
 95    7560    384853513     0.11633     0.44416     0.25128     0.18823     0.12361     0.06462
 96     680    373410709     0.23858     0.25504     0.33894     0.16745     0.11632     0.05113
 97     760    372790404     0.11852     0.33088     0.28385     0.26676     0.17899     0.08777
 98    8720    368125868     0.10942     0.26274     0.40390     0.22393     0.15805     0.06588
 99    1720    364073058     0.06409     0.27612     0.40508     0.25471     0.16455     0.09016
100    3720    356439590     0.11443     0.32728     0.33834     0.21996     0.13258     0.08738
101    5160    349529999     0.17005     0.35151     0.28597     0.19248     0.12969     0.06279
102    2760    345609685     0.11318     0.38419     0.32216     0.18047     0.11380     0.06667
103    4040    340716434     0.07654     0.26436     0.38004     0.27906     0.16349     0.11558
104    4000    339863131     0.19257     0.44743     0.17607     0.18393     0.12865     0.05528
105    9040    328409393     0.11420     0.31312     0.32870     0.24397     0.17778     0.06620
106    8120    321932910     0.20715     0.27285     0.36713     0.15288     0.10895     0.04393
107    4720    319724546     0.06178     0.26737     0.32385     0.34699     0.21662     0.13037
108    1560    318327967     0.17916     0.32502     0.29134     0.20448     0.15069     0.05379
109    4900    317517921     0.09658     0.28826     0.37892     0.23623     0.16429     0.07194
110    2640    300861672     0.12192     0.34300     0.37065     0.16443     0.10110     0.06333
111    3560    296682372     0.15789     0.26146     0.32984     0.25080     0.15837     0.09243
112    3980    293627988     0.22775     0.36387     0.26361     0.14477     0.09519     0.04958
The SAS System                                                                       22:16 Friday, December 12, 2008   6

Obs    rmsa      supply     rsupply1    rsupply2    rsupply3    rsupply4    rsupply5    rsupply6

113    2120    292023284     0.10283     0.31910     0.31111     0.26697     0.19799     0.06898
114    1160    288439753     0.12354     0.30457     0.24248     0.32940     0.20105     0.12836
115    7500    280110430     0.11921     0.23539     0.40677     0.23864     0.16983     0.06881
116    4280    274643730     0.15843     0.27608     0.27719     0.28829     0.18326     0.10503
117    6080    270907417     0.11657     0.30595     0.36427     0.21321     0.14332     0.06990
118    1080    269724492     0.13857     0.27827     0.35484     0.22832     0.15705     0.07127
119    7840    254100540     0.07075     0.25787     0.42792     0.24345     0.17007     0.07339
120    5170    249832627     0.22379     0.28173     0.34156     0.15291     0.10767     0.04524
121    2020    248295933     0.15628     0.33322     0.35045     0.16005     0.11199     0.04806
122    2700    238212569     0.16469     0.33968     0.31186     0.18377     0.12057     0.06320
123     440    236086910     0.06229     0.17500     0.32491     0.43781     0.21287     0.22494
124    3660    219244476     0.18695     0.35876     0.25417     0.20012     0.13557     0.06455
125    4880    191656155     0.36755     0.26911     0.20430     0.15903     0.11112     0.04791
126    7510    181999913     0.13879     0.33106     0.31441     0.21574     0.14337     0.07237
127     600     98703804     0.20142     0.35224     0.25336     0.19298     0.13199     0.06099
