1                                                          The SAS System                             12:18 Thursday, March 28, 2019

NOTE: Copyright (c) 2016 by SAS Institute Inc., Cary, NC, USA. 
NOTE: SAS (r) Proprietary Software 9.4 (TS1M5) 
      Licensed to STANFORD UNIVERSITY - SFA -  T&R, Site 70081389.
NOTE: This session is executing on the Linux 3.10.0-957.10.1.el7.x86_64 (LIN X64) platform.



NOTE: Updated analytical products:
      
      SAS/STAT 14.3
      SAS/ETS 14.3
      SAS/OR 14.3
      SAS/IML 14.3
      SAS/QC 14.3

NOTE: Additional host information:

 Linux LIN X64 3.10.0-957.10.1.el7.x86_64 #1 SMP Mon Mar 18 15:06:45 UTC 2019 x86_64 CentOS Linux release 7.6.1810 (Core)  

You are running SAS 9. Some SAS 8 files will be automatically converted 
by the V9 engine; others are incompatible.  Please see 
http://support.sas.com/rnd/migration/planning/platform/64bit.html

PROC MIGRATE will preserve current SAS file attributes and is 
recommended for converting all your SAS libraries from any 
SAS 8 release to SAS 9.  For details and examples, please see
http://support.sas.com/rnd/migration/index.html


This message is contained in the SAS news file, and is presented upon
initialization.  Edit the file "news" in the "misc/base" directory to
display site-specific news and information in the program log.
The command line option "-nonews" will prevent this display.




NOTE: SAS initialization used:
      real time           0.26 seconds
      cpu time            0.06 seconds
      
1          
2          *t1.sas run separately for 1980, 1990, 2000, and 2005/6;
3          
4          *creates some summary stats by city;
5          
6          
7          
8          options ls=120 nocenter;
9          libname cell80 '/home/groups/sorkin/quadros/data/1980' ;
NOTE: Libref CELL80 was successfully assigned as follows: 
      Engine:        V9 
      Physical Name: /home/groups/sorkin/quadros/data/1980
10         libname cell90 '/home/groups/sorkin/quadros/data/1990' ;
NOTE: Libref CELL90 was successfully assigned as follows: 
      Engine:        V9 
      Physical Name: /home/groups/sorkin/quadros/data/1990
11         libname cell00 '/home/groups/sorkin/quadros/data/2000' ;
2 The SAS System                                                                          12:18 Thursday, March 28, 2019

NOTE: Libref CELL00 was successfully assigned as follows: 
      Engine:        V9 
      Physical Name: /home/groups/sorkin/quadros/data/2000
12         *libname cell05 '/home/groups/sorkin/quadros/data/1980' ;
13         libname here '.';
NOTE: Libref HERE was successfully assigned as follows: 
      Engine:        V9 
      Physical Name: /home/groups/sorkin/quadros/code
14         
15         
16           /*
17         proc summary;
18         class rmsa native male eclass xclass2;
19         var emp havewage2 wagesal cwagesal annhrs cannhrs weeks hrswkly ft
20             dropout hs somecoll college advanced collplus educ exp age x1-x4
21             black hispanic asian euro hi_asian mid_asian mex
22             rmsa0 rmsa1 q1-q5 q1c q2c q3c q4c q5c
23             educ exp imm female c wage2 logwage2 ;
24         output out=here.allcells
25         mean=
26         sum(c)=count;
27         weight wt;
28         
29         
30            */
31         
32         
33         data a1;
34         set cell80.allcells;
35         if rmsa=. and native=. and male=. and eclass=. and xclass2=.;
36         year=1980;
37         count=count*5;
38         keep year native male count wage2 imm educ dropout collplus exp emp wage2 logwage2 ;
39         
40         

NOTE: There were 28554 observations read from the data set CELL80.ALLCELLS.
NOTE: The data set WORK.A1 has 1 observations and 12 variables.
NOTE: DATA statement used (Total process time):
      real time           0.05 seconds
      cpu time            0.01 seconds
      

41         data a2;
42         set cell90.allcells;
43         if rmsa=. and native=. and male=. and eclass=. and xclass2=.;
44         year=1990;
45         keep year native male count wage2 imm educ dropout collplus exp emp wage2 logwage2 ;
46         

NOTE: There were 28534 observations read from the data set CELL90.ALLCELLS.
NOTE: The data set WORK.A2 has 1 observations and 12 variables.
NOTE: DATA statement used (Total process time):
      real time           0.02 seconds
      cpu time            0.02 seconds
      

47         data a3;
3 The SAS System                                                                          12:18 Thursday, March 28, 2019

48         set cell00.allcells;
49         if rmsa=. and native=. and male=. and eclass=. and xclass2=.;
50         year=2000;
51         keep year native male count wage2 imm educ dropout collplus exp emp wage2 logwage2 ;
52         
53         /*
54         data a4;
55         set cell05.allcells;
56         if rmsa=. and native=. and male=. and eclass=. and xclass2=.;
57         year=2005;
58         keep year native male count wage2 imm educ dropout collplus exp emp wage2 logwage2 ;
59         */
60         
61         *men;
62         

NOTE: There were 28572 observations read from the data set CELL00.ALLCELLS.
NOTE: The data set WORK.A3 has 1 observations and 12 variables.
NOTE: DATA statement used (Total process time):
      real time           0.24 seconds
      cpu time            0.01 seconds
      

63         data a5;
64         set cell80.allcells;
65         if rmsa=. and native=. and male=1 and eclass=. and xclass2=.;
66         year=1980;
67         count=count*5;
68         keep year native male count wage2 imm educ dropout collplus exp emp wage2 logwage2 ;
69         

NOTE: There were 28554 observations read from the data set CELL80.ALLCELLS.
NOTE: The data set WORK.A5 has 1 observations and 12 variables.
NOTE: DATA statement used (Total process time):
      real time           0.03 seconds
      cpu time            0.02 seconds
      

70         data a6;
71         set cell90.allcells;
72         if rmsa=. and native=. and male=1 and eclass=. and xclass2=.;
73         year=1990;
74         keep year native male count wage2 imm educ dropout collplus exp emp wage2 logwage2 ;
75         

NOTE: There were 28534 observations read from the data set CELL90.ALLCELLS.
NOTE: The data set WORK.A6 has 1 observations and 12 variables.
NOTE: DATA statement used (Total process time):
      real time           0.02 seconds
      cpu time            0.02 seconds
      

76         data a7;
77         set cell00.allcells;
78         if rmsa=. and native=. and male=1 and eclass=. and xclass2=.;
79         year=2000;
80         keep year native male count wage2 imm educ dropout collplus exp emp wage2 logwage2 ;
81         
4 The SAS System                                                                          12:18 Thursday, March 28, 2019

82         /*
83         data a8;
84         set cell05.allcells;
85         if rmsa=. and native=. and male=1 and eclass=. and xclass2=.;
86         year=2005;
87         keep year native male count wage2 imm educ dropout collplus exp emp wage2 logwage2 ;
88         */
89         
90         *females;
91         

NOTE: There were 28572 observations read from the data set CELL00.ALLCELLS.
NOTE: The data set WORK.A7 has 1 observations and 12 variables.
NOTE: DATA statement used (Total process time):
      real time           0.02 seconds
      cpu time            0.01 seconds
      

92         data a9;
93         set cell80.allcells;
94         if rmsa=. and native=. and male=0 and eclass=. and xclass2=.;
95         year=1980;
96         count=count*5;
97         keep year native male count wage2 imm educ dropout collplus exp emp wage2 logwage2 ;
98         

NOTE: There were 28554 observations read from the data set CELL80.ALLCELLS.
NOTE: The data set WORK.A9 has 1 observations and 12 variables.
NOTE: DATA statement used (Total process time):
      real time           0.02 seconds
      cpu time            0.02 seconds
      

99         data a10;
100        set cell90.allcells;
101        if rmsa=. and native=. and male=0 and eclass=. and xclass2=.;
102        year=1990;
103        keep year native male count wage2 imm educ dropout collplus exp emp wage2 logwage2 ;
104        

NOTE: There were 28534 observations read from the data set CELL90.ALLCELLS.
NOTE: The data set WORK.A10 has 1 observations and 12 variables.
NOTE: DATA statement used (Total process time):
      real time           0.02 seconds
      cpu time            0.02 seconds
      

105        data a11;
106        set cell00.allcells;
107        if rmsa=. and native=. and male=0 and eclass=. and xclass2=.;
108        year=2000;
109        keep year native male count wage2 imm educ dropout collplus exp emp wage2 logwage2 ;
110        
111        /*
112        data a12;
113        set cell05.allcells;
114        if rmsa=. and native=. and male=0 and eclass=. and xclass2=.;
115        year=2005;
5 The SAS System                                                                          12:18 Thursday, March 28, 2019

116        keep year native male count wage2 imm educ dropout collplus exp emp wage2 logwage2 ;
117        */
118        
119        *native men;

NOTE: There were 28572 observations read from the data set CELL00.ALLCELLS.
NOTE: The data set WORK.A11 has 1 observations and 12 variables.
NOTE: DATA statement used (Total process time):
      real time           0.02 seconds
      cpu time            0.01 seconds
      

120        data a13;
121        set cell80.allcells;
122        if rmsa=. and native=1 and male=1 and eclass=. and xclass2=.;
123        year=1980;
124        count=count*5;
125        keep year native male count wage2 imm educ dropout collplus exp emp wage2 logwage2 ;
126        

NOTE: There were 28554 observations read from the data set CELL80.ALLCELLS.
NOTE: The data set WORK.A13 has 1 observations and 12 variables.
NOTE: DATA statement used (Total process time):
      real time           0.02 seconds
      cpu time            0.02 seconds
      

127        data a14;
128        set cell90.allcells;
129        if rmsa=. and native=1 and male=1 and eclass=. and xclass2=.;
130        year=1990;
131        keep year native male count wage2 imm educ dropout collplus exp emp wage2 logwage2 ;
132        

NOTE: There were 28534 observations read from the data set CELL90.ALLCELLS.
NOTE: The data set WORK.A14 has 1 observations and 12 variables.
NOTE: DATA statement used (Total process time):
      real time           0.02 seconds
      cpu time            0.02 seconds
      

133        data a15;
134        set cell00.allcells;
135        if rmsa=. and native=1 and male=1 and eclass=. and xclass2=.;
136        year=2000;
137        keep year native male count wage2 imm educ dropout collplus exp emp wage2 logwage2 ;
138        
139        /*
140        data a16;
141        set cell05.allcells;
142        if rmsa=. and native=1 and male=1 and eclass=. and xclass2=.;
143        year=2005;
144        keep year native male count wage2 imm educ dropout collplus exp emp wage2 logwage2 ;
145        */
146        
147        *native women;

NOTE: There were 28572 observations read from the data set CELL00.ALLCELLS.
6 The SAS System                                                                          12:18 Thursday, March 28, 2019

NOTE: The data set WORK.A15 has 1 observations and 12 variables.
NOTE: DATA statement used (Total process time):
      real time           0.02 seconds
      cpu time            0.01 seconds
      

148        data a17;
149        set cell80.allcells;
150        if rmsa=. and native=1 and male=0 and eclass=. and xclass2=.;
151        year=1980;
152        count=count*5;
153        keep year native male count wage2 imm educ dropout collplus exp emp wage2 logwage2 ;
154        

NOTE: There were 28554 observations read from the data set CELL80.ALLCELLS.
NOTE: The data set WORK.A17 has 1 observations and 12 variables.
NOTE: DATA statement used (Total process time):
      real time           0.02 seconds
      cpu time            0.01 seconds
      

155        data a18;
156        set cell90.allcells;
157        if rmsa=. and native=1 and male=0 and eclass=. and xclass2=.;
158        year=1990;
159        keep year native male count wage2 imm educ dropout collplus exp emp wage2 logwage2 ;
160        

NOTE: There were 28534 observations read from the data set CELL90.ALLCELLS.
NOTE: The data set WORK.A18 has 1 observations and 12 variables.
NOTE: DATA statement used (Total process time):
      real time           0.02 seconds
      cpu time            0.01 seconds
      

161        data a19;
162        set cell00.allcells;
163        if rmsa=. and native=1 and male=0 and eclass=. and xclass2=.;
164        year=2000;
165        keep year native male count wage2 imm educ dropout collplus exp emp wage2 logwage2 ;
166        
167        /*
168        data a20;
169        set cell05.allcells;
170        if rmsa=. and native=1 and male=0 and eclass=. and xclass2=.;
171        year=2005;
172        keep year native male count wage2 imm educ dropout collplus exp emp wage2 logwage2 ;
173        */
174        
175        *imm men;

NOTE: There were 28572 observations read from the data set CELL00.ALLCELLS.
NOTE: The data set WORK.A19 has 1 observations and 12 variables.
NOTE: DATA statement used (Total process time):
      real time           0.02 seconds
      cpu time            0.02 seconds
      

7 The SAS System                                                                          12:18 Thursday, March 28, 2019

176        data a21;
177        set cell80.allcells;
178        if rmsa=. and native=0 and male=1 and eclass=. and xclass2=.;
179        year=1980;
180        count=count*5;
181        keep year native male count wage2 imm educ dropout collplus exp emp wage2 logwage2 ;
182        

NOTE: There were 28554 observations read from the data set CELL80.ALLCELLS.
NOTE: The data set WORK.A21 has 1 observations and 12 variables.
NOTE: DATA statement used (Total process time):
      real time           0.02 seconds
      cpu time            0.01 seconds
      

183        data a22;
184        set cell90.allcells;
185        if rmsa=. and native=0 and male=1 and eclass=. and xclass2=.;
186        year=1990;
187        keep year native male count wage2 imm educ dropout collplus exp emp wage2 logwage2 ;
188        

NOTE: There were 28534 observations read from the data set CELL90.ALLCELLS.
NOTE: The data set WORK.A22 has 1 observations and 12 variables.
NOTE: DATA statement used (Total process time):
      real time           0.02 seconds
      cpu time            0.01 seconds
      

189        data a23;
190        set cell00.allcells;
191        if rmsa=. and native=0 and male=1 and eclass=. and xclass2=.;
192        year=2000;
193        keep year native male count wage2 imm educ dropout collplus exp emp wage2 logwage2 ;
194        
195        /*
196        data a24;
197        set cell05.allcells;
198        if rmsa=. and native=0 and male=1 and eclass=. and xclass2=.;
199        year=2005;
200        keep year native male count wage2 imm educ dropout collplus exp emp wage2 logwage2 ;
201        */
202        
203        *imm women;

NOTE: There were 28572 observations read from the data set CELL00.ALLCELLS.
NOTE: The data set WORK.A23 has 1 observations and 12 variables.
NOTE: DATA statement used (Total process time):
      real time           0.02 seconds
      cpu time            0.01 seconds
      

204        data a25;
205        set cell80.allcells;
206        if rmsa=. and native=0 and male=0 and eclass=. and xclass2=.;
207        year=1980;
208        count=count*5;
209        keep year native male count wage2 imm educ dropout collplus exp emp wage2 logwage2 ;
8 The SAS System                                                                          12:18 Thursday, March 28, 2019

210        

NOTE: There were 28554 observations read from the data set CELL80.ALLCELLS.
NOTE: The data set WORK.A25 has 1 observations and 12 variables.
NOTE: DATA statement used (Total process time):
      real time           0.02 seconds
      cpu time            0.01 seconds
      

211        data a26;
212        set cell90.allcells;
213        if rmsa=. and native=0 and male=0 and eclass=. and xclass2=.;
214        year=1990;
215        keep year native male count wage2 imm educ dropout collplus exp emp wage2 logwage2 ;
216        

NOTE: There were 28534 observations read from the data set CELL90.ALLCELLS.
NOTE: The data set WORK.A26 has 1 observations and 12 variables.
NOTE: DATA statement used (Total process time):
      real time           0.02 seconds
      cpu time            0.01 seconds
      

217        data a27;
218        set cell00.allcells;
219        if rmsa=. and native=0 and male=0 and eclass=. and xclass2=.;
220        year=2000;
221        keep year native male count wage2 imm educ dropout collplus exp emp wage2 logwage2 ;
222        
223        /*
224        data a28;
225        set cell05.allcells;
226        if rmsa=. and native=0 and male=0 and eclass=. and xclass2=.;
227        year=2005;
228        keep year native male count wage2 imm educ dropout collplus exp emp wage2 logwage2 ;
229        */
230        

NOTE: There were 28572 observations read from the data set CELL00.ALLCELLS.
NOTE: The data set WORK.A27 has 1 observations and 12 variables.
NOTE: DATA statement used (Total process time):
      real time           0.02 seconds
      cpu time            0.01 seconds
      

231        data all;
232        set a1 a2 a3 a5 a6 a7 a9 a10
233            a11 a13 a14 a15 a17 a18 a19
234            a21 a22 a23 a25 a26 a27 ;
235        if year=1980 then cpi=72.6;
236        if year=1990 then cpi=124.0;
237        if year=2000 then cpi=166.6;
238        if year=2005 then cpi=195.3;
239        if year=2005 then count=count/2;
240        order=_n_;
241        
242        rlogwage=logwage2+log(207.3)-log(cpi);
243        rwage=wage2*207.3/cpi;
9 The SAS System                                                                          12:18 Thursday, March 28, 2019

244        
245        

NOTE: There were 1 observations read from the data set WORK.A1.
NOTE: There were 1 observations read from the data set WORK.A2.
NOTE: There were 1 observations read from the data set WORK.A3.
NOTE: There were 1 observations read from the data set WORK.A5.
NOTE: There were 1 observations read from the data set WORK.A6.
NOTE: There were 1 observations read from the data set WORK.A7.
NOTE: There were 1 observations read from the data set WORK.A9.
NOTE: There were 1 observations read from the data set WORK.A10.
NOTE: There were 1 observations read from the data set WORK.A11.
NOTE: There were 1 observations read from the data set WORK.A13.
NOTE: There were 1 observations read from the data set WORK.A14.
NOTE: There were 1 observations read from the data set WORK.A15.
NOTE: There were 1 observations read from the data set WORK.A17.
NOTE: There were 1 observations read from the data set WORK.A18.
NOTE: There were 1 observations read from the data set WORK.A19.
NOTE: There were 1 observations read from the data set WORK.A21.
NOTE: There were 1 observations read from the data set WORK.A22.
NOTE: There were 1 observations read from the data set WORK.A23.
NOTE: There were 1 observations read from the data set WORK.A25.
NOTE: There were 1 observations read from the data set WORK.A26.
NOTE: There were 1 observations read from the data set WORK.A27.
NOTE: The data set WORK.ALL has 21 observations and 16 variables.
NOTE: DATA statement used (Total process time):
      real time           0.01 seconds
      cpu time            0.01 seconds
      

246        proc print;
247        var order year native male count educ exp dropout collplus emp rwage ;
248        

NOTE: There were 21 observations read from the data set WORK.ALL.
NOTE: The PROCEDURE PRINT printed page 1.
NOTE: PROCEDURE PRINT used (Total process time):
      real time           0.06 seconds
      cpu time            0.01 seconds
      

249        data v;
250        set here.compvar;
ERROR: File HERE.COMPVAR.DATA does not exist.
251        order=_n_;
252        yr=year;
253        nat=native;
254        mal=male;
255        keep order yr nat mal v vres;
256        

WARNING: The variable v in the DROP, KEEP, or RENAME list has never been referenced.
WARNING: The variable vres in the DROP, KEEP, or RENAME list has never been referenced.
NOTE: The SAS System stopped processing this step because of errors.
NOTE: SAS set option OBS=0 and will continue to check statements. This might cause NOTE: No observations in data set.
WARNING: The data set WORK.V may be incomplete.  When this step was stopped there were 0 observations and 4 variables.
NOTE: DATA statement used (Total process time):
      real time           0.00 seconds
10 The SAS System                                                                         12:18 Thursday, March 28, 2019

      cpu time            0.01 seconds
      


257        proc sort data=all; by order;

NOTE: PROCEDURE SORT used (Total process time):
      real time           0.00 seconds
      cpu time            0.00 seconds
      

258        proc sort data=v; by order;
259        

NOTE: PROCEDURE SORT used (Total process time):
      real time           0.00 seconds
      cpu time            0.00 seconds
      

260        data test;
261        merge all v;
262        by order;
263        if year=yr and native=nat and male=mal;
264        
265        drop yr nat mal;
266        

NOTE: The data set WORK.TEST has 0 observations and 16 variables.
NOTE: DATA statement used (Total process time):
      real time           0.00 seconds
      cpu time            0.01 seconds
      

267        data here.table3r;
268        set test;
269        keep year native male count educ exp emp rwage v vres rlogwage;

WARNING: The variable v in the DROP, KEEP, or RENAME list has never been referenced.
WARNING: The variable vres in the DROP, KEEP, or RENAME list has never been referenced.
NOTE: The data set HERE.TABLE3R has 0 observations and 9 variables.
WARNING: Data set HERE.TABLE3R was not replaced because this step was stopped.
NOTE: DATA statement used (Total process time):
      real time           0.02 seconds
      cpu time            0.00 seconds
      

270        proc print;
271        
NOTE: PROCEDURE PRINT used (Total process time):
      real time           0.00 seconds
      cpu time            0.00 seconds
      

ERROR: Errors printed on page 9.

NOTE: SAS Institute Inc., SAS Campus Drive, Cary, NC USA 27513-2414
NOTE: The SAS System used:
      real time           1.19 seconds
11 The SAS System                                                                         12:18 Thursday, March 28, 2019

      cpu time            0.41 seconds
      
