The SAS System                                                                       21:11 Wednesday, March 27, 2019   1

The MEANS Procedure

Variable                N            Mean         Std Dev         Minimum         Maximum
-----------------------------------------------------------------------------------------
state             3886590      27.6098862      95.4949248       1.0000000      56.0000000
msa               3886590         5689.75        18984.07      40.0000000         9999.00
age               3886590      38.9504129      74.2291341      18.0000000      68.0000000
pob               3886590      55.3127256     502.9665252       1.0000000     555.0000000
english           3886590       0.2458086       4.2722211               0       4.0000000
weeks             3886590      36.5262844     127.4504459               0      52.0000000
wagesal           3886590        17499.06       131913.63               0       197927.00
selfinc           3886590         1430.20        54020.14       -19998.00       215195.00
hispanic          3886590       0.0858357       1.7013977               0       1.0000000
imm               3886590       0.0992803       1.8162941               0       1.0000000
educ              3886590      12.7293506      18.4256147               0      20.0000000
eclass            3886590       2.5053979       6.2972053       1.0000000       4.0000000
dropout           3886590       0.1985098       2.4227015               0       1.0000000
somecoll          3886590       0.2759783       2.7150203               0       1.0000000
collplus          3886590       0.2139647       2.4908748               0       1.0000000
advanced          3886590       0.0738802       1.5887564               0       1.0000000
exp               3886590      19.1381270      74.7041553       1.0000000      45.0000000
xclass            3886590       4.2350545      14.8653669       1.0000000       9.0000000
annhrs            3886590         1505.52         6138.50               0         5148.00
wage              2937661      12.4559624      76.8876385       2.5125000     167.5000000
owage             2937661      13.0413360     676.5692779     0.000194250       195516.00
wage2             2783380      12.3013011      74.4997244       2.5125000     167.5000000
logwage2          2783380       2.2623675       4.0806254       0.9212783       5.1209834
female            3886590       0.5032077       3.0368328               0       1.0000000
c                 3886590       1.0000000               0       1.0000000       1.0000000
inschool          3886590       0.0982502       1.8078801               0       1.0000000
exp2              3886590       5.1754372      33.7501533       0.0100000      20.2500000
exp3              3886590      16.4983291     141.9743564     0.000999999      91.1250000
ic                3886590       0.5462543      37.5155643      -1.0000000      38.0000000
yrsinus           3886590       1.4741631      34.2661272               0      45.0000000
pre_exp           3886590       0.4128966      23.2513453     -27.5000000      43.5000000
pre_exp1          3886590       0.0197827       0.8457916               0       1.0000000
yrsinus2          3886590      34.0012348         1067.28               0         2025.00
euro              3886590       0.0224940       0.9006427               0       1.0000000
hi_asian          3886590       0.0109577       0.6323053               0       1.0000000
mid_asian         3886590       0.0102300       0.6111734               0       1.0000000
mex               3886590       0.0229048       0.9086392               0       1.0000000
euro_ed           3886590       0.2872225      11.9910218               0      20.0000000
euro_coll         3886590       0.0057809       0.4604671               0       1.0000000
hi_asian_ed       3886590       0.1563496       9.3051397               0      20.0000000
hi_asian_coll     3886590       0.0052605       0.4393679               0       1.0000000
mid_asian_ed      3886590       0.1303667       8.2064145               0      20.0000000
mid_asian_coll    3886590       0.0034874       0.3580566               0       1.0000000
mex_ed            3886590       0.1771360       8.1041031               0      20.0000000
mex_coll          3886590     0.000675457       0.1578018               0       1.0000000
euro_yrs          3886590       0.5064717      23.5566983               0      45.0000000
hi_asian_yrs      3886590       0.1251061       9.0544402               0      45.0000000
mid_asian_yrs     3886590       0.1212244       8.9976158               0      45.0000000
mex_yrs           3886590       0.2973900      14.6496892               0      45.0000000
euro_yrs2         3886590      15.2986391     826.7545847               0         2025.00
hi_asian_yrs2     3886590       2.2379561     224.9766055               0         2025.00
mid_asian_yrs2    3886590       2.2091937     236.9859771               0         2025.00
mex_yrs2          3886590       5.9059515     404.7769857               0         2025.00
-----------------------------------------------------------------------------------------
The SAS System                                                                       21:11 Wednesday, March 27, 2019   2

The MEANS Procedure

Variable                N            Mean         Std Dev         Minimum         Maximum
-----------------------------------------------------------------------------------------
imm_ed            3886590       1.1224171      22.3859122               0      20.0000000
imm_coll          3886590       0.0209106       0.8690683               0       1.0000000
asian             3886590       0.0070467       0.5080620               0       1.0000000
black             3886590       0.0017566       0.2543363               0       1.0000000
asian_ed          3886590       0.0831381       6.1679350               0      20.0000000
black_ed          3886590       0.0226840       3.3769540               0      20.0000000
asian_coll        3886590     0.000623246       0.1515843               0       1.0000000
black_coll        3886590     0.000397364       0.1210508               0       1.0000000
hisp_ed           3886590       0.8829537      18.9820865               0      20.0000000
hisp_coll         3886590       0.0071327       0.5111325               0       1.0000000
p1                3886590       0.0886687       0.4957988     0.000692260       0.6671970
p2                3886590       0.0974458       0.3993457       0.0018950       0.2315477
p3                3886590       0.0932334       0.3060208       0.0035811       0.1591841
p4                3886590       0.1010095       0.2446245       0.0077400       0.1439071
p5                3886590       0.0989269       0.1802562       0.0136687       0.1332594
p6                3886590       0.0942113       0.1295745       0.0170211       0.1217200
p7                3886590       0.1087994       0.1946248       0.0097028       0.1489274
p8                3886590       0.1016837       0.3106310       0.0038321       0.1707784
p9                3886590       0.1024791       0.4547373       0.0016610       0.2328081
p10               3886590       0.1135422       0.6874847     0.000336084       0.5907050
rmsa              3886590         2991.59        17816.44               0         9320.00
dev               2783380       0.0063923       4.0806254      -1.3346969       2.8650082
devsq             2783380       0.4461067       4.4394254    1.548951E-11       8.2082717
nonmover          3886590       0.5548861       3.0185426               0       1.0000000
emp               3886590       0.8142281       2.3622340               0       1.0000000
-----------------------------------------------------------------------------------------
The SAS System                                                                       21:11 Wednesday, March 27, 2019   3

The MEANS Procedure

Variable                N            Mean         Std Dev         Minimum         Maximum
-----------------------------------------------------------------------------------------
state             3225492      28.2131046      98.4651911       1.0000000      56.0000000
msa               3225492         5748.39        20191.25      40.0000000         9999.00
age               3225492      39.0432416      77.5668379      18.0000000      68.0000000
pob               3225492      31.1759403     153.1597296       1.0000000     555.0000000
english           3225492       0.0920793       2.4468602               0       4.0000000
weeks             3225492      36.8734510     131.8655594               0      52.0000000
wagesal           3225492        17775.33       137596.88               0       197927.00
selfinc           3225492         1434.43        56320.53       -19998.00       215195.00
hispanic          3225492       0.0488940       1.3645312               0       1.0000000
imm               3225492               0               0               0               0
educ              3225492      12.8862880      17.4180707               0      20.0000000
eclass            3225492       2.5344111       6.4334197       1.0000000       4.0000000
dropout           3225492       0.1781174       2.4210242               0       1.0000000
somecoll          3225492       0.2838621       2.8529430               0       1.0000000
collplus          3225492       0.2143332       2.5965994               0       1.0000000
advanced          3225492       0.0722300       1.6380234               0       1.0000000
exp               3225492      19.1525369      78.0986704       1.0000000      45.0000000
xclass            3225492       4.2380804      15.5369948       1.0000000       9.0000000
annhrs            3225492         1519.69         6371.86               0         5148.00
wage              2467882      12.5041261      79.3261875       2.5125000     167.5000000
owage             2467882      13.0263102     292.6242777     0.000194250        27500.00
wage2             2330933      12.3532363      76.8405221       2.5125000     167.5000000
logwage2          2330933       2.2701406       4.2242547       0.9212783       5.1209834
female            3225492       0.5040255       3.1637122               0       1.0000000
c                 3225492       1.0000000               0       1.0000000       1.0000000
inschool          3225492       0.0934403       1.8416470               0       1.0000000
exp2              3225492       5.1915647      35.3095927       0.0100000      20.2500000
exp3              3225492      16.5880903     148.6588540     0.000999999      91.1250000
ic                3225492      -1.0000000               0      -1.0000000      -1.0000000
yrsinus           3225492               0               0               0               0
pre_exp           3225492               0               0               0               0
pre_exp1          3225492               0               0               0               0
yrsinus2          3225492               0               0               0               0
euro              3225492               0               0               0               0
hi_asian          3225492               0               0               0               0
mid_asian         3225492               0               0               0               0
mex               3225492               0               0               0               0
euro_ed           3225492               0               0               0               0
euro_coll         3225492               0               0               0               0
hi_asian_ed       3225492               0               0               0               0
hi_asian_coll     3225492               0               0               0               0
mid_asian_ed      3225492               0               0               0               0
mid_asian_coll    3225492               0               0               0               0
mex_ed            3225492               0               0               0               0
mex_coll          3225492               0               0               0               0
euro_yrs          3225492               0               0               0               0
hi_asian_yrs      3225492               0               0               0               0
mid_asian_yrs     3225492               0               0               0               0
mex_yrs           3225492               0               0               0               0
euro_yrs2         3225492               0               0               0               0
hi_asian_yrs2     3225492               0               0               0               0
mid_asian_yrs2    3225492               0               0               0               0
mex_yrs2          3225492               0               0               0               0
-----------------------------------------------------------------------------------------
The SAS System                                                                       21:11 Wednesday, March 27, 2019   4

The MEANS Procedure

Variable                N            Mean         Std Dev         Minimum         Maximum
-----------------------------------------------------------------------------------------
imm_ed            3225492               0               0               0               0
imm_coll          3225492               0               0               0               0
asian             3225492       0.0076870       0.5526407               0       1.0000000
black             3225492       0.0011055       0.2102730               0       1.0000000
asian_ed          3225492       0.0906866       6.7071412               0      20.0000000
black_ed          3225492       0.0138150       2.6711479               0      20.0000000
asian_coll        3225492     0.000671276       0.1638875               0       1.0000000
black_coll        3225492     0.000136606       0.0739514               0       1.0000000
hisp_ed           3225492       0.5596645      16.2546556               0      20.0000000
hisp_coll         3225492       0.0045408       0.4254217               0       1.0000000
p1                3225492       0.0850680       0.5003361       0.0010635       0.6671970
p2                3225492       0.0954893       0.4141510       0.0027291       0.2315465
p3                3225492       0.0920581       0.3206041       0.0049487       0.1591841
p4                3225492       0.1002380       0.2578865       0.0103030       0.1439071
p5                3225492       0.0986839       0.1900688       0.0175462       0.1332594
p6                3225492       0.0944012       0.1339621       0.0170211       0.1217199
p7                3225492       0.1096021       0.1998060       0.0097028       0.1489274
p8                3225492       0.1030863       0.3232860       0.0038321       0.1707784
p9                3225492       0.1046204       0.4759052       0.0016610       0.2328081
p10               3225492       0.1167526       0.7195857     0.000336084       0.5411772
rmsa              3225492         2852.45        18598.59               0         9320.00
dev               2330933       0.0141654       4.2242547      -1.3346969       2.8650082
devsq             2330933       0.4420994       4.5854355    1.548951E-11       8.2082717
nonmover          3225492       0.6160475       3.0774208               0       1.0000000
emp               3225492       0.8199950       2.4310223               0       1.0000000
-----------------------------------------------------------------------------------------
The SAS System                                                                       21:11 Wednesday, March 27, 2019   5

The MEANS Procedure

Variable                N            Mean         Std Dev         Minimum         Maximum
-----------------------------------------------------------------------------------------
state              661098      22.1371920      74.7827700       1.0000000      56.0000000
msa                661098         5157.80        11085.83      40.0000000         9999.00
age                661098      38.1082259      54.9642854      18.0000000      68.0000000
pob                661098     274.2935223     475.8821029     100.0000000     555.0000000
english            661098       1.6405159       5.6205471               0       4.0000000
weeks              661098      33.3766183     102.0807411               0      52.0000000
wagesal            661098        14992.59        98883.29               0       197927.00
selfinc            661098         1391.84        40984.43       -19998.00       215195.00
hispanic           661098       0.4209883       2.2909823               0       1.0000000
imm                661098       1.0000000               0       1.0000000       1.0000000
educ               661098      11.3055372      21.6157864               0      20.0000000
eclass             661098       2.2421759       5.4348785       1.0000000       4.0000000
dropout            661098       0.3835195       2.2562980               0       1.0000000
somecoll           661098       0.2044523       1.8714239               0       1.0000000
collplus           661098       0.2106215       1.8920695               0       1.0000000
advanced           661098       0.0888509       1.3202883               0       1.0000000
exp                661098      19.0073936      55.2233273       1.0000000      45.0000000
xclass             661098       4.2076024      11.0152995       1.0000000       9.0000000
annhrs             661098         1376.93         4800.25               0         5148.00
wage               469779      11.9838943      62.4920251       2.5125000     167.5000000
owage              469779      13.1886091         1553.25     0.000194250       195516.00
wage2              452447      11.8013225      60.9850901       2.5125000     167.5000000
logwage2           452447       2.1875363       3.2206705       0.9212783       5.1209834
female             661098       0.4957880       2.3200517               0       1.0000000
c                  661098       1.0000000               0       1.0000000       1.0000000
inschool           661098       0.1418881       1.6191536               0       1.0000000
exp2               661098       5.0291211      24.7612917       0.0100000      20.2500000
exp3               661098      15.6839714     103.2583394     0.000999999      91.1250000
ic                 661098      14.5746342      59.7472068       1.0000000      38.0000000
yrsinus            661098      14.8484961      51.2532958       1.5000000      45.0000000
pre_exp            661098       4.1588975      53.3186748     -27.5000000      43.5000000
pre_exp1           661098       0.1992607       1.8535294               0       1.0000000
yrsinus2           661098     342.4771728         2102.82       2.2500000         2025.00
euro               661098       0.2265703       1.9424728               0       1.0000000
hi_asian           661098       0.1103713       1.4540372               0       1.0000000
mid_asian          661098       0.1030414       1.4107017               0       1.0000000
mex                661098       0.2307084       1.9548806               0       1.0000000
euro_ed            661098       2.8930461      26.1339668               0      20.0000000
euro_coll          661098       0.0582281       1.0866312               0       1.0000000
hi_asian_ed        661098       1.5748303      21.4694446               0      20.0000000
hi_asian_coll      661098       0.0529864       1.0394496               0       1.0000000
mid_asian_ed       661098       1.3131173      19.0389431               0      20.0000000
mid_asian_coll     661098       0.0351267       0.8542738               0       1.0000000
mex_ed             661098       1.7842014      18.0103438               0      20.0000000
mex_coll           661098       0.0068035       0.3814416               0       1.0000000
euro_yrs           661098       5.1014319      52.5131595               0      45.0000000
hi_asian_yrs       661098       1.2601300      21.2410097               0      45.0000000
mid_asian_yrs      661098       1.2210320      21.1431137               0      45.0000000
mex_yrs            661098       2.9954580      32.9801580               0      45.0000000
euro_yrs2          661098     154.0954229         1886.24               0         2025.00
hi_asian_yrs2      661098      22.5417951     536.3837750               0         2025.00
mid_asian_yrs2     661098      22.2520864     566.1936280               0         2025.00
mex_yrs2           661098      59.4876504     945.8376044               0         2025.00
-----------------------------------------------------------------------------------------
The SAS System                                                                       21:11 Wednesday, March 27, 2019   6

The MEANS Procedure

Variable                N            Mean         Std Dev         Minimum         Maximum
-----------------------------------------------------------------------------------------
imm_ed             661098      11.3055372      21.6157864               0      20.0000000
imm_coll           661098       0.2106215       1.8920695               0       1.0000000
asian              661098       0.0012377       0.1631508               0       1.0000000
black              661098       0.0076631       0.4046444               0       1.0000000
asian_ed           661098       0.0146542       2.0148936               0      20.0000000
black_ed           661098       0.1031479       5.6636089               0      20.0000000
asian_coll         661098     0.000187498       0.0635332               0       1.0000000
black_coll         661098       0.0027631       0.2435789               0       1.0000000
hisp_ed            661098       3.8159925      24.9713527               0      20.0000000
hisp_coll          661098       0.0306479       0.7998055               0       1.0000000
p1                 661098       0.1213362       0.4452571     0.000692260       0.5973278
p2                 661098       0.1151965       0.3052575       0.0018950       0.2315477
p3                 661098       0.1038964       0.2152796       0.0035811       0.1591841
p4                 661098       0.1080086       0.1617251       0.0077400       0.1439071
p5                 661098       0.1011316       0.1210239       0.0136687       0.1332594
p6                 661098       0.0924879       0.1052476       0.0241473       0.1217200
p7                 661098       0.1015167       0.1632185       0.0169116       0.1489274
p8                 661098       0.0889584       0.2312582       0.0072776       0.1707784
p9                 661098       0.0830519       0.3188238       0.0034267       0.2328081
p10                661098       0.0844160       0.4816430     0.000652367       0.5907050
rmsa               661098         4253.95        11847.68               0         9320.00
dev                452447      -0.0684389       3.2206705      -1.3346969       2.8650082
devsq              452447       0.4846850       3.5894776    1.448533E-10       8.2082717
nonmover           661098               0               0               0               0
emp                661098       0.7619076       1.9763642               0       1.0000000
-----------------------------------------------------------------------------------------
The SAS System                                                                       21:11 Wednesday, March 27, 2019   7

The FREQ Procedure

Table of ic by hispanic

ic        hispanic

Frequency|
Percent  |
Row Pct  |
Col Pct  |       0|       1|  Total
---------+--------+--------+
      -1 |1.228E8 |6314426 |1.291E8
         |  85.67 |   4.40 |  90.07
         |  95.11 |   4.89 |
         |  93.71 |  51.31 |
---------+--------+--------+
       1 |  23395 |3260692 |3284087
         |   0.02 |   2.27 |   2.29
         |   0.71 |  99.29 |
         |   0.02 |  26.49 |
---------+--------+--------+
       2 | 657736 |  39354 | 697090
         |   0.46 |   0.03 |   0.49
         |  94.35 |   5.65 |
         |   0.50 |   0.32 |
---------+--------+--------+
       3 | 363244 |   1998 | 365242
         |   0.25 |   0.00 |   0.25
         |  99.45 |   0.55 |
         |   0.28 |   0.02 |
---------+--------+--------+
       4 | 386230 |    820 | 387050
         |   0.27 |   0.00 |   0.27
         |  99.79 |   0.21 |
         |   0.29 |   0.01 |
---------+--------+--------+
       5 |   3126 | 360225 | 363351
         |   0.00 |   0.25 |   0.25
         |   0.86 |  99.14 |
         |   0.00 |   2.93 |
---------+--------+--------+
       6 | 381949 |    685 | 382634
         |   0.27 |   0.00 |   0.27
         |  99.82 |   0.18 |
         |   0.29 |   0.01 |
---------+--------+--------+
       7 |   6400 | 526773 | 533173
         |   0.00 |   0.37 |   0.37
         |   1.20 |  98.80 |
         |   0.00 |   4.28 |
---------+--------+--------+
Total     1.311E8  1.231E7  1.434E8
            91.42     8.58   100.00
(Continued)
The SAS System                                                                       21:11 Wednesday, March 27, 2019   8

The FREQ Procedure

Table of ic by hispanic

ic        hispanic

Frequency|
Percent  |
Row Pct  |
Col Pct  |       0|       1|  Total
---------+--------+--------+
       8 |   3463 | 264099 | 267562
         |   0.00 |   0.18 |   0.19
         |   1.29 |  98.71 |
         |   0.00 |   2.15 |
---------+--------+--------+
       9 | 434957 |    523 | 435480
         |   0.30 |   0.00 |   0.30
         |  99.88 |   0.12 |
         |   0.33 |   0.00 |
---------+--------+--------+
      10 | 245851 |   3447 | 249298
         |   0.17 |   0.00 |   0.17
         |  98.62 |   1.38 |
         |   0.19 |   0.03 |
---------+--------+--------+
      11 | 439888 |   1826 | 441714
         |   0.31 |   0.00 |   0.31
         |  99.59 |   0.41 |
         |   0.34 |   0.01 |
---------+--------+--------+
      12 |   4120 | 231124 | 235244
         |   0.00 |   0.16 |   0.16
         |   1.75 |  98.25 |
         |   0.00 |   1.88 |
---------+--------+--------+
      13 |   2570 | 171152 | 173722
         |   0.00 |   0.12 |   0.12
         |   1.48 |  98.52 |
         |   0.00 |   1.39 |
---------+--------+--------+
      14 | 496071 |   2753 | 498824
         |   0.35 |   0.00 |   0.35
         |  99.45 |   0.55 |
         |   0.38 |   0.02 |
---------+--------+--------+
      15 | 164716 |  11825 | 176541
         |   0.11 |   0.01 |   0.12
         |  93.30 |   6.70 |
         |   0.13 |   0.10 |
---------+--------+--------+
Total     1.311E8  1.231E7  1.434E8
            91.42     8.58   100.00
(Continued)
The SAS System                                                                       21:11 Wednesday, March 27, 2019   9

The FREQ Procedure

Table of ic by hispanic

ic        hispanic

Frequency|
Percent  |
Row Pct  |
Col Pct  |       0|       1|  Total
---------+--------+--------+
      16 | 210488 |    472 | 210960
         |   0.15 |   0.00 |   0.15
         |  99.78 |   0.22 |
         |   0.16 |   0.00 |
---------+--------+--------+
      17 | 194595 |    284 | 194879
         |   0.14 |   0.00 |   0.14
         |  99.85 |   0.15 |
         |   0.15 |   0.00 |
---------+--------+--------+
      18 | 423391 |   1611 | 425002
         |   0.30 |   0.00 |   0.30
         |  99.62 |   0.38 |
         |   0.32 |   0.01 |
---------+--------+--------+
      19 | 312655 |   1709 | 314364
         |   0.22 |   0.00 |   0.22
         |  99.46 |   0.54 |
         |   0.24 |   0.01 |
---------+--------+--------+
      20 |   1842 | 111544 | 113386
         |   0.00 |   0.08 |   0.08
         |   1.62 |  98.38 |
         |   0.00 |   0.91 |
---------+--------+--------+
      21 | 226672 |    505 | 227177
         |   0.16 |   0.00 |   0.16
         |  99.78 |   0.22 |
         |   0.17 |   0.00 |
---------+--------+--------+
      22 | 165537 |    426 | 165963
         |   0.12 |   0.00 |   0.12
         |  99.74 |   0.26 |
         |   0.13 |   0.00 |
---------+--------+--------+
      23 |   3616 |  78263 |  81879
         |   0.00 |   0.05 |   0.06
         |   4.42 |  95.58 |
         |   0.00 |   0.64 |
---------+--------+--------+
Total     1.311E8  1.231E7  1.434E8
            91.42     8.58   100.00
(Continued)
The SAS System                                                                       21:11 Wednesday, March 27, 2019  10

The FREQ Procedure

Table of ic by hispanic

ic        hispanic

Frequency|
Percent  |
Row Pct  |
Col Pct  |       0|       1|  Total
---------+--------+--------+
      24 |   4667 | 109361 | 114028
         |   0.00 |   0.08 |   0.08
         |   4.09 |  95.91 |
         |   0.00 |   0.89 |
---------+--------+--------+
      25 | 146692 |    495 | 147187
         |   0.10 |   0.00 |   0.10
         |  99.66 |   0.34 |
         |   0.11 |   0.00 |
---------+--------+--------+
      26 |   1471 | 114605 | 116076
         |   0.00 |   0.08 |   0.08
         |   1.27 |  98.73 |
         |   0.00 |   0.93 |
---------+--------+--------+
      27 |  86373 |   1413 |  87786
         |   0.06 |   0.00 |   0.06
         |  98.39 |   1.61 |
         |   0.07 |   0.01 |
---------+--------+--------+
      28 |  68891 |    306 |  69197
         |   0.05 |   0.00 |   0.05
         |  99.56 |   0.44 |
         |   0.05 |   0.00 |
---------+--------+--------+
      29 | 112817 |    358 | 113175
         |   0.08 |   0.00 |   0.08
         |  99.68 |   0.32 |
         |   0.09 |   0.00 |
---------+--------+--------+
      30 |  91021 |   2465 |  93486
         |   0.06 |   0.00 |   0.07
         |  97.36 |   2.64 |
         |   0.07 |   0.02 |
---------+--------+--------+
      31 | 930903 |  73325 |1004228
         |   0.65 |   0.05 |   0.70
         |  92.70 |   7.30 |
         |   0.71 |   0.60 |
---------+--------+--------+
Total     1.311E8  1.231E7  1.434E8
            91.42     8.58   100.00
(Continued)
The SAS System                                                                       21:11 Wednesday, March 27, 2019  11

The FREQ Procedure

Table of ic by hispanic

ic        hispanic

Frequency|
Percent  |
Row Pct  |
Col Pct  |       0|       1|  Total
---------+--------+--------+
      32 | 182434 |    469 | 182903
         |   0.13 |   0.00 |   0.13
         |  99.74 |   0.26 |
         |   0.14 |   0.00 |
---------+--------+--------+
      33 | 264582 |   2127 | 266709
         |   0.18 |   0.00 |   0.19
         |  99.20 |   0.80 |
         |   0.20 |   0.02 |
---------+--------+--------+
      34 | 402461 |   1913 | 404374
         |   0.28 |   0.00 |   0.28
         |  99.53 |   0.47 |
         |   0.31 |   0.02 |
---------+--------+--------+
      35 |  74350 | 203257 | 277607
         |   0.05 |   0.14 |   0.19
         |  26.78 |  73.22 |
         |   0.06 |   1.65 |
---------+--------+--------+
      36 | 298161 |   3086 | 301247
         |   0.21 |   0.00 |   0.21
         |  98.98 |   1.02 |
         |   0.23 |   0.03 |
---------+--------+--------+
      37 | 150317 | 104886 | 255203
         |   0.10 |   0.07 |   0.18
         |  58.90 |  41.10 |
         |   0.11 |   0.85 |
---------+--------+--------+
      38 | 274463 | 302507 | 576970
         |   0.19 |   0.21 |   0.40
         |  47.57 |  52.43 |
         |   0.21 |   2.46 |
---------+--------+--------+
Total     1.311E8  1.231E7  1.434E8
            91.42     8.58   100.00
