The SAS System                                                                        10:28 Thursday, March 28, 2019   1

The FREQ Procedure

Table of eclass by xclass2

eclass     xclass2

Frequency|
Percent  |
Row Pct  |
Col Pct  |       1|       2|       3|       4|  Total
---------+--------+--------+--------+--------+
       1 |1316838 |1572450 |1220440 |1349594 |5459322
         |   9.25 |  11.05 |   8.57 |   9.48 |  38.35
         |  24.12 |  28.80 |  22.36 |  24.72 |
         |  31.53 |  37.25 |  40.61 |  47.66 |
---------+--------+--------+--------+--------+
       2 | 852721 | 779880 | 604338 | 630045 |2866984
         |   5.99 |   5.48 |   4.25 |   4.43 |  20.14
         |  29.74 |  27.20 |  21.08 |  21.98 |
         |  20.42 |  18.47 |  20.11 |  22.25 |
---------+--------+--------+--------+--------+
       3 |1036265 | 866343 | 557989 | 449740 |2910337
         |   7.28 |   6.09 |   3.92 |   3.16 |  20.45
         |  35.61 |  29.77 |  19.17 |  15.45 |
         |  24.81 |  20.52 |  18.57 |  15.88 |
---------+--------+--------+--------+--------+
       4 | 970739 |1002837 | 622442 | 402137 |2998155
         |   6.82 |   7.04 |   4.37 |   2.83 |  21.06
         |  32.38 |  33.45 |  20.76 |  13.41 |
         |  23.24 |  23.76 |  20.71 |  14.20 |
---------+--------+--------+--------+--------+
Total     4176563  4221510  3005209  2831516  1.423E7
            29.34    29.66    21.11    19.89   100.00
The SAS System                                                                        10:28 Thursday, March 28, 2019   2

The MEANS Procedure

Variable         N            Mean         Std Dev         Minimum         Maximum
----------------------------------------------------------------------------------
ex11        661098       0.0925084       1.3444817               0       1.0000000
ex12        661098       0.1104652       1.4545789               0       1.0000000
ex13        661098       0.0857364       1.2991561               0       1.0000000
ex14        661098       0.0948095       1.3593740               0       1.0000000
ex21        661098       0.0599040       1.1011767               0       1.0000000
ex22        661098       0.0547869       1.0559568               0       1.0000000
ex23        661098       0.0424550       0.9355930               0       1.0000000
ex24        661098       0.0442609       0.9543834               0       1.0000000
ex31        661098       0.0727980       1.2055632               0       1.0000000
ex32        661098       0.0608609       1.1093722               0       1.0000000
ex33        661098       0.0391989       0.9005275               0       1.0000000
ex34        661098       0.0315944       0.8116650               0       1.0000000
ex41        661098       0.0681948       1.1697181               0       1.0000000
ex42        661098       0.0704497       1.1874601               0       1.0000000
ex43        661098       0.0437268       0.9488725               0       1.0000000
ex44        661098       0.0282503       0.7688323               0       1.0000000
ic1         661098       0.2307084       1.9548806               0       1.0000000
ic2         661098       0.0489708       1.0014027               0       1.0000000
ic3         661098       0.0256584       0.7336913               0       1.0000000
ic4         661098       0.0271904       0.7546835               0       1.0000000
ic5         661098       0.0255255       0.7318394               0       1.0000000
ic6         661098       0.0268802       0.7504856               0       1.0000000
ic7         661098       0.0374556       0.8810729               0       1.0000000
ic8         661098       0.0187963       0.6301721               0       1.0000000
ic9         661098       0.0305926       0.7991065               0       1.0000000
ic10        661098       0.0175133       0.6086816               0       1.0000000
ic11        661098       0.0310306       0.8046241               0       1.0000000
ic12        661098       0.0165260       0.5915727               0       1.0000000
ic13        661098       0.0122040       0.5094815               0       1.0000000
ic14        661098       0.0350426       0.8532870               0       1.0000000
ic15        661098       0.0124021       0.5135471               0       1.0000000
ic16        661098       0.0148200       0.5606932               0       1.0000000
ic17        661098       0.0136903       0.5392083               0       1.0000000
ic18        661098       0.0298566       0.7897341               0       1.0000000
ic19        661098       0.0220842       0.6819218               0       1.0000000
ic20        661098       0.0079654       0.4124873               0       1.0000000
ic21        661098       0.0159593       0.5815086               0       1.0000000
ic22        661098       0.0116590       0.4981114               0       1.0000000
ic23        661098       0.0057520       0.3509143               0       1.0000000
ic24        661098       0.0080105       0.4136440               0       1.0000000
ic25        661098       0.0103399       0.4694022               0       1.0000000
ic26        661098       0.0081544       0.4173118               0       1.0000000
ic27        661098       0.0061670       0.3632760               0       1.0000000
ic28        661098       0.0048611       0.3227401               0       1.0000000
ic29        661098       0.0079506       0.4121064               0       1.0000000
ic30        661098       0.0065674       0.3748089               0       1.0000000
ic31        661098       0.0705474       1.1882209               0       1.0000000
ic32        661098       0.0128490       0.5226003               0       1.0000000
ic33        661098       0.0187364       0.6291860               0       1.0000000
ic34        661098       0.0284074       0.7709054               0       1.0000000
ic35        661098       0.0195020       0.6416615               0       1.0000000
ic36        661098       0.0211627       0.6678578               0       1.0000000
ic37        661098       0.0179281       0.6157181               0       1.0000000
----------------------------------------------------------------------------------
The SAS System                                                                        10:28 Thursday, March 28, 2019   3

The MEANS Procedure

Variable         N            Mean         Std Dev         Minimum         Maximum
----------------------------------------------------------------------------------
ic38        661098       0.0405324       0.9150803               0       1.0000000
----------------------------------------------------------------------------------
The SAS System                                                                        10:28 Thursday, March 28, 2019   4

Obs    ic       count    female    dropout       hs    somecoll    collplus       x1       x2       x3       x4

  1     .    14234798    0.496      0.384     0.201     0.204       0.211      0.293    0.297    0.211    0.199
  4     1     3284087    0.434      0.746     0.132     0.092       0.029      0.361    0.324    0.186    0.129
  5     2      697090    0.582      0.120     0.152     0.281       0.448      0.277    0.317    0.240    0.166
  6     3      365242    0.438      0.112     0.107     0.137       0.644      0.318    0.328    0.237    0.117
  7     4      387050    0.478      0.404     0.189     0.265       0.143      0.356    0.325    0.198    0.121
  8     5      363351    0.480      0.681     0.166     0.117       0.036      0.375    0.368    0.172    0.085
  9     6      382634    0.494      0.317     0.172     0.164       0.347      0.196    0.254    0.268    0.282
 10     7      533173    0.493      0.362     0.217     0.243       0.178      0.200    0.233    0.207    0.360
 11     8      267562    0.543      0.552     0.212     0.165       0.072      0.304    0.313    0.217    0.165
 12     9      435480    0.578      0.174     0.264     0.222       0.340      0.310    0.299    0.233    0.159
 13    10      249298    0.551      0.284     0.283     0.279       0.153      0.307    0.276    0.218    0.198
 14    11      441714    0.565      0.151     0.239     0.318       0.292      0.203    0.256    0.223    0.319
 15    12      235244    0.529      0.317     0.280     0.254       0.150      0.306    0.297    0.223    0.174
 16    13      173722    0.485      0.636     0.173     0.142       0.049      0.362    0.342    0.205    0.091
 17    14      498824    0.641      0.138     0.313     0.313       0.236      0.141    0.214    0.263    0.382
 18    15      176541    0.489      0.403     0.225     0.257       0.115      0.263    0.353    0.234    0.150
 19    16      210960    0.506      0.223     0.302     0.237       0.238      0.169    0.309    0.214    0.308
 20    17      194879    0.538      0.076     0.127     0.193       0.603      0.393    0.376    0.156    0.075
 21    18      425002    0.577      0.096     0.281     0.331       0.292      0.203    0.232    0.246    0.320
 22    19      314364    0.467      0.444     0.269     0.154       0.133      0.124    0.203    0.243    0.430
 23    20      113386    0.497      0.368     0.269     0.251       0.112      0.306    0.285    0.228    0.180
 24    21      227177    0.635      0.101     0.271     0.264       0.364      0.291    0.283    0.170    0.256
 25    22      165963    0.396      0.100     0.157     0.225       0.518      0.355    0.341    0.174    0.131
 26    23       81879    0.569      0.515     0.227     0.188       0.071      0.344    0.348    0.178    0.130
 27    24      114028    0.498      0.197     0.296     0.315       0.191      0.310    0.324    0.207    0.160
 28    25      147187    0.506      0.168     0.212     0.220       0.400      0.215    0.282    0.247    0.256
 29    26      116076    0.524      0.426     0.225     0.225       0.124      0.363    0.310    0.187    0.140
 30    27       87786    0.510      0.297     0.288     0.271       0.143      0.340    0.291    0.211    0.157
 31    28       69197    0.353      0.141     0.171     0.191       0.496      0.373    0.393    0.163    0.071
 32    29      113175    0.511      0.153     0.151     0.249       0.447      0.477    0.339    0.122    0.063
 33    30       93486    0.556      0.231     0.310     0.315       0.145      0.304    0.292    0.232    0.172
 34    31     1004228    0.508      0.257     0.244     0.241       0.259      0.192    0.234    0.245    0.329
 35    32      182903    0.477      0.273     0.256     0.214       0.257      0.141    0.205    0.260    0.395
 36    33      266709    0.386      0.245     0.197     0.235       0.323      0.369    0.278    0.184    0.169
 37    34      404374    0.515      0.393     0.183     0.227       0.197      0.340    0.311    0.215    0.134
 38    35      277607    0.504      0.209     0.239     0.282       0.270      0.317    0.293    0.209    0.181
 39    36      301247    0.383      0.114     0.154     0.274       0.457      0.366    0.380    0.162    0.092
 40    37      255203    0.554      0.273     0.286     0.288       0.153      0.290    0.295    0.235    0.180
 41    38      576970    0.457      0.435     0.217     0.193       0.156      0.332    0.315    0.189    0.164
The SAS System                                                                        10:28 Thursday, March 28, 2019   5

Obs    rmsa    shric1    shric2    shric3    shric4    shric5    shric6    shric7    shric37    shric38

  1       0    0.0714    0.0509    0.0392    0.0292    0.0127    0.0316    0.0132    0.0301     0.0496 
  2       1    0.1038    0.0539    0.0827    0.0610    0.0195    0.0511    0.0261    0.0539     0.0707 
  3      80    0.0000    0.0004    0.0019    0.0005    0.0000    0.0012    0.0002    0.0003     0.0003 
  4     160    0.0000    0.0007    0.0038    0.0013    0.0002    0.0027    0.0003    0.0008     0.0014 
  5     200    0.0029    0.0004    0.0008    0.0015    0.0005    0.0007    0.0004    0.0009     0.0008 
  6     240    0.0001    0.0002    0.0019    0.0010    0.0002    0.0015    0.0006    0.0008     0.0004 
  7     440    0.0001    0.0005    0.0029    0.0005    0.0001    0.0023    0.0001    0.0004     0.0007 
  8     520    0.0025    0.0033    0.0139    0.0089    0.0019    0.0054    0.0053    0.0110     0.0071 
  9     600    0.0000    0.0000    0.0000    0.0000    0.0001    0.0000    0.0000    0.0004     0.0000 
 10     640    0.0058    0.0011    0.0040    0.0045    0.0015    0.0022    0.0007    0.0016     0.0021 
 11     680    0.0100    0.0041    0.0012    0.0015    0.0031    0.0008    0.0002    0.0004     0.0038 
 12     720    0.0002    0.0049    0.0102    0.0032    0.0007    0.0049    0.0008    0.0041     0.0030 
 13     760    0.0001    0.0002    0.0025    0.0027    0.0005    0.0014    0.0003    0.0009     0.0003 
 14     875    0.0009    0.0084    0.0217    0.0006    0.0045    0.0064    0.0098    0.0107     0.0109 
 15    1000    0.0000    0.0003    0.0012    0.0009    0.0000    0.0005    0.0002    0.0005     0.0006 
 16    1080    0.0011    0.0003    0.0000    0.0003    0.0000    0.0010    0.0001    0.0001     0.0001 
 17    1120    0.0005    0.0032    0.0168    0.0150    0.0145    0.0350    0.0044    0.0280     0.0161 
 18    1160    0.0001    0.0002    0.0019    0.0007    0.0013    0.0002    0.0013    0.0015     0.0016 
 19    1280    0.0001    0.0008    0.0036    0.0017    0.0002    0.0014    0.0004    0.0009     0.0013 
 20    1440    0.0000    0.0025    0.0007    0.0003    0.0000    0.0003    0.0001    0.0004     0.0009 
 21    1520    0.0003    0.0007    0.0037    0.0029    0.0003    0.0003    0.0007    0.0016     0.0009 
 22    1560    0.0001    0.0004    0.0006    0.0002    0.0000    0.0002    0.0002    0.0005     0.0001 
 23    1600    0.0653    0.0528    0.0770    0.0122    0.0104    0.0288    0.0183    0.0192     0.0361 
 24    1640    0.0000    0.0007    0.0057    0.0013    0.0001    0.0009    0.0004    0.0012     0.0005 
 25    1680    0.0002    0.0030    0.0079    0.0013    0.0003    0.0043    0.0006    0.0008     0.0019 
 26    1720    0.0001    0.0011    0.0003    0.0014    0.0001    0.0004    0.0001    0.0013     0.0005 
 27    1760    0.0000    0.0003    0.0016    0.0003    0.0000    0.0004    0.0002    0.0016     0.0007 
 28    1840    0.0001    0.0011    0.0045    0.0015    0.0000    0.0028    0.0005    0.0017     0.0012 
 29    1920    0.0271    0.0052    0.0191    0.0195    0.0215    0.0066    0.0034    0.0072     0.0144 
 30    2000    0.0000    0.0006    0.0027    0.0011    0.0000    0.0004    0.0002    0.0006     0.0005 
 31    2020    0.0005    0.0005    0.0006    0.0002    0.0002    0.0001    0.0014    0.0007     0.0008 
 32    2080    0.0044    0.0021    0.0020    0.0081    0.0009    0.0043    0.0017    0.0028     0.0044 
 33    2120    0.0001    0.0001    0.0009    0.0017    0.0006    0.0003    0.0002    0.0001     0.0002 
 34    2160    0.0012    0.0076    0.0223    0.0026    0.0005    0.0072    0.0020    0.0053     0.0056 
 35    2320    0.0278    0.0007    0.0008    0.0005    0.0005    0.0005    0.0005    0.0032     0.0046 
 36    2640    0.0001    0.0002    0.0014    0.0001    0.0000    0.0001    0.0000    0.0002     0.0002 
 37    2680    0.0007    0.0014    0.0032    0.0018    0.0021    0.0022    0.0224    0.0201     0.0099 
 38    2700    0.0004    0.0002    0.0005    0.0001    0.0002    0.0003    0.0010    0.0014     0.0009 
 39    2760    0.0001    0.0002    0.0006    0.0009    0.0000    0.0001    0.0000    0.0003     0.0004 
 40    2800    0.0094    0.0014    0.0051    0.0122    0.0015    0.0023    0.0017    0.0020     0.0038 
 41    2840    0.0188    0.0024    0.0040    0.0027    0.0049    0.0026    0.0001    0.0004     0.0069 
 42    2960    0.0014    0.0005    0.0018    0.0003    0.0001    0.0002    0.0003    0.0001     0.0009 
 43    3000    0.0009    0.0007    0.0003    0.0036    0.0001    0.0012    0.0007    0.0007     0.0005 
 44    3120    0.0003    0.0002    0.0016    0.0011    0.0002    0.0005    0.0004    0.0006     0.0008 
 45    3160    0.0002    0.0002    0.0014    0.0006    0.0001    0.0002    0.0004    0.0004     0.0005 
 46    3240    0.0001    0.0004    0.0013    0.0014    0.0000    0.0001    0.0001    0.0003     0.0004 
 47    3280    0.0001    0.0012    0.0059    0.0035    0.0004    0.0020    0.0016    0.0047     0.0043 
 48    3320    0.0002    0.0540    0.0014    0.0107    0.0004    0.0183    0.0002    0.0019     0.0054 
 49    3360    0.0451    0.0121    0.0318    0.0510    0.0660    0.0155    0.0083    0.0181     0.0226 
 50    3480    0.0002    0.0016    0.0022    0.0010    0.0001    0.0010    0.0004    0.0015     0.0005 
 51    3560    0.0000    0.0002    0.0008    0.0001    0.0000    0.0006    0.0000    0.0001     0.0003 
 52    3600    0.0001    0.0064    0.0015    0.0011    0.0001    0.0006    0.0017    0.0040     0.0010 
 53    3640    0.0005    0.0120    0.0154    0.0018    0.0123    0.0033    0.0438    0.0081     0.0128 
 54    3660    0.0000    0.0001    0.0001    0.0000    0.0000    0.0000    0.0001    0.0000     0.0000 
 55    3720    0.0002    0.0003    0.0014    0.0003    0.0000    0.0001    0.0003    0.0003     0.0002 
 56    3760    0.0012    0.0016    0.0033    0.0023    0.0005    0.0015    0.0008    0.0019     0.0017 
The SAS System                                                                        10:28 Thursday, March 28, 2019   6

Obs    rmsa    shric1    shric2    shric3    shric4    shric5    shric6    shric7    shric37    shric38

 57    3840    0.0000    0.0005    0.0014    0.0001    0.0000    0.0003    0.0002    0.0002     0.0006 
 58    3980    0.0007    0.0004    0.0007    0.0006    0.0000    0.0002    0.0014    0.0020     0.0009 
 59    4000    0.0000    0.0002    0.0001    0.0028    0.0000    0.0001    0.0007    0.0001     0.0004 
 60    4040    0.0002    0.0004    0.0015    0.0013    0.0000    0.0016    0.0002    0.0003     0.0005 
 61    4120    0.0049    0.0055    0.0014    0.0038    0.0039    0.0024    0.0065    0.0031     0.0035 
 62    4280    0.0000    0.0001    0.0007    0.0000    0.0000    0.0008    0.0002    0.0004     0.0005 
 63    4400    0.0001    0.0003    0.0007    0.0003    0.0000    0.0001    0.0001    0.0003     0.0005 
 64    4480    0.2736    0.1728    0.0569    0.1399    0.4521    0.1225    0.0466    0.0922     0.1642 
 65    4520    0.0001    0.0006    0.0016    0.0007    0.0002    0.0009    0.0001    0.0006     0.0004 
 66    4720    0.0001    0.0004    0.0007    0.0009    0.0000    0.0008    0.0004    0.0004     0.0007 
 67    4880    0.0179    0.0001    0.0005    0.0004    0.0006    0.0002    0.0001    0.0003     0.0037 
 68    4900    0.0001    0.0008    0.0010    0.0006    0.0001    0.0003    0.0010    0.0022     0.0007 
 69    4920    0.0001    0.0009    0.0013    0.0012    0.0000    0.0013    0.0004    0.0004     0.0007 
 70    5000    0.0021    0.0039    0.0049    0.0017    0.0141    0.0029    0.5541    0.0609     0.0477 
 71    5015    0.0005    0.0062    0.0359    0.0025    0.0031    0.0085    0.0047    0.0076     0.0047 
 72    5080    0.0014    0.0007    0.0031    0.0018    0.0004    0.0027    0.0008    0.0012     0.0013 
 73    5120    0.0005    0.0027    0.0054    0.0097    0.0006    0.0041    0.0011    0.0013     0.0022 
 74    5160    0.0001    0.0001    0.0004    0.0013    0.0000    0.0003    0.0001    0.0008     0.0004 
 75    5170    0.0061    0.0012    0.0020    0.0015    0.0008    0.0013    0.0001    0.0005     0.0019 
 76    5190    0.0004    0.0035    0.0071    0.0005    0.0009    0.0019    0.0024    0.0032     0.0019 
 77    5360    0.0001    0.0005    0.0026    0.0012    0.0001    0.0005    0.0003    0.0006     0.0005 
 78    5380    0.0004    0.0058    0.0223    0.0018    0.0346    0.0111    0.0072    0.0230     0.0118 
 79    5480    0.0001    0.0005    0.0019    0.0004    0.0003    0.0018    0.0006    0.0014     0.0014 
 80    5560    0.0003    0.0015    0.0036    0.0123    0.0014    0.0021    0.0055    0.0051     0.0027 
 81    5600    0.0095    0.0465    0.1040    0.0172    0.0465    0.2201    0.0626    0.3651     0.1662 
 82    5640    0.0004    0.0083    0.0246    0.0025    0.0096    0.0077    0.0233    0.0145     0.0156 
 83    5720    0.0002    0.0146    0.0031    0.0038    0.0002    0.0027    0.0007    0.0049     0.0023 
 84    5775    0.0131    0.0536    0.0261    0.0321    0.0154    0.0519    0.0015    0.0061     0.0117 
 85    5880    0.0018    0.0008    0.0029    0.0063    0.0002    0.0018    0.0004    0.0007     0.0008 
 86    5920    0.0004    0.0007    0.0007    0.0008    0.0001    0.0004    0.0004    0.0003     0.0002 
 87    5945    0.0555    0.0219    0.0223    0.1073    0.0238    0.0156    0.0061    0.0060     0.0258 
 88    5960    0.0009    0.0034    0.0034    0.0057    0.0006    0.0017    0.0108    0.0108     0.0037 
 89    6080    0.0000    0.0018    0.0005    0.0016    0.0001    0.0002    0.0002    0.0008     0.0004 
 90    6160    0.0008    0.0095    0.0295    0.0162    0.0008    0.0127    0.0047    0.0141     0.0101 
 91    6200    0.0174    0.0037    0.0060    0.0067    0.0025    0.0045    0.0005    0.0026     0.0088 
 92    6280    0.0001    0.0008    0.0075    0.0012    0.0000    0.0032    0.0002    0.0014     0.0008 
 93    6440    0.0030    0.0039    0.0040    0.0135    0.0006    0.0049    0.0008    0.0016     0.0033 
 94    6480    0.0002    0.0011    0.0031    0.0015    0.0014    0.0026    0.0007    0.0012     0.0054 
 95    6640    0.0005    0.0005    0.0056    0.0020    0.0007    0.0030    0.0002    0.0016     0.0015 
 96    6760    0.0001    0.0011    0.0028    0.0037    0.0004    0.0016    0.0007    0.0010     0.0012 
 97    6780    0.0435    0.0198    0.0094    0.0168    0.0133    0.0043    0.0051    0.0104     0.0181 
 98    6840    0.0001    0.0008    0.0036    0.0025    0.0003    0.0013    0.0012    0.0022     0.0015 
 99    6920    0.0048    0.0115    0.0038    0.0164    0.0020    0.0106    0.0009    0.0020     0.0056 
100    7040    0.0003    0.0027    0.0039    0.0047    0.0004    0.0030    0.0009    0.0008     0.0012 
101    7160    0.0011    0.0009    0.0016    0.0038    0.0007    0.0024    0.0003    0.0005     0.0014 
102    7240    0.0155    0.0029    0.0015    0.0019    0.0017    0.0013    0.0012    0.0030     0.0038 
103    7320    0.0426    0.0696    0.0055    0.0330    0.0027    0.0079    0.0024    0.0088     0.0266 
104    7360    0.0112    0.0633    0.0082    0.0305    0.0570    0.1162    0.0027    0.0072     0.0227 
105    7400    0.0172    0.0442    0.0283    0.0916    0.0110    0.0300    0.0010    0.0040     0.0176 
106    7500    0.0030    0.0017    0.0003    0.0012    0.0007    0.0022    0.0001    0.0010     0.0023 
107    7510    0.0002    0.0003    0.0001    0.0003    0.0001    0.0000    0.0009    0.0004     0.0005 
108    7560    0.0000    0.0003    0.0016    0.0003    0.0001    0.0003    0.0001    0.0003     0.0003 
109    7600    0.0011    0.0190    0.0063    0.0220    0.0004    0.0127    0.0009    0.0022     0.0046 
110    7840    0.0001    0.0002    0.0001    0.0011    0.0000    0.0004    0.0001    0.0000     0.0004 
111    8000    0.0000    0.0001    0.0012    0.0010    0.0001    0.0016    0.0005    0.0022     0.0012 
112    8120    0.0070    0.0074    0.0030    0.0067    0.0005    0.0038    0.0003    0.0007     0.0062 
The SAS System                                                                        10:28 Thursday, March 28, 2019   7

Obs    rmsa    shric1    shric2    shric3    shric4    shric5    shric6    shric7    shric37    shric38

113    8160    0.0000    0.0005    0.0025    0.0015    0.0000    0.0007    0.0002    0.0008     0.0012 
114    8200    0.0003    0.0033    0.0001    0.0022    0.0003    0.0005    0.0000    0.0010     0.0022 
115    8280    0.0019    0.0033    0.0030    0.0050    0.0011    0.0020    0.0241    0.0091     0.0079 
116    8400    0.0001    0.0005    0.0014    0.0002    0.0000    0.0014    0.0002    0.0000     0.0005 
117    8520    0.0072    0.0012    0.0015    0.0018    0.0004    0.0015    0.0006    0.0010     0.0022 
118    8560    0.0006    0.0002    0.0011    0.0020    0.0000    0.0003    0.0002    0.0007     0.0002 
119    8720    0.0031    0.0205    0.0019    0.0013    0.0017    0.0009    0.0002    0.0008     0.0037 
120    8735    0.0136    0.0096    0.0035    0.0034    0.0017    0.0021    0.0010    0.0025     0.0053 
121    8840    0.0024    0.0216    0.0489    0.0435    0.0992    0.0232    0.0082    0.0258     0.0244 
122    8960    0.0014    0.0008    0.0023    0.0011    0.0015    0.0011    0.0173    0.0070     0.0061 
123    9040    0.0006    0.0002    0.0013    0.0044    0.0000    0.0007    0.0001    0.0002     0.0002 
124    9160    0.0002    0.0005    0.0027    0.0002    0.0004    0.0020    0.0006    0.0012     0.0006 
125    9240    0.0002    0.0004    0.0018    0.0030    0.0005    0.0011    0.0008    0.0009     0.0010 
126    9320    0.0000    0.0001    0.0008    0.0003    0.0001    0.0003    0.0000    0.0000     0.0004 
The SAS System                                                                        10:28 Thursday, March 28, 2019   8

The MEANS Procedure

Variable      N            Mean             Sum         Minimum         Maximum
-------------------------------------------------------------------------------
shric1      126       0.0079365       1.0000000    4.8719781E-6       0.2736441
shric2      126       0.0079365       1.0000000     0.000030125       0.1728199
shric3      126       0.0079365       1.0000000               0       0.1039667
shric4      126       0.0079365       1.0000000               0       0.1398812
shric5      126       0.0079365       1.0000000               0       0.4520890
shric6      126       0.0079365       1.0000000               0       0.2201164
shric7      126       0.0079365       1.0000000               0       0.5541147
shric8      126       0.0079365       1.0000000               0       0.6570664
shric9      126       0.0079365       1.0000000     0.000034445       0.1954969
shric10     126       0.0079365       1.0000000               0       0.3675200
shric11     126       0.0079365       1.0000000     0.000047542       0.1336272
shric12     126       0.0079365       1.0000000               0       0.2576431
shric13     126       0.0079365       1.0000000               0       0.4868698
shric14     126       0.0079365       1.0000000     0.000166391       0.1281454
shric15     126       0.0079365       1.0000000               0       0.3400570
shric16     126       0.0079365       1.0000000               0       0.2729664
shric17     126       0.0079365       1.0000000               0       0.1873419
shric18     126       0.0079365       1.0000000     0.000084705       0.1104936
shric19     126       0.0079365       1.0000000               0       0.2237565
shric20     126       0.0079365       1.0000000               0       0.4506200
shric21     126       0.0079365       1.0000000               0       0.1353702
shric22     126       0.0079365       1.0000000               0       0.3031519
shric23     126       0.0079365       1.0000000               0       0.1966805
shric24     126       0.0079365       1.0000000               0       0.1611359
shric25     126       0.0079365       1.0000000               0       0.2873623
shric26     126       0.0079365       1.0000000               0       0.3853079
shric27     126       0.0079365       1.0000000               0       0.6032853
shric28     126       0.0079365       1.0000000               0       0.1849069
shric29     126       0.0079365       1.0000000               0       0.1958383
shric30     126       0.0079365       1.0000000               0       0.5021928
shric31     126       0.0079365       1.0000000     0.000014937       0.1249119
shric32     126       0.0079365       1.0000000               0       0.1626436
shric33     126       0.0079365       1.0000000               0       0.1365983
shric34     126       0.0079365       1.0000000               0       0.1332628
shric35     126       0.0079365       1.0000000               0       0.1467975
shric36     126       0.0079365       1.0000000               0       0.1259730
shric37     126       0.0079365       1.0000000               0       0.3650976
shric38     126       0.0079365       1.0000000     0.000031197       0.1662201
-------------------------------------------------------------------------------
