The SAS System                                                                        10:37 Thursday, March 28, 2019   1

The FREQ Procedure

Table of mfg by imm

mfg       imm

Frequency|
Percent  |
Row Pct  |
Col Pct  |       0|       1|  Total
---------+--------+--------+
       0 |7.628E7 |7562517 |8.384E7
         |  73.41 |   7.28 |  80.69
         |  90.98 |   9.02 |
         |  81.04 |  77.35 |
---------+--------+--------+
       1 |1.785E7 |2214741 |2.006E7
         |  17.18 |   2.13 |  19.31
         |  88.96 |  11.04 |
         |  18.96 |  22.65 |
---------+--------+--------+
Total     9.413E7  9777258  1.039E8
            90.59     9.41   100.00


Table of mfg by female

mfg       female

Frequency|
Percent  |
Row Pct  |
Col Pct  |       0|       1|  Total
---------+--------+--------+
       0 |4.182E7 |4.202E7 |8.384E7
         |  40.25 |  40.45 |  80.69
         |  49.88 |  50.12 |
         |  76.18 |  85.75 |
---------+--------+--------+
       1 |1.308E7 |6983743 |2.006E7
         |  12.59 |   6.72 |  19.31
         |  65.19 |  34.81 |
         |  23.82 |  14.25 |
---------+--------+--------+
Total     5.489E7  4.901E7  1.039E8
            52.83    47.17   100.00


The SAS System                                                                        10:37 Thursday, March 28, 2019   2

The FREQ Procedure

Table 1 of mfg by imm
Controlling for female=0

mfg       imm

Frequency|
Percent  |
Row Pct  |
Col Pct  |       0|       1|  Total
---------+--------+--------+
       0 | 3.76E7 |4219831 |4.182E7
         |  68.49 |   7.69 |  76.18
         |  89.91 |  10.09 |
         |  76.20 |  75.93 |
---------+--------+--------+
       1 |1.174E7 |1337578 |1.308E7
         |  21.39 |   2.44 |  23.82
         |  89.77 |  10.23 |
         |  23.80 |  24.07 |
---------+--------+--------+
Total     4.934E7  5557409  5.489E7
            89.88    10.12   100.00


Table 2 of mfg by imm
Controlling for female=1

mfg       imm

Frequency|
Percent  |
Row Pct  |
Col Pct  |       0|       1|  Total
---------+--------+--------+
       0 |3.868E7 |3342686 |4.202E7
         |  78.93 |   6.82 |  85.75
         |  92.05 |   7.95 |
         |  86.37 |  79.21 |
---------+--------+--------+
       1 |6106580 | 877163 |6983743
         |  12.46 |   1.79 |  14.25
         |  87.44 |  12.56 |
         |  13.63 |  20.79 |
---------+--------+--------+
Total     4.479E7  4219849  4.901E7
            91.39     8.61   100.00
The SAS System                                                                        10:37 Thursday, March 28, 2019   3

Obs    rmsa      mfg

  1       .    0.19308
  2       0    0.23799
  3       1    0.19750
  4      80    0.26159
  5     160    0.13050
  6     200    0.10366
  7     240    0.28926
  8     440    0.20766
  9     520    0.15039
 10     600    0.29559
 11     640    0.13983
 12     680    0.07896
 13     720    0.13560
 14     760    0.14459
 15     875    0.21454
 16    1000    0.14562
 17    1080    0.16730
 18    1120    0.15928
 19    1160    0.25902
 20    1280    0.20871
 21    1440    0.13816
 22    1520    0.26114
 23    1560    0.25540
 24    1600    0.20930
 25    1640    0.21748
 26    1680    0.24602
 27    1720    0.15452
 28    1760    0.13117
 29    1840    0.15832
 30    1920    0.18046
 31    2000    0.23687
 32    2020    0.11338
 33    2080    0.13468
 34    2120    0.13082
 35    2160    0.27033
 36    2320    0.18091
 37    2640    0.30990
 38    2680    0.09951
 39    2700    0.06962
 40    2760    0.29082
 41    2800    0.21009
 42    2840    0.11720
 43    2960    0.24973
 44    3000    0.31448
 45    3120    0.33154
 46    3160    0.35631
 47    3240    0.17377
 48    3280    0.20299
 49    3320    0.06291
 50    3360    0.14040
 51    3480    0.20299
 52    3560    0.15015
 53    3600    0.09928
 54    3640    0.20639
 55    3660    0.27794
 56    3720    0.28484
The SAS System                                                                        10:37 Thursday, March 28, 2019   4

Obs    rmsa      mfg

 57    3760    0.16079
 58    3840    0.20569
 59    3980    0.15021
 60    4000    0.30788
 61    4040    0.19075
 62    4120    0.05318
 63    4280    0.17862
 64    4400    0.15702
 65    4480    0.22517
 66    4520    0.21154
 67    4720    0.12921
 68    4880    0.12680
 69    4900    0.19890
 70    4920    0.13204
 71    5000    0.11852
 72    5015    0.20094
 73    5080    0.25851
 74    5120    0.21900
 75    5160    0.18614
 76    5170    0.23244
 77    5190    0.12581
 78    5360    0.18969
 79    5380    0.13710
 80    5480    0.21391
 81    5560    0.10946
 82    5600    0.12430
 83    5640    0.19198
 84    5720    0.12919
 85    5775    0.15665
 86    5880    0.12595
 87    5920    0.11827
 88    5945    0.23733
 89    5960    0.11046
 90    6080    0.10999
 91    6160    0.18059
 92    6200    0.15576
 93    6280    0.16093
 94    6440    0.20184
 95    6480    0.27839
 96    6640    0.17350
 97    6760    0.15396
 98    6780    0.15744
 99    6840    0.30630
100    6920    0.08917
101    7040    0.20365
102    7160    0.15748
103    7240    0.09660
104    7320    0.13544
105    7360    0.10918
106    7400    0.34240
107    7500    0.13894
108    7510    0.09500
109    7560    0.24168
110    7600    0.21911
111    7840    0.14852
112    8000    0.22713
The SAS System                                                                        10:37 Thursday, March 28, 2019   5

Obs    rmsa      mfg

113    8120    0.16689
114    8160    0.20896
115    8200    0.16021
116    8280    0.12092
117    8400    0.21748
118    8520    0.11303
119    8560    0.17887
120    8720    0.13962
121    8735    0.18338
122    8840    0.06704
123    8960    0.10580
124    9040    0.29180
125    9160    0.20605
126    9240    0.24039
127    9320    0.29709
