The SAS System                                                                          23:21 Friday, March 22, 2019   1

The MEANS Procedure

Variable          N            Mean         Std Dev         Minimum         Maximum
-----------------------------------------------------------------------------------
imm         1120153               0               0               0               0
female      1120153               0               0               0               0
logwage2    1120153       1.9539785       0.8792034       0.7770287       4.9767337
educ        1120153      12.6159132       4.2977108               0      20.0000000
exp         1120153      17.4950359      17.9629587       1.0000000      45.0000000
rmsa0       1120153       0.2289437       0.5941863               0       1.0000000
rmsa1       1120153       0.1357315       0.4843729               0       1.0000000
homey       1120153       0.6302130       0.6827075               0       1.0000000
nonmover    1120153       0.6198430       0.6864953               0       1.0000000
-----------------------------------------------------------------------------------
The SAS System                                                                          23:21 Friday, March 22, 2019   2

The MEANS Procedure

Variable         N            Mean         Std Dev         Minimum         Maximum
----------------------------------------------------------------------------------
imm         914154               0               0               0               0
female      914154       1.0000000               0       1.0000000       1.0000000
logwage2    914154       1.5544747       0.7943902       0.7770287       4.9767337
educ        914154      12.5692990       3.6044959               0      20.0000000
exp         914154      17.3228668      17.9200335       1.0000000      45.0000000
rmsa0       914154       0.2293990       0.5946012               0       1.0000000
rmsa1       914154       0.1310961       0.4773050               0       1.0000000
homey       914154       0.6411907       0.6783295               0       1.0000000
nonmover    914154       0.6299070       0.6828242               0       1.0000000
----------------------------------------------------------------------------------
The SAS System                                                                          23:21 Friday, March 22, 2019   3

The MEANS Procedure

Variable         N            Mean         Std Dev         Minimum         Maximum
----------------------------------------------------------------------------------
imm         164706       1.0000000               0       1.0000000       1.0000000
female      164706               0               0               0               0
logwage2    164706       1.8863702       0.6663579       0.7770287       4.9767337
educ        164706      11.5466043       4.7298295               0      20.0000000
exp         164706      18.7078188      12.1733293       1.0000000      45.0000000
rmsa0       164706       0.0636407       0.2441125               0       1.0000000
rmsa1       164706       0.0720678       0.2586009               0       1.0000000
----------------------------------------------------------------------------------
The SAS System                                                                          23:21 Friday, March 22, 2019   4

The MEANS Procedure

Variable         N            Mean         Std Dev         Minimum         Maximum
----------------------------------------------------------------------------------
imm         131274       1.0000000               0       1.0000000       1.0000000
female      131274       1.0000000               0       1.0000000       1.0000000
logwage2    131274       1.5537440       0.5854669       0.7770287       4.9767337
educ        131274      11.4222771       4.1117149               0      20.0000000
exp         131274      19.4075978      12.1334358       1.0000000      45.0000000
rmsa0       131274       0.0689093       0.2533008               0       1.0000000
rmsa1       131274       0.0735865       0.2610978               0       1.0000000
----------------------------------------------------------------------------------
The SAS System                                                                          23:21 Friday, March 22, 2019   5

The GLM Procedure

         Class Level Information
 
Class         Levels    Values

eclass             4    1 2 3 4           

xclass             9    1 2 3 4 5 6 7 8 9 

homey              2    0 1               


Number of Observations Read     1120153
Number of Observations Used     1120153
The SAS System                                                                          23:21 Friday, March 22, 2019   6

The GLM Procedure
 
Dependent Variable: logwage2   

Weight: wt

                                        Sum of
Source                      DF         Squares     Mean Square    F Value    Pr > F

Model                       55     220593.2211       4010.7858    6962.02    <.0001

Error                   1.12E6     645282.7811          0.5761                     

Corrected Total         1.12E6     865876.0022                                     


R-Square     Coeff Var      Root MSE    logwage2 Mean

0.254763      38.84431      0.759010         1.953979


Source                      DF       Type I SS     Mean Square    F Value    Pr > F

exp                          1     63342.56590     63342.56590     109952    <.0001
exp2                         1     39369.80407     39369.80407    68339.0    <.0001
exp3                         1      1960.06652      1960.06652    3402.33    <.0001
educ                         1     82356.69038     82356.69038     142957    <.0001
eclass*xclass               35      7754.21213       221.54892     384.57    <.0001
inschool                     1       858.67374       858.67374    1490.51    <.0001
advanced                     1       218.80878       218.80878     379.81    <.0001
ft                           1      2232.72277      2232.72277    3875.61    <.0001
lowhrs                       1      8964.95024      8964.95024    15561.6    <.0001
hisp_ed                      1       222.55922       222.55922     386.32    <.0001
hisp_coll                    1         2.86848         2.86848       4.98    0.0257
black_ed                     1      4322.02026      4322.02026    7502.26    <.0001
black_coll                   1       163.80101       163.80101     284.33    <.0001
asian_ed                     1         0.00058         0.00058       0.00    0.9746
asian_coll                   1         0.48730         0.48730       0.85    0.3577
eclass*homey                 4       641.31751       160.32938     278.30    <.0001
rmsa0                        1      6961.13836      6961.13836    12083.3    <.0001
rmsa1                        1      1220.53388      1220.53388    2118.63    <.0001


Source                      DF     Type III SS     Mean Square    F Value    Pr > F

exp                          1     3368.738762     3368.738762    5847.54    <.0001
exp2                         1      684.254425      684.254425    1187.74    <.0001
exp3                         1      184.362041      184.362041     320.02    <.0001
educ                         1     3431.100310     3431.100310    5955.78    <.0001
eclass*xclass               32     2664.921455       83.278795     144.56    <.0001
inschool                     1     1950.357057     1950.357057    3385.48    <.0001
advanced                     1      250.331194      250.331194     434.53    <.0001
ft                           1      296.875794      296.875794     515.32    <.0001
lowhrs                       1     9326.172691     9326.172691    16188.6    <.0001
hisp_ed                      1      585.251979      585.251979    1015.89    <.0001
hisp_coll                    1        4.004166        4.004166       6.95    0.0084
black_ed                     1     5123.938762     5123.938762    8894.25    <.0001
black_coll                   1      205.361534      205.361534     356.47    <.0001
The SAS System                                                                          23:21 Friday, March 22, 2019   7

The GLM Procedure
 
Dependent Variable: logwage2   

Source                      DF     Type III SS     Mean Square    F Value    Pr > F

asian_ed                     1        3.481247        3.481247       6.04    0.0140
asian_coll                   1        0.016030        0.016030       0.03    0.8675
eclass*homey                 4      632.276220      158.069055     274.38    <.0001
rmsa0                        1     7951.989457     7951.989457    13803.2    <.0001
rmsa1                        1     1220.533881     1220.533881    2118.63    <.0001


                                            Standard
Parameter                 Estimate             Error    t Value    Pr > |t|

Intercept             0.9728997167 B      0.01985992      48.99      <.0001
exp                   0.0733512453        0.00095923      76.47      <.0001
exp2                  -.1976293315        0.00573442     -34.46      <.0001
exp3                  0.0157590543        0.00088093      17.89      <.0001
educ                  0.0351800511        0.00045586      77.17      <.0001
eclass*xclass 1 1     -.2587132986 B      0.01846701     -14.01      <.0001
eclass*xclass 1 2     -.2163892017 B      0.01811288     -11.95      <.0001
eclass*xclass 1 3     -.2422577519 B      0.01733648     -13.97      <.0001
eclass*xclass 1 4     -.2463417164 B      0.01615928     -15.24      <.0001
eclass*xclass 1 5     -.2376480038 B      0.01486976     -15.98      <.0001
eclass*xclass 1 6     -.2173428815 B      0.01362177     -15.96      <.0001
eclass*xclass 1 7     -.1592798455 B      0.01221479     -13.04      <.0001
eclass*xclass 1 8     -.1116277209 B      0.01064871     -10.48      <.0001
eclass*xclass 1 9     -.0913965797 B      0.00985426      -9.27      <.0001
eclass*xclass 2 1     0.0109471618 B      0.01825470       0.60      0.5487
eclass*xclass 2 2     -.0086841776 B      0.01780141      -0.49      0.6257
eclass*xclass 2 3     -.0518561919 B      0.01692891      -3.06      0.0022
eclass*xclass 2 4     -.0680976126 B      0.01572524      -4.33      <.0001
eclass*xclass 2 5     -.0919238985 B      0.01445596      -6.36      <.0001
eclass*xclass 2 6     -.0780207029 B      0.01318373      -5.92      <.0001
eclass*xclass 2 7     -.0646217171 B      0.01185858      -5.45      <.0001
eclass*xclass 2 8     -.0358189873 B      0.01030514      -3.48      0.0005
eclass*xclass 2 9     -.0484587209 B      0.00963955      -5.03      <.0001
eclass*xclass 3 1     0.0437188696 B      0.01827158       2.39      0.0167
eclass*xclass 3 2     0.0244940015 B      0.01779785       1.38      0.1687
eclass*xclass 3 3     0.0037156216 B      0.01703196       0.22      0.8273
eclass*xclass 3 4     -.0111365433 B      0.01594797      -0.70      0.4850
eclass*xclass 3 5     -.0453240056 B      0.01478030      -3.07      0.0022
eclass*xclass 3 6     -.0398515918 B      0.01359348      -2.93      0.0034
eclass*xclass 3 7     -.0277714604 B      0.01237752      -2.24      0.0249
eclass*xclass 3 8     -.0107293958 B      0.01116003      -0.96      0.3363
eclass*xclass 3 9     -.0533983137 B      0.01146003      -4.66      <.0001
eclass*xclass 4 1     0.1066759353 B      0.01814429       5.88      <.0001
eclass*xclass 4 2     0.1080678446 B      0.01762446       6.13      <.0001
eclass*xclass 4 3     0.1426340257 B      0.01681847       8.48      <.0001
eclass*xclass 4 4     0.1416682470 B      0.01571410       9.02      <.0001
eclass*xclass 4 5     0.1323906528 B      0.01443415       9.17      <.0001
eclass*xclass 4 6     0.1178651882 B      0.01320208       8.93      <.0001
eclass*xclass 4 7     0.1281739993 B      0.01199490      10.69      <.0001
eclass*xclass 4 8     0.1039861295 B      0.01103577       9.42      <.0001
eclass*xclass 4 9     0.0000000000 B       .                .         .    
inschool              -.1234819602        0.00212224     -58.18      <.0001
The SAS System                                                                          23:21 Friday, March 22, 2019   8

The GLM Procedure
 
Dependent Variable: logwage2   

                                            Standard
Parameter                 Estimate             Error    t Value    Pr > |t|

advanced              -.0528722982        0.00253640     -20.85      <.0001
ft                    0.0391898264        0.00172637      22.70      <.0001
lowhrs                0.2920688193        0.00229552     127.23      <.0001
hisp_ed               -.0078419946        0.00024604     -31.87      <.0001
hisp_coll             0.0261023569        0.00990081       2.64      0.0084
black_ed              -.0151267196        0.00016039     -94.31      <.0001
black_coll            0.1180678372        0.00625344      18.88      <.0001
asian_ed              -.0015898064        0.00064673      -2.46      0.0140
asian_coll            0.0027921165        0.01673817       0.17      0.8675
eclass*homey  1 0     0.0315054476 B      0.00225663      13.96      <.0001
eclass*homey  1 1     0.0000000000 B       .                .         .    
eclass*homey  2 0     -.0437456003 B      0.00176979     -24.72      <.0001
eclass*homey  2 1     0.0000000000 B       .                .         .    
eclass*homey  3 0     -.0327391635 B      0.00240961     -13.59      <.0001
eclass*homey  3 1     0.0000000000 B       .                .         .    
eclass*homey  4 0     0.0235799617 B      0.00230492      10.23      <.0001
eclass*homey  4 1     0.0000000000 B       .                .         .    
rmsa0                 -.1479648991        0.00125941    -117.49      <.0001
rmsa1                 -.0700664819        0.00152224     -46.03      <.0001

NOTE: The X'X matrix has been found to be singular, and a generalized inverse was used to solve the normal equations.  
      Terms whose estimates are followed by the letter 'B' are not uniquely estimable.
The SAS System                                                                          23:21 Friday, March 22, 2019   9

The GLM Procedure

         Class Level Information
 
Class         Levels    Values

eclass             4    1 2 3 4           

xclass             9    1 2 3 4 5 6 7 8 9 

homey              2    0 1               


Number of Observations Read      914154
Number of Observations Used      914154
The SAS System                                                                          23:21 Friday, March 22, 2019  10

The GLM Procedure
 
Dependent Variable: logwage2   

Weight: wt

                                        Sum of
Source                      DF         Squares     Mean Square    F Value    Pr > F

Model                       55      86576.5229       1574.1186    2934.70    <.0001

Error                   914098     490304.9771          0.5364                     

Corrected Total         914153     576881.5000                                     


R-Square     Coeff Var      Root MSE    logwage2 Mean

0.150077      47.11434      0.732380         1.554475


Source                      DF       Type I SS     Mean Square    F Value    Pr > F

exp                          1      2689.03987      2689.03987    5013.30    <.0001
exp2                         1      3989.95412      3989.95412    7438.65    <.0001
exp3                         1      1403.83607      1403.83607    2617.24    <.0001
educ                         1     60447.37994     60447.37994     112695    <.0001
eclass*xclass               35      6600.64822       188.58995     351.60    <.0001
inschool                     1        77.94719        77.94719     145.32    <.0001
advanced                     1       864.61485       864.61485    1611.94    <.0001
ft                           1        68.30181        68.30181     127.34    <.0001
lowhrs                       1      3031.39172      3031.39172    5651.56    <.0001
hisp_ed                      1        31.93107        31.93107      59.53    <.0001
hisp_coll                    1         0.71139         0.71139       1.33    0.2495
black_ed                     1       400.56715       400.56715     746.80    <.0001
black_coll                   1       112.14021       112.14021     209.07    <.0001
asian_ed                     1        88.34693        88.34693     164.71    <.0001
asian_coll                   1        11.23970        11.23970      20.95    <.0001
eclass*homey                 4       232.16918        58.04230     108.21    <.0001
rmsa0                        1      5238.84124      5238.84124    9767.01    <.0001
rmsa1                        1      1287.46222      1287.46222    2400.27    <.0001


Source                      DF     Type III SS     Mean Square    F Value    Pr > F

exp                          1     1149.553574     1149.553574    2143.17    <.0001
exp2                         1      409.833701      409.833701     764.07    <.0001
exp3                         1      214.071257      214.071257     399.10    <.0001
educ                         1      646.971519      646.971519    1206.18    <.0001
eclass*xclass               32      868.625746       27.144555      50.61    <.0001
inschool                     1       18.802651       18.802651      35.05    <.0001
advanced                     1      935.439608      935.439608    1743.98    <.0001
ft                           1     1519.088569     1519.088569    2832.11    <.0001
lowhrs                       1     3096.416616     3096.416616    5772.79    <.0001
hisp_ed                      1        1.913183        1.913183       3.57    0.0589
hisp_coll                    1        0.414281        0.414281       0.77    0.3795
black_ed                     1       27.370117       27.370117      51.03    <.0001
black_coll                   1      149.047449      149.047449     277.88    <.0001
The SAS System                                                                          23:21 Friday, March 22, 2019  11

The GLM Procedure
 
Dependent Variable: logwage2   

Source                      DF     Type III SS     Mean Square    F Value    Pr > F

asian_ed                     1       51.771569       51.771569      96.52    <.0001
asian_coll                   1        9.084185        9.084185      16.94    <.0001
eclass*homey                 4      175.370664       43.842666      81.74    <.0001
rmsa0                        1     6171.053653     6171.053653    11505.0    <.0001
rmsa1                        1     1287.462224     1287.462224    2400.27    <.0001


                                            Standard
Parameter                 Estimate             Error    t Value    Pr > |t|

Intercept              1.201083313 B      0.02243626      53.53      <.0001
exp                    0.045708066        0.00098734      46.29      <.0001
exp2                  -0.165832669        0.00599933     -27.64      <.0001
exp3                   0.018657125        0.00093390      19.98      <.0001
educ                   0.019905121        0.00057314      34.73      <.0001
eclass*xclass 1 1     -0.390912603 B      0.02062217     -18.96      <.0001
eclass*xclass 1 2     -0.408990531 B      0.02028242     -20.16      <.0001
eclass*xclass 1 3     -0.428530151 B      0.01945411     -22.03      <.0001
eclass*xclass 1 4     -0.443917500 B      0.01824430     -24.33      <.0001
eclass*xclass 1 5     -0.430998990 B      0.01699380     -25.36      <.0001
eclass*xclass 1 6     -0.405295279 B      0.01578042     -25.68      <.0001
eclass*xclass 1 7     -0.376437111 B      0.01441106     -26.12      <.0001
eclass*xclass 1 8     -0.353058555 B      0.01289915     -27.37      <.0001
eclass*xclass 1 9     -0.362781048 B      0.01212104     -29.93      <.0001
eclass*xclass 2 1     -0.245696799 B      0.02028848     -12.11      <.0001
eclass*xclass 2 2     -0.262185601 B      0.01979994     -13.24      <.0001
eclass*xclass 2 3     -0.314209403 B      0.01889995     -16.62      <.0001
eclass*xclass 2 4     -0.346774748 B      0.01770151     -19.59      <.0001
eclass*xclass 2 5     -0.340394420 B      0.01644507     -20.70      <.0001
eclass*xclass 2 6     -0.312553482 B      0.01519278     -20.57      <.0001
eclass*xclass 2 7     -0.275703566 B      0.01383861     -19.92      <.0001
eclass*xclass 2 8     -0.251688840 B      0.01234333     -20.39      <.0001
eclass*xclass 2 9     -0.257611181 B      0.01166764     -22.08      <.0001
eclass*xclass 3 1     -0.151382627 B      0.02026507      -7.47      <.0001
eclass*xclass 3 2     -0.149958186 B      0.01981229      -7.57      <.0001
eclass*xclass 3 3     -0.197613031 B      0.01901792     -10.39      <.0001
eclass*xclass 3 4     -0.236598833 B      0.01791941     -13.20      <.0001
eclass*xclass 3 5     -0.233729988 B      0.01679657     -13.92      <.0001
eclass*xclass 3 6     -0.217514239 B      0.01561165     -13.93      <.0001
eclass*xclass 3 7     -0.175659420 B      0.01438402     -12.21      <.0001
eclass*xclass 3 8     -0.153747751 B      0.01318965     -11.66      <.0001
eclass*xclass 3 9     -0.192056008 B      0.01352292     -14.20      <.0001
eclass*xclass 4 1      0.022595610 B      0.02013027       1.12      0.2617
eclass*xclass 4 2      0.041758917 B      0.01964951       2.13      0.0336
eclass*xclass 4 3      0.012962319 B      0.01887789       0.69      0.4923
eclass*xclass 4 4     -0.022657498 B      0.01784477      -1.27      0.2042
eclass*xclass 4 5     -0.002064788 B      0.01673239      -0.12      0.9018
eclass*xclass 4 6      0.031631227 B      0.01555179       2.03      0.0420
eclass*xclass 4 7      0.083298750 B      0.01451365       5.74      <.0001
eclass*xclass 4 8      0.109879806 B      0.01363395       8.06      <.0001
eclass*xclass 4 9      0.000000000 B       .                .         .    
inschool               0.012549152        0.00211954       5.92      <.0001
The SAS System                                                                          23:21 Friday, March 22, 2019  12

The GLM Procedure
 
Dependent Variable: logwage2   

                                            Standard
Parameter                 Estimate             Error    t Value    Pr > |t|

advanced               0.125182983        0.00299760      41.76      <.0001
ft                     0.077272703        0.00145202      53.22      <.0001
lowhrs                 0.125767587        0.00165530      75.98      <.0001
hisp_ed                0.000509620        0.00026984       1.89      0.0589
hisp_coll              0.010320472        0.01174326       0.88      0.3795
black_ed               0.001104019        0.00015455       7.14      <.0001
black_coll             0.092677272        0.00555965      16.67      <.0001
asian_ed               0.006362907        0.00064766       9.82      <.0001
asian_coll            -0.071449188        0.01736165      -4.12      <.0001
eclass*homey  1 0      0.018362341 B      0.00263195       6.98      <.0001
eclass*homey  1 1      0.000000000 B       .                .         .    
eclass*homey  2 0      0.004650390 B      0.00173579       2.68      0.0074
eclass*homey  2 1      0.000000000 B       .                .         .    
eclass*homey  3 0     -0.007087247 B      0.00251986      -2.81      0.0049
eclass*homey  3 1      0.000000000 B       .                .         .    
eclass*homey  4 0     -0.044686085 B      0.00275623     -16.21      <.0001
eclass*homey  4 1      0.000000000 B       .                .         .    
rmsa0                 -0.143751169        0.00134020    -107.26      <.0001
rmsa1                 -0.080800948        0.00164925     -48.99      <.0001

NOTE: The X'X matrix has been found to be singular, and a generalized inverse was used to solve the normal equations.  
      Terms whose estimates are followed by the letter 'B' are not uniquely estimable.
The SAS System                                                                          23:21 Friday, March 22, 2019  13

The GLM Procedure

                                                Class Level Information
 
Class       Levels  Values

ic              38  1 2 3 4 5 6 7 8 9 10 11 12 13 14 15 16 17 18 19 20 21 22 23 24 25 26 27 28 29 30 31 32 33 34 35 36  
                    37 38                                                                                               

eclass           4  1 2 3 4                                                                                             

xclass           9  1 2 3 4 5 6 7 8 9                                                                                   


Number of Observations Read      164706
Number of Observations Used      164706
The SAS System                                                                          23:21 Friday, March 22, 2019  14

The GLM Procedure
 
Dependent Variable: logwage2   

Weight: wt

                                        Sum of
Source                      DF         Squares     Mean Square    F Value    Pr > F

Model                      168     20197.47207       120.22305     373.67    <.0001

Error                   164537     52936.95633         0.32173                     

Corrected Total         164705     73134.42841                                     


R-Square     Coeff Var      Root MSE    logwage2 Mean

0.276169      30.06912      0.567215         1.886370


Source                      DF       Type I SS     Mean Square    F Value    Pr > F

exp                          1     2982.799787     2982.799787    9271.05    <.0001
exp2                         1     1636.767757     1636.767757    5087.35    <.0001
exp3                         1       66.800563       66.800563     207.63    <.0001
educ                         1     9716.123500     9716.123500    30199.4    <.0001
eclass*xclass               35      551.691274       15.762608      48.99    <.0001
inschool                     1      107.328397      107.328397     333.59    <.0001
advanced                     1       24.220032       24.220032      75.28    <.0001
ft                           1      414.448508      414.448508    1288.18    <.0001
lowhrs                       1     1110.707863     1110.707863    3452.27    <.0001
mex_ed                       1       65.241591       65.241591     202.78    <.0001
mex_coll                     1        2.409839        2.409839       7.49    0.0062
euro_ed                      1     1108.975399     1108.975399    3446.88    <.0001
euro_coll                    1      140.293093      140.293093     436.05    <.0001
hisp_ed                      1       16.094356       16.094356      50.02    <.0001
hisp_coll                    1        2.115132        2.115132       6.57    0.0103
hi_asian_ed                  1       11.245073       11.245073      34.95    <.0001
hi_asian_coll                1        4.208835        4.208835      13.08    0.0003
mid_asian_ed                 1       31.410479       31.410479      97.63    <.0001
mid_asian_coll               1        5.465762        5.465762      16.99    <.0001
ic                          37      711.838482       19.238878      59.80    <.0001
yrsinus*ic                  38     1027.476230       27.038848      84.04    <.0001
yrsinus2*ic                 38      279.251387        7.348721      22.84    <.0001
rmsa0                        1      135.284484      135.284484     420.49    <.0001
rmsa1                        1       45.274251       45.274251     140.72    <.0001


Source                      DF     Type III SS     Mean Square    F Value    Pr > F

exp                          1      148.198845      148.198845     460.63    <.0001
exp2                         1       43.328731       43.328731     134.67    <.0001
exp3                         1       12.636083       12.636083      39.28    <.0001
educ                         1      118.964677      118.964677     369.76    <.0001
eclass*xclass               35      291.114988        8.317571      25.85    <.0001
inschool                     1      145.755134      145.755134     453.03    <.0001
advanced                     1       62.927653       62.927653     195.59    <.0001
The SAS System                                                                          23:21 Friday, March 22, 2019  15

The GLM Procedure
 
Dependent Variable: logwage2   

Source                      DF     Type III SS     Mean Square    F Value    Pr > F

ft                           1        3.811327        3.811327      11.85    0.0006
lowhrs                       1     1244.088313     1244.088313    3866.84    <.0001
mex_ed                       1        8.047460        8.047460      25.01    <.0001
mex_coll                     1       10.293827       10.293827      31.99    <.0001
euro_ed                      1       17.419723       17.419723      54.14    <.0001
euro_coll                    1        1.200481        1.200481       3.73    0.0534
hisp_ed                      1       15.026883       15.026883      46.71    <.0001
hisp_coll                    1        0.013658        0.013658       0.04    0.8368
hi_asian_ed                  1        2.138153        2.138153       6.65    0.0099
hi_asian_coll                1        2.427128        2.427128       7.54    0.0060
mid_asian_ed                 1        8.955460        8.955460      27.84    <.0001
mid_asian_coll               1        0.042871        0.042871       0.13    0.7151
ic                          37      667.691057       18.045704      56.09    <.0001
yrsinus*ic                  38      665.152019       17.504001      54.41    <.0001
yrsinus2*ic                 38      273.308278        7.192323      22.35    <.0001
rmsa0                        1      148.836379      148.836379     462.61    <.0001
rmsa1                        1       45.274251       45.274251     140.72    <.0001


                                             Standard
Parameter                  Estimate             Error    t Value    Pr > |t|

Intercept               1.072985359 B      0.05381028      19.94      <.0001
exp                     0.064299309        0.00299593      21.46      <.0001
exp2                   -0.192199426        0.01656196     -11.60      <.0001
exp3                    0.015513775        0.00247548       6.27      <.0001
educ                    0.022820127        0.00118674      19.23      <.0001
eclass*xclass  1 1     -0.247177930 B      0.04818292      -5.13      <.0001
eclass*xclass  1 2     -0.241643505 B      0.04680584      -5.16      <.0001
eclass*xclass  1 3     -0.256862269 B      0.04476010      -5.74      <.0001
eclass*xclass  1 4     -0.282839819 B      0.04192139      -6.75      <.0001
eclass*xclass  1 5     -0.267938706 B      0.03867615      -6.93      <.0001
eclass*xclass  1 6     -0.255756089 B      0.03541943      -7.22      <.0001
eclass*xclass  1 7     -0.197715185 B      0.03177081      -6.22      <.0001
eclass*xclass  1 8     -0.151624556 B      0.02727909      -5.56      <.0001
eclass*xclass  1 9     -0.117203366 B      0.02458093      -4.77      <.0001
eclass*xclass  2 1     -0.160701967 B      0.04798288      -3.35      0.0008
eclass*xclass  2 2     -0.165545584 B      0.04657086      -3.55      0.0004
eclass*xclass  2 3     -0.201624525 B      0.04452953      -4.53      <.0001
eclass*xclass  2 4     -0.204688489 B      0.04176357      -4.90      <.0001
eclass*xclass  2 5     -0.196917232 B      0.03856907      -5.11      <.0001
eclass*xclass  2 6     -0.179479413 B      0.03529907      -5.08      <.0001
eclass*xclass  2 7     -0.151270499 B      0.03173785      -4.77      <.0001
eclass*xclass  2 8     -0.115954399 B      0.02718534      -4.27      <.0001
eclass*xclass  2 9     -0.102547839 B      0.02563624      -4.00      <.0001
eclass*xclass  3 1     -0.069481462 B      0.04793503      -1.45      0.1472
eclass*xclass  3 2     -0.084670245 B      0.04654625      -1.82      0.0689
eclass*xclass  3 3     -0.101725112 B      0.04472866      -2.27      0.0230
eclass*xclass  3 4     -0.106826787 B      0.04211036      -2.54      0.0112
eclass*xclass  3 5     -0.117245648 B      0.03928971      -2.98      0.0028
eclass*xclass  3 6     -0.122418048 B      0.03636252      -3.37      0.0008
eclass*xclass  3 7     -0.094141148 B      0.03307971      -2.85      0.0044
The SAS System                                                                          23:21 Friday, March 22, 2019  16

The GLM Procedure
 
Dependent Variable: logwage2   

                                             Standard
Parameter                  Estimate             Error    t Value    Pr > |t|

eclass*xclass  3 8     -0.021716300 B      0.02964295      -0.73      0.4638
eclass*xclass  3 9     -0.017648479 B      0.03046369      -0.58      0.5624
eclass*xclass  4 1      0.004300101 B      0.04684091       0.09      0.9269
eclass*xclass  4 2      0.000961097 B      0.04511424       0.02      0.9830
eclass*xclass  4 3      0.047415797 B      0.04306349       1.10      0.2709
eclass*xclass  4 4      0.037542089 B      0.04011864       0.94      0.3494
eclass*xclass  4 5      0.051184877 B      0.03701685       1.38      0.1667
eclass*xclass  4 6      0.080055441 B      0.03373728       2.37      0.0176
eclass*xclass  4 7      0.075459265 B      0.03014709       2.50      0.0123
eclass*xclass  4 8      0.057484206 B      0.02711069       2.12      0.0340
eclass*xclass  4 9      0.000000000 B       .                .         .    
inschool               -0.117857680        0.00553724     -21.28      <.0001
advanced                0.093769126        0.00670482      13.99      <.0001
ft                      0.015399520        0.00447421       3.44      0.0006
lowhrs                  0.360400948        0.00579573      62.18      <.0001
mex_ed                  0.006399707        0.00127961       5.00      <.0001
mex_coll               -0.132229021        0.02337685      -5.66      <.0001
euro_ed                -0.009482008        0.00128863      -7.36      <.0001
euro_coll               0.025859544        0.01338723       1.93      0.0534
hisp_ed                -0.004364793        0.00063867      -6.83      <.0001
hisp_coll               0.002875161        0.01395469       0.21      0.8368
hi_asian_ed            -0.007180228        0.00278526      -2.58      0.0099
hi_asian_coll           0.058033620        0.02112910       2.75      0.0060
mid_asian_ed            0.010343192        0.00196046       5.28      <.0001
mid_asian_coll          0.006753107        0.01849997       0.37      0.7151
ic             1       -0.125015507 B      0.01895483      -6.60      <.0001
ic             2       -0.299658003 B      0.03027732      -9.90      <.0001
ic             3       -0.108325958 B      0.04179079      -2.59      0.0095
ic             4       -0.244790021 B      0.04031625      -6.07      <.0001
ic             5       -0.174058736 B      0.03520938      -4.94      <.0001
ic             6       -0.415250946 B      0.03135388     -13.24      <.0001
ic             7       -0.147935273 B      0.02949767      -5.02      <.0001
ic             8       -0.174803030 B      0.03368525      -5.19      <.0001
ic             9       -0.137710187 B      0.04245939      -3.24      0.0012
ic             10      -0.084676636 B      0.03074557      -2.75      0.0059
ic             11       0.466244885 B      0.02877340      16.20      <.0001
ic             12      -0.118462894 B      0.03481837      -3.40      0.0007
ic             13      -0.189756975 B      0.04492894      -4.22      <.0001
ic             14       0.525242205 B      0.03471554      15.13      <.0001
ic             15      -0.279385130 B      0.04018303      -6.95      <.0001
ic             16       0.022589862 B      0.03524262       0.64      0.5215
ic             17      -0.145692167 B      0.05220218      -2.79      0.0053
ic             18       0.469710019 B      0.02759598      17.02      <.0001
ic             19       0.229223607 B      0.02912900       7.87      <.0001
ic             20      -0.131231657 B      0.04478913      -2.93      0.0034
ic             21       0.396050970 B      0.04349795       9.11      <.0001
ic             22      -0.109726149 B      0.04731764      -2.32      0.0204
ic             23       0.006007480 B      0.06556897       0.09      0.9270
ic             24      -0.107476995 B      0.04960536      -2.17      0.0303
ic             25      -0.165289439 B      0.03384729      -4.88      <.0001
ic             26      -0.140420594 B      0.05733861      -2.45      0.0143
The SAS System                                                                          23:21 Friday, March 22, 2019  17

The GLM Procedure
 
Dependent Variable: logwage2   

                                             Standard
Parameter                  Estimate             Error    t Value    Pr > |t|

ic             27      -0.112286780 B      0.05261773      -2.13      0.0328
ic             28      -0.127174396 B      0.06153527      -2.07      0.0388
ic             29      -0.053810165 B      0.05782309      -0.93      0.3521
ic             30      -0.106718120 B      0.04923405      -2.17      0.0302
ic             31       0.223377544 B      0.02205240      10.13      <.0001
ic             32       0.154920928 B      0.03386642       4.57      <.0001
ic             33       0.000740247 B      0.02615579       0.03      0.9774
ic             34      -0.218105965 B      0.02633026      -8.28      <.0001
ic             35       0.053179852 B      0.02798326       1.90      0.0574
ic             36      -0.115989258 B      0.02575656      -4.50      <.0001
ic             37      -0.069167313 B      0.02974558      -2.33      0.0201
ic             38       0.000000000 B       .                .         .    
yrsinus*ic     1        0.023504687        0.00101412      23.18      <.0001
yrsinus*ic     2        0.026592623        0.00238238      11.16      <.0001
yrsinus*ic     3        0.056389311        0.00363794      15.50      <.0001
yrsinus*ic     4        0.033950238        0.01137573       2.98      0.0028
yrsinus*ic     5        0.024597534        0.00593936       4.14      <.0001
yrsinus*ic     6        0.028859247        0.00276871      10.42      <.0001
yrsinus*ic     7        0.026209124        0.00285068       9.19      <.0001
yrsinus*ic     8        0.016542457        0.00454936       3.64      0.0003
yrsinus*ic     9        0.043223948        0.00532065       8.12      <.0001
yrsinus*ic     10       0.023080615        0.00392306       5.88      <.0001
yrsinus*ic     11      -0.002489036        0.00203619      -1.22      0.2216
yrsinus*ic     12       0.027504249        0.00447076       6.15      <.0001
yrsinus*ic     13       0.039553881        0.00699148       5.66      <.0001
yrsinus*ic     14      -0.010461343        0.00239346      -4.37      <.0001
yrsinus*ic     15       0.022639116        0.00615967       3.68      0.0002
yrsinus*ic     16       0.030936002        0.00298464      10.37      <.0001
yrsinus*ic     17       0.048631150        0.00763378       6.37      <.0001
yrsinus*ic     18      -0.000016819        0.00210881      -0.01      0.9936
yrsinus*ic     19       0.013015470        0.00225785       5.76      <.0001
yrsinus*ic     20       0.025564037        0.00603627       4.24      <.0001
yrsinus*ic     21      -0.009411367        0.00435482      -2.16      0.0307
yrsinus*ic     22       0.038723947        0.00570322       6.79      <.0001
yrsinus*ic     23       0.001705230        0.00828520       0.21      0.8369
yrsinus*ic     24       0.025808673        0.00685499       3.76      0.0002
yrsinus*ic     25       0.038536566        0.00515421       7.48      <.0001
yrsinus*ic     26       0.019973301        0.00804439       2.48      0.0130
yrsinus*ic     27       0.015758384        0.00807186       1.95      0.0509
yrsinus*ic     28       0.053107621        0.00931552       5.70      <.0001
yrsinus*ic     29       0.025514156        0.00653333       3.91      <.0001
yrsinus*ic     30       0.025688606        0.00674099       3.81      0.0001
yrsinus*ic     31       0.010537386        0.00130286       8.09      <.0001
yrsinus*ic     32       0.021159852        0.00280290       7.55      <.0001
yrsinus*ic     33       0.020415227        0.00336690       6.06      <.0001
yrsinus*ic     34       0.042918523        0.00385879      11.12      <.0001
yrsinus*ic     35       0.017466578        0.00330982       5.28      <.0001
yrsinus*ic     36       0.025480445        0.00339149       7.51      <.0001
yrsinus*ic     37       0.018113486        0.00333182       5.44      <.0001
yrsinus*ic     38       0.009759546        0.00175519       5.56      <.0001
yrsinus2*ic    1       -0.000415115        0.00002637     -15.74      <.0001
The SAS System                                                                          23:21 Friday, March 22, 2019  18

The GLM Procedure
 
Dependent Variable: logwage2   

                                             Standard
Parameter                  Estimate             Error    t Value    Pr > |t|

yrsinus2*ic    2       -0.000363156        0.00006153      -5.90      <.0001
yrsinus2*ic    3       -0.001256717        0.00011858     -10.60      <.0001
yrsinus2*ic    4       -0.001030737        0.00039353      -2.62      0.0088
yrsinus2*ic    5       -0.000207443        0.00017172      -1.21      0.2270
yrsinus2*ic    6       -0.000428309        0.00006537      -6.55      <.0001
yrsinus2*ic    7       -0.000386722        0.00007223      -5.35      <.0001
yrsinus2*ic    8       -0.000171549        0.00014313      -1.20      0.2307
yrsinus2*ic    9       -0.000938228        0.00019457      -4.82      <.0001
yrsinus2*ic    10      -0.000457026        0.00010067      -4.54      <.0001
yrsinus2*ic    11       0.000096509        0.00004262       2.26      0.0235
yrsinus2*ic    12      -0.000498868        0.00013238      -3.77      0.0002
yrsinus2*ic    13      -0.000844142        0.00020967      -4.03      <.0001
yrsinus2*ic    14       0.000278628        0.00004831       5.77      <.0001
yrsinus2*ic    15      -0.000197417        0.00020668      -0.96      0.3395
yrsinus2*ic    16      -0.000455457        0.00006416      -7.10      <.0001
yrsinus2*ic    17      -0.001053307        0.00027753      -3.80      0.0001
yrsinus2*ic    18       0.000023486        0.00004782       0.49      0.6234
yrsinus2*ic    19      -0.000154963        0.00004789      -3.24      0.0012
yrsinus2*ic    20      -0.000365940        0.00018512      -1.98      0.0481
yrsinus2*ic    21       0.000239780        0.00013358       1.80      0.0726
yrsinus2*ic    22      -0.000564701        0.00018492      -3.05      0.0023
yrsinus2*ic    23       0.000208325        0.00020764       1.00      0.3157
yrsinus2*ic    24      -0.000458162        0.00020621      -2.22      0.0263
yrsinus2*ic    25      -0.000538921        0.00012734      -4.23      <.0001
yrsinus2*ic    26      -0.000209621        0.00021201      -0.99      0.3228
yrsinus2*ic    27       0.000017440        0.00022717       0.08      0.9388
yrsinus2*ic    28      -0.001109029        0.00029278      -3.79      0.0002
yrsinus2*ic    29      -0.000349429        0.00017314      -2.02      0.0436
yrsinus2*ic    30      -0.000369964        0.00017257      -2.14      0.0320
yrsinus2*ic    31      -0.000075478        0.00002991      -2.52      0.0116
yrsinus2*ic    32      -0.000304078        0.00006102      -4.98      <.0001
yrsinus2*ic    33      -0.000355161        0.00008790      -4.04      <.0001
yrsinus2*ic    34      -0.000850712        0.00012060      -7.05      <.0001
yrsinus2*ic    35      -0.000262676        0.00008991      -2.92      0.0035
yrsinus2*ic    36      -0.000321145        0.00009411      -3.41      0.0006
yrsinus2*ic    37      -0.000244616        0.00008222      -2.97      0.0029
yrsinus2*ic    38      -0.000132851        0.00004086      -3.25      0.0011
rmsa0                  -0.125280857        0.00582476     -21.51      <.0001
rmsa1                  -0.064908544        0.00547172     -11.86      <.0001

NOTE: The X'X matrix has been found to be singular, and a generalized inverse was used to solve the normal equations.  
      Terms whose estimates are followed by the letter 'B' are not uniquely estimable.
The SAS System                                                                          23:21 Friday, March 22, 2019  19

The GLM Procedure

                                                Class Level Information
 
Class       Levels  Values

ic              38  1 2 3 4 5 6 7 8 9 10 11 12 13 14 15 16 17 18 19 20 21 22 23 24 25 26 27 28 29 30 31 32 33 34 35 36  
                    37 38                                                                                               

eclass           4  1 2 3 4                                                                                             

xclass           9  1 2 3 4 5 6 7 8 9                                                                                   


Number of Observations Read      131274
Number of Observations Used      131274
The SAS System                                                                          23:21 Friday, March 22, 2019  20

The GLM Procedure
 
Dependent Variable: logwage2   

Weight: wt

                                        Sum of
Source                      DF         Squares     Mean Square    F Value    Pr > F

Model                      168      6787.05927        40.39916     138.62    <.0001

Error                   131105     38209.58249         0.29144                     

Corrected Total         131273     44996.64176                                     


R-Square     Coeff Var      Root MSE    logwage2 Mean

0.150835      34.74538      0.539854         1.553744


Source                      DF       Type I SS     Mean Square    F Value    Pr > F

exp                          1       32.851185       32.851185     112.72    <.0001
exp2                         1      153.103678      153.103678     525.33    <.0001
exp3                         1       91.904498       91.904498     315.34    <.0001
educ                         1     3868.726393     3868.726393    13274.4    <.0001
eclass*xclass               35      706.171633       20.176332      69.23    <.0001
inschool                     1        4.752849        4.752849      16.31    <.0001
advanced                     1      102.059976      102.059976     350.19    <.0001
ft                           1      124.968102      124.968102     428.79    <.0001
lowhrs                       1      634.898713      634.898713    2178.47    <.0001
mex_ed                       1       37.260720       37.260720     127.85    <.0001
mex_coll                     1        0.816234        0.816234       2.80    0.0942
euro_ed                      1       19.228283       19.228283      65.98    <.0001
euro_coll                    1        3.858300        3.858300      13.24    0.0003
hisp_ed                      1       49.904655       49.904655     171.23    <.0001
hisp_coll                    1        1.061574        1.061574       3.64    0.0563
hi_asian_ed                  1       30.867595       30.867595     105.91    <.0001
hi_asian_coll                1        1.280940        1.280940       4.40    0.0360
mid_asian_ed                 1        1.447323        1.447323       4.97    0.0259
mid_asian_coll               1       10.849146       10.849146      37.23    <.0001
ic                          37      179.001003        4.837865      16.60    <.0001
yrsinus*ic                  38      365.265756        9.612257      32.98    <.0001
yrsinus2*ic                 38      134.863191        3.549031      12.18    <.0001
rmsa0                        1      165.874467      165.874467     569.15    <.0001
rmsa1                        1       66.043056       66.043056     226.61    <.0001


Source                      DF     Type III SS     Mean Square    F Value    Pr > F

exp                          1      49.8141532      49.8141532     170.92    <.0001
exp2                         1      22.5251754      22.5251754      77.29    <.0001
exp3                         1      11.6706905      11.6706905      40.04    <.0001
educ                         1      32.0814661      32.0814661     110.08    <.0001
eclass*xclass               35     319.6036643       9.1315333      31.33    <.0001
inschool                     1       0.0328778       0.0328778       0.11    0.7370
advanced                     1     129.9992513     129.9992513     446.05    <.0001
The SAS System                                                                          23:21 Friday, March 22, 2019  21

The GLM Procedure
 
Dependent Variable: logwage2   

Source                      DF     Type III SS     Mean Square    F Value    Pr > F

ft                           1      45.2514895      45.2514895     155.27    <.0001
lowhrs                       1     673.7904161     673.7904161    2311.91    <.0001
mex_ed                       1       0.0012235       0.0012235       0.00    0.9483
mex_coll                     1       0.3320149       0.3320149       1.14    0.2858
euro_ed                      1       2.2949798       2.2949798       7.87    0.0050
euro_coll                    1       0.7029255       0.7029255       2.41    0.1204
hisp_ed                      1      10.7984910      10.7984910      37.05    <.0001
hisp_coll                    1       0.1557258       0.1557258       0.53    0.4648
hi_asian_ed                  1       0.6663613       0.6663613       2.29    0.1305
hi_asian_coll                1       0.5963362       0.5963362       2.05    0.1526
mid_asian_ed                 1       0.0254018       0.0254018       0.09    0.7678
mid_asian_coll               1       2.5494473       2.5494473       8.75    0.0031
ic                          37     112.5443312       3.0417387      10.44    <.0001
yrsinus*ic                  38     294.9543980       7.7619578      26.63    <.0001
yrsinus2*ic                 38     132.4129689       3.4845518      11.96    <.0001
rmsa0                        1     186.3846130     186.3846130     639.52    <.0001
rmsa1                        1      66.0430556      66.0430556     226.61    <.0001


                                             Standard
Parameter                  Estimate             Error    t Value    Pr > |t|

Intercept               1.167214096 B      0.06111815      19.10      <.0001
exp                     0.041936696        0.00320770      13.07      <.0001
exp2                   -0.154289164        0.01755003      -8.79      <.0001
exp3                    0.016697294        0.00263860       6.33      <.0001
educ                    0.012939626        0.00123331      10.49      <.0001
eclass*xclass  1 1     -0.232371594 B      0.05538601      -4.20      <.0001
eclass*xclass  1 2     -0.224416107 B      0.05373877      -4.18      <.0001
eclass*xclass  1 3     -0.252787803 B      0.05164972      -4.89      <.0001
eclass*xclass  1 4     -0.278220704 B      0.04904056      -5.67      <.0001
eclass*xclass  1 5     -0.278427923 B      0.04618690      -6.03      <.0001
eclass*xclass  1 6     -0.252601509 B      0.04334961      -5.83      <.0001
eclass*xclass  1 7     -0.254052274 B      0.04013593      -6.33      <.0001
eclass*xclass  1 8     -0.221498886 B      0.03630581      -6.10      <.0001
eclass*xclass  1 9     -0.228206838 B      0.03414823      -6.68      <.0001
eclass*xclass  2 1     -0.128122218 B      0.05497318      -2.33      0.0198
eclass*xclass  2 2     -0.151902623 B      0.05330876      -2.85      0.0044
eclass*xclass  2 3     -0.190216006 B      0.05122222      -3.71      0.0002
eclass*xclass  2 4     -0.215588417 B      0.04857827      -4.44      <.0001
eclass*xclass  2 5     -0.241405372 B      0.04572425      -5.28      <.0001
eclass*xclass  2 6     -0.229960075 B      0.04294253      -5.36      <.0001
eclass*xclass  2 7     -0.199632768 B      0.03959625      -5.04      <.0001
eclass*xclass  2 8     -0.154637478 B      0.03591011      -4.31      <.0001
eclass*xclass  2 9     -0.150488079 B      0.03447995      -4.36      <.0001
eclass*xclass  3 1     -0.011770848 B      0.05496641      -0.21      0.8304
eclass*xclass  3 2     -0.006346642 B      0.05337784      -0.12      0.9054
eclass*xclass  3 3     -0.059935788 B      0.05150729      -1.16      0.2446
eclass*xclass  3 4     -0.094694396 B      0.04896363      -1.93      0.0531
eclass*xclass  3 5     -0.091067843 B      0.04651764      -1.96      0.0503
eclass*xclass  3 6     -0.112615920 B      0.04378859      -2.57      0.0101
eclass*xclass  3 7     -0.084529976 B      0.04081529      -2.07      0.0384
The SAS System                                                                          23:21 Friday, March 22, 2019  22

The GLM Procedure
 
Dependent Variable: logwage2   

                                             Standard
Parameter                  Estimate             Error    t Value    Pr > |t|

eclass*xclass  3 8     -0.027216477 B      0.03812318      -0.71      0.4753
eclass*xclass  3 9     -0.074392773 B      0.03979395      -1.87      0.0616
eclass*xclass  4 1      0.071132991 B      0.05368867       1.32      0.1852
eclass*xclass  4 2      0.063831039 B      0.05185167       1.23      0.2183
eclass*xclass  4 3      0.036475468 B      0.04994461       0.73      0.4652
eclass*xclass  4 4     -0.001365471 B      0.04745118      -0.03      0.9770
eclass*xclass  4 5     -0.011485983 B      0.04491984      -0.26      0.7982
eclass*xclass  4 6      0.005837867 B      0.04236202       0.14      0.8904
eclass*xclass  4 7      0.036334553 B      0.03949328       0.92      0.3576
eclass*xclass  4 8      0.097855621 B      0.03836679       2.55      0.0108
eclass*xclass  4 9      0.000000000 B       .                .         .    
inschool                0.001968306        0.00586027       0.34      0.7370
advanced                0.165280109        0.00782576      21.12      <.0001
ft                      0.049827469        0.00399879      12.46      <.0001
lowhrs                  0.218486026        0.00454399      48.08      <.0001
mex_ed                  0.000095169        0.00146884       0.06      0.9483
mex_coll               -0.032168316        0.03013881      -1.07      0.2858
euro_ed                -0.003759775        0.00133983      -2.81      0.0050
euro_coll               0.023508674        0.01513735       1.55      0.1204
hisp_ed                -0.004033283        0.00066260      -6.09      <.0001
hisp_coll              -0.011448946        0.01566252      -0.73      0.4648
hi_asian_ed            -0.003654178        0.00241664      -1.51      0.1305
hi_asian_coll           0.030932355        0.02162439       1.43      0.1526
mid_asian_ed            0.000535385        0.00181347       0.30      0.7678
mid_asian_coll          0.054408583        0.01839589       2.96      0.0031
ic             1       -0.113025005 B      0.02208612      -5.12      <.0001
ic             2       -0.187685673 B      0.02892711      -6.49      <.0001
ic             3       -0.101006881 B      0.04147542      -2.44      0.0149
ic             4       -0.058308074 B      0.03699774      -1.58      0.1150
ic             5       -0.252058855 B      0.03523158      -7.15      <.0001
ic             6       -0.250686487 B      0.03192725      -7.85      <.0001
ic             7       -0.179693677 B      0.03196124      -5.62      <.0001
ic             8       -0.163168017 B      0.03387773      -4.82      <.0001
ic             9       -0.097192334 B      0.03777686      -2.57      0.0101
ic             10      -0.077284739 B      0.03027243      -2.55      0.0107
ic             11       0.112317486 B      0.03053130       3.68      0.0002
ic             12      -0.142976674 B      0.03587847      -3.99      <.0001
ic             13      -0.243449073 B      0.04694890      -5.19      <.0001
ic             14      -0.039424706 B      0.03217318      -1.23      0.2204
ic             15      -0.267373803 B      0.04312556      -6.20      <.0001
ic             16      -0.016792101 B      0.03813280      -0.44      0.6597
ic             17      -0.255143337 B      0.05344644      -4.77      <.0001
ic             18       0.025279655 B      0.02998514       0.84      0.3992
ic             19       0.022176187 B      0.03518802       0.63      0.5286
ic             20      -0.154554148 B      0.05015603      -3.08      0.0021
ic             21      -0.060038832 B      0.04500332      -1.33      0.1822
ic             22      -0.096199845 B      0.06023163      -1.60      0.1102
ic             23      -0.209986222 B      0.06606682      -3.18      0.0015
ic             24      -0.120885130 B      0.05359591      -2.26      0.0241
ic             25      -0.308461307 B      0.03633364      -8.49      <.0001
ic             26      -0.166237743 B      0.05747139      -2.89      0.0038
The SAS System                                                                          23:21 Friday, March 22, 2019  23

The GLM Procedure
 
Dependent Variable: logwage2   

                                             Standard
Parameter                  Estimate             Error    t Value    Pr > |t|

ic             27      -0.057596999 B      0.05171730      -1.11      0.2654
ic             28      -0.308796010 B      0.10037926      -3.08      0.0021
ic             29      -0.150101381 B      0.05312085      -2.83      0.0047
ic             30      -0.054547461 B      0.04890684      -1.12      0.2647
ic             31      -0.004630882 B      0.02428929      -0.19      0.8488
ic             32      -0.019312108 B      0.03871736      -0.50      0.6179
ic             33      -0.004522161 B      0.03557983      -0.13      0.8989
ic             34      -0.131465117 B      0.02953246      -4.45      <.0001
ic             35      -0.131498095 B      0.03229841      -4.07      <.0001
ic             36      -0.106676253 B      0.03367868      -3.17      0.0015
ic             37      -0.090244080 B      0.02961369      -3.05      0.0023
ic             38       0.000000000 B       .                .         .    
yrsinus*ic     1        0.011380389        0.00135784       8.38      <.0001
yrsinus*ic     2        0.034467562        0.00228206      15.10      <.0001
yrsinus*ic     3        0.027840875        0.00482612       5.77      <.0001
yrsinus*ic     4       -0.002842308        0.00813043      -0.35      0.7266
yrsinus*ic     5        0.019627477        0.00521737       3.76      0.0002
yrsinus*ic     6        0.027550465        0.00291972       9.44      <.0001
yrsinus*ic     7        0.017482880        0.00307264       5.69      <.0001
yrsinus*ic     8        0.016447206        0.00424379       3.88      0.0001
yrsinus*ic     9        0.022146371        0.00463376       4.78      <.0001
yrsinus*ic     10       0.025764223        0.00351151       7.34      <.0001
yrsinus*ic     11      -0.000745473        0.00202661      -0.37      0.7130
yrsinus*ic     12       0.020173623        0.00452658       4.46      <.0001
yrsinus*ic     13       0.024836216        0.00703630       3.53      0.0004
yrsinus*ic     14       0.006425331        0.00209499       3.07      0.0022
yrsinus*ic     15       0.031614574        0.00623196       5.07      <.0001
yrsinus*ic     16       0.013873342        0.00330134       4.20      <.0001
yrsinus*ic     17       0.042746438        0.00929232       4.60      <.0001
yrsinus*ic     18       0.004176430        0.00205224       2.04      0.0418
yrsinus*ic     19       0.005536040        0.00283277       1.95      0.0507
yrsinus*ic     20       0.022313325        0.00663661       3.36      0.0008
yrsinus*ic     21       0.005978391        0.00384193       1.56      0.1197
yrsinus*ic     22       0.032795099        0.00851005       3.85      0.0001
yrsinus*ic     23       0.028220670        0.00858398       3.29      0.0010
yrsinus*ic     24       0.025479942        0.00764135       3.33      0.0009
yrsinus*ic     25       0.041608143        0.00524854       7.93      <.0001
yrsinus*ic     26       0.025638296        0.00743567       3.45      0.0006
yrsinus*ic     27       0.022567726        0.00782465       2.88      0.0039
yrsinus*ic     28       0.072916690        0.02188300       3.33      0.0009
yrsinus*ic     29       0.026281788        0.00646901       4.06      <.0001
yrsinus*ic     30       0.024232321        0.00659651       3.67      0.0002
yrsinus*ic     31       0.009895538        0.00145383       6.81      <.0001
yrsinus*ic     32       0.016867185        0.00329509       5.12      <.0001
yrsinus*ic     33       0.004914412        0.00436078       1.13      0.2598
yrsinus*ic     34       0.019449111        0.00425041       4.58      <.0001
yrsinus*ic     35       0.021639751        0.00359907       6.01      <.0001
yrsinus*ic     36       0.018966151        0.00433726       4.37      <.0001
yrsinus*ic     37       0.022576762        0.00318498       7.09      <.0001
yrsinus*ic     38       0.003956606        0.00189418       2.09      0.0367
yrsinus2*ic    1       -0.000170750        0.00003461      -4.93      <.0001
The SAS System                                                                          23:21 Friday, March 22, 2019  24

The GLM Procedure
 
Dependent Variable: logwage2   

                                             Standard
Parameter                  Estimate             Error    t Value    Pr > |t|

yrsinus2*ic    2       -0.000716353        0.00006591     -10.87      <.0001
yrsinus2*ic    3       -0.000593201        0.00014205      -4.18      <.0001
yrsinus2*ic    4        0.000355867        0.00034488       1.03      0.3021
yrsinus2*ic    5       -0.000136524        0.00014825      -0.92      0.3571
yrsinus2*ic    6       -0.000437047        0.00007228      -6.05      <.0001
yrsinus2*ic    7       -0.000258285        0.00007765      -3.33      0.0009
yrsinus2*ic    8       -0.000227823        0.00012470      -1.83      0.0677
yrsinus2*ic    9       -0.000536846        0.00017872      -3.00      0.0027
yrsinus2*ic    10      -0.000450431        0.00009177      -4.91      <.0001
yrsinus2*ic    11       0.000059747        0.00004175       1.43      0.1524
yrsinus2*ic    12      -0.000338743        0.00012994      -2.61      0.0091
yrsinus2*ic    13      -0.000575788        0.00021569      -2.67      0.0076
yrsinus2*ic    14      -0.000025330        0.00004335      -0.58      0.5590
yrsinus2*ic    15      -0.000493990        0.00020294      -2.43      0.0149
yrsinus2*ic    16      -0.000201097        0.00007093      -2.84      0.0046
yrsinus2*ic    17      -0.001114220        0.00038336      -2.91      0.0037
yrsinus2*ic    18      -0.000048785        0.00004372      -1.12      0.2645
yrsinus2*ic    19      -0.000077468        0.00005889      -1.32      0.1883
yrsinus2*ic    20      -0.000447421        0.00020271      -2.21      0.0273
yrsinus2*ic    21      -0.000033645        0.00010716      -0.31      0.7535
yrsinus2*ic    22      -0.000613076        0.00022778      -2.69      0.0071
yrsinus2*ic    23      -0.000538332        0.00023811      -2.26      0.0238
yrsinus2*ic    24      -0.000590367        0.00023387      -2.52      0.0116
yrsinus2*ic    25      -0.000704915        0.00012996      -5.42      <.0001
yrsinus2*ic    26      -0.000397770        0.00019423      -2.05      0.0406
yrsinus2*ic    27      -0.000463475        0.00021859      -2.12      0.0340
yrsinus2*ic    28      -0.002111146        0.00090400      -2.34      0.0195
yrsinus2*ic    29      -0.000410351        0.00018257      -2.25      0.0246
yrsinus2*ic    30      -0.000318690        0.00017635      -1.81      0.0707
yrsinus2*ic    31      -0.000144527        0.00003231      -4.47      <.0001
yrsinus2*ic    32      -0.000285925        0.00007159      -3.99      <.0001
yrsinus2*ic    33      -0.000026763        0.00010716      -0.25      0.8028
yrsinus2*ic    34      -0.000361239        0.00013052      -2.77      0.0056
yrsinus2*ic    35      -0.000395907        0.00009589      -4.13      <.0001
yrsinus2*ic    36      -0.000372875        0.00011440      -3.26      0.0011
yrsinus2*ic    37      -0.000432806        0.00008010      -5.40      <.0001
yrsinus2*ic    38      -0.000039945        0.00004317      -0.93      0.3548
rmsa0                  -0.152468735        0.00602910     -25.29      <.0001
rmsa1                  -0.087369766        0.00580396     -15.05      <.0001

NOTE: The X'X matrix has been found to be singular, and a generalized inverse was used to solve the normal equations.  
      Terms whose estimates are followed by the letter 'B' are not uniquely estimable.
The SAS System                                                                          23:21 Friday, March 22, 2019  25

The CORR Procedure

   7        Variables:    logwage2 pred     res      educ     exp      imm      female   
     Weight Variable:     wt                                                             


                                    Simple Statistics
 
Variable           N          Mean       Std Dev           Sum       Minimum       Maximum

logwage2     2330287       1.77204       0.86162       7734231       0.77703       4.97673
pred         2330287       1.77204       0.46472       7734231       0.61684       3.11711
res          2330287             0       0.72556             0      -2.27356       3.88805
educ         2330287      12.52013       4.08100      54645299             0      20.00000
exp          2330287      17.52621      17.32567      76494773       1.00000      45.00000
imm          2330287       0.06781       0.34409        295980             0       1.00000
female       2330287       0.44897       0.68071       1959582             0       1.00000


                              Pearson Correlation Coefficients, N = 2330287 
                                        Prob > |r| under H0: Rho=0
 
              logwage2          pred           res          educ           exp           imm        female

logwage2       1.00000       0.53936       0.84208       0.26744       0.17262      -0.01422      -0.31200
                              <.0001        <.0001        <.0001        <.0001        <.0001        <.0001

pred           0.53936       1.00000       0.00000       0.49585       0.32004      -0.02637      -0.57847
                <.0001                      1.0000        <.0001        <.0001        <.0001        <.0001

res            0.84208       0.00000       1.00000       0.00000       0.00000       0.00000      -0.00000
                <.0001        1.0000                      1.0000        1.0000        1.0000        1.0000

educ           0.26744       0.49585       0.00000       1.00000      -0.22615      -0.09304      -0.00838
                <.0001        <.0001        1.0000                      <.0001        <.0001        <.0001

exp            0.17262       0.32004       0.00000      -0.22615       1.00000       0.03179      -0.00454
                <.0001        <.0001        1.0000        <.0001                      <.0001        <.0001

imm           -0.01422      -0.02637       0.00000      -0.09304       0.03179       1.00000      -0.00295
                <.0001        <.0001        1.0000        <.0001        <.0001                      <.0001

female        -0.31200      -0.57847      -0.00000      -0.00838      -0.00454      -0.00295       1.00000
                <.0001        <.0001        1.0000        <.0001        <.0001        <.0001              
The SAS System                                                                          23:21 Friday, March 22, 2019  26

The MEANS Procedure

Variable          N            Mean         Std Dev         Minimum         Maximum
-----------------------------------------------------------------------------------
dropout     2330287       0.2298663       0.5758217               0       1.0000000
hs          2330287       0.4021611       0.6710570               0       1.0000000
somecoll    2330287       0.1884221       0.5351781               0       1.0000000
college     2330287       0.0950292       0.4013407               0       1.0000000
collplus    2330287       0.1795505       0.5252748               0       1.0000000
advanced    2330287       0.0845213       0.3806926               0       1.0000000
-----------------------------------------------------------------------------------
The SAS System                                                                          23:21 Friday, March 22, 2019  27

The FREQ Procedure

Table of xclass2 by eclass

xclass2     eclass

Frequency|
Percent  |
Row Pct  |
Col Pct  |       1|       2|       3|       4|  Total
---------+--------+--------+--------+--------+
       1 | 149385 | 345185 | 205964 | 192107 | 892641
         |   6.41 |  14.81 |   8.84 |   8.24 |  38.31
         |  16.74 |  38.67 |  23.07 |  21.52 |
         |  26.87 |  37.61 |  47.26 |  45.65 |
---------+--------+--------+--------+--------+
       2 | 106412 | 229268 | 110022 | 109482 | 555184
         |   4.57 |   9.84 |   4.72 |   4.70 |  23.82
         |  19.17 |  41.30 |  19.82 |  19.72 |
         |  19.14 |  24.98 |  25.25 |  26.02 |
---------+--------+--------+--------+--------+
       3 | 109024 | 166238 |  62668 |  68683 | 406613
         |   4.68 |   7.13 |   2.69 |   2.95 |  17.45
         |  26.81 |  40.88 |  15.41 |  16.89 |
         |  19.61 |  18.11 |  14.38 |  16.32 |
---------+--------+--------+--------+--------+
       4 | 191137 | 177037 |  57127 |  50548 | 475849
         |   8.20 |   7.60 |   2.45 |   2.17 |  20.42
         |  40.17 |  37.20 |  12.01 |  10.62 |
         |  34.38 |  19.29 |  13.11 |  12.01 |
---------+--------+--------+--------+--------+
Total      555958   917728   435781   420820  2330287
            23.86    39.38    18.70    18.06   100.00
The SAS System                                                                          23:21 Friday, March 22, 2019  28

Obs    rmsa      count      imm      logwage2       v          res        vres       pred      vpred

  1       .    4364594    0.06781     1.77204    0.39637    -0.00000    0.28106    1.77204    0.11531
  2       0     951844    0.02052     1.63894    0.36229     0.00000    0.27163    1.63894    0.10113
  3       1     565294    0.03809     1.73430    0.38304    -0.00000    0.27433    1.73430    0.11002
  4      80      13619    0.02827     1.82190    0.38029    -0.01841    0.25259    1.84031    0.10903
  5     160      14760    0.04526     1.78181    0.34023    -0.08368    0.22720    1.86549    0.11169
  6     200      10942    0.04606     1.71161    0.39155    -0.10748    0.29074    1.81909    0.11253
  7     240      14404    0.03305     1.82566    0.34222    -0.00351    0.23027    1.82917    0.10291
  8     440       5597    0.06450     1.93042    0.37788     0.05161    0.29273    1.87880    0.11310
  9     520      46434    0.02468     1.77697    0.39774    -0.03398    0.28419    1.81095    0.11290
 10     600       5676    0.02854     1.62414    0.34646    -0.13772    0.26419    1.76186    0.10117
 11     640      11017    0.04330     1.68119    0.37129    -0.12861    0.26807    1.80979    0.11522
 12     680       7426    0.10638     1.77260    0.42431    -0.01187    0.30669    1.78447    0.10858
 13     720      44403    0.03425     1.83016    0.39473     0.01576    0.27711    1.81441    0.11071
 14     760       9121    0.02094     1.84259    0.45751     0.01950    0.33057    1.82309    0.11035
 15     875      27381    0.14985     1.91389    0.40984     0.05239    0.26751    1.86150    0.11761
 16    1000      16636    0.01070     1.75747    0.42814    -0.05553    0.31330    1.81301    0.10438
 17    1080       6359    0.03916     1.66600    0.35443    -0.13986    0.26166    1.80586    0.11386
 18    1120      59475    0.09542     1.83887    0.37110    -0.02769    0.25585    1.86656    0.11465
 19    1160       7521    0.10384     1.84132    0.36571     0.00504    0.24419    1.83628    0.11202
 20    1280      23826    0.04877     1.82029    0.36622    -0.02843    0.24865    1.84871    0.10691
 21    1440       8947    0.02448     1.62741    0.40011    -0.13922    0.29175    1.76663    0.09683
 22    1520      20567    0.01639     1.66488    0.34105    -0.10951    0.23923    1.77439    0.10929
 23    1560       7927    0.01072     1.69645    0.34891    -0.09999    0.25219    1.79643    0.10354
 24    1600     147430    0.12029     1.92577    0.39260     0.10040    0.27917    1.82537    0.11123
 25    1640      27428    0.01961     1.80838    0.36380     0.00015    0.24871    1.80823    0.11101
 26    1680      44009    0.05310     1.87165    0.37890     0.04231    0.26383    1.82935    0.10659
 27    1720       6622    0.05678     1.62926    0.38501    -0.17714    0.27984    1.80640    0.11464
 28    1760       8435    0.02857     1.65669    0.36030    -0.13658    0.26176    1.79326    0.10655
 29    1840      22210    0.02620     1.76906    0.34466    -0.04212    0.24546    1.81118    0.10672
 30    1920      54463    0.05385     1.77207    0.38634    -0.02688    0.26973    1.79895    0.11583
 31    2000      19949    0.01729     1.80496    0.36794    -0.02451    0.25059    1.82947    0.10898
 32    2020       4038    0.03616     1.56990    0.36693    -0.23176    0.29083    1.80166    0.10911
 33    2080      31784    0.04512     1.83983    0.39674    -0.00123    0.28158    1.84107    0.11552
 34    2120       6859    0.02056     1.77548    0.35541    -0.04586    0.25819    1.82134    0.10798
 35    2160      82844    0.06009     1.97664    0.41434     0.15132    0.29004    1.82533    0.10735
 36    2320       8635    0.24771     1.57824    0.37894    -0.17154    0.27027    1.74978    0.10650
 37    2640      11157    0.02106     1.96414    0.41393     0.14852    0.30000    1.81562    0.10172
 38    2680      18750    0.09120     1.75725    0.41635    -0.05962    0.31554    1.81687    0.11229
 39    2700       3370    0.04332     1.63788    0.37949    -0.16304    0.29099    1.80092    0.11101
 40    2760       8543    0.01978     1.75773    0.32068    -0.03577    0.22430    1.79350    0.10522
 41    2800      10025    0.01925     1.77698    0.37317    -0.04144    0.24839    1.81842    0.11205
 42    2840       9472    0.12838     1.73067    0.41701    -0.05477    0.31313    1.78543    0.11122
 43    2960      12586    0.04926     1.95978    0.42491     0.14608    0.30496    1.81370    0.09832
 44    3000      15336    0.02726     1.79172    0.34636    -0.01824    0.24361    1.80997    0.10574
 45    3120      21742    0.01104     1.64941    0.32719    -0.12857    0.23784    1.77798    0.10656
 46    3160      15383    0.01554     1.62949    0.31479    -0.13624    0.23219    1.76573    0.10503
 47    3240      11529    0.01900     1.76701    0.30339    -0.05577    0.20508    1.82279    0.10674
 48    3280      22189    0.09757     1.83762    0.33949    -0.00959    0.22981    1.84721    0.11293
 49    3320      16945    0.15326     1.76406    0.43651    -0.07382    0.31118    1.83787    0.10300
 50    3360      60582    0.08752     1.87043    0.41094     0.06992    0.28407    1.80051    0.11680
 51    3480      26841    0.01665     1.79934    0.37609    -0.00773    0.25962    1.80707    0.10825
 52    3560       9939    0.00815     1.60666    0.36740    -0.16012    0.27839    1.76678    0.10304
 53    3600      13848    0.02975     1.68782    0.39082    -0.11404    0.28164    1.80187    0.10588
 54    3640      11157    0.29175     1.77010    0.34847     0.00458    0.28039    1.76553    0.09845
 55    3660       5951    0.00891     1.62815    0.34123    -0.16820    0.24023    1.79634    0.11239
 56    3720       6528    0.02482     1.79163    0.36372    -0.03191    0.26226    1.82353    0.10474
The SAS System                                                                          23:21 Friday, March 22, 2019  29

Obs    rmsa     count      imm      logwage2       v          res        vres       pred      vpred

 57    3760     28345    0.02431     1.82080    0.38321    -0.00426    0.26851    1.82505    0.11081
 58    3840      9424    0.01210     1.68381    0.38969    -0.13678    0.26418    1.82059    0.11298
 59    3980      6071    0.03113     1.60788    0.36900    -0.16635    0.28513    1.77424    0.10289
 60    4000      7199    0.02070     1.72555    0.31457    -0.06869    0.22424    1.79424    0.10724
 61    4040      8473    0.03340     1.85056    0.34548     0.02201    0.25684    1.82855    0.10486
 62    4120     10616    0.09250     1.79923    0.39262    -0.00116    0.29623    1.80039    0.10679
 63    4280      5958    0.01846     1.67533    0.39428    -0.12297    0.29178    1.79830    0.10989
 64    4400      9997    0.01751     1.66956    0.34527    -0.12175    0.24389    1.79131    0.10641
 65    4480    152022    0.24804     1.85101    0.43694     0.05633    0.31381    1.79468    0.11760
 66    4520     20011    0.01084     1.74543    0.36712    -0.05186    0.25848    1.79729    0.10251
 67    4720      7323    0.03264     1.75208    0.32661    -0.09447    0.25101    1.84655    0.11419
 68    4880      4281    0.24924     1.46744    0.35286    -0.19230    0.28342    1.65974    0.09213
 69    4900      5341    0.04437     1.73859    0.40653    -0.13274    0.27524    1.87133    0.12417
 70    4920     15094    0.01458     1.71660    0.40180    -0.07235    0.29449    1.78895    0.10257
 71    5000     33369    0.37577     1.73299    0.44425    -0.04044    0.33966    1.77344    0.10971
 72    5015     21088    0.08374     1.93221    0.37798     0.06465    0.24417    1.86756    0.11554
 73    5080     29468    0.03828     1.86660    0.35612     0.03549    0.24940    1.83111    0.10936
 74    5120     46976    0.02921     1.87229    0.35953     0.02717    0.24465    1.84512    0.11123
 75    5160      8533    0.01418     1.68950    0.43375    -0.10261    0.31713    1.79212    0.10503
 76    5170      4913    0.12192     1.76357    0.41542    -0.01175    0.31884    1.77532    0.11163
 77    5190     15323    0.05750     1.88012    0.43433     0.00815    0.28029    1.87197    0.11651
 78    5360     17297    0.01567     1.70165    0.36065    -0.08578    0.26229    1.78743    0.10438
 79    5380     50441    0.09379     1.95775    0.44905     0.06061    0.29168    1.89714    0.11848
 80    5480     10809    0.06763     1.79870    0.35058    -0.04183    0.24857    1.84053    0.11024
 81    5560     24812    0.03990     1.77620    0.43706    -0.02078    0.32507    1.79699    0.10594
 82    5600    153259    0.25427     1.88382    0.41540     0.05631    0.31863    1.82751    0.10850
 83    5640     35354    0.14063     1.90283    0.42812     0.05576    0.29121    1.84707    0.11634
 84    5720     25022    0.03797     1.65711    0.40445    -0.12810    0.29407    1.78521    0.10099
 85    5775     37253    0.11519     1.96358    0.40408     0.10708    0.30342    1.85650    0.11331
 86    5880     17013    0.02815     1.72472    0.36610    -0.08543    0.26866    1.81014    0.11244
 87    5920     10406    0.02652     1.74730    0.36301    -0.07930    0.25421    1.82660    0.11163
 88    5945     42061    0.14672     1.91789    0.42475     0.07655    0.28248    1.84133    0.12738
 89    5960     15766    0.04605     1.64532    0.38611    -0.15431    0.28155    1.79962    0.11184
 90    6080      5629    0.02505     1.64807    0.38271    -0.17437    0.27202    1.82244    0.10645
 91    6160     89728    0.04815     1.84177    0.38726     0.00101    0.27082    1.84076    0.11012
 92    6200     32326    0.05525     1.76750    0.40645    -0.04864    0.29346    1.81614    0.11259
 93    6280     48683    0.02167     1.86829    0.37931     0.00578    0.25536    1.86251    0.10448
 94    6440     28275    0.04637     1.84731    0.37847     0.00338    0.27942    1.84393    0.11297
 95    6480     19379    0.11709     1.67272    0.33389    -0.12378    0.23829    1.79649    0.11029
 96    6640     14505    0.02103     1.67863    0.33986    -0.13359    0.24175    1.81222    0.10783
 97    6760     16552    0.02260     1.75213    0.38405    -0.04318    0.28540    1.79531    0.10733
 98    6780     30045    0.10354     1.80389    0.41541    -0.00426    0.30735    1.80815    0.10757
 99    6840     21960    0.05619     1.82767    0.36675    -0.01577    0.24716    1.84345    0.11053
100    6920     21007    0.06612     1.85844    0.39837     0.00319    0.29221    1.85525    0.11368
101    7040     44912    0.02142     1.83419    0.39327     0.01419    0.27222    1.81999    0.11048
102    7160     17465    0.04747     1.77181    0.37897    -0.05368    0.26461    1.82549    0.11586
103    7240     20465    0.07559     1.61563    0.37177    -0.15824    0.27031    1.77387    0.10943
104    7320     38078    0.13000     1.73953    0.44046    -0.07034    0.31467    1.80987    0.11389
105    7360     33231    0.22217     1.93033    0.40922     0.05721    0.32076    1.87312    0.11711
106    7400     28632    0.15591     1.96545    0.39351     0.11624    0.26751    1.84922    0.12269
107    7500      5511    0.07240     1.84121    0.41955    -0.00742    0.31791    1.84863    0.10870
108    7510      5388    0.04491     1.65023    0.40519    -0.17101    0.30273    1.82125    0.10934
109    7560     10111    0.01770     1.67979    0.30390    -0.15512    0.22849    1.83491    0.10270
110    7600     35752    0.06987     1.93100    0.38063     0.06568    0.27405    1.86532    0.11697
111    7840      6619    0.03611     1.76588    0.38258    -0.07335    0.27856    1.83923    0.10991
112    8000     12736    0.06156     1.69764    0.30474    -0.13106    0.22311    1.82870    0.10692
The SAS System                                                                          23:21 Friday, March 22, 2019  30

Obs    rmsa    count      imm      logwage2       v          res        vres       pred      vpred

113    8120     6234    0.12191     1.82329    0.39959     0.01595    0.31262    1.80734    0.10353
114    8160    15411    0.03913     1.75629    0.34799    -0.08260    0.23862    1.83889    0.10862
115    8200     9879    0.06367     1.80321    0.41638    -0.01859    0.29842    1.82180    0.11098
116    8280    27678    0.05224     1.64546    0.37366    -0.16214    0.28392    1.80760    0.10958
117    8400    11326    0.02490     1.84396    0.38950     0.02432    0.26990    1.81964    0.10690
118    8520    10350    0.06609     1.71863    0.41770    -0.10789    0.31305    1.82652    0.11248
119    8560    13648    0.01993     1.77222    0.39293    -0.05503    0.26938    1.82725    0.11210
120    8720     6646    0.10924     1.83924    0.41782     0.01420    0.31050    1.82504    0.10523
121    8735    10374    0.15539     1.85139    0.43738     0.02596    0.30856    1.82543    0.12278
122    8840    73439    0.08771     1.94974    0.42319     0.08469    0.28945    1.86505    0.12545
123    8960    10141    0.08569     1.74587    0.45248    -0.07346    0.34017    1.81934    0.11133
124    9040     7987    0.02792     1.76419    0.34359    -0.05488    0.24496    1.81907    0.11363
125    9160     8358    0.03254     1.86722    0.43271     0.01512    0.29347    1.85210    0.11671
126    9240     9207    0.04877     1.74965    0.31768    -0.08999    0.22036    1.83963    0.10650
127    9320    11854    0.02261     1.84762    0.38639     0.01682    0.26248    1.83079    0.09908
The SAS System                                                                          23:21 Friday, March 22, 2019  31

The CORR Procedure

   5        Variables:    v        vres     imm      educ     exp      
     Weight Variable:     count                                        


                                    Simple Statistics
 
Variable           N          Mean       Std Dev           Sum       Minimum       Maximum

v                124       0.39275       4.83198       1118337       0.30339       0.45751
vres             124       0.27948       4.06357        795810       0.20508       0.34017
imm              124       0.08953      12.08674        254922       0.00815       0.37577
educ             124      12.70459      61.16413      36175749       9.65802      14.10273
exp              124      17.58792     182.06755      50080835      14.25678      20.18428


                Pearson Correlation Coefficients, N = 124 
                        Prob > |r| under H0: Rho=0
 
                 v          vres           imm          educ           exp

v          1.00000       0.88389       0.52826       0.15685      -0.00240
                          <.0001        <.0001        0.0819        0.9789

vres       0.88389       1.00000       0.63333       0.01800      -0.02245
            <.0001                      <.0001        0.8427        0.8045

imm        0.52826       0.63333       1.00000      -0.02297       0.28413
            <.0001        <.0001                      0.8001        0.0014

educ       0.15685       0.01800      -0.02297       1.00000      -0.23688
            0.0819        0.8427        0.8001                      0.0081

exp       -0.00240      -0.02245       0.28413      -0.23688       1.00000
            0.9789        0.8045        0.0014        0.0081              
