1                                                          The SAS System                            12:35 Wednesday, March 27, 2019

NOTE: Copyright (c) 2016 by SAS Institute Inc., Cary, NC, USA. 
NOTE: SAS (r) Proprietary Software 9.4 (TS1M5) 
      Licensed to STANFORD UNIVERSITY - SFA -  T&R, Site 70081389.
NOTE: This session is executing on the Linux 3.10.0-957.5.1.el7.x86_64 (LIN X64) platform.



NOTE: Updated analytical products:
      
      SAS/STAT 14.3
      SAS/ETS 14.3
      SAS/OR 14.3
      SAS/IML 14.3
      SAS/QC 14.3

NOTE: Additional host information:

 Linux LIN X64 3.10.0-957.5.1.el7.x86_64 #1 SMP Fri Feb 1 14:54:57 UTC 2019 x86_64 CentOS Linux release 7.6.1810 (Core)  

You are running SAS 9. Some SAS 8 files will be automatically converted 
by the V9 engine; others are incompatible.  Please see 
http://support.sas.com/rnd/migration/planning/platform/64bit.html

PROC MIGRATE will preserve current SAS file attributes and is 
recommended for converting all your SAS libraries from any 
SAS 8 release to SAS 9.  For details and examples, please see
http://support.sas.com/rnd/migration/index.html


This message is contained in the SAS news file, and is presented upon
initialization.  Edit the file "news" in the "misc/base" directory to
display site-specific news and information in the program log.
The command line option "-nonews" will prevent this display.




NOTE: SAS initialization used:
      real time           0.21 seconds
      cpu time            0.06 seconds
      
1          *imm1 follows allnp2.sas ;
2          
3          options ls=120 nocenter;
4          libname c80 '/home/groups/sorkin/quadros/data/1980/';
NOTE: Libref C80 was successfully assigned as follows: 
      Engine:        V9 
      Physical Name: /home/groups/sorkin/quadros/data/1980
5          
6            /*
7          
8          keep rmsa imm female logwage2 wt p1-p10 dev devsq c age
9                        educ exp exp2 exp3 inschool dropout somecoll collplus advanced
10                       asian black hispanic black_ed black_coll asian_ed asian_coll
11                       hisp_ed hisp_coll imm_ed imm_coll yrsinus yrsinus2
12                       euro_ed hi_asian_ed mid_asian_ed mex_ed
13                       euro_coll hi_asian_coll mid_asian_coll mex_coll
14                       euro_yrs hi_asian_yrs mid_asian_yrs mex_yrs
2 The SAS System                                                                         12:35 Wednesday, March 27, 2019

15                       euro_yrs2 hi_asian_yrs2 mid_asian_yrs2 mex_yrs2
16                       pre_exp pre_exp1 english pob state msa nonmover
17                       ic euro hi_asian mid_asian mex owage annhrs xclass
18                       eclass wagesal weeks selfinc wage wage2 emp;
19         
20           */
21         
22         
23         data c80.one;
24         set c80.supp80;
25         if imm=1;
26         
27         rmsa0=(rmsa=0);
28         rmsa1=(rmsa=1);
29         male=1-female;
30         native=1-imm;
31         
32         lw2sq=logwage2**2;
33         
34         if exp<=10 then xclass2=1;
35         else if exp<=20 then xclass2=2;
36         else if exp<=30 then xclass2=3;
37         else xclass2=4;
38         c=1;
39         
40         havewage2=(logwage2 ne .);
41         if wagesal<=0 then cwagesal=.;
42         else cwagesal=wagesal;
43         
44         if annhrs>0 then cannhrs=annhrs;
45         else cannhrs=.;
46         
47         hs=1-dropout-somecoll-collplus;
48         if collplus=1 and advanced=0 then college=1;
49         else college=0;
50         x1=(xclass2=1);
51         x2=(xclass2=2);
52         x3=(xclass2=3);
53         x4=(xclass2=4);
54         
55         if annhrs>0 then hrswkly=annhrs/weeks;
56         else hrswkly=.;
57         ft=(hrswkly>=35);
58         
59         q1=p1+p2;
60         q2=p3+p4;
61         q3=p5+p6;
62         q4=p7+p8;
63         q5=p9+p10;
64         
65         if logwage2 ne . then do;
66          q1c=q1;
67          q2c=q2;
68          q3c=q3;
69          q4c=q4;
70          q5c=q5;
71         end;
72         else do;
3 The SAS System                                                                         12:35 Wednesday, March 27, 2019

73          q1c=.;
74          q2c=.;
75          q3c=.;
76          q4c=.;
77          q5c=.;
78         end;
79         
80         
81         ex11=(eclass=1)*(xclass2=1);
82         ex12=(eclass=1)*(xclass2=2);
83         ex13=(eclass=1)*(xclass2=3);
84         ex14=(eclass=1)*(xclass2=4);
85         ex21=(eclass=2)*(xclass2=1);
86         ex22=(eclass=2)*(xclass2=2);
87         ex23=(eclass=2)*(xclass2=3);
88         ex24=(eclass=2)*(xclass2=4);
89         ex31=(eclass=3)*(xclass2=1);
90         ex32=(eclass=3)*(xclass2=2);
91         ex33=(eclass=3)*(xclass2=3);
92         ex34=(eclass=3)*(xclass2=4);
93         ex41=(eclass=4)*(xclass2=1);
94         ex42=(eclass=4)*(xclass2=2);
95         ex43=(eclass=4)*(xclass2=3);
96         ex44=(eclass=4)*(xclass2=4);
97         
98         length ic1-ic38 3;
99         array icc (*) ic1-ic38;
100        do j=1 to 38;
101        icc(j)=(ic=j);
102        end;
103        
104        
105        
106        

NOTE: Missing values were generated as a result of performing an operation on missing values.
      Each place is given by: (Number of times) at (Line):(Column).
      146693 at 32:15   
NOTE: There were 3361481 observations read from the data set C80.SUPP80.
NOTE: The data set C80.ONE has 442673 observations and 161 variables.
NOTE: DATA statement used (Total process time):
      real time           4.13 seconds
      cpu time            2.46 seconds
      

107        proc freq;
108        tables eclass*xclass2;
109        weight wt;

NOTE: There were 442673 observations read from the data set C80.ONE.
NOTE: The PROCEDURE FREQ printed page 1.
NOTE: PROCEDURE FREQ used (Total process time):
      real time           0.79 seconds
      cpu time            0.45 seconds
      

110        proc means;
111        var ex11 ex12 ex13 ex14 ex21 ex22 ex23 ex24 ex31 ex32 ex33 ex34 ex41 ex42 ex43 ex44
4 The SAS System                                                                         12:35 Wednesday, March 27, 2019

112            ic1-ic38;
113        weight wt;
114        
115        
116        
117        
118        

NOTE: There were 442673 observations read from the data set C80.ONE.
NOTE: The PROCEDURE MEANS printed pages 2-3.
NOTE: PROCEDURE MEANS used (Total process time):
      real time           0.44 seconds
      cpu time            1.33 seconds
      

119        proc summary data=c80.one;
120        class ic male;
121        var dropout hs somecoll college advanced collplus educ exp age x1-x4
122            ex11 ex12 ex13 ex14 ex21 ex22 ex23 ex24 ex31 ex32 ex33 ex34 ex41 ex42 ex43 ex44
123            rmsa0 rmsa1 female wage2 logwage2 annhrs c;
124        output out=c80.byic
125        mean=
126        sum(c)=count;
127        weight wt;
128        

NOTE: There were 442673 observations read from the data set C80.ONE.
NOTE: The data set C80.BYIC has 117 observations and 41 variables.
NOTE: PROCEDURE SUMMARY used (Total process time):
      real time           0.45 seconds
      cpu time            1.17 seconds
      

129        proc print data=c80.byic;
130        where (male=.);
131        var ic count female dropout hs somecoll collplus x1-x4;
132        format female dropout hs somecoll collplus x1-x4 5.3;
133        

NOTE: There were 39 observations read from the data set C80.BYIC.
      WHERE male=.;
NOTE: The PROCEDURE PRINT printed page 4.
NOTE: PROCEDURE PRINT used (Total process time):
      real time           0.01 seconds
      cpu time            0.00 seconds
      

134        proc summary data=c80.one;
135        class rmsa;
136        var ic1-ic38;
137        weight wt;
138        output out=c80.citydist
139        sum=;
140        

NOTE: There were 442673 observations read from the data set C80.ONE.
NOTE: The data set C80.CITYDIST has 127 observations and 41 variables.
NOTE: PROCEDURE SUMMARY used (Total process time):
5 The SAS System                                                                         12:35 Wednesday, March 27, 2019

      real time           0.46 seconds
      cpu time            1.21 seconds
      

141        data c80.c1;
142        set c80.citydist;
143        if rmsa=.;
144        
145        array sumic (*) sumic1-sumic38;
146        array icc (*) ic1-ic38;
147        do j=1 to 38;
148        sumic(j)=icc(j);
149        end;
150        d=1;
151        
152        keep d sumic1-sumic38;
153        

NOTE: There were 127 observations read from the data set C80.CITYDIST.
NOTE: The data set C80.C1 has 1 observations and 39 variables.
NOTE: DATA statement used (Total process time):
      real time           0.02 seconds
      cpu time            0.01 seconds
      

154        data c80.c2;
155        set c80.citydist;
156        if rmsa ne .;
157        d=1;
158        

NOTE: There were 127 observations read from the data set C80.CITYDIST.
NOTE: The data set C80.C2 has 126 observations and 42 variables.
NOTE: DATA statement used (Total process time):
      real time           0.03 seconds
      cpu time            0.00 seconds
      

159        proc sort data=c80.c1; by d;

NOTE: There were 1 observations read from the data set C80.C1.
NOTE: The data set C80.C1 has 1 observations and 39 variables.
NOTE: PROCEDURE SORT used (Total process time):
      real time           0.10 seconds
      cpu time            0.00 seconds
      

160        proc sort data=c80.c2; by d;
161        

NOTE: There were 126 observations read from the data set C80.C2.
NOTE: The data set C80.C2 has 126 observations and 42 variables.
NOTE: PROCEDURE SORT used (Total process time):
      real time           0.02 seconds
      cpu time            0.01 seconds
      

162        data c80.ic_city;
6 The SAS System                                                                         12:35 Wednesday, March 27, 2019

163        merge c80.c2 c80.c1; by d;
164        
165        array sumic (*) sumic1-sumic38;
166        array icc (*) ic1-ic38;
167        array shric (*) shric1-shric38;
168        
169        do j=1 to 38;
170        shric(j)=icc(j)/sumic(j);
171        end;
172        
173        drop d sumic1-sumic38 ic1-ic38;
174        
175        

NOTE: There were 126 observations read from the data set C80.C2.
NOTE: There were 1 observations read from the data set C80.C1.
NOTE: The data set C80.IC_CITY has 126 observations and 42 variables.
NOTE: DATA statement used (Total process time):
      real time           0.04 seconds
      cpu time            0.01 seconds
      

176        proc print data=c80.ic_city;
177        var rmsa shric1-shric7 shric37 shric38;
178        format shric1-shric7 shric37 shric38 6.4;
179        

NOTE: There were 126 observations read from the data set C80.IC_CITY.
NOTE: The PROCEDURE PRINT printed pages 5-7.
NOTE: PROCEDURE PRINT used (Total process time):
      real time           0.00 seconds
      cpu time            0.00 seconds
      

180        proc means n mean sum min max data=c80.ic_city;
181        var shric1-shric38;
NOTE: There were 126 observations read from the data set C80.IC_CITY.
NOTE: The PROCEDURE MEANS printed page 8.
NOTE: PROCEDURE MEANS used (Total process time):
      real time           0.01 seconds
      cpu time            0.02 seconds
      

NOTE: SAS Institute Inc., SAS Campus Drive, Cary, NC USA 27513-2414
NOTE: The SAS System used:
      real time           6.81 seconds
      cpu time            6.75 seconds
      
