The SAS System                                                                       12:35 Wednesday, March 27, 2019   1

The FREQ Procedure

Table of eclass by xclass2

eclass     xclass2

Frequency|
Percent  |
Row Pct  |
Col Pct  |       1|       2|       3|       4|  Total
---------+--------+--------+--------+--------+
       1 |  38905 |  41147 |  37307 |  53596 | 170955
         |   8.79 |   9.30 |   8.43 |  12.11 |  38.62
         |  22.76 |  24.07 |  21.82 |  31.35 |
         |  29.75 |  35.55 |  42.52 |  49.44 |
---------+--------+--------+--------+--------+
       2 |  34273 |  31056 |  25034 |  30839 | 121202
         |   7.74 |   7.02 |   5.66 |   6.97 |  27.38
         |  28.28 |  25.62 |  20.65 |  25.44 |
         |  26.21 |  26.83 |  28.53 |  28.45 |
---------+--------+--------+--------+--------+
       3 |  28458 |  18651 |  11508 |  12119 |  70736
         |   6.43 |   4.21 |   2.60 |   2.74 |  15.98
         |  40.23 |  26.37 |  16.27 |  17.13 |
         |  21.76 |  16.11 |  13.11 |  11.18 |
---------+--------+--------+--------+--------+
       4 |  29131 |  24904 |  13901 |  11844 |  79780
         |   6.58 |   5.63 |   3.14 |   2.68 |  18.02
         |  36.51 |  31.22 |  17.42 |  14.85 |
         |  22.28 |  21.51 |  15.84 |  10.93 |
---------+--------+--------+--------+--------+
Total      130767   115758    87750   108398   442673
            29.54    26.15    19.82    24.49   100.00
The SAS System                                                                       12:35 Wednesday, March 27, 2019   2

The MEANS Procedure

Variable         N            Mean         Std Dev         Minimum         Maximum
----------------------------------------------------------------------------------
ex11        442673       0.0878865       0.2831301               0       1.0000000
ex12        442673       0.0929512       0.2903644               0       1.0000000
ex13        442673       0.0842767       0.2778026               0       1.0000000
ex14        442673       0.1210736       0.3262131               0       1.0000000
ex21        442673       0.0774228       0.2672615               0       1.0000000
ex22        442673       0.0701556       0.2554094               0       1.0000000
ex23        442673       0.0565519       0.2309846               0       1.0000000
ex24        442673       0.0696654       0.2545826               0       1.0000000
ex31        442673       0.0642867       0.2452633               0       1.0000000
ex32        442673       0.0421327       0.2008920               0       1.0000000
ex33        442673       0.0259966       0.1591253               0       1.0000000
ex34        442673       0.0273769       0.1631791               0       1.0000000
ex41        442673       0.0658070       0.2479448               0       1.0000000
ex42        442673       0.0562582       0.2304200               0       1.0000000
ex43        442673       0.0314024       0.1744029               0       1.0000000
ex44        442673       0.0267556       0.1613686               0       1.0000000
ic1         442673       0.1718040       0.3772104               0       1.0000000
ic2         442673       0.0402058       0.1964417               0       1.0000000
ic3         442673       0.0183951       0.1343753               0       1.0000000
ic4         442673       0.0146609       0.1201916               0       1.0000000
ic5         442673       0.0083786       0.0911508               0       1.0000000
ic6         442673       0.0247609       0.1553959               0       1.0000000
ic7         442673       0.0496642       0.2172505               0       1.0000000
ic8         442673       0.0143130       0.1187780               0       1.0000000
ic9         442673       0.0211172       0.1437751               0       1.0000000
ic10        442673       0.0155758       0.1238275               0       1.0000000
ic11        442673       0.0568501       0.2315562               0       1.0000000
ic12        442673       0.0125668       0.1113954               0       1.0000000
ic13        442673       0.0054216       0.0734318               0       1.0000000
ic14        442673       0.0602634       0.2379746               0       1.0000000
ic15        442673       0.0080308       0.0892540               0       1.0000000
ic16        442673       0.0214922       0.1450183               0       1.0000000
ic17        442673       0.0062620       0.0788845               0       1.0000000
ic18        442673       0.0458894       0.2092455               0       1.0000000
ic19        442673       0.0458487       0.2091572               0       1.0000000
ic20        442673       0.0075744       0.0867011               0       1.0000000
ic21        442673       0.0182415       0.1338236               0       1.0000000
ic22        442673       0.0093161       0.0960696               0       1.0000000
ic23        442673       0.0031739       0.0562480               0       1.0000000
ic24        442673       0.0049585       0.0702420               0       1.0000000
ic25        442673       0.0089276       0.0940633               0       1.0000000
ic26        442673       0.0034201       0.0583819               0       1.0000000
ic27        442673       0.0037409       0.0610485               0       1.0000000
ic28        442673       0.0026769       0.0516697               0       1.0000000
ic29        442673       0.0052680       0.0723896               0       1.0000000
ic30        442673       0.0056520       0.0749673               0       1.0000000
ic31        442673       0.1116422       0.3149261               0       1.0000000
ic32        442673       0.0248423       0.1556444               0       1.0000000
ic33        442673       0.0173537       0.1305854               0       1.0000000
ic34        442673       0.0181579       0.1335223               0       1.0000000
ic35        442673       0.0193755       0.1378409               0       1.0000000
ic36        442673       0.0168025       0.1285309               0       1.0000000
ic37        442673       0.0189011       0.1361759               0       1.0000000
----------------------------------------------------------------------------------
The SAS System                                                                       12:35 Wednesday, March 27, 2019   3

The MEANS Procedure

Variable         N            Mean         Std Dev         Minimum         Maximum
----------------------------------------------------------------------------------
ic38        442673       0.0584743       0.2346384               0       1.0000000
----------------------------------------------------------------------------------
The SAS System                                                                       12:35 Wednesday, March 27, 2019   4

Obs    ic     count    female    dropout       hs    somecoll    collplus       x1       x2       x3       x4

  1     .    442673    0.524      0.386     0.274     0.160       0.180      0.295    0.261    0.198    0.245
  4     1     76053    0.464      0.770     0.141     0.063       0.026      0.371    0.300    0.177    0.152
  5     2     17798    0.576      0.189     0.163     0.206       0.442      0.346    0.342    0.166    0.147
  6     3      8143    0.428      0.106     0.104     0.142       0.648      0.409    0.397    0.138    0.056
  7     4      6490    0.501      0.389     0.304     0.204       0.102      0.467    0.297    0.143    0.093
  8     5      3709    0.571      0.605     0.215     0.123       0.056      0.407    0.332    0.155    0.106
  9     6     10961    0.493      0.330     0.201     0.138       0.331      0.219    0.271    0.217    0.293
 10     7     21985    0.521      0.382     0.283     0.168       0.168      0.233    0.174    0.251    0.342
 11     8      6336    0.568      0.664     0.208     0.090       0.039      0.352    0.273    0.199    0.176
 12     9      9348    0.612      0.212     0.303     0.171       0.314      0.367    0.359    0.193    0.081
 13    10      6895    0.556      0.330     0.375     0.188       0.107      0.307    0.268    0.212    0.213
 14    11     25166    0.576      0.247     0.344     0.225       0.184      0.213    0.186    0.188    0.412
 15    12      5563    0.536      0.363     0.310     0.202       0.126      0.320    0.320    0.224    0.137
 16    13      2400    0.550      0.590     0.225     0.125       0.060      0.354    0.354    0.163    0.129
 17    14     26677    0.637      0.192     0.420     0.208       0.180      0.220    0.243    0.239    0.298
 18    15      3555    0.509      0.346     0.318     0.215       0.121      0.340    0.308    0.206    0.146
 19    16      9514    0.513      0.398     0.302     0.139       0.161      0.139    0.153    0.166    0.543
 20    17      2772    0.546      0.111     0.158     0.159       0.572      0.572    0.264    0.114    0.050
 21    18     20314    0.629      0.132     0.448     0.223       0.197      0.186    0.246    0.227    0.341
 22    19     20296    0.482      0.540     0.287     0.086       0.087      0.163    0.200    0.239    0.398
 23    20      3353    0.517      0.423     0.312     0.173       0.091      0.316    0.322    0.220    0.143
 24    21      8075    0.678      0.142     0.389     0.211       0.258      0.340    0.244    0.247    0.169
 25    22      4124    0.340      0.102     0.209     0.311       0.378      0.562    0.235    0.121    0.082
 26    23      1405    0.592      0.468     0.302     0.150       0.080      0.342    0.283    0.205    0.169
 27    24      2195    0.498      0.220     0.339     0.244       0.196      0.308    0.350    0.216    0.125
 28    25      3952    0.521      0.237     0.227     0.161       0.376      0.203    0.228    0.166    0.402
 29    26      1514    0.616      0.398     0.295     0.182       0.125      0.349    0.251    0.206    0.194
 30    27      1656    0.541      0.293     0.365     0.197       0.145      0.349    0.301    0.179    0.171
 31    28      1185    0.347      0.137     0.125     0.219       0.519      0.530    0.310    0.110    0.051
 32    29      2332    0.514      0.202     0.208     0.238       0.353      0.675    0.182    0.070    0.073
 33    30      2502    0.546      0.290     0.416     0.183       0.111      0.335    0.330    0.183    0.152
 34    31     49421    0.523      0.324     0.309     0.170       0.197      0.204    0.240    0.233    0.322
 35    32     10997    0.480      0.368     0.271     0.154       0.207      0.110    0.213    0.236    0.441
 36    33      7682    0.405      0.319     0.273     0.191       0.218      0.430    0.231    0.160    0.178
 37    34      8038    0.516      0.325     0.238     0.197       0.240      0.419    0.333    0.147    0.102
 38    35      8577    0.523      0.238     0.310     0.227       0.226      0.350    0.287    0.201    0.162
 39    36      7438    0.398      0.135     0.221     0.270       0.374      0.473    0.288    0.128    0.111
 40    37      8367    0.557      0.304     0.368     0.201       0.127      0.328    0.285    0.197    0.190
 41    38     25885    0.509      0.425     0.304     0.140       0.131      0.337    0.246    0.176    0.242
The SAS System                                                                       12:35 Wednesday, March 27, 2019   5

Obs    rmsa    shric1    shric2    shric3    shric4    shric5    shric6    shric7    shric37    shric38

  1       0    0.0787    0.0671    0.0641    0.0675    0.0097    0.0309    0.0145    0.0394     0.1001 
  2       1    0.0932    0.0505    0.0809    0.0955    0.0121    0.0455    0.0127    0.0471     0.0856 
  3      80    0.0000    0.0006    0.0047    0.0009    0.0005    0.0009    0.0002    0.0006     0.0007 
  4     160    0.0001    0.0007    0.0048    0.0011    0.0000    0.0025    0.0000    0.0008     0.0012 
  5     200    0.0035    0.0007    0.0006    0.0043    0.0011    0.0005    0.0004    0.0010     0.0022 
  6     240    0.0001    0.0004    0.0014    0.0017    0.0000    0.0020    0.0003    0.0010     0.0014 
  7     440    0.0001    0.0010    0.0048    0.0018    0.0000    0.0013    0.0003    0.0008     0.0003 
  8     520    0.0005    0.0018    0.0095    0.0085    0.0005    0.0039    0.0046    0.0039     0.0058 
  9     600    0.0001    0.0004    0.0000    0.0005    0.0000    0.0003    0.0001    0.0020     0.0014 
 10     640    0.0026    0.0007    0.0022    0.0025    0.0011    0.0016    0.0002    0.0012     0.0015 
 11     680    0.0088    0.0047    0.0014    0.0015    0.0013    0.0016    0.0000    0.0004     0.0036 
 12     720    0.0001    0.0068    0.0098    0.0042    0.0003    0.0036    0.0009    0.0059     0.0061 
 13     760    0.0001    0.0003    0.0018    0.0020    0.0000    0.0009    0.0007    0.0011     0.0017 
 14     875    0.0006    0.0070    0.0208    0.0009    0.0051    0.0066    0.0110    0.0074     0.0088 
 15    1000    0.0000    0.0004    0.0016    0.0014    0.0003    0.0006    0.0004    0.0004     0.0017 
 16    1080    0.0016    0.0002    0.0002    0.0014    0.0000    0.0002    0.0000    0.0002     0.0009 
 17    1120    0.0004    0.0030    0.0172    0.0054    0.0049    0.0305    0.0069    0.0228     0.0167 
 18    1160    0.0000    0.0002    0.0023    0.0012    0.0008    0.0013    0.0030    0.0013     0.0023 
 19    1280    0.0001    0.0004    0.0059    0.0012    0.0000    0.0014    0.0004    0.0008     0.0027 
 20    1440    0.0000    0.0040    0.0000    0.0014    0.0000    0.0004    0.0003    0.0004     0.0022 
 21    1520    0.0000    0.0002    0.0043    0.0023    0.0000    0.0004    0.0005    0.0007     0.0028 
 22    1560    0.0000    0.0003    0.0009    0.0000    0.0000    0.0002    0.0000    0.0004     0.0008 
 23    1600    0.0795    0.0670    0.1078    0.0188    0.0111    0.0318    0.0226    0.0200     0.0547 
 24    1640    0.0001    0.0008    0.0042    0.0023    0.0003    0.0015    0.0006    0.0008     0.0022 
 25    1680    0.0003    0.0038    0.0113    0.0023    0.0016    0.0049    0.0013    0.0026     0.0062 
 26    1720    0.0002    0.0012    0.0005    0.0022    0.0000    0.0001    0.0001    0.0014     0.0014 
 27    1760    0.0001    0.0004    0.0011    0.0015    0.0000    0.0005    0.0002    0.0012     0.0017 
 28    1840    0.0002    0.0007    0.0043    0.0029    0.0003    0.0018    0.0005    0.0016     0.0015 
 29    1920    0.0225    0.0046    0.0141    0.0196    0.0019    0.0069    0.0043    0.0051     0.0124 
 30    2000    0.0001    0.0008    0.0031    0.0006    0.0000    0.0011    0.0004    0.0010     0.0011 
 31    2020    0.0000    0.0002    0.0009    0.0005    0.0000    0.0002    0.0003    0.0007     0.0007 
 32    2080    0.0044    0.0019    0.0042    0.0102    0.0011    0.0035    0.0011    0.0013     0.0045 
 33    2120    0.0002    0.0002    0.0005    0.0035    0.0000    0.0000    0.0000    0.0000     0.0007 
 34    2160    0.0022    0.0113    0.0301    0.0034    0.0003    0.0074    0.0017    0.0056     0.0131 
 35    2320    0.0393    0.0005    0.0005    0.0009    0.0003    0.0005    0.0002    0.0029     0.0044 
 36    2640    0.0002    0.0002    0.0011    0.0005    0.0000    0.0008    0.0002    0.0000     0.0014 
 37    2680    0.0002    0.0015    0.0034    0.0017    0.0019    0.0017    0.0141    0.0096     0.0072 
 38    2700    0.0002    0.0004    0.0006    0.0015    0.0003    0.0001    0.0003    0.0008     0.0005 
 39    2760    0.0002    0.0006    0.0014    0.0006    0.0000    0.0002    0.0001    0.0010     0.0007 
 40    2800    0.0009    0.0004    0.0010    0.0018    0.0003    0.0000    0.0004    0.0006     0.0009 
 41    2840    0.0138    0.0031    0.0034    0.0015    0.0016    0.0039    0.0000    0.0012     0.0042 
 42    2960    0.0032    0.0011    0.0007    0.0011    0.0003    0.0007    0.0004    0.0001     0.0021 
 43    3000    0.0005    0.0007    0.0014    0.0051    0.0003    0.0005    0.0004    0.0005     0.0012 
 44    3120    0.0001    0.0003    0.0026    0.0014    0.0000    0.0003    0.0004    0.0007     0.0017 
 45    3160    0.0001    0.0002    0.0018    0.0009    0.0000    0.0002    0.0004    0.0004     0.0016 
 46    3240    0.0000    0.0006    0.0022    0.0055    0.0000    0.0005    0.0001    0.0006     0.0006 
 47    3280    0.0001    0.0007    0.0039    0.0029    0.0000    0.0013    0.0022    0.0074     0.0058 
 48    3320    0.0003    0.0828    0.0011    0.0171    0.0005    0.0198    0.0005    0.0018     0.0057 
 49    3360    0.0439    0.0089    0.0392    0.0456    0.0202    0.0194    0.0080    0.0117     0.0243 
 50    3480    0.0002    0.0011    0.0033    0.0018    0.0003    0.0013    0.0005    0.0006     0.0017 
 51    3560    0.0000    0.0002    0.0011    0.0005    0.0003    0.0003    0.0000    0.0001     0.0012 
 52    3600    0.0000    0.0053    0.0010    0.0017    0.0003    0.0005    0.0017    0.0033     0.0028 
 53    3640    0.0001    0.0119    0.0141    0.0011    0.0119    0.0037    0.0658    0.0050     0.0067 
 54    3660    0.0000    0.0002    0.0007    0.0006    0.0000    0.0002    0.0000    0.0000     0.0005 
 55    3720    0.0000    0.0004    0.0006    0.0008    0.0000    0.0004    0.0002    0.0004     0.0006 
 56    3760    0.0013    0.0018    0.0034    0.0074    0.0000    0.0015    0.0007    0.0016     0.0025 
The SAS System                                                                       12:35 Wednesday, March 27, 2019   6

Obs    rmsa    shric1    shric2    shric3    shric4    shric5    shric6    shric7    shric37    shric38

 57    3840    0.0000    0.0002    0.0018    0.0003    0.0000    0.0005    0.0001    0.0002     0.0007 
 58    3980    0.0004    0.0003    0.0005    0.0011    0.0000    0.0001    0.0014    0.0014     0.0028 
 59    4000    0.0001    0.0001    0.0006    0.0042    0.0000    0.0001    0.0000    0.0001     0.0008 
 60    4040    0.0003    0.0008    0.0012    0.0009    0.0000    0.0009    0.0004    0.0004     0.0007 
 61    4120    0.0026    0.0040    0.0001    0.0048    0.0024    0.0030    0.0048    0.0025     0.0033 
 62    4280    0.0000    0.0001    0.0009    0.0022    0.0000    0.0005    0.0001    0.0000     0.0003 
 63    4400    0.0001    0.0006    0.0005    0.0025    0.0003    0.0002    0.0002    0.0006     0.0010 
 64    4480    0.3184    0.1420    0.0435    0.1157    0.5379    0.1151    0.0584    0.0875     0.0982 
 65    4520    0.0001    0.0009    0.0012    0.0012    0.0000    0.0006    0.0002    0.0008     0.0011 
 66    4720    0.0002    0.0002    0.0022    0.0006    0.0003    0.0016    0.0001    0.0000     0.0005 
 67    4880    0.0210    0.0001    0.0001    0.0000    0.0000    0.0002    0.0004    0.0006     0.0033 
 68    4900    0.0001    0.0004    0.0002    0.0006    0.0003    0.0010    0.0009    0.0018     0.0006 
 69    4920    0.0001    0.0011    0.0017    0.0011    0.0000    0.0016    0.0004    0.0010     0.0016 
 70    5000    0.0018    0.0033    0.0058    0.0022    0.0119    0.0037    0.5171    0.0513     0.0405 
 71    5015    0.0002    0.0036    0.0173    0.0012    0.0013    0.0053    0.0050    0.0035     0.0041 
 72    5080    0.0018    0.0025    0.0027    0.0032    0.0003    0.0017    0.0010    0.0018     0.0026 
 73    5120    0.0008    0.0023    0.0072    0.0136    0.0003    0.0045    0.0006    0.0012     0.0040 
 74    5160    0.0000    0.0002    0.0002    0.0023    0.0000    0.0000    0.0000    0.0010     0.0012 
 75    5170    0.0050    0.0011    0.0012    0.0023    0.0003    0.0004    0.0002    0.0001     0.0023 
 76    5190    0.0001    0.0025    0.0061    0.0005    0.0000    0.0027    0.0024    0.0027     0.0027 
 77    5360    0.0001    0.0006    0.0020    0.0005    0.0003    0.0005    0.0004    0.0010     0.0016 
 78    5380    0.0003    0.0054    0.0123    0.0011    0.0216    0.0118    0.0067    0.0238     0.0093 
 79    5480    0.0001    0.0008    0.0028    0.0009    0.0000    0.0022    0.0009    0.0008     0.0024 
 80    5560    0.0005    0.0022    0.0050    0.0219    0.0078    0.0020    0.0066    0.0076     0.0050 
 81    5600    0.0042    0.0498    0.1114    0.0173    0.0825    0.2130    0.0919    0.4229     0.1476 
 82    5640    0.0002    0.0096    0.0258    0.0020    0.0057    0.0075    0.0310    0.0154     0.0151 
 83    5720    0.0001    0.0193    0.0022    0.0037    0.0000    0.0025    0.0008    0.0037     0.0045 
 84    5775    0.0127    0.0433    0.0212    0.0185    0.0127    0.0470    0.0019    0.0060     0.0102 
 85    5880    0.0010    0.0013    0.0042    0.0080    0.0003    0.0007    0.0001    0.0002     0.0022 
 86    5920    0.0005    0.0012    0.0016    0.0012    0.0000    0.0005    0.0001    0.0005     0.0008 
 87    5945    0.0409    0.0144    0.0166    0.0696    0.0224    0.0185    0.0063    0.0096     0.0150 
 88    5960    0.0008    0.0013    0.0027    0.0052    0.0003    0.0009    0.0060    0.0051     0.0036 
 89    6080    0.0001    0.0021    0.0007    0.0034    0.0000    0.0002    0.0002    0.0005     0.0008 
 90    6160    0.0007    0.0110    0.0330    0.0151    0.0008    0.0128    0.0048    0.0116     0.0138 
 91    6200    0.0124    0.0025    0.0039    0.0051    0.0011    0.0042    0.0002    0.0030     0.0069 
 92    6280    0.0001    0.0020    0.0107    0.0015    0.0000    0.0029    0.0004    0.0012     0.0030 
 93    6440    0.0011    0.0041    0.0018    0.0174    0.0005    0.0058    0.0010    0.0012     0.0042 
 94    6480    0.0001    0.0011    0.0022    0.0006    0.0003    0.0015    0.0005    0.0017     0.0043 
 95    6640    0.0000    0.0002    0.0023    0.0020    0.0000    0.0016    0.0003    0.0007     0.0019 
 96    6760    0.0001    0.0007    0.0020    0.0020    0.0011    0.0011    0.0004    0.0008     0.0024 
 97    6780    0.0312    0.0079    0.0066    0.0076    0.0040    0.0050    0.0020    0.0043     0.0130 
 98    6840    0.0001    0.0004    0.0055    0.0008    0.0003    0.0021    0.0010    0.0020     0.0028 
 99    6920    0.0048    0.0088    0.0014    0.0131    0.0032    0.0148    0.0002    0.0024     0.0059 
100    7040    0.0006    0.0040    0.0082    0.0028    0.0000    0.0049    0.0007    0.0026     0.0038 
101    7160    0.0012    0.0008    0.0020    0.0072    0.0013    0.0023    0.0000    0.0007     0.0015 
102    7240    0.0205    0.0017    0.0023    0.0039    0.0011    0.0012    0.0009    0.0031     0.0042 
103    7320    0.0383    0.0648    0.0039    0.0316    0.0030    0.0080    0.0012    0.0069     0.0144 
104    7360    0.0126    0.0869    0.0117    0.0345    0.1116    0.1371    0.0035    0.0111     0.0207 
105    7400    0.0174    0.0364    0.0136    0.0510    0.0175    0.0245    0.0018    0.0033     0.0122 
106    7500    0.0023    0.0011    0.0006    0.0008    0.0011    0.0009    0.0001    0.0004     0.0015 
107    7510    0.0003    0.0001    0.0012    0.0006    0.0000    0.0002    0.0010    0.0006     0.0013 
108    7560    0.0000    0.0004    0.0007    0.0015    0.0000    0.0005    0.0001    0.0006     0.0004 
109    7600    0.0008    0.0183    0.0050    0.0197    0.0008    0.0158    0.0007    0.0025     0.0070 
110    7840    0.0000    0.0004    0.0004    0.0032    0.0000    0.0008    0.0000    0.0006     0.0007 
111    8000    0.0001    0.0004    0.0012    0.0022    0.0000    0.0009    0.0001    0.0017     0.0020 
112    8120    0.0065    0.0070    0.0022    0.0031    0.0013    0.0054    0.0001    0.0005     0.0026 
The SAS System                                                                       12:35 Wednesday, March 27, 2019   7

Obs    rmsa    shric1    shric2    shric3    shric4    shric5    shric6    shric7    shric37    shric38

113    8160    0.0000    0.0007    0.0038    0.0000    0.0000    0.0005    0.0005    0.0010     0.0016 
114    8200    0.0002    0.0031    0.0005    0.0045    0.0000    0.0007    0.0002    0.0023     0.0019 
115    8280    0.0007    0.0017    0.0018    0.0045    0.0011    0.0018    0.0195    0.0096     0.0057 
116    8400    0.0004    0.0008    0.0027    0.0003    0.0000    0.0006    0.0001    0.0004     0.0004 
117    8520    0.0071    0.0008    0.0009    0.0014    0.0000    0.0025    0.0005    0.0010     0.0017 
118    8560    0.0003    0.0004    0.0014    0.0054    0.0003    0.0006    0.0002    0.0010     0.0014 
119    8720    0.0024    0.0147    0.0015    0.0018    0.0027    0.0016    0.0002    0.0006     0.0025 
120    8735    0.0156    0.0097    0.0020    0.0028    0.0013    0.0020    0.0006    0.0017     0.0036 
121    8840    0.0011    0.0193    0.0414    0.0504    0.0437    0.0260    0.0083    0.0252     0.0214 
122    8960    0.0005    0.0008    0.0018    0.0011    0.0005    0.0015    0.0136    0.0056     0.0057 
123    9040    0.0007    0.0006    0.0006    0.0069    0.0000    0.0002    0.0003    0.0004     0.0007 
124    9160    0.0000    0.0011    0.0021    0.0008    0.0003    0.0013    0.0004    0.0001     0.0012 
125    9240    0.0000    0.0003    0.0018    0.0017    0.0000    0.0002    0.0003    0.0008     0.0009 
126    9320    0.0000    0.0003    0.0015    0.0003    0.0000    0.0005    0.0000    0.0002     0.0009 
The SAS System                                                                       12:35 Wednesday, March 27, 2019   8

The MEANS Procedure

Variable      N            Mean             Sum         Minimum         Maximum
-------------------------------------------------------------------------------
shric1      126       0.0079365       1.0000000               0       0.3183964
shric2      126       0.0079365       1.0000000     0.000056186       0.1419822
shric3      126       0.0079365       1.0000000               0       0.1113840
shric4      126       0.0079365       1.0000000               0       0.1157165
shric5      126       0.0079365       1.0000000               0       0.5378808
shric6      126       0.0079365       1.0000000               0       0.2130280
shric7      126       0.0079365       1.0000000               0       0.5171253
shric8      126       0.0079365       1.0000000               0       0.7446338
shric9      126       0.0079365       1.0000000               0       0.1858151
shric10     126       0.0079365       1.0000000               0       0.5010877
shric11     126       0.0079365       1.0000000     0.000238417       0.1629580
shric12     126       0.0079365       1.0000000               0       0.3113428
shric13     126       0.0079365       1.0000000               0       0.4645833
shric14     126       0.0079365       1.0000000     0.000299884       0.1234772
shric15     126       0.0079365       1.0000000               0       0.5704641
shric16     126       0.0079365       1.0000000               0       0.2007568
shric17     126       0.0079365       1.0000000               0       0.1374459
shric18     126       0.0079365       1.0000000     0.000147681       0.1105149
shric19     126       0.0079365       1.0000000               0       0.2459105
shric20     126       0.0079365       1.0000000               0       0.4640620
shric21     126       0.0079365       1.0000000               0       0.1466254
shric22     126       0.0079365       1.0000000               0       0.2024733
shric23     126       0.0079365       1.0000000               0       0.2647687
shric24     126       0.0079365       1.0000000               0       0.2072893
shric25     126       0.0079365       1.0000000               0       0.3390688
shric26     126       0.0079365       1.0000000               0       0.2384412
shric27     126       0.0079365       1.0000000               0       0.6141304
shric28     126       0.0079365       1.0000000               0       0.1308017
shric29     126       0.0079365       1.0000000               0       0.2024014
shric30     126       0.0079365       1.0000000               0       0.5935252
shric31     126       0.0079365       1.0000000     0.000182109       0.1459299
shric32     126       0.0079365       1.0000000               0       0.1691370
shric33     126       0.0079365       1.0000000               0       0.1347305
shric34     126       0.0079365       1.0000000     0.000124409       0.1423240
shric35     126       0.0079365       1.0000000               0       0.1642766
shric36     126       0.0079365       1.0000000               0       0.1305458
shric37     126       0.0079365       1.0000000               0       0.4228517
shric38     126       0.0079365       1.0000000     0.000309059       0.1476144
-------------------------------------------------------------------------------
