The SAS System                                                                        12:40 Thursday, March 28, 2019   1

The FREQ Procedure

Table of mfg by imm

mfg       imm

Frequency|
Percent  |
Row Pct  |
Col Pct  |       0|       1|  Total
---------+--------+--------+
       0 |3083348 | 206416 |3289764
         |  70.64 |   4.73 |  75.37
         |  93.73 |   6.27 |
         |  75.78 |  69.74 |
---------+--------+--------+
       1 | 985266 |  89564 |1074830
         |  22.57 |   2.05 |  24.63
         |  91.67 |   8.33 |
         |  24.22 |  30.26 |
---------+--------+--------+
Total     4068614   295980  4364594
            93.22     6.78   100.00


Table of mfg by female

mfg       female

Frequency|
Percent  |
Row Pct  |
Col Pct  |       0|       1|  Total
---------+--------+--------+
       0 |1698615 |1591149 |3289764
         |  38.92 |  36.46 |  75.37
         |  51.63 |  48.37 |
         |  70.63 |  81.20 |
---------+--------+--------+
       1 | 706397 | 368433 |1074830
         |  16.18 |   8.44 |  24.63
         |  65.72 |  34.28 |
         |  29.37 |  18.80 |
---------+--------+--------+
Total     2405012  1959582  4364594
            55.10    44.90   100.00


The SAS System                                                                        12:40 Thursday, March 28, 2019   2

The FREQ Procedure

Table 1 of mfg by imm
Controlling for female=0

mfg       imm

Frequency|
Percent  |
Row Pct  |
Col Pct  |       0|       1|  Total
---------+--------+--------+
       0 |1586558 | 112057 |1698615
         |  65.97 |   4.66 |  70.63
         |  93.40 |   6.60 |
         |  70.82 |  68.03 |
---------+--------+--------+
       1 | 653748 |  52649 | 706397
         |  27.18 |   2.19 |  29.37
         |  92.55 |   7.45 |
         |  29.18 |  31.97 |
---------+--------+--------+
Total     2240306   164706  2405012
            93.15     6.85   100.00


Table 2 of mfg by imm
Controlling for female=1

mfg       imm

Frequency|
Percent  |
Row Pct  |
Col Pct  |       0|       1|  Total
---------+--------+--------+
       0 |1496790 |  94359 |1591149
         |  76.38 |   4.82 |  81.20
         |  94.07 |   5.93 |
         |  81.87 |  71.88 |
---------+--------+--------+
       1 | 331518 |  36915 | 368433
         |  16.92 |   1.88 |  18.80
         |  89.98 |  10.02 |
         |  18.13 |  28.12 |
---------+--------+--------+
Total     1828308   131274  1959582
            93.30     6.70   100.00
The SAS System                                                                        12:40 Thursday, March 28, 2019   3

Obs    rmsa      mfg

  1       .    0.24626
  2       0    0.27011
  3       1    0.25274
  4      80    0.34422
  5     160    0.18286
  6     200    0.09642
  7     240    0.42592
  8     440    0.27265
  9     520    0.21071
 10     600    0.26868
 11     640    0.14314
 12     680    0.07810
 13     720    0.19571
 14     760    0.18046
 15     875    0.29272
 16    1000    0.20402
 17    1080    0.15458
 18    1120    0.21626
 19    1160    0.40300
 20    1280    0.30693
 21    1440    0.18230
 22    1520    0.34837
 23    1560    0.30390
 24    1600    0.28774
 25    1640    0.29448
 26    1680    0.33841
 27    1720    0.14135
 28    1760    0.17487
 29    1840    0.21774
 30    1920    0.23616
 31    2000    0.30839
 32    2020    0.13299
 33    2080    0.15420
 34    2120    0.15483
 35    2160    0.35450
 36    2320    0.19050
 37    2640    0.43470
 38    2680    0.12299
 39    2700    0.08309
 40    2760    0.34180
 41    2800    0.27810
 42    2840    0.13017
 43    2960    0.40537
 44    3000    0.36424
 45    3120    0.41960
 46    3160    0.42957
 47    3240    0.24538
 48    3280    0.31200
 49    3320    0.06828
 50    3360    0.19158
 51    3480    0.29574
 52    3560    0.19861
 53    3600    0.11655
 54    3640    0.32813
 55    3660    0.37943
 56    3720    0.34651
The SAS System                                                                        12:40 Thursday, March 28, 2019   4

Obs    rmsa      mfg

 57    3760    0.21912
 58    3840    0.21339
 59    3980    0.17081
 60    4000    0.39908
 61    4040    0.23746
 62    4120    0.04229
 63    4280    0.20695
 64    4400    0.20456
 65    4480    0.27933
 66    4520    0.28949
 67    4720    0.13260
 68    4880    0.13735
 69    4900    0.22149
 70    4920    0.17570
 71    5000    0.14933
 72    5015    0.32094
 73    5080    0.34787
 74    5120    0.24664
 75    5160    0.21763
 76    5170    0.25870
 77    5190    0.18182
 78    5360    0.23426
 79    5380    0.18542
 80    5480    0.30031
 81    5560    0.13618
 82    5600    0.18677
 83    5640    0.28410
 84    5720    0.14204
 85    5775    0.19083
 86    5880    0.15823
 87    5920    0.13242
 88    5945    0.28014
 89    5960    0.13396
 90    6080    0.12649
 91    6160    0.25689
 92    6200    0.19031
 93    6280    0.28525
 94    6440    0.22815
 95    6480    0.38635
 96    6640    0.21558
 97    6760    0.20747
 98    6780    0.17580
 99    6840    0.37391
100    6920    0.08697
101    7040    0.26062
102    7160    0.16725
103    7240    0.12187
104    7320    0.15631
105    7360    0.13226
106    7400    0.39159
107    7500    0.14770
108    7510    0.13270
109    7560    0.33953
110    7600    0.23839
111    7840    0.14247
112    8000    0.30622
The SAS System                                                                        12:40 Thursday, March 28, 2019   5

Obs    rmsa      mfg

113    8120    0.19201
114    8160    0.27701
115    8200    0.17036
116    8280    0.14517
117    8400    0.29604
118    8520    0.10386
119    8560    0.22501
120    8720    0.17906
121    8735    0.19732
122    8840    0.06309
123    8960    0.13904
124    9040    0.34807
125    9160    0.27339
126    9240    0.33952
127    9320    0.40898
