The SAS System                                                                          17:16 Friday, March 22, 2019   1

The MEANS Procedure

Variable                N            Mean         Std Dev         Minimum         Maximum
-----------------------------------------------------------------------------------------
state             2330287      28.1477638      21.1289254       1.0000000      56.0000000
age               2330287      36.9316532      16.9156394      18.0000000      68.0000000
hispanic          2330287       0.0598282       0.3245817               0       1.0000000
pob               2330287      69.8364854     207.8153460       1.0000000     997.0000000
english           2330287       0.1743317       0.7924663               0       4.0000000
ind               2330287     531.1859048     389.3403833               0     991.0000000
educ              2330287      12.5201334       4.0809996               0      20.0000000
imm               2330287       0.0678139       0.3440946               0       1.0000000
msa               2330287         5693.95         4336.29      40.0000000         9999.00
eclass            2330287       2.3176568       1.3927080       1.0000000       4.0000000
dropout           2330287       0.2298663       0.5758217               0       1.0000000
somecoll          2330287       0.1884221       0.5351781               0       1.0000000
collplus          2330287       0.1795505       0.5252748               0       1.0000000
advanced          2330287       0.0845213       0.3806926               0       1.0000000
exp               2330287      17.5262059      17.3256744       1.0000000      45.0000000
xclass            2330287       3.9204625       3.4449464       1.0000000       9.0000000
annhrs            2330287         1770.88         1010.77       1.0000000         5148.00
female            2330287       0.4489723       0.6807126               0       1.0000000
owage             2330287       7.6201378      35.8186704       0.0013355        18005.00
logwage2          2330287       1.7720391       0.8616246       0.7770287       4.9767337
ic                2330287       0.1776261       7.5047527      -1.0000000      38.0000000
euro              2330287       0.0250191       0.2137474               0       1.0000000
hi_asian          2330287       0.0050648       0.0971511               0       1.0000000
mid_asian         2330287       0.0058684       0.1045316               0       1.0000000
mex               2330287       0.0118893       0.1483366               0       1.0000000
yrsinus           2330287       1.0361732       6.6593602               0      40.0000000
yrsinus2          2330287      24.7508578     210.9918436               0         1600.00
pre_exp           2330287       0.2535236       4.5199544     -33.0000000      42.5000000
pre_exp1          2330287       0.0151001       0.1668991               0       1.0000000
euro_ed           2330287       0.3038143       2.7264215               0      20.0000000
hi_asian_ed       2330287       0.0739129       1.4641359               0      20.0000000
mid_asian_ed      2330287       0.0774001       1.4535274               0      20.0000000
mex_ed            2330287       0.0894539       1.2824802               0      20.0000000
euro_coll         2330287       0.0049416       0.0959676               0       1.0000000
hi_asian_coll     2330287       0.0023665       0.0664982               0       1.0000000
mid_asian_coll    2330287       0.0022208       0.0644231               0       1.0000000
mex_coll          2330287     0.000336572       0.0251034               0       1.0000000
euro_yrs          2330287       0.5290823       5.2117052               0      40.0000000
hi_asian_yrs      2330287       0.0466482       1.1859605               0      40.0000000
mid_asian_yrs     2330287       0.0594898       1.4407060               0      40.0000000
mex_yrs           2330287       0.1428299       2.3137937               0      40.0000000
euro_yrs2         2330287      14.7818330     173.4986027               0         1600.00
hi_asian_yrs2     2330287       0.7531171      28.7381371               0         1600.00
mid_asian_yrs2    2330287       1.1117339      42.0516818               0         1600.00
mex_yrs2          2330287       2.8787454      66.7593599               0         1600.00
imm_ed            2330287       0.7792805       4.2625556               0      20.0000000
imm_coll          2330287       0.0132830       0.1566795               0       1.0000000
inschool          2330287       0.0801415       0.3715836               0       1.0000000
exp2              2330287       4.6743535       7.4349110       0.0100000      20.2500000
exp3              2330287      14.8307101      30.2300501       0.0010000      91.1250000
asian             2330287       0.0167493       0.1756298               0       1.0000000
black             2330287       0.1057351       0.4208333               0       1.0000000
asian_ed          2330287       0.2278269       2.4851665               0      20.0000000
-----------------------------------------------------------------------------------------
The SAS System                                                                          17:16 Friday, March 22, 2019   2

The MEANS Procedure

Variable                N            Mean         Std Dev         Minimum         Maximum
-----------------------------------------------------------------------------------------
black_ed          2330287       1.2395746       5.1064304               0      20.0000000
asian_coll        2330287       0.0060665       0.1062715               0       1.0000000
black_coll        2330287       0.0105355       0.1397314               0       1.0000000
hisp_ed           2330287       0.6209567       3.6204409               0      20.0000000
hisp_coll         2330287       0.0046712       0.0933181               0       1.0000000
p1                2330287       0.1001939       0.1170222     0.000655525       0.7157922
p2                2330287       0.1023250       0.0905830       0.0018089       0.2315477
p3                2330287       0.0954010       0.0672640       0.0034359       0.1591841
p4                2330287       0.1023675       0.0515092       0.0074608       0.1439071
p5                2330287       0.0989258       0.0363441       0.0132354       0.1332594
p6                2330287       0.0940126       0.0279132       0.0155951       0.1217200
p7                2330287       0.1081514       0.0463804       0.0087660       0.1489274
p8                2330287       0.1003326       0.0713867       0.0034117       0.1707784
p9                2330287       0.0982336       0.0997233       0.0014046       0.2328081
p10               2330287       0.1000567       0.1443657     0.000200909       0.5967911
c                 2330287       1.0000000               0       1.0000000       1.0000000
rmsa              2330287         2923.15         3975.99               0         9320.00
dev               2330287    -0.000362447       0.8616246      -0.9953728       3.2043322
devsq             2330287       0.3963708       0.9721533    1.596595E-13      10.2677451
nonmover          2330287       0.5820248       0.6750148               0       1.0000000
-----------------------------------------------------------------------------------------
The SAS System                                                                          17:16 Friday, March 22, 2019   3

The MEANS Procedure

Variable                N            Mean         Std Dev         Minimum         Maximum
-----------------------------------------------------------------------------------------
state             2034307      28.4786957      21.7418683       1.0000000      56.0000000
age               2034307      36.8515485      17.5214910      18.0000000      68.0000000
hispanic          2034307       0.0393564       0.2749818               0       1.0000000
pob               2034307      32.5096969      58.6410746       1.0000000     997.0000000
english           2034307       0.0822501       0.5064117               0       4.0000000
ind               2034307     532.9245473     402.3369904               0     991.0000000
educ              2034307      12.5949662       4.0012219               0      20.0000000
imm               2034307               0               0               0               0
msa               2034307         5735.80         4537.74      40.0000000         9999.00
eclass            2034307       2.3268828       1.4258529       1.0000000       4.0000000
dropout           2034307       0.2198857       0.5857236               0       1.0000000
somecoll          2034307       0.1900426       0.5548450               0       1.0000000
collplus          2034307       0.1783630       0.5413865               0       1.0000000
advanced          2034307       0.0826276       0.3893594               0       1.0000000
exp               2034307      17.4176685      17.9440865       1.0000000      45.0000000
xclass            2034307       3.8994159       3.5671382       1.0000000       9.0000000
annhrs            2034307         1773.32         1044.31       1.0000000         5148.00
female            2034307       0.4493688       0.7034722               0       1.0000000
owage             2034307       7.6225515      37.6786394       0.0013355        18005.00
logwage2          2034307       1.7744540       0.8878046       0.7770287       4.9767337
ic                2034307      -1.0000000               0      -1.0000000      -1.0000000
euro              2034307               0               0               0               0
hi_asian          2034307               0               0               0               0
mid_asian         2034307               0               0               0               0
mex               2034307               0               0               0               0
yrsinus           2034307               0               0               0               0
yrsinus2          2034307               0               0               0               0
pre_exp           2034307               0               0               0               0
pre_exp1          2034307               0               0               0               0
euro_ed           2034307               0               0               0               0
hi_asian_ed       2034307               0               0               0               0
mid_asian_ed      2034307               0               0               0               0
mex_ed            2034307               0               0               0               0
euro_coll         2034307               0               0               0               0
hi_asian_coll     2034307               0               0               0               0
mid_asian_coll    2034307               0               0               0               0
mex_coll          2034307               0               0               0               0
euro_yrs          2034307               0               0               0               0
hi_asian_yrs      2034307               0               0               0               0
mid_asian_yrs     2034307               0               0               0               0
mex_yrs           2034307               0               0               0               0
euro_yrs2         2034307               0               0               0               0
hi_asian_yrs2     2034307               0               0               0               0
mid_asian_yrs2    2034307               0               0               0               0
mex_yrs2          2034307               0               0               0               0
imm_ed            2034307               0               0               0               0
imm_coll          2034307               0               0               0               0
inschool          2034307       0.0796699       0.3829429               0       1.0000000
exp2              2034307       4.6437010       7.6868526       0.0100000      20.2500000
exp3              2034307      14.7450734      31.2335025       0.0010000      91.1250000
asian             2034307       0.0059509       0.1087705               0       1.0000000
black             2034307       0.1089550       0.4406447               0       1.0000000
asian_ed          2034307       0.0803301       1.5004543               0      20.0000000
-----------------------------------------------------------------------------------------
The SAS System                                                                          17:16 Friday, March 22, 2019   4

The MEANS Procedure

Variable                N            Mean         Std Dev         Minimum         Maximum
-----------------------------------------------------------------------------------------
black_ed          2034307       1.2759805       5.3397871               0      20.0000000
asian_coll        2034307       0.0016389       0.0572049               0       1.0000000
black_coll        2034307       0.0106739       0.1453271               0       1.0000000
hisp_ed           2034307       0.4355316       3.1855011               0      20.0000000
hisp_coll         2034307       0.0029450       0.0766330               0       1.0000000
p1                2034307       0.0991935       0.1200751       0.0010635       0.7157922
p2                2034307       0.1018638       0.0937462       0.0027291       0.2315477
p3                2034307       0.0951005       0.0697257       0.0049487       0.1591841
p4                2034307       0.1021389       0.0533938       0.0103030       0.1439071
p5                2034307       0.0988288       0.0375833       0.0175462       0.1332594
p6                2034307       0.0940444       0.0287170       0.0155951       0.1217200
p7                2034307       0.1083843       0.0479049       0.0087660       0.1489274
p8                2034307       0.1007768       0.0739448       0.0034117       0.1707784
p9                2034307       0.0988790       0.1032673       0.0014046       0.2328081
p10               2034307       0.1007900       0.1490998     0.000200909       0.5411772
c                 2034307       1.0000000               0       1.0000000       1.0000000
rmsa              2034307         2838.16         4114.85               0         9320.00
dev               2034307       0.0020525       0.8878046      -0.9953728       3.2043322
devsq             2034307       0.3941025       0.9981580    1.596595E-13      10.2677451
nonmover          2034307       0.6243654       0.6848844               0       1.0000000
-----------------------------------------------------------------------------------------
The SAS System                                                                          17:16 Friday, March 22, 2019   5

The MEANS Procedure

Variable                N            Mean         Std Dev         Minimum         Maximum
-----------------------------------------------------------------------------------------
state              295980      23.5986925      15.6085056       1.0000000      56.0000000
age                295980      38.0327928      11.8928249      18.0000000      68.0000000
hispanic           295980       0.3412393       0.4741263               0       1.0000000
pob                295980     582.9397155     184.2707762     110.0000000     997.0000000
english            295980       1.4401074       1.2095342               0       4.0000000
ind                295980     507.2860970     283.2933070               0     991.0000000
educ               295980      11.4914623       4.4666703               0      20.0000000
imm                295980       1.0000000               0       1.0000000       1.0000000
msa                295980         5118.75         2482.16      40.0000000         9999.00
eclass             295980       2.1908338       1.1315008       1.0000000       4.0000000
dropout            295980       0.3670620       0.4820044               0       1.0000000
somecoll           295980       0.1661464       0.3722126               0       1.0000000
collplus           295980       0.1958747       0.3968732               0       1.0000000
advanced           295980       0.1105514       0.3135763               0       1.0000000
exp                295980      19.0181870      12.1606016       1.0000000      45.0000000
xclass             295980       4.2097743       2.4266983       1.0000000       9.0000000
annhrs             295980         1737.38     739.4003299       1.0000000         5148.00
female             295980       0.4435232       0.4968010               0       1.0000000
owage              295980       7.5869582      18.5311360       0.0019231         4251.25
logwage2           295980       1.7388427       0.6530138       0.7770287       4.9767337
ic                 295980      16.3655652      12.7401836       1.0000000      38.0000000
euro               295980       0.3689371       0.4825177               0       1.0000000
hi_asian           295980       0.0746875       0.2628868               0       1.0000000
mid_asian          295980       0.0865363       0.2811548               0       1.0000000
mex                295980       0.1753227       0.3802435               0       1.0000000
yrsinus            295980      15.2796659      11.4679772       2.5000000      40.0000000
yrsinus2           295980     364.9822463     475.7251480       6.2500000         1600.00
pre_exp            295980       3.7385212      12.1581046     -33.0000000      42.5000000
pre_exp1           295980       0.2226705       0.4160395               0       1.0000000
euro_ed            295980       4.4801203       6.3098042               0      20.0000000
hi_asian_ed        295980       1.0899385       3.9711719               0      20.0000000
mid_asian_ed       295980       1.1413609       3.9267745               0      20.0000000
mex_ed             295980       1.3191094       3.3656121               0      20.0000000
euro_coll          295980       0.0728698       0.2599231               0       1.0000000
hi_asian_coll      295980       0.0348976       0.1835208               0       1.0000000
mid_asian_coll     295980       0.0327488       0.1779788               0       1.0000000
mex_coll           295980       0.0049632       0.0702749               0       1.0000000
euro_yrs           295980       7.8019782      12.5342020               0      40.0000000
hi_asian_yrs       295980       0.6878860       3.2607512               0      40.0000000
mid_asian_yrs      295980       0.8772518       3.9527691               0      40.0000000
mex_yrs            295980       2.1062048       6.1656077               0      40.0000000
euro_yrs2          295980     217.9765516     438.9803758               0         1600.00
hi_asian_yrs2      295980      11.1056499      79.9206248               0         1600.00
mid_asian_yrs2     295980      16.3939016     116.9268811               0         1600.00
mex_yrs2           295980      42.4506884     182.7820355               0         1600.00
imm_ed             295980      11.4914623       4.4666703               0      20.0000000
imm_coll           295980       0.1958747       0.3968732               0       1.0000000
inschool           295980       0.0866241       0.2812839               0       1.0000000
exp2               295980       5.0957104       5.3760876       0.0100000      20.2500000
exp3               295980      16.0078921      22.1012719       0.0010000      91.1250000
asian              295980       0.1651868       0.3713497               0       1.0000000
black              295980       0.0614737       0.2401977               0       1.0000000
asian_ed           295980       2.2553551       5.3610715               0      20.0000000
-----------------------------------------------------------------------------------------
The SAS System                                                                          17:16 Friday, March 22, 2019   6

The MEANS Procedure

Variable                N            Mean         Std Dev         Minimum         Maximum
-----------------------------------------------------------------------------------------
black_ed           295980       0.7391310       3.0087249               0      20.0000000
asian_coll         295980       0.0669302       0.2499015               0       1.0000000
black_coll         295980       0.0086323       0.0925087               0       1.0000000
hisp_ed            295980       3.1698561       5.1462414               0      20.0000000
hisp_coll          295980       0.0284006       0.1661146               0       1.0000000
p1                 295980       0.1139457       0.0922832     0.000655525       0.6358307
p2                 295980       0.1086645       0.0644569       0.0018089       0.2315477
p3                 295980       0.0995312       0.0467799       0.0034359       0.1591841
p4                 295980       0.1055102       0.0358291       0.0074608       0.1439071
p5                 295980       0.1002601       0.0262553       0.0132354       0.1332594
p6                 295980       0.0935753       0.0215889       0.0234864       0.1217200
p7                 295980       0.1049491       0.0339448       0.0166862       0.1489274
p8                 295980       0.0942267       0.0500084       0.0077157       0.1707784
p9                 295980       0.0893616       0.0701126       0.0027706       0.2328081
p10                295980       0.0899757       0.1057526     0.000456847       0.5967911
c                  295980       1.0000000               0       1.0000000       1.0000000
rmsa               295980         4091.43         2573.40               0         9320.00
dev                295980      -0.0335588       0.6530138      -0.9953728       3.2043322
devsq              295980       0.4275518       0.7693373    2.746506E-11      10.2677451
nonmover           295980               0               0               0               0
-----------------------------------------------------------------------------------------
The SAS System                                                                          17:16 Friday, March 22, 2019   7

The FREQ Procedure

Table of ic by hispanic

ic        hispanic

Frequency|
Percent  |
Row Pct  |
Col Pct  |       0|       1|  Total
---------+--------+--------+
      -1 |3908488 | 160126 |4068614
         |  89.55 |   3.67 |  93.22
         |  96.06 |   3.94 |
         |  95.25 |  61.32 |
---------+--------+--------+
       1 |    648 |  51244 |  51892
         |   0.01 |   1.17 |   1.19
         |   1.25 |  98.75 |
         |   0.02 |  19.62 |
---------+--------+--------+
       2 |  12406 |   1697 |  14103
         |   0.28 |   0.04 |   0.32
         |  87.97 |  12.03 |
         |   0.30 |   0.65 |
---------+--------+--------+
       3 |   5761 |     44 |   5805
         |   0.13 |   0.00 |   0.13
         |  99.24 |   0.76 |
         |   0.14 |   0.02 |
---------+--------+--------+
       4 |   3812 |     41 |   3853
         |   0.09 |   0.00 |   0.09
         |  98.94 |   1.06 |
         |   0.09 |   0.02 |
---------+--------+--------+
       5 |     31 |   2591 |   2622
         |   0.00 |   0.06 |   0.06
         |   1.18 |  98.82 |
         |   0.00 |   0.99 |
---------+--------+--------+
       6 |   7619 |     38 |   7657
         |   0.17 |   0.00 |   0.18
         |  99.50 |   0.50 |
         |   0.19 |   0.01 |
---------+--------+--------+
       7 |    239 |  15454 |  15693
         |   0.01 |   0.35 |   0.36
         |   1.52 |  98.48 |
         |   0.01 |   5.92 |
---------+--------+--------+
Total     4103468   261126  4364594
            94.02     5.98   100.00
(Continued)
The SAS System                                                                          17:16 Friday, March 22, 2019   8

The FREQ Procedure

Table of ic by hispanic

ic        hispanic

Frequency|
Percent  |
Row Pct  |
Col Pct  |       0|       1|  Total
---------+--------+--------+
       8 |     86 |   3883 |   3969
         |   0.00 |   0.09 |   0.09
         |   2.17 |  97.83 |
         |   0.00 |   1.49 |
---------+--------+--------+
       9 |   5569 |     41 |   5610
         |   0.13 |   0.00 |   0.13
         |  99.27 |   0.73 |
         |   0.14 |   0.02 |
---------+--------+--------+
      10 |   5274 |    131 |   5405
         |   0.12 |   0.00 |   0.12
         |  97.58 |   2.42 |
         |   0.13 |   0.05 |
---------+--------+--------+
      11 |  16442 |     55 |  16497
         |   0.38 |   0.00 |   0.38
         |  99.67 |   0.33 |
         |   0.40 |   0.02 |
---------+--------+--------+
      12 |    173 |   3731 |   3904
         |   0.00 |   0.09 |   0.09
         |   4.43 |  95.57 |
         |   0.00 |   1.43 |
---------+--------+--------+
      13 |     74 |   1658 |   1732
         |   0.00 |   0.04 |   0.04
         |   4.27 |  95.73 |
         |   0.00 |   0.63 |
---------+--------+--------+
      14 |  17320 |    112 |  17432
         |   0.40 |   0.00 |   0.40
         |  99.36 |   0.64 |
         |   0.42 |   0.04 |
---------+--------+--------+
      15 |   2374 |    147 |   2521
         |   0.05 |   0.00 |   0.06
         |  94.17 |   5.83 |
         |   0.06 |   0.06 |
---------+--------+--------+
Total     4103468   261126  4364594
            94.02     5.98   100.00
(Continued)
The SAS System                                                                          17:16 Friday, March 22, 2019   9

The FREQ Procedure

Table of ic by hispanic

ic        hispanic

Frequency|
Percent  |
Row Pct  |
Col Pct  |       0|       1|  Total
---------+--------+--------+
      16 |   6435 |     25 |   6460
         |   0.15 |   0.00 |   0.15
         |  99.61 |   0.39 |
         |   0.16 |   0.01 |
---------+--------+--------+
      17 |   1714 |      3 |   1717
         |   0.04 |   0.00 |   0.04
         |  99.83 |   0.17 |
         |   0.04 |   0.00 |
---------+--------+--------+
      18 |  13400 |     46 |  13446
         |   0.31 |   0.00 |   0.31
         |  99.66 |   0.34 |
         |   0.33 |   0.02 |
---------+--------+--------+
      19 |  13063 |     98 |  13161
         |   0.30 |   0.00 |   0.30
         |  99.26 |   0.74 |
         |   0.32 |   0.04 |
---------+--------+--------+
      20 |     46 |   2328 |   2374
         |   0.00 |   0.05 |   0.05
         |   1.94 |  98.06 |
         |   0.00 |   0.89 |
---------+--------+--------+
      21 |   4639 |     26 |   4665
         |   0.11 |   0.00 |   0.11
         |  99.44 |   0.56 |
         |   0.11 |   0.01 |
---------+--------+--------+
      22 |   1788 |     15 |   1803
         |   0.04 |   0.00 |   0.04
         |  99.17 |   0.83 |
         |   0.04 |   0.01 |
---------+--------+--------+
      23 |    136 |    865 |   1001
         |   0.00 |   0.02 |   0.02
         |  13.59 |  86.41 |
         |   0.00 |   0.33 |
---------+--------+--------+
Total     4103468   261126  4364594
            94.02     5.98   100.00
(Continued)
The SAS System                                                                          17:16 Friday, March 22, 2019  10

The FREQ Procedure

Table of ic by hispanic

ic        hispanic

Frequency|
Percent  |
Row Pct  |
Col Pct  |       0|       1|  Total
---------+--------+--------+
      24 |    108 |   1451 |   1559
         |   0.00 |   0.03 |   0.04
         |   6.93 |  93.07 |
         |   0.00 |   0.56 |
---------+--------+--------+
      25 |   2337 |      8 |   2345
         |   0.05 |   0.00 |   0.05
         |  99.66 |   0.34 |
         |   0.06 |   0.00 |
---------+--------+--------+
      26 |     47 |    909 |    956
         |   0.00 |   0.02 |   0.02
         |   4.92 |  95.08 |
         |   0.00 |   0.35 |
---------+--------+--------+
      27 |   1220 |     29 |   1249
         |   0.03 |   0.00 |   0.03
         |  97.68 |   2.32 |
         |   0.03 |   0.01 |
---------+--------+--------+
      28 |    808 |      7 |    815
         |   0.02 |   0.00 |   0.02
         |  99.14 |   0.86 |
         |   0.02 |   0.00 |
---------+--------+--------+
      29 |   1681 |     10 |   1691
         |   0.04 |   0.00 |   0.04
         |  99.41 |   0.59 |
         |   0.04 |   0.00 |
---------+--------+--------+
      30 |   1822 |     91 |   1913
         |   0.04 |   0.00 |   0.04
         |  95.24 |   4.76 |
         |   0.04 |   0.03 |
---------+--------+--------+
      31 |  30319 |   2070 |  32389
         |   0.69 |   0.05 |   0.74
         |  93.61 |   6.39 |
         |   0.74 |   0.79 |
---------+--------+--------+
Total     4103468   261126  4364594
            94.02     5.98   100.00
(Continued)
The SAS System                                                                          17:16 Friday, March 22, 2019  11

The FREQ Procedure

Table of ic by hispanic

ic        hispanic

Frequency|
Percent  |
Row Pct  |
Col Pct  |       0|       1|  Total
---------+--------+--------+
      32 |   7418 |     50 |   7468
         |   0.17 |   0.00 |   0.17
         |  99.33 |   0.67 |
         |   0.18 |   0.02 |
---------+--------+--------+
      33 |   4174 |     80 |   4254
         |   0.10 |   0.00 |   0.10
         |  98.12 |   1.88 |
         |   0.10 |   0.03 |
---------+--------+--------+
      34 |   4828 |     64 |   4892
         |   0.11 |   0.00 |   0.11
         |  98.69 |   1.31 |
         |   0.12 |   0.02 |
---------+--------+--------+
      35 |   1793 |   3714 |   5507
         |   0.04 |   0.09 |   0.13
         |  32.56 |  67.44 |
         |   0.04 |   1.42 |
---------+--------+--------+
      36 |   4567 |    128 |   4695
         |   0.10 |   0.00 |   0.11
         |  97.27 |   2.73 |
         |   0.11 |   0.05 |
---------+--------+--------+
      37 |   4125 |   2108 |   6233
         |   0.09 |   0.05 |   0.14
         |  66.18 |  33.82 |
         |   0.10 |   0.81 |
---------+--------+--------+
      38 |  10684 |   6008 |  16692
         |   0.24 |   0.14 |   0.38
         |  64.01 |  35.99 |
         |   0.26 |   2.30 |
---------+--------+--------+
Total     4103468   261126  4364594
            94.02     5.98   100.00
