The SAS System                                                                       22:08 Wednesday, March 27, 2019   1

The MEANS Procedure

Variable          N            Mean         Std Dev         Minimum         Maximum
-----------------------------------------------------------------------------------
imm         1320732               0               0               0               0
female      1320732               0               0               0               0
logwage2    1320732       2.7481891       4.4596156       1.3513145       5.5510178
educ        1320732      13.3729605      16.1313948               0      20.0000000
exp         1320732      19.1875632      73.2430278       1.0000000      45.0000000
rmsa0       1320732       0.2684232       2.8333833               0       1.0000000
rmsa1       1320732       0.1478086       2.2692578               0       1.0000000
-----------------------------------------------------------------------------------
The SAS System                                                                       22:08 Wednesday, March 27, 2019   2

The MEANS Procedure

Variable          N            Mean         Std Dev         Minimum         Maximum
-----------------------------------------------------------------------------------
imm         1256106               0               0               0               0
female      1256106       1.0000000               0       1.0000000       1.0000000
logwage2    1256106       2.5058843       4.0572279       1.3513145       5.5510178
educ        1256106      13.5176625      14.9153260               0      20.0000000
exp         1256106      19.2439237      72.5838482       1.0000000      45.0000000
rmsa0       1256106       0.2688496       2.8148745               0       1.0000000
rmsa1       1256106       0.1481981       2.2557532               0       1.0000000
-----------------------------------------------------------------------------------
The SAS System                                                                       22:08 Wednesday, March 27, 2019   3

The MEANS Procedure

Variable         N            Mean         Std Dev         Minimum         Maximum
----------------------------------------------------------------------------------
imm         434633       1.0000000               0       1.0000000       1.0000000
female      434633               0               0               0               0
logwage2    434633       2.5779167       3.4867462       1.3513145       5.5510178
educ        434633      11.6784266      21.5920980               0      20.0000000
exp         434633      18.3261068      50.6870859       1.0000000      45.0000000
rmsa0       434633       0.1582823       1.7045970               0       1.0000000
rmsa1       434633       0.1259802       1.5496518               0       1.0000000
----------------------------------------------------------------------------------
The SAS System                                                                       22:08 Wednesday, March 27, 2019   4

The MEANS Procedure

Variable         N            Mean         Std Dev         Minimum         Maximum
----------------------------------------------------------------------------------
imm         317391       1.0000000               0       1.0000000       1.0000000
female      317391       1.0000000               0       1.0000000       1.0000000
logwage2    317391       2.4321091       3.2431366       1.3513145       5.5510178
educ        317391      12.2658999      19.2985131               0      20.0000000
exp         317391      19.3896949      51.9481366       1.0000000      45.0000000
rmsa0       317391       0.1510192       1.6685526               0       1.0000000
rmsa1       317391       0.1242202       1.5369807               0       1.0000000
----------------------------------------------------------------------------------
The SAS System                                                                       22:08 Wednesday, March 27, 2019   5

The GLM Procedure

         Class Level Information
 
Class         Levels    Values

eclass             4    1 2 3 4           

xclass             9    1 2 3 4 5 6 7 8 9 

homey              2    0 1               


Number of Observations Read     1320732
Number of Observations Used     1320732
The SAS System                                                                       22:08 Wednesday, March 27, 2019   6

The GLM Procedure
 
Dependent Variable: logwage2   

Weight: wt

                                        Sum of
Source                      DF         Squares     Mean Square    F Value    Pr > F

Model                       55      6923508.54       125881.97    8594.62    <.0001

Error                   1.32E6     19343416.07           14.65                     

Corrected Total         1.32E6     26266924.61                                     


R-Square     Coeff Var      Root MSE    logwage2 Mean

0.263583      139.2585      3.827088         2.748189


Source                      DF       Type I SS     Mean Square    F Value    Pr > F

exp                          1     1762960.842     1762960.842     120367    <.0001
exp2                         1      817574.585      817574.585    55820.1    <.0001
exp3                         1       38556.055       38556.055    2632.42    <.0001
educ                         1     3693636.769     3693636.769     252184    <.0001
eclass*xclass               35      338148.665        9661.390     659.63    <.0001
inschool                     1       32480.933       32480.933    2217.64    <.0001
advanced                     1       20118.413       20118.413    1373.59    <.0001
ft                           1        5458.676        5458.676     372.69    <.0001
lowhrs                       1       50836.286       50836.286    3470.86    <.0001
hisp_ed                      1        7946.726        7946.726     542.56    <.0001
hisp_coll                    1         521.211         521.211      35.59    <.0001
black_ed                     1      108731.343      108731.343    7423.66    <.0001
black_coll                   1         140.891         140.891       9.62    0.0019
asian_ed                     1         196.464         196.464      13.41    0.0002
asian_coll                   1          14.682          14.682       1.00    0.3167
eclass*homey                 4        8958.320        2239.580     152.91    <.0001
rmsa0                        1       30081.164       30081.164    2053.80    <.0001
rmsa1                        1        7146.512        7146.512     487.93    <.0001


Source                      DF     Type III SS     Mean Square    F Value    Pr > F

exp                          1     45766.09520     45766.09520    3124.69    <.0001
exp2                         1     11447.24993     11447.24993     781.56    <.0001
exp3                         1      3167.04233      3167.04233     216.23    <.0001
educ                         1     32144.63650     32144.63650    2194.68    <.0001
eclass*xclass               32     53501.41854      1671.91933     114.15    <.0001
inschool                     1     30657.37665     30657.37665    2093.14    <.0001
advanced                     1     16447.95027     16447.95027    1122.99    <.0001
ft                           1     34193.93630     34193.93630    2334.60    <.0001
lowhrs                       1     53400.98949     53400.98949    3645.96    <.0001
hisp_ed                      1     12271.45994     12271.45994     837.84    <.0001
hisp_coll                    1        74.24968        74.24968       5.07    0.0244
black_ed                     1     87609.45014     87609.45014    5981.55    <.0001
black_coll                   1       170.76644       170.76644      11.66    0.0006
The SAS System                                                                       22:08 Wednesday, March 27, 2019   7

The GLM Procedure
 
Dependent Variable: logwage2   

Source                      DF     Type III SS     Mean Square    F Value    Pr > F

asian_ed                     1         8.03981         8.03981       0.55    0.4588
asian_coll                   1        26.11842        26.11842       1.78    0.1818
eclass*homey                 4      9012.82606      2253.20652     153.84    <.0001
rmsa0                        1     35803.69523     35803.69523    2444.51    <.0001
rmsa1                        1      7146.51234      7146.51234     487.93    <.0001


                                            Standard
Parameter                 Estimate             Error    t Value    Pr > |t|

Intercept              1.822241396 B      0.02057546      88.56      <.0001
exp                    0.063350408        0.00113330      55.90      <.0001
exp2                  -0.170968113        0.00611551     -27.96      <.0001
exp3                   0.013890582        0.00094463      14.70      <.0001
educ                   0.030362795        0.00064812      46.85      <.0001
eclass*xclass 1 1     -0.371600085 B      0.01750385     -21.23      <.0001
eclass*xclass 1 2     -0.364352596 B      0.01705460     -21.36      <.0001
eclass*xclass 1 3     -0.387784287 B      0.01641375     -23.63      <.0001
eclass*xclass 1 4     -0.434953050 B      0.01557865     -27.92      <.0001
eclass*xclass 1 5     -0.418272563 B      0.01464692     -28.56      <.0001
eclass*xclass 1 6     -0.399097794 B      0.01375393     -29.02      <.0001
eclass*xclass 1 7     -0.353268856 B      0.01262753     -27.98      <.0001
eclass*xclass 1 8     -0.270393500 B      0.01078965     -25.06      <.0001
eclass*xclass 1 9     -0.224425556 B      0.00964748     -23.26      <.0001
eclass*xclass 2 1     -0.210100531 B      0.01721818     -12.20      <.0001
eclass*xclass 2 2     -0.193587459 B      0.01644990     -11.77      <.0001
eclass*xclass 2 3     -0.251747909 B      0.01572367     -16.01      <.0001
eclass*xclass 2 4     -0.257243713 B      0.01484817     -17.32      <.0001
eclass*xclass 2 5     -0.259271210 B      0.01393253     -18.61      <.0001
eclass*xclass 2 6     -0.235390490 B      0.01290793     -18.24      <.0001
eclass*xclass 2 7     -0.190622109 B      0.01145243     -16.64      <.0001
eclass*xclass 2 8     -0.135436831 B      0.00943575     -14.35      <.0001
eclass*xclass 2 9     -0.142676007 B      0.00833714     -17.11      <.0001
eclass*xclass 3 1     -0.071689809 B      0.01710176      -4.19      <.0001
eclass*xclass 3 2     -0.052981980 B      0.01631274      -3.25      0.0012
eclass*xclass 3 3     -0.076717237 B      0.01558991      -4.92      <.0001
eclass*xclass 3 4     -0.092506554 B      0.01474139      -6.28      <.0001
eclass*xclass 3 5     -0.107178604 B      0.01380843      -7.76      <.0001
eclass*xclass 3 6     -0.097692998 B      0.01272230      -7.68      <.0001
eclass*xclass 3 7     -0.046367430 B      0.01134592      -4.09      <.0001
eclass*xclass 3 8     -0.017079274 B      0.00952291      -1.79      0.0729
eclass*xclass 3 9     -0.089325869 B      0.00894831      -9.98      <.0001
eclass*xclass 4 1      0.141409442 B      0.01694489       8.35      <.0001
eclass*xclass 4 2      0.150022628 B      0.01615273       9.29      <.0001
eclass*xclass 4 3      0.185983513 B      0.01541773      12.06      <.0001
eclass*xclass 4 4      0.172818011 B      0.01455580      11.87      <.0001
eclass*xclass 4 5      0.123432335 B      0.01359489       9.08      <.0001
eclass*xclass 4 6      0.111870998 B      0.01244175       8.99      <.0001
eclass*xclass 4 7      0.159381751 B      0.01105640      14.42      <.0001
eclass*xclass 4 8      0.126077003 B      0.00934411      13.49      <.0001
eclass*xclass 4 9      0.000000000 B       .                .         .    
inschool              -0.096686197        0.00211332     -45.75      <.0001
The SAS System                                                                       22:08 Wednesday, March 27, 2019   8

The GLM Procedure
 
Dependent Variable: logwage2   

                                            Standard
Parameter                 Estimate             Error    t Value    Pr > |t|

advanced               0.090770098        0.00270867      33.51      <.0001
ft                     0.090536584        0.00187378      48.32      <.0001
lowhrs                 0.148007399        0.00245119      60.38      <.0001
hisp_ed               -0.005780165        0.00019969     -28.95      <.0001
hisp_coll             -0.015553450        0.00690793      -2.25      0.0244
black_ed              -0.011837449        0.00015306     -77.34      <.0001
black_coll             0.017657260        0.00517119       3.41      0.0006
asian_ed               0.000453966        0.00061273       0.74      0.4588
asian_coll             0.018290329        0.01369672       1.34      0.1818
eclass*homey  1 0      0.006624689 B      0.00317855       2.08      0.0371
eclass*homey  1 1      0.000000000 B       .                .         .    
eclass*homey  2 0     -0.014642278 B      0.00207213      -7.07      <.0001
eclass*homey  2 1      0.000000000 B       .                .         .    
eclass*homey  3 0     -0.017917205 B      0.00192749      -9.30      <.0001
eclass*homey  3 1      0.000000000 B       .                .         .    
eclass*homey  4 0      0.044399235 B      0.00203794      21.79      <.0001
eclass*homey  4 1      0.000000000 B       .                .         .    
rmsa0                 -0.060227466        0.00121815     -49.44      <.0001
rmsa1                 -0.033519489        0.00151747     -22.09      <.0001

NOTE: The X'X matrix has been found to be singular, and a generalized inverse was used to solve the normal equations.  
      Terms whose estimates are followed by the letter 'B' are not uniquely estimable.
The SAS System                                                                       22:08 Wednesday, March 27, 2019   9

The GLM Procedure

         Class Level Information
 
Class         Levels    Values

eclass             4    1 2 3 4           

xclass             9    1 2 3 4 5 6 7 8 9 

homey              2    0 1               


Number of Observations Read     1256106
Number of Observations Used     1256106
The SAS System                                                                       22:08 Wednesday, March 27, 2019  10

The GLM Procedure
 
Dependent Variable: logwage2   

Weight: wt

                                        Sum of
Source                      DF         Squares     Mean Square    F Value    Pr > F

Model                       55      4473655.80        81339.20    6305.30    <.0001

Error                   1.26E6     16203211.57           12.90                     

Corrected Total         1.26E6     20676867.37                                     


R-Square     Coeff Var      Root MSE    logwage2 Mean

0.216360      143.3297      3.591675         2.505884


Source                      DF       Type I SS     Mean Square    F Value    Pr > F

exp                          1      327046.564      327046.564    25352.2    <.0001
exp2                         1      405110.599      405110.599    31403.6    <.0001
exp3                         1       27729.159       27729.159    2149.53    <.0001
educ                         1     3326997.346     3326997.346     257904    <.0001
eclass*xclass               35      238746.563        6821.330     528.78    <.0001
inschool                     1        5256.698        5256.698     407.49    <.0001
advanced                     1       27832.529       27832.529    2157.54    <.0001
ft                           1       26740.990       26740.990    2072.92    <.0001
lowhrs                       1       27093.358       27093.358    2100.24    <.0001
hisp_ed                      1         199.859         199.859      15.49    <.0001
hisp_coll                    1         200.794         200.794      15.57    <.0001
black_ed                     1          65.744          65.744       5.10    0.0240
black_coll                   1          10.215          10.215       0.79    0.3735
asian_ed                     1        5728.086        5728.086     444.03    <.0001
asian_coll                   1         218.915         218.915      16.97    <.0001
eclass*homey                 4        1258.128         314.532      24.38    <.0001
rmsa0                        1       40805.741       40805.741    3163.20    <.0001
rmsa1                        1       12614.511       12614.511     977.86    <.0001


Source                      DF     Type III SS     Mean Square    F Value    Pr > F

exp                          1     28361.56140     28361.56140    2198.55    <.0001
exp2                         1      9524.22986      9524.22986     738.30    <.0001
exp3                         1      3929.05427      3929.05427     304.57    <.0001
educ                         1     19278.84634     19278.84634    1494.47    <.0001
eclass*xclass               32     31847.11183       995.22224      77.15    <.0001
inschool                     1      4491.78416      4491.78416     348.20    <.0001
advanced                     1     28352.04333     28352.04333    2197.81    <.0001
ft                           1     52636.26930     52636.26930    4080.29    <.0001
lowhrs                       1     26800.47913     26800.47913    2077.54    <.0001
hisp_ed                      1        32.15949        32.15949       2.49    0.1144
hisp_coll                    1        98.72814        98.72814       7.65    0.0057
black_ed                     1       103.48616       103.48616       8.02    0.0046
black_coll                   1        21.29695        21.29695       1.65    0.1988
The SAS System                                                                       22:08 Wednesday, March 27, 2019  11

The GLM Procedure
 
Dependent Variable: logwage2   

Source                      DF     Type III SS     Mean Square    F Value    Pr > F

asian_ed                     1      3002.84207      3002.84207     232.78    <.0001
asian_coll                   1       188.81937       188.81937      14.64    0.0001
eclass*homey                 4      1147.21624       286.80406      22.23    <.0001
rmsa0                        1     50147.48525     50147.48525    3887.36    <.0001
rmsa1                        1     12614.51082     12614.51082     977.86    <.0001


                                            Standard
Parameter                 Estimate             Error    t Value    Pr > |t|

Intercept              1.745274440 B      0.02141301      81.51      <.0001
exp                    0.050813311        0.00108370      46.89      <.0001
exp2                  -0.159753374        0.00587939     -27.17      <.0001
exp3                   0.015952651        0.00091408      17.45      <.0001
educ                   0.028442899        0.00073575      38.66      <.0001
eclass*xclass 1 1     -0.326842364 B      0.01788627     -18.27      <.0001
eclass*xclass 1 2     -0.361115542 B      0.01762963     -20.48      <.0001
eclass*xclass 1 3     -0.390423385 B      0.01707313     -22.87      <.0001
eclass*xclass 1 4     -0.430561658 B      0.01626964     -26.46      <.0001
eclass*xclass 1 5     -0.419507366 B      0.01543194     -27.18      <.0001
eclass*xclass 1 6     -0.395176022 B      0.01466366     -26.95      <.0001
eclass*xclass 1 7     -0.355296948 B      0.01361045     -26.10      <.0001
eclass*xclass 1 8     -0.339757413 B      0.01201421     -28.28      <.0001
eclass*xclass 1 9     -0.315017340 B      0.01110690     -28.36      <.0001
eclass*xclass 2 1     -0.216241503 B      0.01751113     -12.35      <.0001
eclass*xclass 2 2     -0.232594547 B      0.01680408     -13.84      <.0001
eclass*xclass 2 3     -0.286229361 B      0.01612885     -17.75      <.0001
eclass*xclass 2 4     -0.297388348 B      0.01532314     -19.41      <.0001
eclass*xclass 2 5     -0.297649853 B      0.01450001     -20.53      <.0001
eclass*xclass 2 6     -0.269461804 B      0.01356392     -19.87      <.0001
eclass*xclass 2 7     -0.239610442 B      0.01223880     -19.58      <.0001
eclass*xclass 2 8     -0.224404305 B      0.01047290     -21.43      <.0001
eclass*xclass 2 9     -0.233517616 B      0.00950671     -24.56      <.0001
eclass*xclass 3 1     -0.074576859 B      0.01731592      -4.31      <.0001
eclass*xclass 3 2     -0.069066681 B      0.01656886      -4.17      <.0001
eclass*xclass 3 3     -0.098065335 B      0.01589277      -6.17      <.0001
eclass*xclass 3 4     -0.123321601 B      0.01513040      -8.15      <.0001
eclass*xclass 3 5     -0.111755964 B      0.01431120      -7.81      <.0001
eclass*xclass 3 6     -0.092961568 B      0.01336377      -6.96      <.0001
eclass*xclass 3 7     -0.072286718 B      0.01212481      -5.96      <.0001
eclass*xclass 3 8     -0.072771179 B      0.01052033      -6.92      <.0001
eclass*xclass 3 9     -0.103826322 B      0.01008400     -10.30      <.0001
eclass*xclass 4 1      0.212956323 B      0.01710765      12.45      <.0001
eclass*xclass 4 2      0.217439434 B      0.01640050      13.26      <.0001
eclass*xclass 4 3      0.212279678 B      0.01573542      13.49      <.0001
eclass*xclass 4 4      0.155915860 B      0.01496259      10.42      <.0001
eclass*xclass 4 5      0.127040542 B      0.01410868       9.00      <.0001
eclass*xclass 4 6      0.132577427 B      0.01315159      10.08      <.0001
eclass*xclass 4 7      0.148580324 B      0.01199858      12.38      <.0001
eclass*xclass 4 8      0.106135175 B      0.01076288       9.86      <.0001
eclass*xclass 4 9      0.000000000 B       .                .         .    
inschool              -0.034566995        0.00185246     -18.66      <.0001
The SAS System                                                                       22:08 Wednesday, March 27, 2019  12

The GLM Procedure
 
Dependent Variable: logwage2   

                                            Standard
Parameter                 Estimate             Error    t Value    Pr > |t|

advanced               0.126523569        0.00269884      46.88      <.0001
ft                     0.088613187        0.00138724      63.88      <.0001
lowhrs                 0.079110203        0.00173563      45.58      <.0001
hisp_ed                0.000308449        0.00019536       1.58      0.1144
hisp_coll             -0.017390908        0.00628635      -2.77      0.0057
black_ed              -0.000384687        0.00013582      -2.83      0.0046
black_coll             0.005306157        0.00412970       1.28      0.1988
asian_ed               0.009459820        0.00062003      15.26      <.0001
asian_coll            -0.051479287        0.01345570      -3.83      0.0001
eclass*homey  1 0      0.018669733 B      0.00354475       5.27      <.0001
eclass*homey  1 1      0.000000000 B       .                .         .    
eclass*homey  2 0      0.013318174 B      0.00205279       6.49      <.0001
eclass*homey  2 1      0.000000000 B       .                .         .    
eclass*homey  3 0      0.007627204 B      0.00176888       4.31      <.0001
eclass*homey  3 1      0.000000000 B       .                .         .    
eclass*homey  4 0      0.001487944 B      0.00195656       0.76      0.4470
eclass*homey  4 1      0.000000000 B       .                .         .    
rmsa0                 -0.073580848        0.00118015     -62.35      <.0001
rmsa1                 -0.045945514        0.00146928     -31.27      <.0001

NOTE: The X'X matrix has been found to be singular, and a generalized inverse was used to solve the normal equations.  
      Terms whose estimates are followed by the letter 'B' are not uniquely estimable.
The SAS System                                                                       22:08 Wednesday, March 27, 2019  13

The GLM Procedure

                                                Class Level Information
 
Class       Levels  Values

ic              38  1 2 3 4 5 6 7 8 9 10 11 12 13 14 15 16 17 18 19 20 21 22 23 24 25 26 27 28 29 30 31 32 33 34 35 36  
                    37 38                                                                                               

eclass           4  1 2 3 4                                                                                             

xclass           9  1 2 3 4 5 6 7 8 9                                                                                   


Number of Observations Read      434633
Number of Observations Used      434633
The SAS System                                                                       22:08 Wednesday, March 27, 2019  14

The GLM Procedure
 
Dependent Variable: logwage2   

Weight: wt

                                        Sum of
Source                      DF         Squares     Mean Square    F Value    Pr > F

Model                      168     1574988.275        9374.930    1098.16    <.0001

Error                   434464     3709006.370           8.537                     

Corrected Total         434632     5283994.645                                     


R-Square     Coeff Var      Root MSE    logwage2 Mean

0.298068      113.3400      2.921809         2.577917


Source                      DF       Type I SS     Mean Square    F Value    Pr > F

exp                          1     117959.4321     117959.4321    13817.5    <.0001
exp2                         1      42201.4555      42201.4555    4943.38    <.0001
exp3                         1        960.0591        960.0591     112.46    <.0001
educ                         1     881706.2540     881706.2540     103281    <.0001
eclass*xclass               35     213919.9025       6111.9972     715.94    <.0001
inschool                     1       6648.1414       6648.1414     778.75    <.0001
advanced                     1      18482.8626      18482.8626    2165.04    <.0001
ft                           1      20945.9004      20945.9004    2453.55    <.0001
lowhrs                       1      49154.7915      49154.7915    5757.87    <.0001
mex_ed                       1      21901.8214      21901.8214    2565.53    <.0001
mex_coll                     1       3444.6002       3444.6002     403.49    <.0001
euro_ed                      1      25990.3703      25990.3703    3044.45    <.0001
euro_coll                    1       5255.1288       5255.1288     615.57    <.0001
hisp_ed                      1       5939.1677       5939.1677     695.70    <.0001
hisp_coll                    1       2360.0064       2360.0064     276.45    <.0001
hi_asian_ed                  1       8604.0608       8604.0608    1007.86    <.0001
hi_asian_coll                1       2081.1066       2081.1066     243.78    <.0001
mid_asian_ed                 1         37.3832         37.3832       4.38    0.0364
mid_asian_coll               1        694.0370        694.0370      81.30    <.0001
ic                          37      43292.1516       1170.0582     137.06    <.0001
yrsinus*ic                  38      98049.6154       2580.2530     302.24    <.0001
yrsinus2*ic                 38       4845.3125        127.5082      14.94    <.0001
rmsa0                        1        471.7976        471.7976      55.27    <.0001
rmsa1                        1         42.9164         42.9164       5.03    0.0250


Source                      DF     Type III SS     Mean Square    F Value    Pr > F

exp                          1      4623.10100      4623.10100     541.54    <.0001
exp2                         1      1885.94576      1885.94576     220.92    <.0001
exp3                         1       829.99345       829.99345      97.22    <.0001
educ                         1      1567.06709      1567.06709     183.56    <.0001
eclass*xclass               35     44783.41352      1279.52610     149.88    <.0001
inschool                     1      8731.36044      8731.36044    1022.77    <.0001
advanced                     1     16120.84772     16120.84772    1888.36    <.0001
The SAS System                                                                       22:08 Wednesday, March 27, 2019  15

The GLM Procedure
 
Dependent Variable: logwage2   

Source                      DF     Type III SS     Mean Square    F Value    Pr > F

ft                           1         7.44874         7.44874       0.87    0.3503
lowhrs                       1     49114.49072     49114.49072    5753.15    <.0001
mex_ed                       1        56.38353        56.38353       6.60    0.0102
mex_coll                     1       284.54822       284.54822      33.33    <.0001
euro_ed                      1       876.96536       876.96536     102.73    <.0001
euro_coll                    1       382.13632       382.13632      44.76    <.0001
hisp_ed                      1       490.66797       490.66797      57.48    <.0001
hisp_coll                    1       295.24045       295.24045      34.58    <.0001
hi_asian_ed                  1         6.30363         6.30363       0.74    0.3902
hi_asian_coll                1       717.24525       717.24525      84.02    <.0001
mid_asian_ed                 1       320.92436       320.92436      37.59    <.0001
mid_asian_coll               1       240.69565       240.69565      28.19    <.0001
ic                          37     30974.46756       837.14777      98.06    <.0001
yrsinus*ic                  38     26886.56166       707.54110      82.88    <.0001
yrsinus2*ic                 38      4771.83202       125.57453      14.71    <.0001
rmsa0                        1       506.70048       506.70048      59.35    <.0001
rmsa1                        1        42.91641        42.91641       5.03    0.0250


                                             Standard
Parameter                  Estimate             Error    t Value    Pr > |t|

Intercept               1.969596419 B      0.06318876      31.17      <.0001
exp                     0.051453627        0.00221106      23.27      <.0001
exp2                   -0.177473113        0.01194043     -14.86      <.0001
exp3                    0.018104924        0.00183616       9.86      <.0001
educ                    0.011153715        0.00082324      13.55      <.0001
eclass*xclass  1 1     -0.361046398 B      0.03306723     -10.92      <.0001
eclass*xclass  1 2     -0.366762924 B      0.03195533     -11.48      <.0001
eclass*xclass  1 3     -0.385929733 B      0.03090902     -12.49      <.0001
eclass*xclass  1 4     -0.391318917 B      0.02956897     -13.23      <.0001
eclass*xclass  1 5     -0.387032175 B      0.02800282     -13.82      <.0001
eclass*xclass  1 6     -0.383102190 B      0.02602932     -14.72      <.0001
eclass*xclass  1 7     -0.373386991 B      0.02322849     -16.07      <.0001
eclass*xclass  1 8     -0.341645728 B      0.01959545     -17.43      <.0001
eclass*xclass  1 9     -0.371747973 B      0.01745220     -21.30      <.0001
eclass*xclass  2 1     -0.267446705 B      0.03318977      -8.06      <.0001
eclass*xclass  2 2     -0.235447637 B      0.03199804      -7.36      <.0001
eclass*xclass  2 3     -0.294367701 B      0.03096367      -9.51      <.0001
eclass*xclass  2 4     -0.297355626 B      0.02965824     -10.03      <.0001
eclass*xclass  2 5     -0.299052096 B      0.02811754     -10.64      <.0001
eclass*xclass  2 6     -0.265045275 B      0.02631411     -10.07      <.0001
eclass*xclass  2 7     -0.264986001 B      0.02373305     -11.17      <.0001
eclass*xclass  2 8     -0.255513665 B      0.02072173     -12.33      <.0001
eclass*xclass  2 9     -0.266839800 B      0.01947581     -13.70      <.0001
eclass*xclass  3 1     -0.142508233 B      0.03317626      -4.30      <.0001
eclass*xclass  3 2     -0.108254883 B      0.03197648      -3.39      0.0007
eclass*xclass  3 3     -0.142120696 B      0.03088560      -4.60      <.0001
eclass*xclass  3 4     -0.141072938 B      0.02954902      -4.77      <.0001
eclass*xclass  3 5     -0.160384133 B      0.02803910      -5.72      <.0001
eclass*xclass  3 6     -0.126835909 B      0.02620281      -4.84      <.0001
eclass*xclass  3 7     -0.126907691 B      0.02388146      -5.31      <.0001
The SAS System                                                                       22:08 Wednesday, March 27, 2019  16

The GLM Procedure
 
Dependent Variable: logwage2   

                                             Standard
Parameter                  Estimate             Error    t Value    Pr > |t|

eclass*xclass  3 8     -0.129925548 B      0.02096277      -6.20      <.0001
eclass*xclass  3 9     -0.178120138 B      0.02102970      -8.47      <.0001
eclass*xclass  4 1      0.151436849 B      0.03228133       4.69      <.0001
eclass*xclass  4 2      0.126133114 B      0.03102101       4.07      <.0001
eclass*xclass  4 3      0.123916762 B      0.02992450       4.14      <.0001
eclass*xclass  4 4      0.093925747 B      0.02855785       3.29      0.0010
eclass*xclass  4 5      0.078749693 B      0.02693632       2.92      0.0035
eclass*xclass  4 6      0.087266089 B      0.02482062       3.52      0.0004
eclass*xclass  4 7      0.111022553 B      0.02214511       5.01      <.0001
eclass*xclass  4 8      0.055867863 B      0.01849879       3.02      0.0025
eclass*xclass  4 9      0.000000000 B       .                .         .    
inschool               -0.113701080        0.00355529     -31.98      <.0001
advanced                0.194800544        0.00448279      43.46      <.0001
ft                      0.002828991        0.00302860       0.93      0.3503
lowhrs                  0.302268614        0.00398511      75.85      <.0001
mex_ed                  0.002019432        0.00078579       2.57      0.0102
mex_coll               -0.072258986        0.01251601      -5.77      <.0001
euro_ed                -0.015248689        0.00150450     -10.14      <.0001
euro_coll               0.075744258        0.01132120       6.69      <.0001
hisp_ed                -0.004589246        0.00060534      -7.58      <.0001
hisp_coll              -0.059670208        0.01014662      -5.88      <.0001
hi_asian_ed             0.001697357        0.00197528       0.86      0.3902
hi_asian_coll           0.126161148        0.01376397       9.17      <.0001
mid_asian_ed            0.008324533        0.00135772       6.13      <.0001
mid_asian_coll          0.061771759        0.01163343       5.31      <.0001
ic             1       -0.026351964 B      0.05272217      -0.50      0.6172
ic             2       -0.137634463 B      0.05608016      -2.45      0.0141
ic             3        0.259372688 B      0.05787496       4.48      <.0001
ic             4       -0.099277155 B      0.05694703      -1.74      0.0813
ic             5        0.035672796 B      0.05438838       0.66      0.5119
ic             6       -0.225752404 B      0.05582947      -4.04      <.0001
ic             7       -0.020050507 B      0.05457194      -0.37      0.7133
ic             8        0.098397417 B      0.05594700       1.76      0.0786
ic             9       -0.045270286 B      0.05993443      -0.76      0.4501
ic             10       0.139155860 B      0.05724912       2.43      0.0151
ic             11       0.712676133 B      0.05689106      12.53      <.0001
ic             12       0.044950289 B      0.05533191       0.81      0.4166
ic             13       0.008895737 B      0.05479155       0.16      0.8710
ic             14       0.576947543 B      0.05842942       9.87      <.0001
ic             15       0.003426657 B      0.05787489       0.06      0.9528
ic             16       0.349630144 B      0.05877084       5.95      <.0001
ic             17       0.008141840 B      0.06582067       0.12      0.9016
ic             18       0.831816856 B      0.05716869      14.55      <.0001
ic             19       0.496723317 B      0.06322291       7.86      <.0001
ic             20      -0.023613242 B      0.05708257      -0.41      0.6791
ic             21       0.601269856 B      0.06015342      10.00      <.0001
ic             22      -0.121315176 B      0.06660691      -1.82      0.0686
ic             23       0.024822880 B      0.05609070       0.44      0.6581
ic             24      -0.039587105 B      0.05830246      -0.68      0.4971
ic             25       0.199334036 B      0.05966818       3.34      0.0008
ic             26      -0.018363932 B      0.06505986      -0.28      0.7777
The SAS System                                                                       22:08 Wednesday, March 27, 2019  17

The GLM Procedure
 
Dependent Variable: logwage2   

                                             Standard
Parameter                  Estimate             Error    t Value    Pr > |t|

ic             27       0.067137810 B      0.06371790       1.05      0.2920
ic             28      -0.126257305 B      0.06248804      -2.02      0.0433
ic             29       0.125996854 B      0.06831682       1.84      0.0651
ic             30       0.196293557 B      0.06588290       2.98      0.0029
ic             31       0.549212153 B      0.05595131       9.82      <.0001
ic             32       0.146792235 B      0.05621827       2.61      0.0090
ic             33      -0.036421875 B      0.05423635      -0.67      0.5019
ic             34       0.063161646 B      0.05474145       1.15      0.2486
ic             35       0.166965698 B      0.05388583       3.10      0.0019
ic             36       0.047285473 B      0.05298030       0.89      0.3721
ic             37       0.097303830 B      0.05718915       1.70      0.0889
ic             38       0.000000000 B       .                .         .    
yrsinus*ic     1        0.016802576        0.00050774      33.09      <.0001
yrsinus*ic     2        0.023342019        0.00165270      14.12      <.0001
yrsinus*ic     3        0.000491566        0.00159280       0.31      0.7576
yrsinus*ic     4        0.024200135        0.00265560       9.11      <.0001
yrsinus*ic     5        0.018685208        0.00205343       9.10      <.0001
yrsinus*ic     6        0.020743827        0.00165179      12.56      <.0001
yrsinus*ic     7        0.015940768        0.00184416       8.64      <.0001
yrsinus*ic     8        0.007661025        0.00245397       3.12      0.0018
yrsinus*ic     9        0.009531003        0.00225348       4.23      <.0001
yrsinus*ic     10       0.014295002        0.00274237       5.21      <.0001
yrsinus*ic     11       0.000601570        0.00156154       0.39      0.7001
yrsinus*ic     12       0.017758065        0.00231278       7.68      <.0001
yrsinus*ic     13       0.016362591        0.00247981       6.60      <.0001
yrsinus*ic     14       0.000205487        0.00185588       0.11      0.9118
yrsinus*ic     15       0.009909177        0.00315314       3.14      0.0017
yrsinus*ic     16       0.018676463        0.00235948       7.92      <.0001
yrsinus*ic     17       0.020419787        0.00380435       5.37      <.0001
yrsinus*ic     18      -0.002135757        0.00166070      -1.29      0.1984
yrsinus*ic     19       0.011858625        0.00246458       4.81      <.0001
yrsinus*ic     20       0.019836534        0.00308893       6.42      <.0001
yrsinus*ic     21      -0.014840929        0.00265431      -5.59      <.0001
yrsinus*ic     22       0.031801461        0.00342368       9.29      <.0001
yrsinus*ic     23       0.014505712        0.00308051       4.71      <.0001
yrsinus*ic     24       0.028025257        0.00326376       8.59      <.0001
yrsinus*ic     25       0.033493075        0.00331104      10.12      <.0001
yrsinus*ic     26       0.018980751        0.00416814       4.55      <.0001
yrsinus*ic     27       0.020769442        0.00413378       5.02      <.0001
yrsinus*ic     28       0.021405796        0.00369851       5.79      <.0001
yrsinus*ic     29       0.011558134        0.00422356       2.74      0.0062
yrsinus*ic     30       0.005807089        0.00491105       1.18      0.2370
yrsinus*ic     31       0.009188958        0.00105522       8.71      <.0001
yrsinus*ic     32       0.035327045        0.00174067      20.30      <.0001
yrsinus*ic     33       0.025447349        0.00211870      12.01      <.0001
yrsinus*ic     34       0.015620064        0.00203160       7.69      <.0001
yrsinus*ic     35       0.016063699        0.00193327       8.31      <.0001
yrsinus*ic     36       0.014347500        0.00161301       8.89      <.0001
yrsinus*ic     37       0.017258925        0.00253928       6.80      <.0001
yrsinus*ic     38       0.010097319        0.00620005       1.63      0.1034
yrsinus2*ic    1       -0.000149409        0.00001329     -11.24      <.0001
The SAS System                                                                       22:08 Wednesday, March 27, 2019  18

The GLM Procedure
 
Dependent Variable: logwage2   

                                             Standard
Parameter                  Estimate             Error    t Value    Pr > |t|

yrsinus2*ic    2       -0.000281562        0.00004055      -6.94      <.0001
yrsinus2*ic    3        0.000255274        0.00004706       5.42      <.0001
yrsinus2*ic    4       -0.000344745        0.00008512      -4.05      <.0001
yrsinus2*ic    5       -0.000201829        0.00006344      -3.18      0.0015
yrsinus2*ic    6       -0.000134385        0.00003967      -3.39      0.0007
yrsinus2*ic    7        0.000018719        0.00004207       0.44      0.6564
yrsinus2*ic    8        0.000025147        0.00006226       0.40      0.6863
yrsinus2*ic    9        0.000121834        0.00006249       1.95      0.0512
yrsinus2*ic    10      -0.000150223        0.00006918      -2.17      0.0299
yrsinus2*ic    11       0.000019175        0.00003155       0.61      0.5433
yrsinus2*ic    12      -0.000134876        0.00005971      -2.26      0.0239
yrsinus2*ic    13      -0.000064140        0.00007669      -0.84      0.4030
yrsinus2*ic    14       0.000084697        0.00003484       2.43      0.0150
yrsinus2*ic    15       0.000053441        0.00008557       0.62      0.5323
yrsinus2*ic    16      -0.000164186        0.00004948      -3.32      0.0009
yrsinus2*ic    17      -0.000177726        0.00010344      -1.72      0.0858
yrsinus2*ic    18       0.000008905        0.00003474       0.26      0.7977
yrsinus2*ic    19      -0.000073975        0.00004574      -1.62      0.1058
yrsinus2*ic    20      -0.000089884        0.00008147      -1.10      0.2699
yrsinus2*ic    21       0.000245046        0.00006366       3.85      0.0001
yrsinus2*ic    22      -0.000441817        0.00008203      -5.39      <.0001
yrsinus2*ic    23      -0.000083916        0.00008568      -0.98      0.3274
yrsinus2*ic    24      -0.000317067        0.00008334      -3.80      0.0001
yrsinus2*ic    25      -0.000510182        0.00008470      -6.02      <.0001
yrsinus2*ic    26      -0.000156278        0.00009932      -1.57      0.1156
yrsinus2*ic    27      -0.000212178        0.00010607      -2.00      0.0455
yrsinus2*ic    28      -0.000188616        0.00011150      -1.69      0.0907
yrsinus2*ic    29      -0.000029902        0.00010288      -0.29      0.7713
yrsinus2*ic    30       0.000104574        0.00012635       0.83      0.4079
yrsinus2*ic    31      -0.000080536        0.00002173      -3.71      0.0002
yrsinus2*ic    32      -0.000438091        0.00003783     -11.58      <.0001
yrsinus2*ic    33      -0.000222156        0.00005737      -3.87      0.0001
yrsinus2*ic    34      -0.000118743        0.00005387      -2.20      0.0275
yrsinus2*ic    35      -0.000139357        0.00004920      -2.83      0.0046
yrsinus2*ic    36      -0.000037229        0.00004557      -0.82      0.4140
yrsinus2*ic    37      -0.000153776        0.00005869      -2.62      0.0088
yrsinus2*ic    38       0.000044160        0.00016934       0.26      0.7943
rmsa0                  -0.020398139        0.00264769      -7.70      <.0001
rmsa1                  -0.006508246        0.00290271      -2.24      0.0250

NOTE: The X'X matrix has been found to be singular, and a generalized inverse was used to solve the normal equations.  
      Terms whose estimates are followed by the letter 'B' are not uniquely estimable.
The SAS System                                                                       22:08 Wednesday, March 27, 2019  19

The GLM Procedure

                                                Class Level Information
 
Class       Levels  Values

ic              38  1 2 3 4 5 6 7 8 9 10 11 12 13 14 15 16 17 18 19 20 21 22 23 24 25 26 27 28 29 30 31 32 33 34 35 36  
                    37 38                                                                                               

eclass           4  1 2 3 4                                                                                             

xclass           9  1 2 3 4 5 6 7 8 9                                                                                   


Number of Observations Read      317391
Number of Observations Used      317391
The SAS System                                                                       22:08 Wednesday, March 27, 2019  20

The GLM Procedure
 
Dependent Variable: logwage2   

Weight: wt

                                        Sum of
Source                      DF         Squares     Mean Square    F Value    Pr > F

Model                      168      798623.325        4753.710     593.77    <.0001

Error                   317222     2539664.035           8.006                     

Corrected Total         317390     3338287.360                                     


R-Square     Coeff Var      Root MSE    logwage2 Mean

0.239231      116.3385      2.829479         2.432109


Source                      DF       Type I SS     Mean Square    F Value    Pr > F

exp                          1       3444.7425       3444.7425     430.27    <.0001
exp2                         1      14009.7683      14009.7683    1749.92    <.0001
exp3                         1       1996.7248       1996.7248     249.41    <.0001
educ                         1     502066.8687     502066.8687    62711.7    <.0001
eclass*xclass               35     131192.6958       3748.3627     468.20    <.0001
inschool                     1       1646.3610       1646.3610     205.64    <.0001
advanced                     1       6910.7928       6910.7928     863.21    <.0001
ft                           1       2971.3950       2971.3950     371.15    <.0001
lowhrs                       1      17578.7968      17578.7968    2195.72    <.0001
mex_ed                       1      18893.9862      18893.9862    2359.99    <.0001
mex_coll                     1        290.0615        290.0615      36.23    <.0001
euro_ed                      1        916.5480        916.5480     114.48    <.0001
euro_coll                    1        984.0868        984.0868     122.92    <.0001
hisp_ed                      1      10982.3877      10982.3877    1371.78    <.0001
hisp_coll                    1        416.3219        416.3219      52.00    <.0001
hi_asian_ed                  1         54.0403         54.0403       6.75    0.0094
hi_asian_coll                1          1.5855          1.5855       0.20    0.6563
mid_asian_ed                 1        104.9316        104.9316      13.11    0.0003
mid_asian_coll               1       1520.4612       1520.4612     189.92    <.0001
ic                          37      15551.9804        420.3238      52.50    <.0001
yrsinus*ic                  38      61399.1648       1615.7675     201.82    <.0001
yrsinus2*ic                 38       4343.9226        114.3138      14.28    <.0001
rmsa0                        1       1187.0507       1187.0507     148.27    <.0001
rmsa1                        1        158.6495        158.6495      19.82    <.0001


Source                      DF     Type III SS     Mean Square    F Value    Pr > F

exp                          1      2486.01979      2486.01979     310.52    <.0001
exp2                         1      1526.83712      1526.83712     190.71    <.0001
exp3                         1       888.32678       888.32678     110.96    <.0001
educ                         1       779.06516       779.06516      97.31    <.0001
eclass*xclass               35     41473.94799      1184.96994     148.01    <.0001
inschool                     1      1785.18746      1785.18746     222.98    <.0001
advanced                     1      8788.83724      8788.83724    1097.79    <.0001
The SAS System                                                                       22:08 Wednesday, March 27, 2019  21

The GLM Procedure
 
Dependent Variable: logwage2   

Source                      DF     Type III SS     Mean Square    F Value    Pr > F

ft                           1       762.58463       762.58463      95.25    <.0001
lowhrs                       1     19844.68079     19844.68079    2478.74    <.0001
mex_ed                       1        24.55824        24.55824       3.07    0.0799
mex_coll                     1        19.95071        19.95071       2.49    0.1144
euro_ed                      1         4.52421         4.52421       0.57    0.4522
euro_coll                    1         2.20459         2.20459       0.28    0.5998
hisp_ed                      1       954.71360       954.71360     119.25    <.0001
hisp_coll                    1        90.51805        90.51805      11.31    0.0008
hi_asian_ed                  1       195.45807       195.45807      24.41    <.0001
hi_asian_coll                1        20.35031        20.35031       2.54    0.1109
mid_asian_ed                 1        49.95390        49.95390       6.24    0.0125
mid_asian_coll               1       605.22767       605.22767      75.60    <.0001
ic                          37      8513.95687       230.10694      28.74    <.0001
yrsinus*ic                  38     18478.66069       486.28054      60.74    <.0001
yrsinus2*ic                 38      4245.81147       111.73188      13.96    <.0001
rmsa0                        1      1298.45413      1298.45413     162.19    <.0001
rmsa1                        1       158.64945       158.64945      19.82    <.0001


                                             Standard
Parameter                  Estimate             Error    t Value    Pr > |t|

Intercept               1.837740346 B      0.05880944      31.25      <.0001
exp                     0.043662813        0.00247780      17.62      <.0001
exp2                   -0.181850009        0.01316811     -13.81      <.0001
exp3                    0.021155074        0.00200833      10.53      <.0001
educ                    0.008929812        0.00090524       9.86      <.0001
eclass*xclass  1 1     -0.339858603 B      0.03772863      -9.01      <.0001
eclass*xclass  1 2     -0.373590842 B      0.03617378     -10.33      <.0001
eclass*xclass  1 3     -0.388311593 B      0.03478804     -11.16      <.0001
eclass*xclass  1 4     -0.398973499 B      0.03315667     -12.03      <.0001
eclass*xclass  1 5     -0.388294568 B      0.03142397     -12.36      <.0001
eclass*xclass  1 6     -0.363918255 B      0.02942312     -12.37      <.0001
eclass*xclass  1 7     -0.334679113 B      0.02669461     -12.54      <.0001
eclass*xclass  1 8     -0.341568691 B      0.02325917     -14.69      <.0001
eclass*xclass  1 9     -0.355663271 B      0.02115469     -16.81      <.0001
eclass*xclass  2 1     -0.247622506 B      0.03757501      -6.59      <.0001
eclass*xclass  2 2     -0.252285858 B      0.03604964      -7.00      <.0001
eclass*xclass  2 3     -0.308683389 B      0.03468086      -8.90      <.0001
eclass*xclass  2 4     -0.309642366 B      0.03306713      -9.36      <.0001
eclass*xclass  2 5     -0.295216027 B      0.03133612      -9.42      <.0001
eclass*xclass  2 6     -0.270889693 B      0.02935505      -9.23      <.0001
eclass*xclass  2 7     -0.250275344 B      0.02671952      -9.37      <.0001
eclass*xclass  2 8     -0.225913509 B      0.02344055      -9.64      <.0001
eclass*xclass  2 9     -0.274208678 B      0.02199386     -12.47      <.0001
eclass*xclass  3 1     -0.115069234 B      0.03739040      -3.08      0.0021
eclass*xclass  3 2     -0.093738384 B      0.03584096      -2.62      0.0089
eclass*xclass  3 3     -0.121075260 B      0.03448437      -3.51      0.0004
eclass*xclass  3 4     -0.143760382 B      0.03291793      -4.37      <.0001
eclass*xclass  3 5     -0.115948475 B      0.03122805      -3.71      0.0002
eclass*xclass  3 6     -0.086660772 B      0.02928680      -2.96      0.0031
eclass*xclass  3 7     -0.048820550 B      0.02680225      -1.82      0.0685
The SAS System                                                                       22:08 Wednesday, March 27, 2019  22

The GLM Procedure
 
Dependent Variable: logwage2   

                                             Standard
Parameter                  Estimate             Error    t Value    Pr > |t|

eclass*xclass  3 8     -0.056588654 B      0.02372674      -2.39      0.0171
eclass*xclass  3 9     -0.147315977 B      0.02357724      -6.25      <.0001
eclass*xclass  4 1      0.165531301 B      0.03649847       4.54      <.0001
eclass*xclass  4 2      0.162432708 B      0.03497859       4.64      <.0001
eclass*xclass  4 3      0.129135550 B      0.03363582       3.84      0.0001
eclass*xclass  4 4      0.114460812 B      0.03205985       3.57      0.0004
eclass*xclass  4 5      0.090667222 B      0.03029388       2.99      0.0028
eclass*xclass  4 6      0.094012073 B      0.02819447       3.33      0.0009
eclass*xclass  4 7      0.122101469 B      0.02576453       4.74      <.0001
eclass*xclass  4 8      0.106401609 B      0.02279511       4.67      <.0001
eclass*xclass  4 9      0.000000000 B       .                .         .    
inschool               -0.054314002        0.00363728     -14.93      <.0001
advanced                0.164447744        0.00496328      33.13      <.0001
ft                      0.029174613        0.00298929       9.76      <.0001
lowhrs                  0.177424600        0.00356368      49.79      <.0001
mex_ed                  0.001656802        0.00094597       1.75      0.0799
mex_coll               -0.022270896        0.01410799      -1.58      0.1144
euro_ed                -0.001243967        0.00165480      -0.75      0.4522
euro_coll               0.006173296        0.01176412       0.52      0.5998
hisp_ed                -0.006716329        0.00061504     -10.92      <.0001
hisp_coll              -0.035315937        0.01050291      -3.36      0.0008
hi_asian_ed             0.010290614        0.00208267       4.94      <.0001
hi_asian_coll          -0.022190825        0.01391856      -1.59      0.1109
mid_asian_ed            0.003335909        0.00133548       2.50      0.0125
mid_asian_coll          0.098248417        0.01129985       8.69      <.0001
ic             1        0.079219724 B      0.04387001       1.81      0.0710
ic             2        0.060010625 B      0.04679660       1.28      0.1997
ic             3        0.128080262 B      0.05163653       2.48      0.0131
ic             4        0.115197082 B      0.04864573       2.37      0.0179
ic             5        0.129852329 B      0.04712752       2.76      0.0059
ic             6       -0.019008616 B      0.04709241      -0.40      0.6865
ic             7        0.024180591 B      0.04665923       0.52      0.6043
ic             8        0.184078896 B      0.04723629       3.90      <.0001
ic             9        0.029252808 B      0.05298011       0.55      0.5808
ic             10       0.318051334 B      0.04783445       6.65      <.0001
ic             11       0.481875385 B      0.04971296       9.69      <.0001
ic             12       0.103535696 B      0.04673803       2.22      0.0267
ic             13       0.181496561 B      0.04988880       3.64      0.0003
ic             14       0.262358912 B      0.05107873       5.14      <.0001
ic             15       0.174110553 B      0.04938458       3.53      0.0004
ic             16       0.157799174 B      0.05232759       3.02      0.0026
ic             17       0.021048760 B      0.05865893       0.36      0.7197
ic             18       0.452717898 B      0.05119993       8.84      <.0001
ic             19       0.287391033 B      0.06157103       4.67      <.0001
ic             20       0.103524326 B      0.05072690       2.04      0.0413
ic             21       0.092428610 B      0.05569605       1.66      0.0970
ic             22      -0.097703326 B      0.06213357      -1.57      0.1158
ic             23       0.058085305 B      0.05025349       1.16      0.2477
ic             24       0.151125125 B      0.05115180       2.95      0.0031
ic             25      -0.027762023 B      0.05247818      -0.53      0.5968
ic             26       0.051558567 B      0.05866701       0.88      0.3795
The SAS System                                                                       22:08 Wednesday, March 27, 2019  23

The GLM Procedure
 
Dependent Variable: logwage2   

                                             Standard
Parameter                  Estimate             Error    t Value    Pr > |t|

ic             27       0.221717875 B      0.05865516       3.78      0.0002
ic             28      -0.114261135 B      0.06512085      -1.75      0.0793
ic             29       0.135207574 B      0.06183639       2.19      0.0288
ic             30       0.241672601 B      0.05618750       4.30      <.0001
ic             31       0.328367331 B      0.04850757       6.77      <.0001
ic             32       0.054385551 B      0.04869970       1.12      0.2641
ic             33       0.026803058 B      0.04863108       0.55      0.5815
ic             34       0.141575304 B      0.04658605       3.04      0.0024
ic             35       0.134651891 B      0.04557806       2.95      0.0031
ic             36       0.203494430 B      0.04443282       4.58      <.0001
ic             37       0.200423771 B      0.04830251       4.15      <.0001
ic             38       0.000000000 B       .                .         .    
yrsinus*ic     1        0.011111048        0.00068582      16.20      <.0001
yrsinus*ic     2        0.025146163        0.00147081      17.10      <.0001
yrsinus*ic     3        0.008828098        0.00225791       3.91      <.0001
yrsinus*ic     4        0.015398239        0.00298609       5.16      <.0001
yrsinus*ic     5        0.013813144        0.00244264       5.66      <.0001
yrsinus*ic     6        0.024292102        0.00179615      13.52      <.0001
yrsinus*ic     7        0.022100428        0.00201857      10.95      <.0001
yrsinus*ic     8        0.012063947        0.00243907       4.95      <.0001
yrsinus*ic     9        0.013113741        0.00228213       5.75      <.0001
yrsinus*ic     10       0.011190945        0.00249211       4.49      <.0001
yrsinus*ic     11      -0.000658706        0.00158021      -0.42      0.6768
yrsinus*ic     12       0.019047522        0.00232914       8.18      <.0001
yrsinus*ic     13       0.006231473        0.00328300       1.90      0.0577
yrsinus*ic     14       0.002971274        0.00175255       1.70      0.0900
yrsinus*ic     15       0.010508503        0.00308068       3.41      0.0006
yrsinus*ic     16       0.019137724        0.00253056       7.56      <.0001
yrsinus*ic     17       0.020679405        0.00388768       5.32      <.0001
yrsinus*ic     18       0.002061264        0.00188748       1.09      0.2748
yrsinus*ic     19       0.008386723        0.00308473       2.72      0.0066
yrsinus*ic     20       0.016417789        0.00338676       4.85      <.0001
yrsinus*ic     21       0.013178427        0.00289845       4.55      <.0001
yrsinus*ic     22       0.032683668        0.00399509       8.18      <.0001
yrsinus*ic     23       0.016025984        0.00343940       4.66      <.0001
yrsinus*ic     24       0.016330899        0.00352864       4.63      <.0001
yrsinus*ic     25       0.045575036        0.00329926      13.81      <.0001
yrsinus*ic     26       0.016897256        0.00420826       4.02      <.0001
yrsinus*ic     27       0.017210340        0.00482823       3.56      0.0004
yrsinus*ic     28       0.020449014        0.00606990       3.37      0.0008
yrsinus*ic     29       0.014593360        0.00409948       3.56      0.0004
yrsinus*ic     30       0.017757336        0.00411688       4.31      <.0001
yrsinus*ic     31       0.009242106        0.00119616       7.73      <.0001
yrsinus*ic     32       0.031512259        0.00184158      17.11      <.0001
yrsinus*ic     33       0.026672988        0.00291866       9.14      <.0001
yrsinus*ic     34       0.020312423        0.00224544       9.05      <.0001
yrsinus*ic     35       0.023092091        0.00215944      10.69      <.0001
yrsinus*ic     36       0.018569371        0.00192773       9.63      <.0001
yrsinus*ic     37       0.017169332        0.00237756       7.22      <.0001
yrsinus*ic     38       0.029008032        0.00538610       5.39      <.0001
yrsinus2*ic    1       -0.000047175        0.00001671      -2.82      0.0048
The SAS System                                                                       22:08 Wednesday, March 27, 2019  24

The GLM Procedure
 
Dependent Variable: logwage2   

                                             Standard
Parameter                  Estimate             Error    t Value    Pr > |t|

yrsinus2*ic    2       -0.000353703        0.00003727      -9.49      <.0001
yrsinus2*ic    3        0.000017595        0.00006781       0.26      0.7953
yrsinus2*ic    4       -0.000130227        0.00009636      -1.35      0.1766
yrsinus2*ic    5       -0.000067206        0.00006908      -0.97      0.3307
yrsinus2*ic    6       -0.000289078        0.00004503      -6.42      <.0001
yrsinus2*ic    7       -0.000146390        0.00004534      -3.23      0.0012
yrsinus2*ic    8       -0.000065768        0.00006118      -1.07      0.2824
yrsinus2*ic    9       -0.000067231        0.00006077      -1.11      0.2686
yrsinus2*ic    10      -0.000040515        0.00006234      -0.65      0.5158
yrsinus2*ic    11       0.000053641        0.00003117       1.72      0.0853
yrsinus2*ic    12      -0.000160827        0.00005955      -2.70      0.0069
yrsinus2*ic    13       0.000128176        0.00009082       1.41      0.1581
yrsinus2*ic    14       0.000076559        0.00003241       2.36      0.0182
yrsinus2*ic    15       0.000054046        0.00008230       0.66      0.5114
yrsinus2*ic    16      -0.000182930        0.00005303      -3.45      0.0006
yrsinus2*ic    17      -0.000208014        0.00011080      -1.88      0.0605
yrsinus2*ic    18       0.000016470        0.00003721       0.44      0.6580
yrsinus2*ic    19      -0.000026300        0.00005676      -0.46      0.6431
yrsinus2*ic    20      -0.000067222        0.00008631      -0.78      0.4361
yrsinus2*ic    21      -0.000136083        0.00006651      -2.05      0.0408
yrsinus2*ic    22      -0.000506761        0.00009991      -5.07      <.0001
yrsinus2*ic    23      -0.000088590        0.00008902      -1.00      0.3196
yrsinus2*ic    24      -0.000087638        0.00009119      -0.96      0.3365
yrsinus2*ic    25      -0.000767569        0.00008768      -8.75      <.0001
yrsinus2*ic    26      -0.000035171        0.00009747      -0.36      0.7182
yrsinus2*ic    27      -0.000081069        0.00012902      -0.63      0.5298
yrsinus2*ic    28      -0.000128639        0.00018058      -0.71      0.4763
yrsinus2*ic    29      -0.000095617        0.00009734      -0.98      0.3260
yrsinus2*ic    30      -0.000144951        0.00010132      -1.43      0.1526
yrsinus2*ic    31      -0.000077968        0.00002449      -3.18      0.0015
yrsinus2*ic    32      -0.000424972        0.00003948     -10.76      <.0001
yrsinus2*ic    33      -0.000366091        0.00007395      -4.95      <.0001
yrsinus2*ic    34      -0.000248013        0.00005928      -4.18      <.0001
yrsinus2*ic    35      -0.000271881        0.00005374      -5.06      <.0001
yrsinus2*ic    36      -0.000282679        0.00005280      -5.35      <.0001
yrsinus2*ic    37      -0.000159405        0.00005405      -2.95      0.0032
yrsinus2*ic    38      -0.000464427        0.00015283      -3.04      0.0024
rmsa0                  -0.039018106        0.00306379     -12.74      <.0001
rmsa1                  -0.014751131        0.00331369      -4.45      <.0001

NOTE: The X'X matrix has been found to be singular, and a generalized inverse was used to solve the normal equations.  
      Terms whose estimates are followed by the letter 'B' are not uniquely estimable.
The SAS System                                                                       22:08 Wednesday, March 27, 2019  25

The CORR Procedure

   7        Variables:    logwage2 pred     res      educ     exp      imm      female   
     Weight Variable:     wt                                                             


                                    Simple Statistics
 
Variable           N          Mean       Std Dev           Sum       Minimum       Maximum

logwage2     3328862       2.61545       4.15141     316462620       1.35131       5.55102
pred         3328862       2.61545       2.16305     316462620       1.44022       4.23149
res          3328862             0       3.54336             0      -2.51200       3.91498
educ         3328862      13.23770      17.14460    1601726526             0      20.00000
exp          3328862      19.15517      68.63901    2317724654       1.00000      45.00000
imm          3328862       0.13530       2.06216      16371048             0       1.00000
female       3328862       0.47542       3.01082      57524289             0       1.00000


                              Pearson Correlation Coefficients, N = 3328862 
                                        Prob > |r| under H0: Rho=0
 
              logwage2          pred           res          educ           exp           imm        female

logwage2       1.00000       0.52104       0.85353       0.37593       0.18050      -0.05682      -0.16370
                              <.0001        <.0001        <.0001        <.0001        <.0001        <.0001

pred           0.52104       1.00000       0.00000       0.72151       0.34643      -0.10906      -0.31418
                <.0001                      1.0000        <.0001        <.0001        <.0001        <.0001

res            0.85353       0.00000       1.00000      -0.00000       0.00000       0.00000       0.00000
                <.0001        1.0000                      1.0000        1.0000        1.0000        1.0000

educ           0.37593       0.72151      -0.00000       1.00000      -0.05340      -0.18249       0.04352
                <.0001        <.0001        1.0000                      <.0001        <.0001        <.0001

exp            0.18050       0.34643       0.00000      -0.05340       1.00000      -0.01325       0.00888
                <.0001        <.0001        1.0000        <.0001                      <.0001        <.0001

imm           -0.05682      -0.10906       0.00000      -0.18249      -0.01325       1.00000      -0.04312
                <.0001        <.0001        1.0000        <.0001        <.0001                      <.0001

female        -0.16370      -0.31418       0.00000       0.04352       0.00888      -0.04312       1.00000
                <.0001        <.0001        1.0000        <.0001        <.0001        <.0001              
The SAS System                                                                       22:08 Wednesday, March 27, 2019  26

The FREQ Procedure

Table of xclass2 by eclass

xclass2     eclass

Frequency|
Percent  |
Row Pct  |
Col Pct  |       1|       2|       3|       4|  Total
---------+--------+--------+--------+--------+
       1 | 153828 | 220420 | 271500 | 233137 | 878885
         |   4.62 |   6.62 |   8.16 |   7.00 |  26.40
         |  17.50 |  25.08 |  30.89 |  26.53 |
         |  26.98 |  23.64 |  27.58 |  27.68 |
---------+--------+--------+--------+--------+
       2 | 145569 | 252657 | 286448 | 248779 | 933453
         |   4.37 |   7.59 |   8.60 |   7.47 |  28.04
         |  15.59 |  27.07 |  30.69 |  26.65 |
         |  25.53 |  27.10 |  29.10 |  29.54 |
---------+--------+--------+--------+--------+
       3 | 138080 | 248188 | 261587 | 234550 | 882405
         |   4.15 |   7.46 |   7.86 |   7.05 |  26.51
         |  15.65 |  28.13 |  29.64 |  26.58 |
         |  24.22 |  26.62 |  26.58 |  27.85 |
---------+--------+--------+--------+--------+
       4 | 132670 | 210984 | 164734 | 125731 | 634119
         |   3.99 |   6.34 |   4.95 |   3.78 |  19.05
         |  20.92 |  33.27 |  25.98 |  19.83 |
         |  23.27 |  22.63 |  16.74 |  14.93 |
---------+--------+--------+--------+--------+
Total      570147   932249   984269   842197  3328862
            17.13    28.01    29.57    25.30   100.00
The SAS System                                                                       22:08 Wednesday, March 27, 2019  27

Obs    rmsa        count      imm      logwage2       v          res        vres       pred      vpred

  1       .    120997320    0.13530     2.61545    0.47414     0.00000    0.34542    2.61545    0.12872
  2       0     30646900    0.08292     2.56969    0.44526     0.00000    0.32954    2.56969    0.12473
  3       1     17534684    0.11693     2.60031    0.46536     0.00000    0.33996    2.60031    0.12700
  4      80       266391    0.03427     2.59020    0.42316    -0.04402    0.30740    2.63422    0.11662
  5     160       333501    0.24909     2.72409    0.53945     0.06534    0.39069    2.65875    0.12436
  6     200       253940    0.09651     2.44751    0.42999    -0.17262    0.32627    2.62013    0.13208
  7     240       224668    0.04350     2.61775    0.43630    -0.03637    0.31323    2.65412    0.11562
  8     440       260401    0.05680     2.67097    0.45777     0.02368    0.33371    2.64730    0.12031
  9     520      1632894    0.09140     2.57972    0.46981    -0.02955    0.34238    2.60927    0.12822
 10     600       194729    0.07791     2.58184    0.44102    -0.04277    0.32704    2.62461    0.13124
 11     640       518547    0.17239     2.54806    0.48533    -0.04555    0.33644    2.59361    0.13532
 12     680       266228    0.32375     2.69655    0.54212     0.07736    0.39023    2.61919    0.13916
 13     720      1079083    0.12122     2.75526    0.45481     0.06924    0.33551    2.68602    0.13039
 14     760       204688    0.03411     2.46643    0.48109    -0.12661    0.35653    2.59304    0.11101
 15     875       590039    0.21590     2.83887    0.53530     0.15178    0.38318    2.68709    0.13181
 16    1000       382491    0.02632     2.50165    0.44135    -0.11188    0.32541    2.61353    0.11547
 17    1080       134620    0.06443     2.47961    0.42174    -0.15322    0.32993    2.63283    0.12827
 18    1120      1451877    0.14363     2.78350    0.45701     0.07047    0.33495    2.71304    0.12909
 19    1160       153724    0.12601     2.81442    0.49520     0.11530    0.34760    2.69912    0.13530
 20    1280       456709    0.24775     2.72224    0.54382     0.06373    0.39822    2.65851    0.12579
 21    1440       227731    0.03938     2.50868    0.41376    -0.09208    0.31140    2.60076    0.11400
 22    1520       582295    0.06460     2.53451    0.41122    -0.07847    0.30704    2.61298    0.11902
 23    1560       178095    0.04841     2.55052    0.42835    -0.06057    0.31842    2.61109    0.11981
 24    1600      3101645    0.15824     2.67948    0.47627     0.03406    0.34713    2.64542    0.12876
 25    1640       647676    0.03162     2.55454    0.41220    -0.07198    0.30055    2.62652    0.11632
 26    1680       955507    0.03499     2.60154    0.42363    -0.03789    0.30551    2.63943    0.11774
 27    1720       225900    0.09612     2.65627    0.46846    -0.02634    0.35007    2.68261    0.14164
 28    1760       210474    0.03855     2.48566    0.40732    -0.12089    0.30744    2.60655    0.11626
 29    1840       640479    0.03335     2.60201    0.42801    -0.03228    0.30968    2.63429    0.11500
 30    1920      1467407    0.17248     2.54378    0.49189    -0.05344    0.34963    2.59722    0.13607
 31    2000       381725    0.03540     2.59607    0.41210    -0.03256    0.29977    2.62863    0.11954
 32    2020       185524    0.20242     2.56400    0.48717    -0.06270    0.36988    2.62670    0.12233
 33    2080       865625    0.09987     2.65208    0.46343    -0.02785    0.35240    2.67993    0.13990
 34    2120       106440    0.02809     2.50388    0.36441    -0.13565    0.27496    2.63953    0.11069
 35    2160      1534471    0.05936     2.67068    0.46427     0.02350    0.33600    2.64718    0.11953
 36    2320       250994    0.16725     2.52839    0.48742    -0.06586    0.35244    2.59425    0.13273
 37    2640       189991    0.05527     2.66837    0.47098     0.02767    0.33263    2.64069    0.12227
 38    2680       624631    0.20178     2.55156    0.48503    -0.06597    0.36395    2.61753    0.12560
 39    2700       187361    0.19481     2.54992    0.46164    -0.07143    0.34249    2.62135    0.13092
 40    2760       223387    0.03369     2.57294    0.40560    -0.04187    0.30269    2.61481    0.11818
 41    2800       634863    0.17770     2.53282    0.49318    -0.05359    0.35270    2.58641    0.13165
 42    2840       382378    0.33351     2.67288    0.53244     0.05707    0.37349    2.61581    0.14062
 43    2960       249912    0.04271     2.55912    0.38814    -0.05377    0.28918    2.61289    0.11618
 44    3000       412881    0.05996     2.66124    0.45545     0.01588    0.33053    2.64536    0.11570
 45    3120       547817    0.06792     2.52760    0.41013    -0.08286    0.30164    2.61046    0.11792
 46    3160       400790    0.03612     2.49608    0.41600    -0.10520    0.30567    2.60128    0.11788
 47    3240       254257    0.04478     2.59365    0.42363    -0.05766    0.30976    2.65130    0.11535
 48    3280       525160    0.12613     2.84283    0.49995     0.13088    0.35863    2.71195    0.13318
 49    3320       349951    0.21144     2.62959    0.42821    -0.06178    0.33751    2.69137    0.11860
 50    3360      1533829    0.17214     2.54285    0.49771    -0.04913    0.34754    2.59198    0.13555
 51    3480       576114    0.03952     2.57410    0.40821    -0.04013    0.30918    2.61424    0.11435
 52    3560       151171    0.01449     2.43013    0.44448    -0.15073    0.35478    2.58086    0.11344
 53    3600       457471    0.19994     2.53192    0.46252    -0.08710    0.35893    2.61901    0.11964
 54    3640       262460    0.22048     2.82368    0.52776     0.14781    0.37114    2.67587    0.13158
 55    3660       197054    0.05464     2.56326    0.47349    -0.06672    0.33466    2.62998    0.12704
 56    3720       193122    0.05767     2.65482    0.45597     0.01011    0.33208    2.64472    0.12279
The SAS System                                                                       22:08 Wednesday, March 27, 2019  28

Obs    rmsa     count       imm      logwage2       v          res        vres       pred      vpred

 57    3760     608794    0.04242     2.53320    0.40996    -0.10953    0.30548    2.64274    0.12369
 58    3840     286579    0.03851     2.52064    0.42845    -0.08826    0.31529    2.60890    0.11851
 59    3980     197643    0.20252     2.54551    0.47330    -0.07565    0.34458    2.62117    0.12577
 60    4000     164254    0.04337     2.61426    0.42625    -0.04012    0.29887    2.65439    0.11672
 61    4040     202173    0.06075     2.67145    0.43663     0.02962    0.31008    2.64182    0.11427
 62    4120     699073    0.19160     2.61034    0.43295     0.01443    0.34534    2.59591    0.12136
 63    4280     140659    0.02489     2.48758    0.41140    -0.11880    0.30637    2.60638    0.11636
 64    4400     178611    0.03944     2.41317    0.39544    -0.17625    0.30696    2.58942    0.11193
 65    4480    3885193    0.33088     2.68656    0.54826     0.06884    0.38618    2.61772    0.14181
 66    4520     475326    0.02745     2.51215    0.43269    -0.09717    0.32038    2.60932    0.11470
 67    4720     137047    0.03686     2.60481    0.40678    -0.03935    0.30782    2.64416    0.12088
 68    4880     207830    0.17984     2.52748    0.49980    -0.06605    0.34978    2.59353    0.13915
 69    4900     214277    0.20214     2.54956    0.46542    -0.07281    0.35624    2.62236    0.12553
 70    4920     410756    0.03382     2.51897    0.43139    -0.09099    0.32066    2.60995    0.11614
 71    5000     865599    0.20171     2.54141    0.46547    -0.08089    0.35305    2.62230    0.12369
 72    5015     538851    0.22334     2.81729    0.51228     0.14171    0.36502    2.67558    0.13312
 73    5080     445730    0.04041     2.59522    0.37754    -0.04904    0.28550    2.64426    0.11700
 74    5120     918567    0.06078     2.66869    0.40257    -0.00826    0.30384    2.67695    0.12059
 75    5160     201898    0.02238     2.49211    0.44999    -0.11239    0.32255    2.60450    0.11618
 76    5170     185586    0.33109     2.66533    0.53420     0.05008    0.37338    2.61525    0.14023
 77    5190     511397    0.22238     2.82309    0.52207     0.13930    0.36429    2.68379    0.13285
 78    5360     477289    0.03516     2.50468    0.41533    -0.10217    0.30560    2.60685    0.11624
 79    5380    1173437    0.24502     2.73043    0.53679     0.06407    0.39423    2.66635    0.12675
 80    5480     250427    0.13201     2.82997    0.48643     0.12441    0.34482    2.70556    0.13364
 81    5560     489520    0.03437     2.47025    0.47294    -0.12121    0.34687    2.59146    0.11497
 82    5600    3263085    0.24631     2.72601    0.54251     0.06305    0.40066    2.66295    0.12607
 83    5640     914912    0.21718     2.82259    0.51534     0.14087    0.36863    2.68172    0.13215
 84    5720     660753    0.10132     2.64031    0.47072    -0.02792    0.32404    2.66823    0.13479
 85    5775     975816    0.32946     2.68565    0.53950     0.06895    0.37746    2.61671    0.13971
 86    5880     390770    0.05111     2.43130    0.42404    -0.17993    0.32193    2.61122    0.11778
 87    5920     155317    0.05432     2.47879    0.36965    -0.16985    0.29184    2.64863    0.11192
 88    5945    1202852    0.32938     2.68515    0.55124     0.06612    0.39287    2.61902    0.14091
 89    5960     673396    0.19945     2.54516    0.46993    -0.08150    0.35853    2.62666    0.12554
 90    6080     176154    0.20357     2.55069    0.48472    -0.07222    0.37865    2.62291    0.12744
 91    6160    1820990    0.10065     2.68138    0.48124     0.01820    0.34659    2.66319    0.12149
 92    6200    1325278    0.15191     2.58066    0.45773    -0.04420    0.34561    2.62486    0.13507
 93    6280     935726    0.04944     2.61249    0.43054    -0.04032    0.31605    2.65281    0.11677
 94    6440     766952    0.10949     2.60779    0.42654    -0.04815    0.32375    2.65594    0.13084
 95    6480     563225    0.13914     2.67572    0.43066     0.00446    0.30615    2.67126    0.12947
 96    6640     546807    0.06712     2.54162    0.43260    -0.07306    0.31324    2.61468    0.12216
 97    6760     446695    0.09423     2.65236    0.47653    -0.02268    0.33452    2.67504    0.13181
 98    6780    1247449    0.32934     2.68614    0.55245     0.06793    0.38459    2.61821    0.14150
 99    6840     510316    0.24687     2.72183    0.53505     0.05632    0.39817    2.66551    0.12599
100    6920     658725    0.33366     2.68162    0.54528     0.06765    0.37997    2.61397    0.14424
101    7040     934395    0.06965     2.57603    0.44084    -0.06470    0.32623    2.64073    0.12114
102    7160     436735    0.10067     2.54819    0.43948    -0.05945    0.31866    2.60764    0.13888
103    7240     568848    0.17785     2.54755    0.51425    -0.04606    0.36357    2.59361    0.13486
104    7320    1118752    0.33123     2.68355    0.54142     0.06757    0.38204    2.61597    0.14130
105    7360     689657    0.33249     2.68510    0.53995     0.06742    0.37236    2.61768    0.14095
106    7400     688685    0.33426     2.68124    0.53885     0.06372    0.38209    2.61752    0.14408
107    7500     195644    0.33595     2.68316    0.52070     0.07740    0.36403    2.60576    0.14179
108    7510     229592    0.20608     2.54400    0.45719    -0.07783    0.34556    2.62182    0.12056
109    7560     301300    0.04674     2.60685    0.42831    -0.04497    0.31705    2.65182    0.11708
110    7600     924748    0.12396     2.67385    0.43957     0.00581    0.32717    2.66804    0.12919
111    7840     178248    0.12253     2.67867    0.44443     0.00532    0.32622    2.67335    0.12825
112    8000     259467    0.13933     2.77591    0.45636     0.06531    0.32980    2.71060    0.12959
The SAS System                                                                       22:08 Wednesday, March 27, 2019  29

Obs    rmsa     count       imm      logwage2       v          res        vres       pred      vpred

113    8120     239883    0.32432     2.70014    0.53877     0.08132    0.37896    2.61882    0.13758
114    8160     383364    0.24818     2.73010    0.53546     0.06399    0.40054    2.66611    0.12440
115    8200     324318    0.12213     2.67199    0.45663     0.00191    0.34078    2.67008    0.12895
116    8280     966078    0.20201     2.55319    0.47103    -0.07139    0.35893    2.62458    0.12346
117    8400     262732    0.03374     2.58528    0.41748    -0.03774    0.29568    2.62302    0.11555
118    8520     330011    0.15602     2.56996    0.46622    -0.04965    0.35136    2.61961    0.13688
119    8560     205002    0.05020     2.43563    0.43433    -0.18017    0.33950    2.61580    0.11725
120    8720     212969    0.33517     2.66795    0.54366     0.05939    0.38259    2.60856    0.14236
121    8735     311426    0.33140     2.69410    0.55921     0.07485    0.39472    2.61926    0.14272
122    8840    2196224    0.11588     2.69628    0.48079     0.02452    0.34397    2.67176    0.13307
123    8960     470032    0.20151     2.55048    0.47194    -0.07508    0.35956    2.62556    0.12481
124    9040     197947    0.06209     2.53448    0.41361    -0.12426    0.30750    2.65874    0.13290
125    9160     274676    0.08136     2.71588    0.43291     0.04981    0.32025    2.66607    0.12472
126    9240     239989    0.13964     2.78352    0.46372     0.06569    0.33457    2.71783    0.12883
127    9320     252162    0.03732     2.57728    0.41861    -0.04733    0.30635    2.62461    0.11245
The SAS System                                                                       22:08 Wednesday, March 27, 2019  30

The CORR Procedure

   5        Variables:    v        vres     imm      educ     exp      
     Weight Variable:     count                                        


                                    Simple Statistics
 
Variable           N          Mean       Std Dev           Sum       Minimum       Maximum

v                124       0.47893      36.13742      34873452       0.36441       0.55921
vres             124       0.34845      22.80572      25372887       0.27496       0.40066
imm              124       0.16177      76.63307      11779560       0.01449       0.33595
educ             124      13.24291     222.94609     964291921      12.76044      13.93583
exp              124      19.15199     397.29288    1394566064      16.92163      20.19012


                Pearson Correlation Coefficients, N = 124 
                        Prob > |r| under H0: Rho=0
 
                 v          vres           imm          educ           exp

v          1.00000       0.95476       0.89124      -0.16747      -0.19278
                          <.0001        <.0001        0.0630        0.0319

vres       0.95476       1.00000       0.87873      -0.11825      -0.10008
            <.0001                      <.0001        0.1909        0.2687

imm        0.89124       0.87873       1.00000      -0.29938      -0.24217
            <.0001        <.0001                      0.0007        0.0067

educ      -0.16747      -0.11825      -0.29938       1.00000       0.48493
            0.0630        0.1909        0.0007                      <.0001

exp       -0.19278      -0.10008      -0.24217       0.48493       1.00000
            0.0319        0.2687        0.0067        <.0001              
