The SAS System                                                                        11:55 Thursday, March 28, 2019   1

The FREQ Procedure

Table of ic by new

ic        new

Frequency|
Percent  |
Row Pct  |
Col Pct  |       0|       1|  Total
---------+--------+--------+
       1 |2127234 |5139693 |7266927
         |   9.00 |  21.75 |  30.76
         |  29.27 |  70.73 |
         |  26.59 |  32.89 |
---------+--------+--------+
       2 | 408783 | 669255 |1078038
         |   1.73 |   2.83 |   4.56
         |  37.92 |  62.08 |
         |   5.11 |   4.28 |
---------+--------+--------+
       3 | 204509 | 633179 | 837688
         |   0.87 |   2.68 |   3.55
         |  24.41 |  75.59 |
         |   2.56 |   4.05 |
---------+--------+--------+
       4 | 266794 | 538917 | 805711
         |   1.13 |   2.28 |   3.41
         |  33.11 |  66.89 |
         |   3.33 |   3.45 |
---------+--------+--------+
       5 | 151400 | 546763 | 698163
         |   0.64 |   2.31 |   2.95
         |  21.69 |  78.31 |
         |   1.89 |   3.50 |
---------+--------+--------+
       6 | 149157 | 565773 | 714930
         |   0.63 |   2.39 |   3.03
         |  20.86 |  79.14 |
         |   1.86 |   3.62 |
---------+--------+--------+
       7 | 357797 | 228177 | 585974
         |   1.51 |   0.97 |   2.48
         |  61.06 |  38.94 |
         |   4.47 |   1.46 |
---------+--------+--------+
       8 | 156730 | 379243 | 535973
         |   0.66 |   1.61 |   2.27
         |  29.24 |  70.76 |
         |   1.96 |   2.43 |
---------+--------+--------+
Total     8000887  1.563E7  2.363E7
            33.86    66.14   100.00
(Continued)
The SAS System                                                                        11:55 Thursday, March 28, 2019   2

The FREQ Procedure

Table of ic by new

ic        new

Frequency|
Percent  |
Row Pct  |
Col Pct  |       0|       1|  Total
---------+--------+--------+
       9 | 252611 | 411094 | 663705
         |   1.07 |   1.74 |   2.81
         |  38.06 |  61.94 |
         |   3.16 |   2.63 |
---------+--------+--------+
      10 | 165619 | 263513 | 429132
         |   0.70 |   1.12 |   1.82
         |  38.59 |  61.41 |
         |   2.07 |   1.69 |
---------+--------+--------+
      11 | 281764 | 235383 | 517147
         |   1.19 |   1.00 |   2.19
         |  54.48 |  45.52 |
         |   3.52 |   1.51 |
---------+--------+--------+
      12 | 129153 | 270668 | 399821
         |   0.55 |   1.15 |   1.69
         |  32.30 |  67.70 |
         |   1.61 |   1.73 |
---------+--------+--------+
      13 |  79405 | 320132 | 399537
         |   0.34 |   1.35 |   1.69
         |  19.87 |  80.13 |
         |   0.99 |   2.05 |
---------+--------+--------+
      14 | 314016 | 141186 | 455202
         |   1.33 |   0.60 |   1.93
         |  68.98 |  31.02 |
         |   3.92 |   0.90 |
---------+--------+--------+
      15 | 105922 | 226705 | 332627
         |   0.45 |   0.96 |   1.41
         |  31.84 |  68.16 |
         |   1.32 |   1.45 |
---------+--------+--------+
      16 |  87789 | 222528 | 310317
         |   0.37 |   0.94 |   1.31
         |  28.29 |  71.71 |
         |   1.10 |   1.42 |
---------+--------+--------+
Total     8000887  1.563E7  2.363E7
            33.86    66.14   100.00
(Continued)
The SAS System                                                                        11:55 Thursday, March 28, 2019   3

The FREQ Procedure

Table of ic by new

ic        new

Frequency|
Percent  |
Row Pct  |
Col Pct  |       0|       1|  Total
---------+--------+--------+
      17 |  89555 | 184725 | 274280
         |   0.38 |   0.78 |   1.16
         |  32.65 |  67.35 |
         |   1.12 |   1.18 |
---------+--------+--------+
      18 | 247748 | 223605 | 471353
         |   1.05 |   0.95 |   2.00
         |  52.56 |  47.44 |
         |   3.10 |   1.43 |
---------+--------+--------+
      19 | 212573 |  52809 | 265382
         |   0.90 |   0.22 |   1.12
         |  80.10 |  19.90 |
         |   2.66 |   0.34 |
---------+--------+--------+
      20 |  74470 | 159335 | 233805
         |   0.32 |   0.67 |   0.99
         |  31.85 |  68.15 |
         |   0.93 |   1.02 |
---------+--------+--------+
      21 |  84286 | 171299 | 255585
         |   0.36 |   0.73 |   1.08
         |  32.98 |  67.02 |
         |   1.05 |   1.10 |
---------+--------+--------+
      22 | 108614 | 117484 | 226098
         |   0.46 |   0.50 |   0.96
         |  48.04 |  51.96 |
         |   1.36 |   0.75 |
---------+--------+--------+
      23 |  39728 | 192394 | 232122
         |   0.17 |   0.81 |   0.98
         |  17.12 |  82.88 |
         |   0.50 |   1.23 |
---------+--------+--------+
      24 |  54178 | 160505 | 214683
         |   0.23 |   0.68 |   0.91
         |  25.24 |  74.76 |
         |   0.68 |   1.03 |
---------+--------+--------+
Total     8000887  1.563E7  2.363E7
            33.86    66.14   100.00
(Continued)
The SAS System                                                                        11:55 Thursday, March 28, 2019   4

The FREQ Procedure

Table of ic by new

ic        new

Frequency|
Percent  |
Row Pct  |
Col Pct  |       0|       1|  Total
---------+--------+--------+
      25 |  39005 | 194490 | 233495
         |   0.17 |   0.82 |   0.99
         |  16.70 |  83.30 |
         |   0.49 |   1.24 |
---------+--------+--------+
      26 |  42412 | 133374 | 175786
         |   0.18 |   0.56 |   0.74
         |  24.13 |  75.87 |
         |   0.53 |   0.85 |
---------+--------+--------+
      27 |  48210 | 120511 | 168721
         |   0.20 |   0.51 |   0.71
         |  28.57 |  71.43 |
         |   0.60 |   0.77 |
---------+--------+--------+
      28 |  34279 | 142953 | 177232
         |   0.15 |   0.61 |   0.75
         |  19.34 |  80.66 |
         |   0.43 |   0.91 |
---------+--------+--------+
      29 |  74678 |  91654 | 166332
         |   0.32 |   0.39 |   0.70
         |  44.90 |  55.10 |
         |   0.93 |   0.59 |
---------+--------+--------+
      30 |  63700 |  93377 | 157077
         |   0.27 |   0.40 |   0.66
         |  40.55 |  59.45 |
         |   0.80 |   0.60 |
---------+--------+--------+
      31 | 594590 | 552915 |1147505
         |   2.52 |   2.34 |   4.86
         |  51.82 |  48.18 |
         |   7.43 |   3.54 |
---------+--------+--------+
      32 | 126942 | 384130 | 511072
         |   0.54 |   1.63 |   2.16
         |  24.84 |  75.16 |
         |   1.59 |   2.46 |
---------+--------+--------+
Total     8000887  1.563E7  2.363E7
            33.86    66.14   100.00
(Continued)
The SAS System                                                                        11:55 Thursday, March 28, 2019   5

The FREQ Procedure

Table of ic by new

ic        new

Frequency|
Percent  |
Row Pct  |
Col Pct  |       0|       1|  Total
---------+--------+--------+
      33 | 129358 | 327895 | 457253
         |   0.55 |   1.39 |   1.94
         |  28.29 |  71.71 |
         |   1.62 |   2.10 |
---------+--------+--------+
      34 | 184866 | 388033 | 572899
         |   0.78 |   1.64 |   2.42
         |  32.27 |  67.73 |
         |   2.31 |   2.48 |
---------+--------+--------+
      35 | 143985 | 342189 | 486174
         |   0.61 |   1.45 |   2.06
         |  29.62 |  70.38 |
         |   1.80 |   2.19 |
---------+--------+--------+
      36 | 161833 | 548156 | 709989
         |   0.68 |   2.32 |   3.01
         |  22.79 |  77.21 |
         |   2.02 |   3.51 |
---------+--------+--------+
      37 | 157028 | 191954 | 348982
         |   0.66 |   0.81 |   1.48
         |  45.00 |  55.00 |
         |   1.96 |   1.23 |
---------+--------+--------+
      38 |  50166 |  59653 | 109819
         |   0.21 |   0.25 |   0.46
         |  45.68 |  54.32 |
         |   0.63 |   0.38 |
---------+--------+--------+
Total     8000887  1.563E7  2.363E7
            33.86    66.14   100.00
The SAS System                                                                        11:55 Thursday, March 28, 2019   6

Obs    ic       count    female    dropout       hs    somecoll    collplus       x1       x2       x3       x4

  1     .    15625649    0.480      0.409     0.195     0.168       0.227      0.356    0.354    0.188    0.102
  4     1     5139693    0.427      0.717     0.172     0.077       0.035      0.407    0.387    0.144    0.062
  5     2      669255    0.593      0.103     0.153     0.279       0.465      0.290    0.341    0.229    0.140
  6     3      633179    0.451      0.108     0.088     0.110       0.695      0.454    0.302    0.157    0.088
  7     4      538917    0.512      0.408     0.215     0.241       0.136      0.307    0.291    0.207    0.195
  8     5      546763    0.466      0.681     0.178     0.104       0.037      0.340    0.384    0.196    0.080
  9     6      565773    0.520      0.244     0.149     0.131       0.477      0.289    0.326    0.201    0.184
 10     7      228177    0.448      0.394     0.245     0.179       0.182      0.251    0.327    0.211    0.211
 11     8      379243    0.538      0.502     0.226     0.184       0.088      0.305    0.352    0.214    0.129
 12     9      411094    0.557      0.103     0.236     0.240       0.421      0.335    0.311    0.234    0.120
 13    10      263513    0.551      0.284     0.297     0.277       0.142      0.308    0.306    0.237    0.149
 14    11      235383    0.516      0.080     0.133     0.300       0.487      0.337    0.343    0.206    0.114
 15    12      270668    0.548      0.269     0.272     0.238       0.221      0.289    0.360    0.234    0.118
 16    13      320132    0.415      0.680     0.172     0.104       0.043      0.372    0.374    0.185    0.069
 17    14      141186    0.592      0.088     0.239     0.255       0.418      0.347    0.391    0.171    0.091
 18    15      226705    0.521      0.386     0.265     0.244       0.105      0.299    0.310    0.261    0.130
 19    16      222528    0.512      0.167     0.320     0.266       0.248      0.279    0.273    0.284    0.164
 20    17      184725    0.567      0.059     0.121     0.194       0.625      0.366    0.333    0.226    0.075
 21    18      223605    0.466      0.050     0.177     0.301       0.472      0.282    0.384    0.214    0.120
 22    19       52809    0.447      0.182     0.260     0.189       0.369      0.273    0.373    0.216    0.138
 23    20      159335    0.451      0.414     0.270     0.204       0.111      0.341    0.374    0.197    0.088
 24    21      171299    0.589      0.033     0.150     0.298       0.520      0.413    0.373    0.154    0.059
 25    22      117484    0.519      0.111     0.208     0.255       0.427      0.261    0.305    0.244    0.190
 26    23      192394    0.480      0.629     0.205     0.111       0.055      0.379    0.357    0.192    0.072
 27    24      160505    0.520      0.177     0.303     0.302       0.219      0.290    0.349    0.241    0.120
 28    25      194490    0.545      0.086     0.146     0.188       0.580      0.290    0.287    0.238    0.185
 29    26      133374    0.513      0.422     0.249     0.217       0.112      0.309    0.335    0.231    0.125
 30    27      120511    0.532      0.307     0.339     0.227       0.127      0.271    0.299    0.257    0.173
 31    28      142953    0.419      0.198     0.179     0.165       0.458      0.337    0.369    0.211    0.083
 32    29       91654    0.524      0.187     0.174     0.218       0.421      0.370    0.304    0.222    0.104
 33    30       93377    0.554      0.237     0.349     0.272       0.142      0.300    0.321    0.225    0.154
 34    31      552915    0.474      0.134     0.205     0.232       0.429      0.369    0.339    0.192    0.100
 35    32      384130    0.502      0.157     0.286     0.213       0.344      0.297    0.307    0.242    0.154
 36    33      327895    0.418      0.217     0.202     0.214       0.367      0.371    0.360    0.170    0.100
 37    34      388033    0.511      0.355     0.221     0.203       0.221      0.337    0.311    0.219    0.133
 38    35      342189    0.520      0.200     0.248     0.245       0.308      0.362    0.365    0.184    0.089
 39    36      548156    0.440      0.148     0.201     0.279       0.371      0.341    0.401    0.188    0.071
 40    37      191954    0.569      0.255     0.293     0.288       0.165      0.339    0.340    0.214    0.107
 41    38       59653    0.592      0.265     0.176     0.193       0.366      0.496    0.239    0.178    0.087
