1                                                          The SAS System                             11:55 Thursday, March 28, 2019

NOTE: Copyright (c) 2016 by SAS Institute Inc., Cary, NC, USA. 
NOTE: SAS (r) Proprietary Software 9.4 (TS1M5) 
      Licensed to STANFORD UNIVERSITY - SFA -  T&R, Site 70081389.
NOTE: This session is executing on the Linux 3.10.0-957.10.1.el7.x86_64 (LIN X64) platform.



NOTE: Updated analytical products:
      
      SAS/STAT 14.3
      SAS/ETS 14.3
      SAS/OR 14.3
      SAS/IML 14.3
      SAS/QC 14.3

NOTE: Additional host information:

 Linux LIN X64 3.10.0-957.10.1.el7.x86_64 #1 SMP Mon Mar 18 15:06:45 UTC 2019 x86_64 CentOS Linux release 7.6.1810 (Core)  

You are running SAS 9. Some SAS 8 files will be automatically converted 
by the V9 engine; others are incompatible.  Please see 
http://support.sas.com/rnd/migration/planning/platform/64bit.html

PROC MIGRATE will preserve current SAS file attributes and is 
recommended for converting all your SAS libraries from any 
SAS 8 release to SAS 9.  For details and examples, please see
http://support.sas.com/rnd/migration/index.html


This message is contained in the SAS news file, and is presented upon
initialization.  Edit the file "news" in the "misc/base" directory to
display site-specific news and information in the program log.
The command line option "-nonews" will prevent this display.




NOTE: SAS initialization used:
      real time           1.27 seconds
      cpu time            0.08 seconds
      
1          *imm1 follows allnp2.sas ;
2          
3          options ls=120 nocenter;
4          libname c2000 '/home/groups/sorkin/quadros/data/2000';
NOTE: Libref C2000 was successfully assigned as follows: 
      Engine:        V9 
      Physical Name: /home/groups/sorkin/quadros/data/2000
5          libname here '.';
NOTE: Libref HERE was successfully assigned as follows: 
      Engine:        V9 
      Physical Name: /home/groups/sorkin/quadros/code/2000
6          
7          
8            /*
9          
10         keep rmsa imm female logwage2 wt p1-p10 dev devsq c age
11                       educ exp exp2 exp3 inschool dropout somecoll collplus advanced
2 The SAS System                                                                          11:55 Thursday, March 28, 2019

12                       asian black hispanic black_ed black_coll asian_ed asian_coll
13                       hisp_ed hisp_coll imm_ed imm_coll yrsinus yrsinus2
14                       euro_ed hi_asian_ed mid_asian_ed mex_ed
15                       euro_coll hi_asian_coll mid_asian_coll mex_coll
16                       euro_yrs hi_asian_yrs mid_asian_yrs mex_yrs
17                       euro_yrs2 hi_asian_yrs2 mid_asian_yrs2 mex_yrs2
18                       pre_exp pre_exp1 english pob state msa nonmover
19                       ic euro hi_asian mid_asian mex owage annhrs xclass
20                       eclass wagesal weeks selfinc wage wage2 emp;
21         
22           */
23         
24         
25         data one;
26         set c2000.supp2000;
27         if imm=1;
28         new=(yrsinus<20);
29         
30         
31         rmsa0=(rmsa=0);
32         rmsa1=(rmsa=1);
33         male=1-female;
34         native=1-imm;
35         
36         
37         if exp<=10 then xclass2=1;
38         else if exp<=20 then xclass2=2;
39         else if exp<=30 then xclass2=3;
40         else xclass2=4;
41         c=1;
42         
43         havewage2=(logwage2 ne .);
44         if wagesal<=0 then cwagesal=.;
45         else cwagesal=wagesal;
46         
47         if annhrs>0 then cannhrs=annhrs;
48         else cannhrs=.;
49         
50         hs=1-dropout-somecoll-collplus;
51         if collplus=1 and advanced=0 then college=1;
52         else college=0;
53         
54         x1=(xclass2=1);
55         x2=(xclass2=2);
56         x3=(xclass2=3);
57         x4=(xclass2=4);
58         
59         if annhrs>0 then hrswkly=annhrs/weeks;
60         else hrswkly=.;
61         ft=(hrswkly>=35);
62         
63         
64         ex11=(eclass=1)*(xclass2=1);
65         ex12=(eclass=1)*(xclass2=2);
66         ex13=(eclass=1)*(xclass2=3);
67         ex14=(eclass=1)*(xclass2=4);
68         ex21=(eclass=2)*(xclass2=1);
69         ex22=(eclass=2)*(xclass2=2);
3 The SAS System                                                                          11:55 Thursday, March 28, 2019

70         ex23=(eclass=2)*(xclass2=3);
71         ex24=(eclass=2)*(xclass2=4);
72         ex31=(eclass=3)*(xclass2=1);
73         ex32=(eclass=3)*(xclass2=2);
74         ex33=(eclass=3)*(xclass2=3);
75         ex34=(eclass=3)*(xclass2=4);
76         ex41=(eclass=4)*(xclass2=1);
77         ex42=(eclass=4)*(xclass2=2);
78         ex43=(eclass=4)*(xclass2=3);
79         ex44=(eclass=4)*(xclass2=4);
80         
81         length ic1-ic38 3;
82         array icc (*) ic1-ic38;
83         do j=1 to 38;
84         icc(j)=(ic=j);
85         end;
86         
87         
88         
89         

NOTE: There were 4611927 observations read from the data set C2000.SUPP2000.
NOTE: The data set WORK.ONE has 1088454 observations and 151 variables.
NOTE: DATA statement used (Total process time):
      real time           5.76 seconds
      cpu time            3.13 seconds
      

90         proc freq;
91         tables ic*new;
92         weight wt;
93         
94         
95         
96         

NOTE: There were 1088454 observations read from the data set WORK.ONE.
NOTE: The PROCEDURE FREQ printed pages 1-5.
NOTE: PROCEDURE FREQ used (Total process time):
      real time           0.90 seconds
      cpu time            0.46 seconds
      

97         proc summary data=one;
98         where (new=1);
99         class ic male;
100        var dropout hs somecoll college advanced collplus educ exp age x1-x4
101            ex11 ex12 ex13 ex14 ex21 ex22 ex23 ex24 ex31 ex32 ex33 ex34 ex41 ex42 ex43 ex44
102            rmsa0 rmsa1 female wage2 logwage2 annhrs c;
103        output out=here.byicnew
104        mean=
105        sum(c)=count;
106        weight wt;
107        

NOTE: There were 710546 observations read from the data set WORK.ONE.
      WHERE new=1;
NOTE: The data set HERE.BYICNEW has 117 observations and 41 variables.
4 The SAS System                                                                          11:55 Thursday, March 28, 2019

NOTE: PROCEDURE SUMMARY used (Total process time):
      real time           2.84 seconds
      cpu time            2.11 seconds
      

108        proc print data=here.byicnew;
109        where (male=.);
110        var ic count female dropout hs somecoll collplus x1-x4;
111        format female dropout hs somecoll collplus x1-x4 5.3;
112        
113        
NOTE: There were 39 observations read from the data set HERE.BYICNEW.
      WHERE male=.;
NOTE: The PROCEDURE PRINT printed page 6.
NOTE: PROCEDURE PRINT used (Total process time):
      real time           0.07 seconds
      cpu time            0.00 seconds
      

NOTE: SAS Institute Inc., SAS Campus Drive, Cary, NC USA 27513-2414
NOTE: The SAS System used:
      real time           11.22 seconds
      cpu time            5.81 seconds
      
