The SAS System                                                                        11:16 Thursday, March 28, 2019   1

The FREQ Procedure

Table of ic by new

ic        new

Frequency|
Percent  |
Row Pct  |
Col Pct  |       0|       1|  Total
---------+--------+--------+
       1 |2127234 |5139693 |7266927
         |   9.00 |  21.75 |  30.76
         |  29.27 |  70.73 |
         |  26.59 |  32.89 |
---------+--------+--------+
       2 | 408783 | 669255 |1078038
         |   1.73 |   2.83 |   4.56
         |  37.92 |  62.08 |
         |   5.11 |   4.28 |
---------+--------+--------+
       3 | 204509 | 633179 | 837688
         |   0.87 |   2.68 |   3.55
         |  24.41 |  75.59 |
         |   2.56 |   4.05 |
---------+--------+--------+
       4 | 266794 | 538917 | 805711
         |   1.13 |   2.28 |   3.41
         |  33.11 |  66.89 |
         |   3.33 |   3.45 |
---------+--------+--------+
       5 | 151400 | 546763 | 698163
         |   0.64 |   2.31 |   2.95
         |  21.69 |  78.31 |
         |   1.89 |   3.50 |
---------+--------+--------+
       6 | 149157 | 565773 | 714930
         |   0.63 |   2.39 |   3.03
         |  20.86 |  79.14 |
         |   1.86 |   3.62 |
---------+--------+--------+
       7 | 357797 | 228177 | 585974
         |   1.51 |   0.97 |   2.48
         |  61.06 |  38.94 |
         |   4.47 |   1.46 |
---------+--------+--------+
       8 | 156730 | 379243 | 535973
         |   0.66 |   1.61 |   2.27
         |  29.24 |  70.76 |
         |   1.96 |   2.43 |
---------+--------+--------+
Total     8000887  1.563E7  2.363E7
            33.86    66.14   100.00
(Continued)
The SAS System                                                                        11:16 Thursday, March 28, 2019   2

The FREQ Procedure

Table of ic by new

ic        new

Frequency|
Percent  |
Row Pct  |
Col Pct  |       0|       1|  Total
---------+--------+--------+
       9 | 252611 | 411094 | 663705
         |   1.07 |   1.74 |   2.81
         |  38.06 |  61.94 |
         |   3.16 |   2.63 |
---------+--------+--------+
      10 | 165619 | 263513 | 429132
         |   0.70 |   1.12 |   1.82
         |  38.59 |  61.41 |
         |   2.07 |   1.69 |
---------+--------+--------+
      11 | 281764 | 235383 | 517147
         |   1.19 |   1.00 |   2.19
         |  54.48 |  45.52 |
         |   3.52 |   1.51 |
---------+--------+--------+
      12 | 129153 | 270668 | 399821
         |   0.55 |   1.15 |   1.69
         |  32.30 |  67.70 |
         |   1.61 |   1.73 |
---------+--------+--------+
      13 |  79405 | 320132 | 399537
         |   0.34 |   1.35 |   1.69
         |  19.87 |  80.13 |
         |   0.99 |   2.05 |
---------+--------+--------+
      14 | 314016 | 141186 | 455202
         |   1.33 |   0.60 |   1.93
         |  68.98 |  31.02 |
         |   3.92 |   0.90 |
---------+--------+--------+
      15 | 105922 | 226705 | 332627
         |   0.45 |   0.96 |   1.41
         |  31.84 |  68.16 |
         |   1.32 |   1.45 |
---------+--------+--------+
      16 |  87789 | 222528 | 310317
         |   0.37 |   0.94 |   1.31
         |  28.29 |  71.71 |
         |   1.10 |   1.42 |
---------+--------+--------+
Total     8000887  1.563E7  2.363E7
            33.86    66.14   100.00
(Continued)
The SAS System                                                                        11:16 Thursday, March 28, 2019   3

The FREQ Procedure

Table of ic by new

ic        new

Frequency|
Percent  |
Row Pct  |
Col Pct  |       0|       1|  Total
---------+--------+--------+
      17 |  89555 | 184725 | 274280
         |   0.38 |   0.78 |   1.16
         |  32.65 |  67.35 |
         |   1.12 |   1.18 |
---------+--------+--------+
      18 | 247748 | 223605 | 471353
         |   1.05 |   0.95 |   2.00
         |  52.56 |  47.44 |
         |   3.10 |   1.43 |
---------+--------+--------+
      19 | 212573 |  52809 | 265382
         |   0.90 |   0.22 |   1.12
         |  80.10 |  19.90 |
         |   2.66 |   0.34 |
---------+--------+--------+
      20 |  74470 | 159335 | 233805
         |   0.32 |   0.67 |   0.99
         |  31.85 |  68.15 |
         |   0.93 |   1.02 |
---------+--------+--------+
      21 |  84286 | 171299 | 255585
         |   0.36 |   0.73 |   1.08
         |  32.98 |  67.02 |
         |   1.05 |   1.10 |
---------+--------+--------+
      22 | 108614 | 117484 | 226098
         |   0.46 |   0.50 |   0.96
         |  48.04 |  51.96 |
         |   1.36 |   0.75 |
---------+--------+--------+
      23 |  39728 | 192394 | 232122
         |   0.17 |   0.81 |   0.98
         |  17.12 |  82.88 |
         |   0.50 |   1.23 |
---------+--------+--------+
      24 |  54178 | 160505 | 214683
         |   0.23 |   0.68 |   0.91
         |  25.24 |  74.76 |
         |   0.68 |   1.03 |
---------+--------+--------+
Total     8000887  1.563E7  2.363E7
            33.86    66.14   100.00
(Continued)
The SAS System                                                                        11:16 Thursday, March 28, 2019   4

The FREQ Procedure

Table of ic by new

ic        new

Frequency|
Percent  |
Row Pct  |
Col Pct  |       0|       1|  Total
---------+--------+--------+
      25 |  39005 | 194490 | 233495
         |   0.17 |   0.82 |   0.99
         |  16.70 |  83.30 |
         |   0.49 |   1.24 |
---------+--------+--------+
      26 |  42412 | 133374 | 175786
         |   0.18 |   0.56 |   0.74
         |  24.13 |  75.87 |
         |   0.53 |   0.85 |
---------+--------+--------+
      27 |  48210 | 120511 | 168721
         |   0.20 |   0.51 |   0.71
         |  28.57 |  71.43 |
         |   0.60 |   0.77 |
---------+--------+--------+
      28 |  34279 | 142953 | 177232
         |   0.15 |   0.61 |   0.75
         |  19.34 |  80.66 |
         |   0.43 |   0.91 |
---------+--------+--------+
      29 |  74678 |  91654 | 166332
         |   0.32 |   0.39 |   0.70
         |  44.90 |  55.10 |
         |   0.93 |   0.59 |
---------+--------+--------+
      30 |  63700 |  93377 | 157077
         |   0.27 |   0.40 |   0.66
         |  40.55 |  59.45 |
         |   0.80 |   0.60 |
---------+--------+--------+
      31 | 594590 | 552915 |1147505
         |   2.52 |   2.34 |   4.86
         |  51.82 |  48.18 |
         |   7.43 |   3.54 |
---------+--------+--------+
      32 | 126942 | 384130 | 511072
         |   0.54 |   1.63 |   2.16
         |  24.84 |  75.16 |
         |   1.59 |   2.46 |
---------+--------+--------+
Total     8000887  1.563E7  2.363E7
            33.86    66.14   100.00
(Continued)
The SAS System                                                                        11:16 Thursday, March 28, 2019   5

The FREQ Procedure

Table of ic by new

ic        new

Frequency|
Percent  |
Row Pct  |
Col Pct  |       0|       1|  Total
---------+--------+--------+
      33 | 129358 | 327895 | 457253
         |   0.55 |   1.39 |   1.94
         |  28.29 |  71.71 |
         |   1.62 |   2.10 |
---------+--------+--------+
      34 | 184866 | 388033 | 572899
         |   0.78 |   1.64 |   2.42
         |  32.27 |  67.73 |
         |   2.31 |   2.48 |
---------+--------+--------+
      35 | 143985 | 342189 | 486174
         |   0.61 |   1.45 |   2.06
         |  29.62 |  70.38 |
         |   1.80 |   2.19 |
---------+--------+--------+
      36 | 161833 | 548156 | 709989
         |   0.68 |   2.32 |   3.01
         |  22.79 |  77.21 |
         |   2.02 |   3.51 |
---------+--------+--------+
      37 | 157028 | 191954 | 348982
         |   0.66 |   0.81 |   1.48
         |  45.00 |  55.00 |
         |   1.96 |   1.23 |
---------+--------+--------+
      38 |  50166 |  59653 | 109819
         |   0.21 |   0.25 |   0.46
         |  45.68 |  54.32 |
         |   0.63 |   0.38 |
---------+--------+--------+
Total     8000887  1.563E7  2.363E7
            33.86    66.14   100.00
The SAS System                                                                        11:16 Thursday, March 28, 2019   6

Obs    rmsa     shric1     shric2     shric3     shric4     shric5     shric6     shric7    shric37    shric38

  1       0    0.16965    0.13296    0.16882    0.16917    0.12637    0.14867    0.10469    0.14823    0.20286
  2       1    0.13003    0.10778    0.12186    0.13039    0.11353    0.11869    0.12447    0.11278    0.12586
  3      80    0.00009    0.00025    0.00080    0.00045    0.00026    0.00165    0.00000    0.00054    0.00087
  4     160    0.00079    0.00315    0.00454    0.00127    0.00511    0.01033    0.00125    0.01151    0.00178
  5     200    0.00332    0.00039    0.00028    0.00060    0.00033    0.00062    0.00128    0.00018    0.00065
  6     240    0.00011    0.00051    0.00151    0.00134    0.00036    0.00094    0.00000    0.00104    0.00000
  7     440    0.00041    0.00067    0.00208    0.00059    0.00020    0.00143    0.00037    0.00019    0.00117
  8     520    0.01239    0.00329    0.01306    0.01422    0.00701    0.00595    0.00262    0.01120    0.01091
  9     600    0.00114    0.00053    0.00141    0.00172    0.00073    0.00054    0.00011    0.00133    0.00097
 10     640    0.01103    0.00190    0.00487    0.00584    0.00863    0.00319    0.00128    0.00177    0.00107
 11     680    0.00726    0.00785    0.00343    0.00809    0.00694    0.00645    0.00075    0.00054    0.00505
 12     720    0.00123    0.00658    0.01300    0.00554    0.02339    0.01138    0.00099    0.00940    0.00788
 13     760    0.00012    0.00038    0.00064    0.00217    0.00022    0.00023    0.00041    0.00081    0.00094
 14     875    0.00142    0.00858    0.02026    0.00273    0.00490    0.00631    0.00843    0.01465    0.00258
 15    1000    0.00072    0.00017    0.00093    0.00086    0.00017    0.00102    0.00014    0.00113    0.00052
 16    1080    0.00102    0.00020    0.00018    0.00026    0.00007    0.00017    0.00017    0.00026    0.00000
 17    1120    0.00052    0.00259    0.01616    0.01904    0.01314    0.01976    0.00216    0.01403    0.01452
 18    1160    0.00019    0.00076    0.00147    0.00084    0.00039    0.00116    0.00035    0.00159    0.00034
 19    1280    0.00146    0.00354    0.00538    0.00134    0.00624    0.01629    0.00138    0.01938    0.00350
 20    1440    0.00067    0.00055    0.00042    0.00042    0.00005    0.00054    0.00000    0.00117    0.00154
 21    1520    0.00363    0.00090    0.00235    0.00203    0.00251    0.00157    0.00033    0.00237    0.00216
 22    1560    0.00067    0.00010    0.00093    0.00065    0.00029    0.00056    0.00027    0.00042    0.00044
 23    1600    0.03813    0.02742    0.04265    0.01106    0.00544    0.02182    0.00362    0.01409    0.02637
 24    1640    0.00044    0.00106    0.00340    0.00079    0.00026    0.00207    0.00000    0.00027    0.00017
 25    1680    0.00056    0.00145    0.00460    0.00171    0.00056    0.00302    0.00031    0.00046    0.00325
 26    1720    0.00246    0.00056    0.00068    0.00101    0.00044    0.00075    0.00019    0.00067    0.00020
 27    1760    0.00053    0.00017    0.00057    0.00033    0.00025    0.00031    0.00000    0.00128    0.00030
 28    1840    0.00039    0.00094    0.00295    0.00161    0.00056    0.00176    0.00011    0.00034    0.00067
 29    1920    0.03149    0.00632    0.01437    0.01704    0.02189    0.00859    0.00308    0.00740    0.00959
 30    2000    0.00022    0.00079    0.00220    0.00043    0.00023    0.00154    0.00000    0.00000    0.00037
 31    2020    0.00072    0.00113    0.00080    0.00092    0.00085    0.00078    0.02411    0.00676    0.00037
 32    2080    0.00959    0.00232    0.00454    0.00498    0.00339    0.00247    0.00021    0.00177    0.00838
 33    2120    0.00025    0.00031    0.00042    0.00054    0.00008    0.00012    0.00000    0.00005    0.00000
 34    2160    0.00254    0.00322    0.01275    0.00439    0.00050    0.00611    0.00152    0.00208    0.00349
 35    2320    0.00508    0.00147    0.00189    0.00232    0.00466    0.00115    0.00043    0.00117    0.00117
 36    2640    0.00033    0.00030    0.00160    0.00061    0.00015    0.00088    0.00032    0.00029    0.00139
 37    2680    0.00257    0.00381    0.00267    0.00350    0.00346    0.00178    0.07401    0.01685    0.00444
 38    2700    0.00058    0.00123    0.00110    0.00066    0.00084    0.00076    0.02291    0.00468    0.00114
 39    2760    0.00048    0.00060    0.00074    0.00020    0.00010    0.00075    0.00007    0.00000    0.00104
 40    2800    0.01416    0.00287    0.00612    0.00827    0.00746    0.00380    0.00267    0.00246    0.00516
 41    2840    0.01106    0.01211    0.00549    0.01073    0.01122    0.00723    0.00045    0.00288    0.00780
 42    2960    0.00082    0.00028    0.00059    0.00070    0.00053    0.00072    0.00009    0.00047    0.00010
 43    3000    0.00072    0.00132    0.00315    0.00133    0.00024    0.00162    0.00040    0.00023    0.00159
 44    3120    0.00380    0.00142    0.00211    0.00201    0.00248    0.00194    0.00110    0.00225    0.00111
 45    3160    0.00100    0.00069    0.00115    0.00062    0.00038    0.00068    0.00024    0.00192    0.00091
 46    3240    0.00018    0.00026    0.00184    0.00197    0.00008    0.00081    0.00037    0.00052    0.00030
 47    3280    0.00074    0.00194    0.00521    0.00220    0.00101    0.00356    0.00156    0.00417    0.00146
 48    3320    0.00023    0.04224    0.00067    0.00509    0.00005    0.00641    0.00014    0.00065    0.01090
 49    3360    0.03312    0.00618    0.01245    0.01709    0.02395    0.00766    0.00261    0.01028    0.01098
 50    3480    0.00172    0.00086    0.00184    0.00082    0.00057    0.00066    0.00007    0.00053    0.00127
 51    3560    0.00017    0.00012    0.00040    0.00037    0.00000    0.00006    0.00035    0.00017    0.00000
 52    3600    0.00168    0.00185    0.00185    0.00170    0.00212    0.00093    0.05441    0.01306    0.00349
 53    3640    0.00071    0.00381    0.00904    0.00112    0.00289    0.00335    0.00327    0.00476    0.00028
 54    3660    0.00032    0.00092    0.00077    0.00124    0.00220    0.00085    0.00013    0.00083    0.00184
 55    3720    0.00037    0.00044    0.00089    0.00066    0.00000    0.00080    0.00008    0.00017    0.00000
 56    3760    0.00175    0.00121    0.00303    0.00335    0.00068    0.00181    0.00071    0.00165    0.00300
The SAS System                                                                        11:16 Thursday, March 28, 2019   7

Obs    rmsa     shric1     shric2     shric3      shric4     shric5     shric6      shric7    shric37     shric38

 57    3840    0.00079    0.00037    0.001126    0.00084    0.00024    0.000627    0.00015    0.00108    0.002716
 58    3980    0.00077    0.00167    0.001033    0.00090    0.00062    0.000240    0.02198    0.00410    0.001995
 59    4000    0.00008    0.00043    0.001102    0.00060    0.00010    0.000990    0.00029    0.00068    0.000302
 60    4040    0.00033    0.00056    0.001944    0.00013    0.00014    0.001022    0.00067    0.00000    0.000319
 61    4120    0.01410    0.01525    0.001712    0.00404    0.00908    0.003668    0.01021    0.00254    0.015875
 62    4280    0.00012    0.00014    0.000295    0.00063    0.00013    0.000207    0.00090    0.00028    0.000738
 63    4400    0.00072    0.00017    0.000409    0.00029    0.00102    0.000138    0.00000    0.00016    0.001106
 64    4480    0.10984    0.12876    0.055801    0.11821    0.11122    0.077498    0.00718    0.02574    0.095787
 65    4520    0.00090    0.00067    0.000875    0.00067    0.00025    0.001128    0.00141    0.00110    0.000855
 66    4720    0.00036    0.00013    0.000359    0.00037    0.00000    0.000157    0.00000    0.00032    0.000956
 67    4880    0.00464    0.00074    0.002181    0.00252    0.00324    0.001350    0.00060    0.00135    0.001861
 68    4900    0.00081    0.00102    0.001429    0.00086    0.00066    0.000999    0.02264    0.00832    0.001291
 69    4920    0.00103    0.00068    0.001281    0.00118    0.00029    0.001027    0.00017    0.00132    0.002213
 70    5000    0.00354    0.00428    0.004138    0.00418    0.00462    0.002292    0.10435    0.02308    0.007963
 71    5015    0.00165    0.00880    0.016430    0.00248    0.00677    0.006312    0.00514    0.01122    0.001978
 72    5080    0.00126    0.00046    0.001519    0.00060    0.00011    0.000940    0.00000    0.00034    0.001425
 73    5120    0.00237    0.00108    0.005076    0.00589    0.00078    0.003033    0.00082    0.00171    0.008549
 74    5160    0.00040    0.00022    0.000338    0.00009    0.00004    0.000325    0.00008    0.00101    0.001090
 75    5170    0.00499    0.00552    0.002195    0.00510    0.00594    0.004689    0.00057    0.00094    0.003705
 76    5190    0.00156    0.00790    0.016905    0.00236    0.00421    0.005048    0.00532    0.00921    0.001945
 77    5360    0.00125    0.00066    0.001064    0.00156    0.00084    0.001075    0.00083    0.00243    0.002313
 78    5380    0.00371    0.00812    0.016254    0.00311    0.01422    0.036158    0.00285    0.04863    0.009287
 79    5480    0.00027    0.00060    0.001887    0.00146    0.00051    0.002234    0.00010    0.00266    0.000419
 80    5560    0.00036    0.00089    0.001066    0.00423    0.00054    0.000873    0.00165    0.00081    0.000151
 81    5600    0.00949    0.02293    0.046448    0.01053    0.04010    0.098564    0.01075    0.13751    0.014148
 82    5640    0.00233    0.01537    0.032286    0.00296    0.00922    0.012530    0.01261    0.01874    0.001291
 83    5720    0.00091    0.00510    0.007071    0.00604    0.01650    0.003266    0.00058    0.00349    0.007208
 84    5775    0.02755    0.03351    0.012755    0.03009    0.03011    0.022002    0.00152    0.00661    0.020737
 85    5880    0.00185    0.00045    0.001420    0.00257    0.00014    0.001007    0.00000    0.00109    0.001039
 86    5920    0.00076    0.00042    0.000300    0.00124    0.00071    0.000419    0.00012    0.00091    0.000000
 87    5945    0.03436    0.03958    0.017881    0.03368    0.03435    0.023912    0.00254    0.00823    0.029454
 88    5960    0.00255    0.00310    0.003186    0.00285    0.00349    0.002257    0.07556    0.01688    0.004560
 89    6080    0.00068    0.00080    0.000576    0.00092    0.00051    0.000912    0.02084    0.00588    0.001442
 90    6160    0.00224    0.01113    0.024658    0.00948    0.00568    0.013408    0.00814    0.01702    0.007694
 91    6200    0.02913    0.00611    0.006106    0.00659    0.00371    0.004871    0.00351    0.00284    0.007627
 92    6280    0.00073    0.00206    0.006354    0.00437    0.00025    0.004127    0.00028    0.00253    0.004409
 93    6440    0.00735    0.00406    0.003688    0.00917    0.00124    0.004102    0.00146    0.00190    0.011584
 94    6480    0.00034    0.00185    0.002108    0.00129    0.00167    0.003321    0.00027    0.00383    0.003470
 95    6640    0.00340    0.00073    0.003165    0.00177    0.00354    0.001446    0.00126    0.00287    0.001827
 96    6760    0.00069    0.00274    0.004402    0.00406    0.00889    0.002307    0.00006    0.00238    0.002263
 97    6780    0.03508    0.04201    0.015732    0.03565    0.03278    0.026629    0.00210    0.00984    0.032102
 98    6840    0.00173    0.00439    0.007472    0.00151    0.00674    0.014219    0.00157    0.02145    0.002582
 99    6920    0.01841    0.02521    0.010537    0.01849    0.01655    0.012185    0.00104    0.00338    0.020435
100    7040    0.00387    0.00442    0.004849    0.00523    0.00084    0.003834    0.00163    0.00190    0.002163
101    7160    0.00389    0.00112    0.001184    0.00193    0.00199    0.001980    0.00023    0.00109    0.003822
102    7240    0.01245    0.00294    0.004392    0.00793    0.01019    0.002837    0.00163    0.00318    0.001173
103    7320    0.03065    0.03968    0.015504    0.03139    0.03223    0.023836    0.00209    0.00691    0.029068
104    7360    0.01946    0.02351    0.010495    0.01795    0.01855    0.012777    0.00099    0.00403    0.012288
105    7400    0.01973    0.02245    0.010962    0.01883    0.01831    0.014523    0.00087    0.00464    0.016864
106    7500    0.00567    0.00725    0.003366    0.00639    0.00663    0.003812    0.00048    0.00075    0.003302
107    7510    0.00086    0.00097    0.001047    0.00088    0.00139    0.000438    0.02773    0.00533    0.000536
108    7560    0.00013    0.00068    0.001139    0.00137    0.00013    0.002358    0.00027    0.00086    0.002833
109    7600    0.00641    0.01194    0.005048    0.01549    0.00227    0.008293    0.00004    0.00245    0.014098
110    7840    0.00110    0.00223    0.001044    0.00238    0.00045    0.001039    0.00000    0.00054    0.002867
111    8000    0.00012    0.00042    0.002499    0.00259    0.00278    0.003432    0.00035    0.00274    0.005012
112    8120    0.00647    0.00710    0.002979    0.00692    0.00694    0.005119    0.00075    0.00219    0.006571
The SAS System                                                                        11:16 Thursday, March 28, 2019   8

Obs    rmsa        shric1     shric2      shric3      shric4      shric5      shric6      shric7     shric37     shric38

113    8160    .000970097    0.002551    0.006739    0.001080    0.003640    0.012583    0.00204    0.017551    0.004124
114    8200    .002121138    0.004173    0.002330    0.005415    0.000444    0.002139    0.00030    0.000573    0.005348
115    8280    .003412655    0.003851    0.004807    0.003989    0.003559    0.003060    0.11291    0.025339    0.006353
116    8400    .000156430    0.000306    0.001224    0.000358    0.000018    0.000627    0.00011    0.000000    0.000771
117    8520    .007721862    0.001597    0.001090    0.001587    0.001342    0.001891    0.00032    0.000328    0.001090
118    8560    .000960369    0.000524    0.000605    0.001212    0.000031    0.000654    0.00000    0.000807    0.000000
119    8720    .005734584    0.007707    0.003167    0.006669    0.006164    0.003722    0.00000    0.001120    0.003705
120    8735    .008735541    0.010140    0.005223    0.009541    0.007632    0.006939    0.00022    0.002011    0.009086
121    8840    .002935195    0.014651    0.020148    0.016850    0.064615    0.016883    0.00281    0.020302    0.022061
122    8960    .001734929    0.002050    0.001534    0.002054    0.002074    0.001145    0.06032    0.013795    0.004375
123    9040    .001391134    0.000302    0.000859    0.001878    0.001068    0.000857    0.00029    0.000682    0.001190
124    9160    .000775727    0.000974    0.002510    0.000414    0.001770    0.002482    0.00035    0.001641    0.001039
125    9240    .000128607    0.000335    0.002445    0.002570    0.002679    0.003217    0.00014    0.002912    0.002531
126    9320    .000217523    0.000200    0.001366    0.000659    0.000123    0.001011    0.00000    0.000245    0.000872
