The SAS System                                                                        12:51 Thursday, March 28, 2019   1

Obs   _NAME_      COL1    COL2     COL3     COL4     COL5    COL6     COL7    COL8    COL9   COL10   COL11   COL12

  1   inex11   1305054    19597    11473   32443   103937    16687   13508   42971   11150   14657    4999   13506
  2   inex12   1479746    13056    16894   68325   146439    30690   25975   59286    5745   17041    3696   18848
  3   inex13    615286    15924    19093   56064    84728    42562   20727   49202   12451   22563    4550   23262
  4   inex14    284322    20245    20649   63133    37260    47916   29803   39003   12839   20644    5574   17265
  5   inex21    494941    32153    15434   35300    43240    17598   16302   30668   17149   22784    7759   19442
  6   inex22    296766    30294    15909   34155    36887    24664   19507   33154   27787   24559    9697   28166
  7   inex23     71484    21900    14376   23982    13001    23354   11248   15596   34916   19685    7850   18055
  8   inex24     20607    18302    10102   22539     3943    18484    8946    6124   17093   11119    5984    8021
  9   inex31    205523    67142    27431   58327    29324    26964   15909   30844   40967   27933   21231   23557
 10   inex32    142901    61272    21626   35329    19585    20332   13816   26593   32145   25977   24929   25718
 11   inex33     34874    37802    14072   22720     6300    14552    6763   10135   18480   13698   16609   11554
 12   inex34     10413    20412     6219   13344     1710    12232    4247    2172    7173    5339    7821    3537
 13   inex41     83883    75050   232895   39180     9133   102457   11637   11235   68314   15759   45388   21669
 14   inex42     67953   123614   136718   18858     7247   108658   15317   14495   62101   13118   42530   24590
 15   inex43     20084    77944    51666    9025     3321    33275    9315    6205   30460    6416   19377   10491
 16   inex44      5856    34548    18622    6193      708    25348    5157    1560   12324    2221    7389    2987

Obs   COL13   COL14   COL15   COL16   COL17   COL18   COL19   COL20   COL21   COL22   COL23   COL24   COL25   COL26

  1   72992    4146   17287    7873    3535    2469    1488   18888    2152    2287   41067    7369    5340   13734
  2   81440    3220   20615    7253    1150    2599    2655   23578    1259    1963   43671    7072    3195   17011
  3   45218    2777   29631    9951    2764    3164    2605   15048     910    3343   26093    7257    3613   14742
  4   18150    2248   19972   11983    3512    3047    2855    8486    1259    5402   10252    6729    4530   10747
  5   24380    8521   19136   17467    6357    6894    2915   16827    9176    4055   16860   13384    8169   11895
  6   20395   13792   19567   18457    4576   14556    5471   14949    8652    7097   13797   16614    7508   11694
  7    7873    7495   15428   22223    7679   10206    3267    7938    4941    7270    6530   12262    6804    6866
  8    2523    3949    5940   13106    3792    7944    2094    3375    2963    5997    2256    6315    5838    2800
  9   15923   12453   22239   21507   14478   17024    2914   12518   24067    8859    9891   16251   12783   11711
 10   12175   15227   21125   17750    9196   28133    3985   14004   17485   10856    7884   18195    9904   10358
 11    4364    5569    9957   14236    9892   14462    1945    4873    7389    6672    2857   10905    7245    5370
 12     940    2776    2086    5617    2311    7584    1140    1120    2029    3567     742    3045    6702    1445
 13    5906   23827    9209   15239   43187   36561    7124    6119   35313   15450    5121    9486   30086    3907
 14    5647   22996    9037   17279   46646   40674    7613    7062   36559   15931    3355   14092   35260    5656
 15    1679    8358    4094   16797   21491   19991    3565    3485   13206   11353    1501    8328   28627    3810
 16     527    3832    1382    5790    4159    8297    1173    1065    3939    7382     517    3201   18886    1628

Obs   COL27    COL28    COL29    COL30     COL31    COL32    COL33    COL34    COL35    COL36    COL37    COL38

  1    6750     6124     2532     5269     15338    17994    16476    21062    19484    24396    12656     7658
  2    9513     7334     2646     4165     20736    14485    22436    37401    19367    25736    13048     2373
  3   10075     9466     6893     6262     19883    14597    17535    44228    17004    19036    13916     3360
  4   10673     5413     5101     6467     18376    13191    14605    34961    12458    12211     9233     2401
  5   10027     7916     4103     9512     34777    32544    24920    31847    30108    36460    17505     4661
  6   13058     8998     4312    10376     39425    35749    22335    28661    30901    41796    19992     2263
  7   11418     6577     5432     7932     25317    25808    12160    16969    16006    22996    12140     2309
  8    6320     2124     2061     4733     13645    15799     6767     8203     7720     9171     6625     1248
  9   10509    10475     8132     8280     51397    28116    29724    37355    33625    61576    21747     4892
 10    8912     8270     6871    10117     44988    24495    26864    25183    32695    59453    20814     3523
 11    5810     3719     3701     4845     23508    18213     9412    11962    13153    24601     9855     2367
 12    2104     1105     1315     2118      8579    10950     4328     4298     4391     7408     2796      743
 13    5392    23717    19126     4946    102327    35414    50367    40345    40725    64563    13246    12387
 14    4532    28104    14052     5276     82447    43102    46254    29390    41786    92628    11460     6126
 15    3683    10415     4320     1997     37303    34461    16562    11935    16756    36232     5113     2573
 16    1735     3196     1057     1082     14869    19212     7150     4233     6010     9893     1808      769
The SAS System                                                                        12:51 Thursday, March 28, 2019   2

Obs      tot

  1    1946348
  2    2281662
  3    1315783
  4     852915
  5    1163186
  6    1016536
  7     567293
  8     304572
  9    1083598
 10     918685
 11     444441
 12     185858
 13    1375690
 14    1308163
 15     605214
 16     255705
The SAS System                                                                        12:51 Thursday, March 28, 2019   3

The MEANS Procedure

Variable      N            Mean             Sum
-----------------------------------------------
shric1      126       0.0079365       1.0000000
shric2      126       0.0079365       1.0000000
shric3      126       0.0079365       1.0000000
shric4      126       0.0079365       1.0000000
shric5      126       0.0079365       1.0000000
shric6      126       0.0079365       1.0000000
shric7      126       0.0079365       1.0000000
shric8      126       0.0079365       1.0000000
shric9      126       0.0079365       1.0000000
shric10     126       0.0079365       1.0000000
shric11     126       0.0079365       1.0000000
shric12     126       0.0079365       1.0000000
shric13     126       0.0079365       1.0000000
shric14     126       0.0079365       1.0000000
shric15     126       0.0079365       1.0000000
shric16     126       0.0079365       1.0000000
shric17     126       0.0079365       1.0000000
shric18     126       0.0079365       1.0000000
shric19     126       0.0079365       1.0000000
shric20     126       0.0079365       1.0000000
shric21     126       0.0079365       1.0000000
shric22     126       0.0079365       1.0000000
shric23     126       0.0079365       1.0000000
shric24     126       0.0079365       1.0000000
shric25     126       0.0079365       1.0000000
shric26     126       0.0079365       1.0000000
shric27     126       0.0079365       1.0000000
shric28     126       0.0079365       1.0000000
shric29     126       0.0079365       1.0000000
shric30     126       0.0079365       1.0000000
shric31     126       0.0079365       1.0000000
shric32     126       0.0079365       1.0000000
shric33     126       0.0079365       1.0000000
shric34     126       0.0079365       1.0000000
shric35     126       0.0079365       1.0000000
shric36     126       0.0079365       1.0000000
shric37     126       0.0079365       1.0000000
shric38     126       0.0079365       1.0000000
-----------------------------------------------
The SAS System                                                                        12:51 Thursday, March 28, 2019   4

    _
    N                                                               C     C    C     C     C    C     C    C    C
    A       C      C     C     C      C     C     C     C     C     O     O    O     O     O    O     O    O    O
O   M       O      O     O     O      O     O     O     O     O     L     L    L     L     L    L     L    L    L
b   E       L      L     L     L      L     L     L     L     L     1     1    1     1     1    1     1    1    1
s   _       1      2     3     4      5     6     7     8     9     0     1    2     3     4    5     6    7    8

1 inex11 1305054 19597 11473 32443 103937 16687 13508 42971 11150 14657 4999 13506 72992 4146 17287 7873 3535 2469

 
    C    C     C    C    C     C    C    C     C    C    C    C    C     C     C     C     C     C     C     C
    O    O     O    O    O     O    O    O     O    O    O    O    O     O     O     O     O     O     O     O
O   L    L     L    L    L     L    L    L     L    L    L    L    L     L     L     L     L     L     L     L
b   1    2     2    2    2     2    2    2     2    2    2    3    3     3     3     3     3     3     3     3
s   9    0     1    2    3     4    5    6     7    8    9    0    1     2     3     4     5     6     7     8  d

1 1488 18888 2152 2287 41067 7369 5340 13734 6750 6124 2532 5269 15338 17994 16476 21062 19484 24396 12656 7658 1
The SAS System                                                                        12:51 Thursday, March 28, 2019   5

The MEANS Procedure

Variable       N            Mean             Sum
------------------------------------------------
inflow1      126        15447.21      1946348.00
inflownm1    126         5089.63       641294.00
------------------------------------------------
The SAS System                                                                        12:51 Thursday, March 28, 2019   6

    _
    N                                                              C     C    C     C     C    C     C    C    C
    A       C      C     C     C      C     C     C     C     C    O     O    O     O     O    O     O    O    O
O   M       O      O     O     O      O     O     O     O     O    L     L    L     L     L    L     L    L    L
b   E       L      L     L     L      L     L     L     L     L    1     1    1     1     1    1     1    1    1
s   _       1      2     3     4      5     6     7     8     9    0     1    2     3     4    5     6    7    8

1 inex12 1479746 13056 16894 68325 146439 30690 25975 59286 5745 17041 3696 18848 81440 3220 20615 7253 1150 2599

 
    C    C     C    C    C     C    C    C     C    C    C    C    C     C     C     C     C     C     C     C
    O    O     O    O    O     O    O    O     O    O    O    O    O     O     O     O     O     O     O     O
O   L    L     L    L    L     L    L    L     L    L    L    L    L     L     L     L     L     L     L     L
b   1    2     2    2    2     2    2    2     2    2    2    3    3     3     3     3     3     3     3     3
s   9    0     1    2    3     4    5    6     7    8    9    0    1     2     3     4     5     6     7     8  d

1 2655 23578 1259 1963 43671 7072 3195 17011 9513 7334 2646 4165 20736 14485 22436 37401 19367 25736 13048 2373 1
The SAS System                                                                        12:51 Thursday, March 28, 2019   7

The MEANS Procedure

Variable       N            Mean             Sum
------------------------------------------------
inflow2      126        18108.43      2281662.00
inflownm2    126         6364.41       801916.00
------------------------------------------------
The SAS System                                                                        12:51 Thursday, March 28, 2019   8

    _
    N                                                             C     C    C     C     C    C     C    C    C
    A       C     C     C     C     C     C     C     C     C     O     O    O     O     O    O     O    O    O
O   M       O     O     O     O     O     O     O     O     O     L     L    L     L     L    L     L    L    L
b   E       L     L     L     L     L     L     L     L     L     1     1    1     1     1    1     1    1    1
s   _       1     2     3     4     5     6     7     8     9     0     1    2     3     4    5     6    7    8

1 inex13 615286 15924 19093 56064 84728 42562 20727 49202 12451 22563 4550 23262 45218 2777 29631 9951 2764 3164

 
    C    C    C    C    C     C    C    C     C     C    C    C    C     C     C     C     C     C     C     C
    O    O    O    O    O     O    O    O     O     O    O    O    O     O     O     O     O     O     O     O
O   L    L    L    L    L     L    L    L     L     L    L    L    L     L     L     L     L     L     L     L
b   1    2    2    2    2     2    2    2     2     2    2    3    3     3     3     3     3     3     3     3
s   9    0    1    2    3     4    5    6     7     8    9    0    1     2     3     4     5     6     7     8  d

1 2605 15048 910 3343 26093 7257 3613 14742 10075 9466 6893 6262 19883 14597 17535 44228 17004 19036 13916 3360 1
The SAS System                                                                        12:51 Thursday, March 28, 2019   9

The MEANS Procedure

Variable       N            Mean             Sum
------------------------------------------------
inflow3      126        10442.72      1315783.00
inflownm3    126         5559.50       700497.00
------------------------------------------------
The SAS System                                                                        12:51 Thursday, March 28, 2019  10

    _
    N                                                             C     C    C     C     C    C     C     C    C
    A       C     C     C     C     C     C     C     C     C     O     O    O     O     O    O     O     O    O
O   M       O     O     O     O     O     O     O     O     O     L     L    L     L     L    L     L     L    L
b   E       L     L     L     L     L     L     L     L     L     1     1    1     1     1    1     1     1    1
s   _       1     2     3     4     5     6     7     8     9     0     1    2     3     4    5     6     7    8

1 inex14 284322 20245 20649 63133 37260 47916 29803 39003 12839 20644 5574 17265 18150 2248 19972 11983 3512 3047

 
    C    C    C    C    C     C    C    C     C     C    C    C    C     C     C     C     C     C     C    C
    O    O    O    O    O     O    O    O     O     O    O    O    O     O     O     O     O     O     O    O
O   L    L    L    L    L     L    L    L     L     L    L    L    L     L     L     L     L     L     L    L
b   1    2    2    2    2     2    2    2     2     2    2    3    3     3     3     3     3     3     3    3
s   9    0    1    2    3     4    5    6     7     8    9    0    1     2     3     4     5     6     7    8  d

1 2855 8486 1259 5402 10252 6729 4530 10747 10673 5413 5101 6467 18376 13191 14605 34961 12458 12211 9233 2401 1
The SAS System                                                                        12:51 Thursday, March 28, 2019  11

The MEANS Procedure

Variable       N            Mean             Sum
------------------------------------------------
inflow4      126         6769.17       852915.00
inflownm4    126         4512.64       568593.00
------------------------------------------------
The SAS System                                                                        12:51 Thursday, March 28, 2019  12

    _
    N                                                             C     C    C     C     C    C     C     C    C    C
    A       C     C     C     C     C     C     C     C     C     O     O    O     O     O    O     O     O    O    O
O   M       O     O     O     O     O     O     O     O     O     L     L    L     L     L    L     L     L    L    L
b   E       L     L     L     L     L     L     L     L     L     1     1    1     1     1    1     1     1    1    1
s   _       1     2     3     4     5     6     7     8     9     0     1    2     3     4    5     6     7    8    9

1 inex21 494941 32153 15434 35300 43240 17598 16302 30668 17149 22784 7759 19442 24380 8521 19136 17467 6357 6894 2915

 
    C     C    C    C     C     C    C     C     C    C    C    C     C     C     C     C     C     C     C
    O     O    O    O     O     O    O     O     O    O    O    O     O     O     O     O     O     O     O
O   L     L    L    L     L     L    L     L     L    L    L    L     L     L     L     L     L     L     L
b   2     2    2    2     2     2    2     2     2    2    3    3     3     3     3     3     3     3     3
s   0     1    2    3     4     5    6     7     8    9    0    1     2     3     4     5     6     7     8  d

1 16827 9176 4055 16860 13384 8169 11895 10027 7916 4103 9512 34777 32544 24920 31847 30108 36460 17505 4661 1
The SAS System                                                                        12:51 Thursday, March 28, 2019  13

The MEANS Procedure

Variable       N            Mean             Sum
------------------------------------------------
inflow5      126         9231.63      1163186.00
inflownm5    126         5303.53       668245.00
------------------------------------------------
The SAS System                                                                        12:51 Thursday, March 28, 2019  14

    _
    N                                                             C     C    C     C     C     C     C     C    C
    A       C     C     C     C     C     C     C     C     C     O     O    O     O     O     O     O     O    O
O   M       O     O     O     O     O     O     O     O     O     L     L    L     L     L     L     L     L    L
b   E       L     L     L     L     L     L     L     L     L     1     1    1     1     1     1     1     1    1
s   _       1     2     3     4     5     6     7     8     9     0     1    2     3     4     5     6     7    8

1 inex22 296766 30294 15909 34155 36887 24664 19507 33154 27787 24559 9697 28166 20395 13792 19567 18457 4576 14556

 
    C    C     C    C    C     C     C    C     C     C    C    C     C     C     C     C     C     C     C     C
    O    O     O    O    O     O     O    O     O     O    O    O     O     O     O     O     O     O     O     O
O   L    L     L    L    L     L     L    L     L     L    L    L     L     L     L     L     L     L     L     L
b   1    2     2    2    2     2     2    2     2     2    2    3     3     3     3     3     3     3     3     3
s   9    0     1    2    3     4     5    6     7     8    9    0     1     2     3     4     5     6     7     8  d

1 5471 14949 8652 7097 13797 16614 7508 11694 13058 8998 4312 10376 39425 35749 22335 28661 30901 41796 19992 2263 1
The SAS System                                                                        12:51 Thursday, March 28, 2019  15

The MEANS Procedure

Variable       N            Mean             Sum
------------------------------------------------
inflow6      126         8067.75      1016536.00
inflownm6    126         5712.46       719770.00
------------------------------------------------
The SAS System                                                                        12:51 Thursday, March 28, 2019  16

    _
    N                                                            C     C    C     C    C    C     C     C    C
    A      C     C     C     C     C     C     C     C     C     O     O    O     O    O    O     O     O    O
O   M      O     O     O     O     O     O     O     O     O     L     L    L     L    L    L     L     L    L
b   E      L     L     L     L     L     L     L     L     L     1     1    1     1    1    1     1     1    1
s   _      1     2     3     4     5     6     7     8     9     0     1    2     3    4    5     6     7    8

1 inex23 71484 21900 14376 23982 13001 23354 11248 15596 34916 19685 7850 18055 7873 7495 15428 22223 7679 10206

 
    C    C    C    C    C    C     C    C    C     C    C    C    C     C     C     C     C     C     C     C
    O    O    O    O    O    O     O    O    O     O    O    O    O     O     O     O     O     O     O     O
O   L    L    L    L    L    L     L    L    L     L    L    L    L     L     L     L     L     L     L     L
b   1    2    2    2    2    2     2    2    2     2    2    3    3     3     3     3     3     3     3     3
s   9    0    1    2    3    4     5    6    7     8    9    0    1     2     3     4     5     6     7     8  d

1 3267 7938 4941 7270 6530 12262 6804 6866 11418 6577 5432 7932 25317 25808 12160 16969 16006 22996 12140 2309 1
The SAS System                                                                        12:51 Thursday, March 28, 2019  17

The MEANS Procedure

Variable       N            Mean             Sum
------------------------------------------------
inflow7      126         4502.33       567293.00
inflownm7    126         3934.99       495809.00
------------------------------------------------
The SAS System                                                                        12:51 Thursday, March 28, 2019  18

    _
    N                                                         C     C    C    C    C    C    C     C    C
    A      C     C     C     C     C    C     C    C    C     O     O    O    O    O    O    O     O    O
O   M      O     O     O     O     O    O     O    O    O     L     L    L    L    L    L    L     L    L
b   E      L     L     L     L     L    L     L    L    L     1     1    1    1    1    1    1     1    1
s   _      1     2     3     4     5    6     7    8    9     0     1    2    3    4    5    6     7    8

1 inex24 20607 18302 10102 22539 3943 18484 8946 6124 17093 11119 5984 8021 2523 3949 5940 13106 3792 7944

 
    C    C    C    C    C    C    C    C    C    C    C    C    C     C     C    C    C    C    C    C
    O    O    O    O    O    O    O    O    O    O    O    O    O     O     O    O    O    O    O    O
O   L    L    L    L    L    L    L    L    L    L    L    L    L     L     L    L    L    L    L    L
b   1    2    2    2    2    2    2    2    2    2    2    3    3     3     3    3    3    3    3    3
s   9    0    1    2    3    4    5    6    7    8    9    0    1     2     3    4    5    6    7    8  d

1 2094 3375 2963 5997 2256 6315 5838 2800 6320 2124 2061 4733 13645 15799 6767 8203 7720 9171 6625 1248 1
The SAS System                                                                        12:51 Thursday, March 28, 2019  19

The MEANS Procedure

Variable       N            Mean             Sum
------------------------------------------------
inflow8      126         2417.24       304572.00
inflownm8    126         2253.69       283965.00
------------------------------------------------
The SAS System                                                                        12:51 Thursday, March 28, 2019  20

    _
    N                                                             C     C     C     C     C     C     C     C     C
    A       C     C     C     C     C     C     C     C     C     O     O     O     O     O     O     O     O     O
O   M       O     O     O     O     O     O     O     O     O     L     L     L     L     L     L     L     L     L
b   E       L     L     L     L     L     L     L     L     L     1     1     1     1     1     1     1     1     1
s   _       1     2     3     4     5     6     7     8     9     0     1     2     3     4     5     6     7     8

1 inex31 205523 67142 27431 58327 29324 26964 15909 30844 40967 27933 21231 23557 15923 12453 22239 21507 14478 17024

 
    C    C     C     C    C    C     C     C     C     C     C    C    C     C     C     C     C     C     C     C
    O    O     O     O    O    O     O     O     O     O     O    O    O     O     O     O     O     O     O     O
O   L    L     L     L    L    L     L     L     L     L     L    L    L     L     L     L     L     L     L     L
b   1    2     2     2    2    2     2     2     2     2     2    3    3     3     3     3     3     3     3     3
s   9    0     1     2    3    4     5     6     7     8     9    0    1     2     3     4     5     6     7     8  d

1 2914 12518 24067 8859 9891 16251 12783 11711 10509 10475 8132 8280 51397 28116 29724 37355 33625 61576 21747 4892 1
The SAS System                                                                        12:51 Thursday, March 28, 2019  21

The MEANS Procedure

Variable       N            Mean             Sum
------------------------------------------------
inflow9      126         8599.98      1083598.00
inflownm9    126         6968.85       878075.00
------------------------------------------------
The SAS System                                                                        12:51 Thursday, March 28, 2019  22

    _
    N                                                             C     C     C     C     C     C     C     C    C
    A       C     C     C     C     C     C     C     C     C     O     O     O     O     O     O     O     O    O
O   M       O     O     O     O     O     O     O     O     O     L     L     L     L     L     L     L     L    L
b   E       L     L     L     L     L     L     L     L     L     1     1     1     1     1     1     1     1    1
s   _       1     2     3     4     5     6     7     8     9     0     1     2     3     4     5     6     7    8

1 inex32 142901 61272 21626 35329 19585 20332 13816 26593 32145 25977 24929 25718 12175 15227 21125 17750 9196 28133

 
    C    C     C     C     C    C     C    C     C    C    C    C     C     C     C     C     C     C     C     C
    O    O     O     O     O    O     O    O     O    O    O    O     O     O     O     O     O     O     O     O
O   L    L     L     L     L    L     L    L     L    L    L    L     L     L     L     L     L     L     L     L
b   1    2     2     2     2    2     2    2     2    2    2    3     3     3     3     3     3     3     3     3
s   9    0     1     2     3    4     5    6     7    8    9    0     1     2     3     4     5     6     7     8  d

1 3985 14004 17485 10856 7884 18195 9904 10358 8912 8270 6871 10117 44988 24495 26864 25183 32695 59453 20814 3523 1
The SAS System                                                                        12:51 Thursday, March 28, 2019  23

The MEANS Procedure

Variable        N            Mean             Sum
-------------------------------------------------
inflow10      126         7291.15       918685.00
inflownm10    126         6157.02       775784.00
-------------------------------------------------
The SAS System                                                                        12:51 Thursday, March 28, 2019  24

    _
    N                                                          C     C     C     C    C    C    C     C    C
    A      C     C     C     C     C    C     C    C     C     O     O     O     O    O    O    O     O    O
O   M      O     O     O     O     O    O     O    O     O     L     L     L     L    L    L    L     L    L
b   E      L     L     L     L     L    L     L    L     L     1     1     1     1    1    1    1     1    1
s   _      1     2     3     4     5    6     7    8     9     0     1     2     3    4    5    6     7    8

1 inex33 34874 37802 14072 22720 6300 14552 6763 10135 18480 13698 16609 11554 4364 5569 9957 14236 9892 14462

 
    C    C    C    C    C    C     C    C    C    C    C    C    C     C     C    C     C     C     C    C
    O    O    O    O    O    O     O    O    O    O    O    O    O     O     O    O     O     O     O    O
O   L    L    L    L    L    L     L    L    L    L    L    L    L     L     L    L     L     L     L    L
b   1    2    2    2    2    2     2    2    2    2    2    3    3     3     3    3     3     3     3    3
s   9    0    1    2    3    4     5    6    7    8    9    0    1     2     3    4     5     6     7    8  d

1 1945 4873 7389 6672 2857 10905 7245 5370 5810 3719 3701 4845 23508 18213 9412 11962 13153 24601 9855 2367 1
The SAS System                                                                        12:51 Thursday, March 28, 2019  25

The MEANS Procedure

Variable        N            Mean             Sum
-------------------------------------------------
inflow11      126         3527.31       444441.00
inflownm11    126         3250.53       409567.00
-------------------------------------------------
The SAS System                                                                        12:51 Thursday, March 28, 2019  26

Obs _NAME_  COL1  COL2 COL3  COL4 COL5  COL6 COL7 COL8 COL9 COL10 COL11 COL12 COL13 COL14 COL15 COL16 COL17 COL18 COL19

 1  inex34 10413 20412 6219 13344 1710 12232 4247 2172 7173  5339  7821  3537  940   2776  2086  5617  2311  7584  1140

Obs COL20 COL21 COL22 COL23 COL24 COL25 COL26 COL27 COL28 COL29 COL30 COL31 COL32 COL33 COL34 COL35 COL36 COL37 COL38 d

 1   1120  2029  3567  742   3045  6702  1445  2104  1105  1315  2118  8579 10950  4328  4298  4391  7408  2796  743  1
The SAS System                                                                        12:51 Thursday, March 28, 2019  27

The MEANS Procedure

Variable        N            Mean             Sum
-------------------------------------------------
inflow12      126         1475.06       185858.00
inflownm12    126         1392.42       175445.00
-------------------------------------------------
The SAS System                                                                        12:51 Thursday, March 28, 2019  28

    _
    N                                                             C     C     C     C    C     C    C     C     C     C
    A      C     C      C     C     C     C     C     C     C     O     O     O     O    O     O    O     O     O     O
O   M      O     O      O     O     O     O     O     O     O     L     L     L     L    L     L    L     L     L     L
b   E      L     L      L     L     L     L     L     L     L     1     1     1     1    1     1    1     1     1     1
s   _      1     2      3     4     5     6     7     8     9     0     1     2     3    4     5    6     7     8     9

1 inex41 83883 75050 232895 39180 9133 102457 11637 11235 68314 15759 45388 21669 5906 23827 9209 15239 43187 36561 7124

 
    C    C     C     C    C    C     C    C    C     C     C     C     C     C     C     C     C     C     C
    O    O     O     O    O    O     O    O    O     O     O     O     O     O     O     O     O     O     O
O   L    L     L     L    L    L     L    L    L     L     L     L     L     L     L     L     L     L     L
b   2    2     2     2    2    2     2    2    2     2     3     3     3     3     3     3     3     3     3
s   0    1     2     3    4    5     6    7    8     9     0     1     2     3     4     5     6     7     8   d

1 6119 35313 15450 5121 9486 30086 3907 5392 23717 19126 4946 102327 35414 50367 40345 40725 64563 13246 12387 1
The SAS System                                                                        12:51 Thursday, March 28, 2019  29

The MEANS Procedure

Variable        N            Mean             Sum
-------------------------------------------------
inflow13      126        10918.17      1375690.00
inflownm13    126        10252.44      1291807.00
-------------------------------------------------
The SAS System                                                                        12:51 Thursday, March 28, 2019  30

    _
    N                                                              C     C     C     C    C     C    C     C     C
    A      C      C      C     C     C     C     C     C     C     O     O     O     O    O     O    O     O     O
O   M      O      O      O     O     O     O     O     O     O     L     L     L     L    L     L    L     L     L
b   E      L      L      L     L     L     L     L     L     L     1     1     1     1    1     1    1     1     1
s   _      1      2      3     4     5     6     7     8     9     0     1     2     3    4     5    6     7     8

1 inex42 67953 123614 136718 18858 7247 108658 15317 14495 62101 13118 42530 24590 5647 22996 9037 17279 46646 40674

 
    C    C    C     C     C    C     C     C    C    C     C     C    C     C     C     C     C     C     C     C
    O    O    O     O     O    O     O     O    O    O     O     O    O     O     O     O     O     O     O     O
O   L    L    L     L     L    L     L     L    L    L     L     L    L     L     L     L     L     L     L     L
b   1    2    2     2     2    2     2     2    2    2     2     3    3     3     3     3     3     3     3     3
s   9    0    1     2     3    4     5     6    7    8     9     0    1     2     3     4     5     6     7     8  d

1 7613 7062 36559 15931 3355 14092 35260 5656 4532 28104 14052 5276 82447 43102 46254 29390 41786 92628 11460 6126 1
The SAS System                                                                        12:51 Thursday, March 28, 2019  31

The MEANS Procedure

Variable        N            Mean             Sum
-------------------------------------------------
inflow14      126        10382.25      1308163.00
inflownm14    126         9842.94      1240210.00
-------------------------------------------------
The SAS System                                                                        12:51 Thursday, March 28, 2019  32

Obs _NAME_  COL1  COL2  COL3 COL4 COL5  COL6 COL7 COL8  COL9 COL10 COL11 COL12 COL13 COL14 COL15 COL16 COL17 COL18 COL19

 1  inex43 20084 77944 51666 9025 3321 33275 9315 6205 30460  6416 19377 10491  1679  8358  4094 16797 21491 19991  3565

Obs COL20 COL21 COL22 COL23 COL24 COL25 COL26 COL27 COL28 COL29 COL30 COL31 COL32 COL33 COL34 COL35 COL36 COL37 COL38 d

 1   3485 13206 11353  1501  8328 28627  3810  3683 10415  4320  1997 37303 34461 16562 11935 16756 36232  5113  2573 1
The SAS System                                                                        12:51 Thursday, March 28, 2019  33

The MEANS Procedure

Variable        N            Mean             Sum
-------------------------------------------------
inflow15      126         4803.29       605214.00
inflownm15    126         4643.89       585130.00
-------------------------------------------------
The SAS System                                                                        12:51 Thursday, March 28, 2019  34

Obs _NAME_ COL1  COL2  COL3 COL4 COL5  COL6 COL7 COL8  COL9 COL10 COL11 COL12 COL13 COL14 COL15 COL16 COL17 COL18 COL19

 1  inex44 5856 34548 18622 6193  708 25348 5157 1560 12324  2221  7389  2987  527   3832  1382  5790  4159  8297  1173

Obs COL20 COL21 COL22 COL23 COL24 COL25 COL26 COL27 COL28 COL29 COL30 COL31 COL32 COL33 COL34 COL35 COL36 COL37 COL38 d

 1   1065  3939  7382  517   3201 18886  1628  1735  3196  1057  1082 14869 19212  7150  4233  6010  9893  1808  769  1
The SAS System                                                                        12:51 Thursday, March 28, 2019  35

The MEANS Procedure

Variable        N            Mean             Sum
-------------------------------------------------
inflow16      126         2029.40       255705.00
inflownm16    126         1982.93       249849.00
-------------------------------------------------
The SAS System                                                                        12:51 Thursday, March 28, 2019  36

The CORR Procedure

   6  Variables:    inall    sindrop  sinhs    sinsome  sincoll  smex     


                                    Simple Statistics
 
Variable           N          Mean       Std Dev           Sum       Minimum       Maximum

inall            126        124013        350229      15625649          2269       2997024
sindrop          126       0.30025       0.13455      37.83117       0.13573       0.70995
sinhs            126       0.19524       0.01448      24.59961       0.17203       0.24274
sinsome          126       0.19671       0.03753      24.78490       0.07871       0.24686
sincoll          126       0.30781       0.09528      38.78432       0.03883       0.46598
smex             126       0.18206       0.24460      22.93962             0       0.98340


                        Pearson Correlation Coefficients, N = 126 
                                Prob > |r| under H0: Rho=0
 
                inall       sindrop         sinhs       sinsome       sincoll          smex

inall         1.00000       0.28948       0.00144      -0.26846      -0.30327       0.21431
                             0.0010        0.9872        0.0024        0.0006        0.0160

sindrop       0.28948       1.00000      -0.43153      -0.94941      -0.97261       0.95307
               0.0010                      <.0001        <.0001        <.0001        <.0001

sinhs         0.00144      -0.43153       1.00000       0.57610       0.23049      -0.56419
               0.9872        <.0001                      <.0001        0.0094        <.0001

sinsome      -0.26846      -0.94941       0.57610       1.00000       0.85928      -0.95826
               0.0024        <.0001        <.0001                      <.0001        <.0001

sincoll      -0.30327      -0.97261       0.23049       0.85928       1.00000      -0.88269
               0.0006        <.0001        0.0094        <.0001                      <.0001

smex          0.21431       0.95307      -0.56419      -0.95826      -0.88269       1.00000
               0.0160        <.0001        <.0001        <.0001        <.0001              
The SAS System                                                                        12:51 Thursday, March 28, 2019  37

The CORR Procedure

   8  Variables:    indrop   innmdrop inhs     innmhs   insome   innmsome incoll   innmcoll 


                                    Simple Statistics
 
Variable           N          Mean       Std Dev           Sum       Minimum       Maximum

indrop           126         50768        170214       6396708     402.73608       1668659
innmdrop         126         21526         70383       2712300     402.73608        575155
inhs             126         24219         68759       3051587     412.61385        546988
innmhs           126         17205         49582       2167789     373.96812        447176
insome           126         20894         55209       2632582     490.01130        411603
innmsome         126         17769         47212       2238871     370.11051        409942
incoll           126         28133         66444       3544772     951.59725        489047
innmcoll         126         26722         62833       3366996     527.34509        488296


                                       Pearson Correlation Coefficients, N = 126 
                                               Prob > |r| under H0: Rho=0
 
                indrop      innmdrop          inhs        innmhs        insome      innmsome        incoll      innmcoll

indrop         1.00000       0.84887       0.94223       0.77222       0.88797       0.78836       0.84661       0.81043
                              <.0001        <.0001        <.0001        <.0001        <.0001        <.0001        <.0001

innmdrop       0.84887       1.00000       0.96446       0.97898       0.97429       0.97160       0.94306       0.94034
                <.0001                      <.0001        <.0001        <.0001        <.0001        <.0001        <.0001

inhs           0.94223       0.96446       1.00000       0.93927       0.98992       0.94825       0.96639       0.95089
                <.0001        <.0001                      <.0001        <.0001        <.0001        <.0001        <.0001

innmhs         0.77222       0.97898       0.93927       1.00000       0.97332       0.99665       0.96412       0.97150
                <.0001        <.0001        <.0001                      <.0001        <.0001        <.0001        <.0001

insome         0.88797       0.97429       0.98992       0.97332       1.00000       0.98251       0.98915       0.98258
                <.0001        <.0001        <.0001        <.0001                      <.0001        <.0001        <.0001

innmsome       0.78836       0.97160       0.94825       0.99665       0.98251       1.00000       0.98078       0.98660
                <.0001        <.0001        <.0001        <.0001        <.0001                      <.0001        <.0001

incoll         0.84661       0.94306       0.96639       0.96412       0.98915       0.98078       1.00000       0.99777
                <.0001        <.0001        <.0001        <.0001        <.0001        <.0001                      <.0001

innmcoll       0.81043       0.94034       0.95089       0.97150       0.98258       0.98660       0.99777       1.00000
                <.0001        <.0001        <.0001        <.0001        <.0001        <.0001        <.0001              
The SAS System                                                                        12:51 Thursday, March 28, 2019  38

The MEANS Procedure

Variable      N            Mean             Sum
-----------------------------------------------
rmsa        126         4449.33       560616.00
inex11      126        15447.21      1946348.00
inex12      126        18108.43      2281662.00
inex13      126        10442.72      1315783.00
inex14      126         6769.17       852915.00
inex21      126         9231.63      1163186.00
inex22      126         8067.75      1016536.00
inex23      126         4502.33       567293.00
inex24      126         2417.24       304572.00
inex31      126         8599.98      1083598.00
inex32      126         7291.15       918685.00
inex33      126         3527.31       444441.00
inex34      126         1475.06       185858.00
inex41      126        10918.17      1375690.00
inex42      126        10382.25      1308163.00
inex43      126         4803.29       605214.00
inex44      126         2029.40       255705.00
innmex11    126         5089.63       641294.00
innmex12    126         6364.41       801916.00
innmex13    126         5559.50       700497.00
innmex14    126         4512.64       568593.00
innmex21    126         5303.53       668245.00
innmex22    126         5712.46       719770.00
innmex23    126         3934.99       495809.00
innmex24    126         2253.69       283965.00
innmex31    126         6968.85       878075.00
innmex32    126         6157.02       775784.00
innmex33    126         3250.53       409567.00
innmex34    126         1392.42       175445.00
innmex41    126        10252.44      1291807.00
innmex42    126         9842.94      1240210.00
innmex43    126         4643.89       585130.00
innmex44    126         1982.93       249849.00
inall       126       124013.09     15625649.00
innm        126        83221.87     10485956.00
indrop      126        50767.52      6396708.00
inhs        126        24218.94      3051587.00
insome      126        20893.51      2632582.00
incoll      126        28133.11      3544772.00
innmdrop    126        21526.19      2712300.00
innmhs      126        17204.67      2167789.00
innmsome    126        17768.82      2238871.00
innmcoll    126        26722.19      3366996.00
sindrop     126       0.3002474      37.8311727
sinhs       126       0.1952350      24.5996123
sinsome     126       0.1967056      24.7849000
sincoll     126       0.3078120      38.7843151
smex        126       0.1820605      22.9396193
-----------------------------------------------
The SAS System                                                                        12:51 Thursday, March 28, 2019  39

Obs    rmsa       inall         innm         smex     sindrop     sinhs     sinsome    sincoll

  1    4480    2997024.49    1360564.84    0.54603    0.55677    0.18251    0.12697    0.13375
  2    5600    1942262.56    1920569.24    0.01117    0.30413    0.23216    0.21192    0.25179
  3       1    1092083.34     613140.96    0.43856    0.42725    0.18666    0.15981    0.22629
  4       0     950560.86     546092.10    0.42551    0.41126    0.18467    0.16562    0.23845
  5    1600     938875.85     530419.85    0.43505    0.43098    0.19033    0.15086    0.22783
  6    7360     458009.85     393132.65    0.14165    0.36448    0.18173    0.17570    0.27809
  7    5945     404330.39     193884.99    0.52048    0.50242    0.18405    0.14351    0.17002
  8    3360     393633.60     168252.93    0.57256    0.52031    0.17839    0.12979    0.17151
  9    5000     383726.56     374468.05    0.02413    0.35987    0.24264    0.20567    0.19182
 10    8840     349074.72     343600.70    0.01568    0.27130    0.20639    0.21093    0.31138
 11    7320     336239.82     139580.83    0.58488    0.50110    0.17822    0.14640    0.17428
 12    7400     253570.00     164228.69    0.35233    0.40726    0.18194    0.16844    0.24237
 13    5775     239935.47     174787.95    0.27152    0.35204    0.17815    0.17452    0.29529
 14    6780     221263.71      61098.13    0.72387    0.58132    0.17723    0.11633    0.12512
 15    2320     213388.30      11593.20    0.94567    0.68948    0.17396    0.08478    0.05179
 16    1120     194180.51     191950.36    0.01148    0.23676    0.20514    0.21547    0.34263
 17    1920     192616.72      76986.63    0.60031    0.51809    0.17930    0.13178    0.17083
 18    2160     178451.48     166895.23    0.06476    0.19669    0.19611    0.21375    0.39345
 19    5640     171618.91     170402.46    0.00709    0.23766    0.22164    0.21718    0.32353
 20    5380     164494.59     162940.24    0.00945    0.26274    0.22293    0.21601    0.29832
 21    6160     164377.46     160728.12    0.02220    0.19399    0.20283    0.21419    0.38899
 22     875     151868.44     149030.06    0.01869    0.23912    0.22123    0.21506    0.32459
 23    3320     132753.46     131334.27    0.01069    0.17332    0.17684    0.24398    0.40586
 24    3640     128884.47     128141.08    0.00577    0.31793    0.22090    0.20074    0.26044
 25    7240     128378.02      23020.16    0.82068    0.63307    0.17681    0.10227    0.08786
 26    4880     109610.36       1819.60    0.98340    0.70995    0.17251    0.07871    0.03883
 27    8735     109579.09      29293.56    0.73267    0.58020    0.17648    0.11818    0.12513
 28    6200     101730.49      38137.33    0.62511    0.52566    0.18108    0.13205    0.16121
 29    7600      98796.59      94471.45    0.04378    0.20886    0.18653    0.22522    0.37939
 30    2840      92785.50      21690.91    0.76623    0.59998    0.17397    0.10713    0.11891
 31    1680      80752.69      79063.18    0.02092    0.18232    0.21564    0.21235    0.38969
 32    5560      79086.75      76586.28    0.03162    0.46540    0.20374    0.16600    0.16486
 33    6920      77771.69      52969.68    0.31891    0.38941    0.18375    0.17309    0.25376
 34    2080      70894.18      48187.17    0.32029    0.37429    0.18984    0.17648    0.25938
 35    5015      64937.70      64126.73    0.01249    0.20142    0.19887    0.20568    0.39403
 36     720      61882.16      61138.77    0.01201    0.18098    0.20572    0.22614    0.38715
 37    2680      61183.47      60034.60    0.01878    0.26201    0.23067    0.23060    0.27672
 38    5120      58816.07      54693.67    0.07009    0.24233    0.19942    0.21347    0.34479
 39    6440      58010.41      52468.81    0.09553    0.27363    0.19689    0.21540    0.31408
 40     680      56713.40      11299.36    0.80076    0.61353    0.17203    0.10609    0.10835
 41    6480      56548.64      55940.42    0.01076    0.22650    0.20878    0.22595    0.33877
 42    3280      55402.04      55064.13    0.00610    0.20232    0.24274    0.24538    0.30957
 43    8120      52988.22      19468.34    0.63259    0.53408    0.17376    0.12617    0.16600
 44    8520      51595.63      15304.95    0.70337    0.56000    0.17902    0.12210    0.13888
 45     520      50493.72      47925.66    0.05086    0.23129    0.19392    0.21334    0.36144
 46    8280      49503.67      45854.33    0.07372    0.28721    0.21430    0.21573    0.28276
 47    5080      43675.74      34552.38    0.20889    0.29490    0.20885    0.19259    0.30365
 48    7040      42018.04      38706.60    0.07881    0.21587    0.19012    0.20299    0.39101
 49    4120      41350.97      27970.05    0.32359    0.39744    0.19352    0.17782    0.23121
 50    6280      40244.92      39704.28    0.01343    0.16283    0.18787    0.20809    0.44121
 51    8720      37786.18      25689.28    0.32014    0.35523    0.17679    0.18762    0.28035
 52    5170      37547.70      11799.57    0.68574    0.56266    0.17930    0.12175    0.13630
 53    1280      36080.88      35337.50    0.02060    0.16348    0.20368    0.22737    0.40547
 54    5720      35759.05      35285.99    0.01323    0.16773    0.18739    0.24686    0.39803
 55    7160      35698.54      29548.72    0.17227    0.32873    0.19436    0.19700    0.27991
 56    6840      33309.98      32701.75    0.01826    0.18433    0.20754    0.21909    0.38904
The SAS System                                                                        12:51 Thursday, March 28, 2019  40

Obs    rmsa      inall       innm        smex     sindrop     sinhs     sinsome    sincoll

 57    2960    33046.11    16353.75    0.50512    0.44867    0.20432    0.15219    0.19482
 58    3760    31711.07    25223.35    0.20459    0.32202    0.19524    0.19157    0.29118
 59     640    31366.61    17850.52    0.43091    0.43457    0.18520    0.15755    0.22268
 60     200    31118.88    13007.33    0.58201    0.52296    0.18514    0.13988    0.15202
 61    5960    29470.19    25550.53    0.13300    0.30164    0.20643    0.21073    0.28119
 62    5190    29367.30    29029.40    0.01151    0.18136    0.19859    0.21675    0.40331
 63    5880    28847.29    23508.43    0.18507    0.30136    0.18602    0.19538    0.31723
 64    8960    26761.61    24396.30    0.08838    0.29509    0.21801    0.21201    0.27489
 65    1840    26198.77    25117.49    0.04127    0.20991    0.18842    0.20845    0.39322
 66    8200    24745.81    23596.95    0.04643    0.19798    0.20231    0.23580    0.36390
 67    7500    21162.15     9538.32    0.54927    0.49184    0.18081    0.14319    0.18417
 68    1160    20646.15    20510.99    0.00655    0.22428    0.22052    0.21978    0.33542
 69    1640    20513.24    20175.34    0.01647    0.18747    0.19321    0.21562    0.40369
 70    8000    20258.56    19988.23    0.01334    0.19340    0.21474    0.23388    0.35798
 71    5480    19787.51    19246.87    0.02732    0.18440    0.20587    0.22367    0.38606
 72     160    19661.61    19256.12    0.02062    0.17345    0.19843    0.21352    0.41459
 73    8160    18253.98    18118.82    0.00740    0.16153    0.20219    0.22556    0.41073
 74    3480    17044.81    15963.52    0.06344    0.20867    0.19013    0.20971    0.39149
 75     440    16964.76    16356.54    0.03585    0.18573    0.18170    0.20907    0.42351
 76    3000    16671.28    14238.39    0.14593    0.29453    0.20075    0.20565    0.29908
 77     240    16019.35    15411.13    0.03797    0.21980    0.20248    0.21547    0.36225
 78      80    15793.77    15591.03    0.01284    0.17325    0.19146    0.20436    0.43092
 79    3600    14519.34    14384.18    0.00931    0.19421    0.19706    0.24141    0.36733
 80    6760    14285.61    13880.13    0.02838    0.22088    0.20048    0.21725    0.36139
 81    2000    14122.32    13649.25    0.03350    0.17671    0.18798    0.21673    0.41859
 82    8400    14111.46    11813.72    0.16283    0.26042    0.19241    0.19689    0.35028
 83    8560    14066.74    12512.39    0.11050    0.29270    0.19712    0.21281    0.29737
 84    4040    13975.07    12217.98    0.12573    0.24960    0.19275    0.20903    0.34863
 85    9040    13677.70    10163.52    0.25693    0.38019    0.19581    0.19565    0.22834
 86    6640    13631.80    13564.22    0.00496    0.17519    0.18257    0.21745    0.42479
 87    4720    13263.29    12317.16    0.07133    0.21174    0.18251    0.20731    0.39844
 88    9240    13200.85    12998.11    0.01536    0.18720    0.20685    0.22709    0.37886
 89    1080    13030.70     4853.47    0.62754    0.52233    0.18195    0.13808    0.15764
 90    1520    12720.27    12517.52    0.01594    0.20303    0.18827    0.21036    0.39834
 91    1720    12625.40    11476.53    0.09100    0.23133    0.20717    0.22942    0.33208
 92    5920    12312.72     9609.51    0.21955    0.28321    0.18955    0.19396    0.33328
 93    2800    11116.91     6589.02    0.40730    0.42279    0.18530    0.16433    0.22758
 94    5360    10729.74    10189.09    0.05039    0.21184    0.19425    0.22039    0.37352
 95     760    10682.86    10344.95    0.03163    0.25493    0.19869    0.21283    0.33354
 96    3240    10270.05    10270.05    0.00000    0.23441    0.19569    0.21877    0.35113
 97    4920    10158.94     9685.87    0.04657    0.21209    0.18325    0.20587    0.39880
 98    9160     9820.52     9685.36    0.01376    0.17942    0.19192    0.21734    0.41133
 99    3120     9629.51     9156.44    0.04913    0.20563    0.18144    0.20996    0.40297
100    4520     9516.32     8975.67    0.05681    0.21360    0.19234    0.21925    0.37482
101    7840     8987.98     8852.82    0.01504    0.22410    0.19364    0.23596    0.34629
102    9320     8902.35     8699.61    0.02277    0.16094    0.20563    0.21797    0.41546
103    4900     8774.12     8436.22    0.03851    0.23816    0.21027    0.23098    0.32059
104    1760     8617.23     8211.74    0.04705    0.21490    0.20401    0.22173    0.35936
105    2640     8515.27     7569.14    0.11111    0.22035    0.18805    0.20585    0.38576
106    7510     8204.13     6852.52    0.16475    0.26293    0.19917    0.20929    0.32861
107    1440     8011.40     7808.66    0.02531    0.19155    0.19055    0.24634    0.37156
108    3160     7814.89     7409.41    0.05189    0.21275    0.19232    0.21540    0.37952
109    1000     7697.86     7630.28    0.00878    0.24321    0.18469    0.20288    0.36922
110    3720     7599.38     7396.64    0.02668    0.19021    0.20898    0.23423    0.36658
111    4400     7549.55     7008.91    0.07161    0.27152    0.19867    0.21930    0.31051
112    2760     7307.28     6225.99    0.14797    0.25972    0.18810    0.20019    0.35198
The SAS System                                                                        12:51 Thursday, March 28, 2019  41

Obs    rmsa     inall       innm       smex     sindrop     sinhs     sinsome    sincoll

113    6080    7031.65    6761.33    0.03844    0.22938    0.18913    0.23431    0.34718
114    3980    6990.69    5166.02    0.26101    0.35476    0.20553    0.19469    0.24502
115    2120    6525.74    5647.19    0.13463    0.32162    0.20048    0.21147    0.26644
116    3840    6476.59    6273.85    0.03130    0.17875    0.17652    0.20459    0.44014
117    2020    6304.82    6169.66    0.02144    0.20389    0.20356    0.22770    0.36484
118    4000    6248.34    5910.44    0.05408    0.29461    0.20838    0.22691    0.27009
119    7560    5966.30    5898.72    0.01133    0.18063    0.19773    0.22663    0.39502
120    2700    5927.75    5116.78    0.13681    0.28891    0.19770    0.21458    0.29881
121    5160    5541.25    5338.51    0.03659    0.28378    0.20689    0.22570    0.28362
122    4280    5123.07    4987.91    0.02638    0.24764    0.20350    0.21624    0.33262
123     600    4865.11    4392.05    0.09724    0.22549    0.21619    0.23479    0.32353
124    3560    4393.08    4393.08    0.00000    0.20155    0.18132    0.21047    0.40666
125    1560    2967.20    2967.20    0.00000    0.13573    0.17760    0.22069    0.46598
126    3660    2269.01    2269.01    0.00000    0.18281    0.18185    0.21596    0.41939
