The SAS System                                                                       22:03 Wednesday, March 27, 2019   1

The MEANS Procedure

Variable                N            Mean         Std Dev         Minimum         Maximum
-----------------------------------------------------------------------------------------
state             3328862      27.7285084      95.3234887       1.0000000      56.0000000
msa               3328862         5942.85        19390.14      40.0000000         9999.00
age               3328862      39.3972310      69.2062969      18.0000000      68.0000000
black             3328862       0.1138197       1.9147401               0       1.0000000
grade             3328862      10.3344655      16.2597743       1.0000000      16.0000000
educ              3328862      13.2377025      17.1446034               0      20.0000000
english            816148       1.7447334       4.8789983       1.0000000       4.0000000
pob               3328862      63.3958389     540.4009281       1.0000000     528.0000000
imm               3328862       0.1353009       2.0621626               0       1.0000000
hispanic          3328862       0.1164207       1.9336499               0       1.0000000
female            3328862       0.4754179       3.0108183               0       1.0000000
annhrs            3328862         1900.52         4523.73       1.0000000         5148.00
dropout           3328862       0.1459500       2.1285497               0       1.0000000
somecoll          3328862       0.3099123       2.7881210               0       1.0000000
collplus          3328862       0.2650207       2.6608324               0       1.0000000
eclass            3328862       2.6940038       6.1314638       1.0000000       4.0000000
c                 3328862       1.0000000               0       1.0000000       1.0000000
advanced          3328862       0.0920793       1.7431914               0       1.0000000
inschool          3328862       0.0911769       1.7354904               0       1.0000000
exp               3328862      19.1551735      68.6390086       1.0000000      45.0000000
xclass            3328862       4.2416736      13.6856219       1.0000000       9.0000000
exp2              3328862       4.9653753      29.3166796       0.0100000      20.2500000
exp3              3328862      14.8317522     117.9582700     0.000999999      91.1250000
logwage2          3328862       2.6154515       4.1514099       1.3513145       5.5510178
owage             3328862      19.0209313         1026.42     0.000961538       320000.00
ic                3328862       0.8044767      38.9769948      -1.0000000      38.0000000
euro              3328862       0.0221765       0.8878038               0       1.0000000
hi_asian          3328862       0.0140839       0.7104299               0       1.0000000
mid_asian         3328862       0.0161487       0.7599303               0       1.0000000
mex               3328862       0.0407123       1.1914537               0       1.0000000
yrsinus           3328862       2.1470961      40.9021973               0      71.0000000
pre_exp           3328862       0.3930245      25.2192155     -28.0000000      45.0000000
pre_exp1          3328862       0.0294006       1.0184455               0       1.0000000
yrsinus2          3328862      50.6370768         1304.96               0         5041.00
euro_ed           3328862       0.3110687      12.7797063               0      20.0000000
hi_asian_ed       3328862       0.2142656      11.0311460               0      20.0000000
mid_asian_ed      3328862       0.2184683      10.6944657               0      20.0000000
mex_ed            3328862       0.3578046      11.6382366               0      20.0000000
euro_coll         3328862       0.0086661       0.5588055               0       1.0000000
hi_asian_coll     3328862       0.0086470       0.5581947               0       1.0000000
mid_asian_coll    3328862       0.0066427       0.4897383               0       1.0000000
mex_coll          3328862       0.0016352       0.2435924               0       1.0000000
euro_yrs          3328862       0.4520371      22.5217963               0      71.0000000
hi_asian_yrs      3328862       0.2129770      12.8555826               0      63.0000000
mid_asian_yrs     3328862       0.2448062      13.5011885               0      70.0000000
mex_yrs           3328862       0.5857810      20.9839458               0      63.0000000
euro_yrs2         3328862      14.1592129     870.4597574               0         5041.00
hi_asian_yrs2     3328862       4.5921339     349.0391824               0         3969.00
mid_asian_yrs2    3328862       5.0748489     361.1228339               0         4900.00
mex_yrs2          3328862      12.4573250     592.0127984               0         3969.00
imm_ed            3328862       1.6135641      26.4877705               0      20.0000000
imm_coll          3328862       0.0347506       1.1041830               0       1.0000000
asian             3328862       0.0389159       1.1659622               0       1.0000000
-----------------------------------------------------------------------------------------
The SAS System                                                                       22:03 Wednesday, March 27, 2019   2

The MEANS Procedure

Variable                N            Mean         Std Dev         Minimum         Maximum
-----------------------------------------------------------------------------------------
asian_ed          3328862       0.5490478      17.0061008               0      20.0000000
black_ed          3328862       1.4577411      24.9728683               0      20.0000000
asian_coll        3328862       0.0183749       0.8097016               0       1.0000000
black_coll        3328862       0.0186118       0.8148063               0       1.0000000
hisp_ed           3328862       1.2713838      22.5810350               0      20.0000000
hisp_coll         3328862       0.0124317       0.6680199               0       1.0000000
p1                3328862       0.0767912       0.4642917     0.000612652       0.6675240
p2                3328862       0.0869927       0.3730948       0.0017073       0.2315477
p3                3328862       0.0863218       0.2968901       0.0032636       0.1591841
p4                3328862       0.0967274       0.2478416       0.0071276       0.1439071
p5                3328862       0.0974635       0.1886448       0.0127150       0.1332594
p6                3328862       0.0953203       0.1309964       0.0155951       0.1217200
p7                3328862       0.1128107       0.1777770       0.0087660       0.1489274
p8                3328862       0.1078348       0.2934428       0.0034117       0.1707784
p9                3328862       0.1111036       0.4493799       0.0014579       0.2328081
p10               3328862       0.1286340       0.7121904     0.000334980       0.6042732
rmsa              3328862         2748.62        17773.38               0         9320.00
dev               3328862       0.0024598       4.1514111      -1.2616779       2.9380272
devsq             3328862       0.4741513       5.1038023    2.002909E-10       8.6320039
nonmover          3328862       0.5296842       3.0091465               0       1.0000000
-----------------------------------------------------------------------------------------
The SAS System                                                                       22:03 Wednesday, March 27, 2019   3

The MEANS Procedure

Variable                N            Mean         Std Dev         Minimum         Maximum
-----------------------------------------------------------------------------------------
state             2576838      28.4237963      99.5156222       1.0000000      56.0000000
msa               2576838         5973.19        20820.46      40.0000000         9999.00
age               2576838      39.5898829      73.5139381      18.0000000      68.0000000
black             2576838       0.1206846       2.0757507               0       1.0000000
grade             2576838      10.5349204      15.1549661       1.0000000      16.0000000
educ              2576838      13.4429869      15.5573163               0      20.0000000
english            184954       1.2792299       3.9061501       1.0000000       4.0000000
pob               2576838      30.8870933     150.4383562       1.0000000     528.0000000
imm               2576838               0               0               0               0
hispanic          2576838       0.0614895       1.5307247               0       1.0000000
female            2576838       0.4839351       3.1843634               0       1.0000000
annhrs            2576838         1909.02         4770.51       1.0000000         5148.00
dropout           2576838       0.1145303       2.0291961               0       1.0000000
somecoll          2576838       0.3267162       2.9885554               0       1.0000000
collplus          2576838       0.2663009       2.8165807               0       1.0000000
eclass            2576838       2.7447876       6.2163634       1.0000000       4.0000000
c                 2576838       1.0000000               0       1.0000000       1.0000000
advanced          2576838       0.0893689       1.8177802               0       1.0000000
inschool          2576838       0.0896052       1.8199454               0       1.0000000
exp               2576838      19.2148380      72.9226550       1.0000000      45.0000000
xclass            2576838       4.2544755      14.5316434       1.0000000       9.0000000
exp2              2576838       5.0017967      31.0939800       0.0100000      20.2500000
exp3              2576838      14.9765469     125.1169725     0.000999999      91.1250000
logwage2          2576838       2.6309293       4.3373895       1.3513145       5.5510178
owage             2576838      19.1283602         1149.29     0.000961538       320000.00
ic                2576838      -1.0000000               0      -1.0000000      -1.0000000
euro              2576838               0               0               0               0
hi_asian          2576838               0               0               0               0
mid_asian         2576838               0               0               0               0
mex               2576838               0               0               0               0
yrsinus           2576838               0               0               0               0
pre_exp           2576838               0               0               0               0
pre_exp1          2576838               0               0               0               0
yrsinus2          2576838               0               0               0               0
euro_ed           2576838               0               0               0               0
hi_asian_ed       2576838               0               0               0               0
mid_asian_ed      2576838               0               0               0               0
mex_ed            2576838               0               0               0               0
euro_coll         2576838               0               0               0               0
hi_asian_coll     2576838               0               0               0               0
mid_asian_coll    2576838               0               0               0               0
mex_coll          2576838               0               0               0               0
euro_yrs          2576838               0               0               0               0
hi_asian_yrs      2576838               0               0               0               0
mid_asian_yrs     2576838               0               0               0               0
mex_yrs           2576838               0               0               0               0
euro_yrs2         2576838               0               0               0               0
hi_asian_yrs2     2576838               0               0               0               0
mid_asian_yrs2    2576838               0               0               0               0
mex_yrs2          2576838               0               0               0               0
imm_ed            2576838               0               0               0               0
imm_coll          2576838               0               0               0               0
asian             2576838       0.0079343       0.5653291               0       1.0000000
-----------------------------------------------------------------------------------------
The SAS System                                                                       22:03 Wednesday, March 27, 2019   4

The MEANS Procedure

Variable                N            Mean         Std Dev         Minimum         Maximum
-----------------------------------------------------------------------------------------
asian_ed          2576838       0.1132245       8.2141707               0      20.0000000
black_ed          2576838       1.5424839      26.9890766               0      20.0000000
asian_coll        2576838       0.0034581       0.3740598               0       1.0000000
black_coll        2576838       0.0187804       0.8649928               0       1.0000000
hisp_ed           2576838       0.7605401      19.3904937               0      20.0000000
hisp_coll         2576838       0.0084214       0.5822798               0       1.0000000
p1                2576838       0.0728355       0.4734772       0.0010635       0.6671970
p2                2576838       0.0850152       0.3936371       0.0027291       0.2315473
p3                2576838       0.0850856       0.3171910       0.0049487       0.1591841
p4                2576838       0.0957206       0.2667350       0.0103030       0.1439071
p5                2576838       0.0969577       0.2034524       0.0175462       0.1332594
p6                2576838       0.0951618       0.1383997       0.0155951       0.1217199
p7                2576838       0.1132200       0.1845631       0.0087660       0.1489274
p8                2576838       0.1090382       0.3104633       0.0034117       0.1707784
p9                2576838       0.1135598       0.4792820       0.0014579       0.2328081
p10               2576838       0.1334056       0.7589844     0.000336084       0.5411772
rmsa              2576838         2619.76        18627.58               0         9320.00
dev               2576838       0.0179376       4.3373908      -1.2616779       2.9380272
devsq             2576838       0.4636655       5.3405319    2.002909E-10       8.6320039
nonmover          2576838       0.6125648       3.1042198               0       1.0000000
-----------------------------------------------------------------------------------------
The SAS System                                                                       22:03 Wednesday, March 27, 2019   5

The MEANS Procedure

Variable                N            Mean         Std Dev         Minimum         Maximum
-----------------------------------------------------------------------------------------
state              752024      23.2849701      76.0967599       1.0000000      56.0000000
msa                752024         5748.96        13340.06      40.0000000         9999.00
age                752024      38.1660055      51.4272250      18.0000000      68.0000000
black              752024       0.0699466       1.1900355               0       1.0000000
grade              752024       9.0533715      18.4929215       1.0000000      16.0000000
educ               752024      11.9257439      20.6994493               0      20.0000000
english            631194       2.0084724       4.7042068       1.0000000       4.0000000
pob                752024     271.1570558     358.3983167     100.0000000     528.0000000
imm                752024       1.0000000               0       1.0000000       1.0000000
hispanic           752024       0.4674817       2.3279425               0       1.0000000
female             752024       0.4209848       2.3035671               0       1.0000000
annhrs             752024         1846.19         3539.83       1.0000000         5148.00
dropout            752024       0.3467513       2.2206034               0       1.0000000
somecoll           752024       0.2025201       1.8750664               0       1.0000000
collplus           752024       0.2568395       2.0384256               0       1.0000000
eclass             752024       2.3694478       5.5991831       1.0000000       4.0000000
c                  752024       1.0000000               0       1.0000000       1.0000000
advanced           752024       0.1094014       1.4563816               0       1.0000000
inschool           752024       0.1012219       1.4072985               0       1.0000000
exp                752024      18.7738613      51.2816238       1.0000000      45.0000000
xclass             752024       4.1598576      10.2629519       1.0000000       9.0000000
exp2               752024       4.7326087      22.1405614       0.0100000      20.2500000
exp3               752024      13.9063787      89.0509945     0.000999999      91.1250000
logwage2           752024       2.5165339       3.4026847       1.3513145       5.5510178
owage              752024      18.3343602     370.7583944       0.0016667        36111.11
ic                 752024      12.3367667      58.1087631       1.0000000      38.0000000
euro               752024       0.1639052       1.7272166               0       1.0000000
hi_asian           752024       0.1040930       1.4248363               0       1.0000000
mid_asian          752024       0.1193541       1.5126622               0       1.0000000
mex                752024       0.3009017       2.1399524               0       1.0000000
yrsinus            752024      15.8690438      51.6255019               0      71.0000000
pre_exp            752024       2.9048175      51.5410884     -28.0000000      45.0000000
pre_exp1           752024       0.2172975       1.9241920               0       1.0000000
yrsinus2           752024     374.2552452         2213.93               0         5041.00
euro_ed            752024       2.2990880      24.9689219               0      20.0000000
hi_asian_ed        752024       1.5836229      22.1684711               0      20.0000000
mid_asian_ed       752024       1.6146847      21.3820657               0      20.0000000
mex_ed             752024       2.6445096      21.6315685               0      20.0000000
euro_coll          752024       0.0640502       1.1423764               0       1.0000000
hi_asian_coll      752024       0.0639090       1.1412029               0       1.0000000
mid_asian_coll     752024       0.0490955       1.0081195               0       1.0000000
mex_coll           752024       0.0120853       0.5098132               0       1.0000000
euro_yrs           752024       3.3409762      45.1128074               0      71.0000000
hi_asian_yrs       752024       1.5740985      26.1708834               0      63.0000000
mid_asian_yrs      752024       1.8093464      27.2993530               0      70.0000000
mex_yrs            752024       4.3294682      39.9534715               0      63.0000000
euro_yrs2          752024     104.6497949         1774.22               0         5041.00
hi_asian_yrs2      752024      33.9401541     719.4402817               0         3969.00
mid_asian_yrs2     752024      37.5078687     742.1466739               0         4900.00
mex_yrs2           752024      92.0712550         1179.76               0         3969.00
imm_ed             752024      11.9257439      20.6994493               0      20.0000000
imm_coll           752024       0.2568395       2.0384256               0       1.0000000
asian              752024       0.2369175       1.9838417               0       1.0000000
-----------------------------------------------------------------------------------------
The SAS System                                                                       22:03 Wednesday, March 27, 2019   6

The MEANS Procedure

Variable                N            Mean         Std Dev         Minimum         Maximum
-----------------------------------------------------------------------------------------
asian_ed           752024       3.3343657      29.2177828               0      20.0000000
black_ed           752024       0.9161552      16.0398044               0      20.0000000
asian_coll         752024       0.1137072       1.4811712               0       1.0000000
black_coll         752024       0.0175341       0.6123824               0       1.0000000
hisp_ed            752024       4.5361519      26.4654217               0      20.0000000
hisp_coll          752024       0.0380617       0.8927717               0       1.0000000
p1                 752024       0.1020717       0.4122640     0.000612652       0.6675240
p2                 752024       0.0996306       0.2849726       0.0017073       0.2315477
p3                 752024       0.0942223       0.2094182       0.0032636       0.1591841
p4                 752024       0.1031617       0.1645298       0.0071276       0.1439071
p5                 752024       0.1006958       0.1242146       0.0127150       0.1332594
p6                 752024       0.0963335       0.1014905       0.0207191       0.1217200
p7                 752024       0.1101951       0.1516806       0.0139095       0.1489274
p8                 752024       0.1001439       0.2222587       0.0062203       0.1707784
p9                 752024       0.0954064       0.3171559       0.0021461       0.2328081
p10                752024       0.0981391       0.4979089     0.000334980       0.6042732
rmsa               752024         3572.17        13866.35               0         9320.00
dev                752024      -0.0964578       3.4026858      -1.2616779       2.9380272
devsq              752024       0.5411653       4.1789599    2.002909E-10       8.6320039
nonmover           752024               0               0               0               0
-----------------------------------------------------------------------------------------
The SAS System                                                                       22:03 Wednesday, March 27, 2019   7

The MEANS Procedure

Variable          N            Mean         Std Dev         Minimum         Maximum
-----------------------------------------------------------------------------------
imm          413732               0               0               0               0
female       413732               0               0               0               0
educ         413732      12.0000000               0      12.0000000      12.0000000
grade        413732       9.0000000               0       9.0000000       9.0000000
logwage2     413732       2.5776469       3.7129839       1.3513145       5.5510178
annhrs       413732         2055.64         4343.16       1.0000000         5148.00
owage        413732      16.6617630     201.9436869     0.000961538         5576.92
inschool     413732       0.0306167       1.0756508               0       1.0000000
age          413732      38.7411310      72.4910021      20.0000000      64.0000000
black        413732       0.1253599       2.0674666               0       1.0000000
hispanic     413732       0.0638643       1.5266620               0       1.0000000
-----------------------------------------------------------------------------------
The SAS System                                                                       22:03 Wednesday, March 27, 2019   8

The MEANS Procedure

Variable          N            Mean         Std Dev         Minimum         Maximum
-----------------------------------------------------------------------------------
imm           97859               0               0               0               0
female        97859               0               0               0               0
educ          97859      13.0000000               0      13.0000000      13.0000000
grade         97859      10.0000000               0      10.0000000      10.0000000
logwage2      97859       2.7093957       3.8313986       1.3513145       5.5510178
annhrs        97859         2128.92         4336.03       1.0000000         5148.00
owage         97859      19.3270847     516.7372121       0.0125000        22500.00
inschool      97859       0.0639918       1.5647979               0       1.0000000
age           97859      39.7540735      70.9451382      22.0000000      66.0000000
black         97859       0.1086253       1.9895362               0       1.0000000
hispanic      97859       0.0630144       1.5536123               0       1.0000000
-----------------------------------------------------------------------------------
The SAS System                                                                       22:03 Wednesday, March 27, 2019   9

The MEANS Procedure

Variable          N            Mean         Std Dev         Minimum         Maximum
-----------------------------------------------------------------------------------
imm          209413               0               0               0               0
female       209413               0               0               0               0
educ         209413      13.0000000               0      13.0000000      13.0000000
grade        209413      11.0000000               0      11.0000000      11.0000000
logwage2     209413       2.7252730       4.0966737       1.3513145       5.5510178
annhrs       209413         2096.24         4664.00       2.0000000         5148.00
owage        209413      20.4507576         1402.16       0.1302083        81000.00
inschool     209413       0.1415582       2.2582090               0       1.0000000
age          209413      39.3694437      73.9573089      22.0000000      66.0000000
black        209413       0.1167775       2.0804429               0       1.0000000
hispanic     209413       0.0602999       1.5420345               0       1.0000000
-----------------------------------------------------------------------------------
The SAS System                                                                       22:03 Wednesday, March 27, 2019  10

The MEANS Procedure

Variable          N            Mean         Std Dev         Minimum         Maximum
-----------------------------------------------------------------------------------
imm           91586               0               0               0               0
female        91586               0               0               0               0
educ          91586      14.0000000               0      14.0000000      14.0000000
grade         91586      12.0000000               0      12.0000000      12.0000000
logwage2      91586       2.8004724       3.7972024       1.3513145       5.5510178
annhrs        91586         2149.75         4198.66       1.0000000         5148.00
owage         91586      20.6896388     220.8056369       0.0015686         6000.00
inschool      91586       0.1248970       2.1224796               0       1.0000000
age           91586      39.8930777      67.3184647      22.0000000      66.0000000
black         91586       0.0878074       1.8169654               0       1.0000000
hispanic      91586       0.0523702       1.4302091               0       1.0000000
-----------------------------------------------------------------------------------
The SAS System                                                                       22:03 Wednesday, March 27, 2019  11

The MEANS Procedure

Variable          N            Mean         Std Dev         Minimum         Maximum
-----------------------------------------------------------------------------------
imm          218029               0               0               0               0
female       218029               0               0               0               0
educ         218029      16.0000000               0      16.0000000      16.0000000
grade        218029      13.0000000               0      13.0000000      13.0000000
logwage2     218029       3.0784668       4.4655943       1.3513145       5.5510178
annhrs       218029         2228.69         4296.93       1.0000000         5148.00
owage        218029      29.3353563     455.9126296       0.0721154        16000.00
inschool     218029       0.0825435       1.8109490               0       1.0000000
age          218029      40.6767165      70.4397970      24.0000000      68.0000000
black        218029       0.0582870       1.5417612               0       1.0000000
hispanic     218029       0.0308241       1.1374139               0       1.0000000
-----------------------------------------------------------------------------------
The SAS System                                                                       22:03 Wednesday, March 27, 2019  12

The MEANS Procedure

Variable          N            Mean         Std Dev         Minimum         Maximum
-----------------------------------------------------------------------------------
imm          373141               0               0               0               0
female       373141       1.0000000               0       1.0000000       1.0000000
educ         373141      12.0000000               0      12.0000000      12.0000000
grade        373141       9.0000000               0       9.0000000       9.0000000
logwage2     373141       2.3071743       3.5164523       1.3513145       5.5510178
annhrs       373141         1699.88         4324.23       1.0000000         5148.00
owage        373141      12.7232130     197.1094271       0.0015385        11166.67
inschool     373141       0.0357340       1.1559160               0       1.0000000
age          373141      40.4434019      73.3833808      20.0000000      64.0000000
black        373141       0.1420373       2.1738140               0       1.0000000
hispanic     373141       0.0618777       1.5003201               0       1.0000000
-----------------------------------------------------------------------------------
The SAS System                                                                       22:03 Wednesday, March 27, 2019  13

The MEANS Procedure

Variable          N            Mean         Std Dev         Minimum         Maximum
-----------------------------------------------------------------------------------
imm          112740               0               0               0               0
female       112740       1.0000000               0       1.0000000       1.0000000
educ         112740      13.0000000               0      13.0000000      13.0000000
grade        112740      10.0000000               0      10.0000000      10.0000000
logwage2     112740       2.4467093       3.5994428       1.3513145       5.5510178
annhrs       112740         1756.21         4371.90       1.0000000         5148.00
owage        112740      14.6820203     264.2142006       0.0384615         6625.00
inschool     112740       0.0697897       1.6134106               0       1.0000000
age          112740      40.7824623      69.8010375      22.0000000      66.0000000
black        112740       0.1348168       2.1626417               0       1.0000000
hispanic     112740       0.0623955       1.5315989               0       1.0000000
-----------------------------------------------------------------------------------
The SAS System                                                                       22:03 Wednesday, March 27, 2019  14

The MEANS Procedure

Variable          N            Mean         Std Dev         Minimum         Maximum
-----------------------------------------------------------------------------------
imm          208837               0               0               0               0
female       208837       1.0000000               0       1.0000000       1.0000000
educ         208837      13.0000000               0      13.0000000      13.0000000
grade        208837      11.0000000               0      11.0000000      11.0000000
logwage2     208837       2.4624556       3.7230486       1.3513145       5.5510178
annhrs       208837         1736.58         4576.34       1.0000000         5148.00
owage        208837      14.8671680     213.4139324       0.0064103         7500.00
inschool     208837       0.1636451       2.3706879               0       1.0000000
age          208837      39.1096262      72.2437111      22.0000000      66.0000000
black        208837       0.1592927       2.3450274               0       1.0000000
hispanic     208837       0.0630949       1.5580186               0       1.0000000
-----------------------------------------------------------------------------------
The SAS System                                                                       22:03 Wednesday, March 27, 2019  15

The MEANS Procedure

Variable          N            Mean         Std Dev         Minimum         Maximum
-----------------------------------------------------------------------------------
imm          112758               0               0               0               0
female       112758       1.0000000               0       1.0000000       1.0000000
educ         112758      14.0000000               0      14.0000000      14.0000000
grade        112758      12.0000000               0      12.0000000      12.0000000
logwage2     112758       2.5840552       3.5593399       1.3513145       5.5510178
annhrs       112758         1769.13         4269.25       1.0000000         5148.00
owage        112758      16.8166218     587.3452356       0.0017361        22000.00
inschool     112758       0.1381307       2.1854856               0       1.0000000
age          112758      39.4024032      64.3904952      22.0000000      66.0000000
black        112758       0.1113875       1.9927675               0       1.0000000
hispanic     112758       0.0505738       1.3879553               0       1.0000000
-----------------------------------------------------------------------------------
The SAS System                                                                       22:03 Wednesday, March 27, 2019  16

The MEANS Procedure

Variable          N            Mean         Std Dev         Minimum         Maximum
-----------------------------------------------------------------------------------
imm          214632               0               0               0               0
female       214632       1.0000000               0       1.0000000       1.0000000
educ         214632      16.0000000               0      16.0000000      16.0000000
grade        214632      13.0000000               0      13.0000000      13.0000000
logwage2     214632       2.8106444       3.8397581       1.3513145       5.5510178
annhrs       214632         1820.15         4626.21       1.0000000         5148.00
owage        214632      21.2023374     359.7114039       0.0019231        13541.67
inschool     214632       0.1070387       2.0097483               0       1.0000000
age          214632      39.1289279      67.3181355      24.0000000      68.0000000
black        214632       0.0894965       1.8556616               0       1.0000000
hispanic     214632       0.0358516       1.2085955               0       1.0000000
-----------------------------------------------------------------------------------
The SAS System                                                                       22:03 Wednesday, March 27, 2019  17

The MEANS Procedure

Variable          N            Mean         Std Dev         Minimum         Maximum
-----------------------------------------------------------------------------------
imm           65612       1.0000000               0       1.0000000       1.0000000
female        65612       1.0000000               0       1.0000000       1.0000000
educ          65612      12.0000000               0      12.0000000      12.0000000
grade         65612       9.0000000               0       9.0000000       9.0000000
logwage2      65612       2.2834792       2.8109641       1.3513145       5.5510178
annhrs        65612         1668.19         3432.57       2.0000000         5148.00
owage         65612      12.9846103     139.4477039       0.0035556         3950.00
inschool      65612       0.0803911       1.2681446               0       1.0000000
age           65612      38.9067661      53.4719559      20.0000000      64.0000000
black         65612       0.1023324       1.4136036               0       1.0000000
hispanic      65612       0.4172120       2.2998362               0       1.0000000
-----------------------------------------------------------------------------------
The SAS System                                                                       22:03 Wednesday, March 27, 2019  18

The MEANS Procedure

Variable          N            Mean         Std Dev         Minimum         Maximum
-----------------------------------------------------------------------------------
imm           15849       1.0000000               0       1.0000000       1.0000000
female        15849       1.0000000               0       1.0000000       1.0000000
educ          15849      13.0000000               0      13.0000000      13.0000000
grade         15849      10.0000000               0      10.0000000      10.0000000
logwage2      15849       2.4432795       2.8374773       1.3513145       5.5510178
annhrs        15849         1700.31         3339.71       1.0000000         5148.00
owage         15849      15.2972677     161.0118813       0.0400000         2229.17
inschool      15849       0.1454766       1.6402408               0       1.0000000
age           15849      39.3687792      50.5853383      22.0000000      66.0000000
black         15849       0.1041859       1.4212240               0       1.0000000
hispanic      15849       0.3956668       2.2748465               0       1.0000000
-----------------------------------------------------------------------------------
The SAS System                                                                       22:03 Wednesday, March 27, 2019  19

The MEANS Procedure

Variable          N            Mean         Std Dev         Minimum         Maximum
-----------------------------------------------------------------------------------
imm           36139       1.0000000               0       1.0000000       1.0000000
female        36139       1.0000000               0       1.0000000       1.0000000
educ          36139      13.0000000               0      13.0000000      13.0000000
grade         36139      11.0000000               0      11.0000000      11.0000000
logwage2      36139       2.4667592       2.8709995       1.3513145       5.5510178
annhrs        36139         1685.81         3476.22       2.0000000         5148.00
owage         36139      16.5768354     728.8128362       0.0480769        22000.00
inschool      36139       0.2136086       1.9104866               0       1.0000000
age           36139      38.5433404      52.1161095      22.0000000      66.0000000
black         36139       0.1174605       1.5008186               0       1.0000000
hispanic      36139       0.3353493       2.2006994               0       1.0000000
-----------------------------------------------------------------------------------
The SAS System                                                                       22:03 Wednesday, March 27, 2019  20

The MEANS Procedure

Variable          N            Mean         Std Dev         Minimum         Maximum
-----------------------------------------------------------------------------------
imm           22511       1.0000000               0       1.0000000       1.0000000
female        22511       1.0000000               0       1.0000000       1.0000000
educ          22511      14.0000000               0      14.0000000      14.0000000
grade         22511      12.0000000               0      12.0000000      12.0000000
logwage2      22511       2.5880262       2.9345018       1.3513145       5.5510178
annhrs        22511         1721.44         3389.81       1.0000000         5148.00
owage         22511      17.3758658     146.7861565       0.0333333         1692.71
inschool      22511       0.1959384       1.8609814               0       1.0000000
age           22511      39.5066973      48.7444655      22.0000000      66.0000000
black         22511       0.1320227       1.5871432               0       1.0000000
hispanic      22511       0.2548260       2.0430939               0       1.0000000
-----------------------------------------------------------------------------------
The SAS System                                                                       22:03 Wednesday, March 27, 2019  21

The MEANS Procedure

Variable          N            Mean         Std Dev         Minimum         Maximum
-----------------------------------------------------------------------------------
imm           52343       1.0000000               0       1.0000000       1.0000000
female        52343       1.0000000               0       1.0000000       1.0000000
educ          52343      16.0000000               0      16.0000000      16.0000000
grade         52343      13.0000000               0      13.0000000      13.0000000
logwage2      52343       2.7886399       3.0763723       1.3513145       5.5510178
annhrs        52343         1782.91         3428.77       1.0000000         5148.00
owage         52343      21.4366903     174.4434837       0.0016667         2500.00
inschool      52343       0.1346158       1.6061502               0       1.0000000
age           52343      39.6474901      48.9273363      24.0000000      68.0000000
black         52343       0.0787272       1.2673313               0       1.0000000
hispanic      52343       0.1518328       1.6887179               0       1.0000000
-----------------------------------------------------------------------------------
