The SAS System                                                                     17:18 Saturday, December 27, 2008   1

The MEANS Procedure

Variable                N            Mean         Std Dev         Minimum         Maximum
-----------------------------------------------------------------------------------------
state             4607709      27.5619591      94.9943590       1.0000000      56.0000000
msa               4607709         5585.22        18636.71      40.0000000         9999.00
age               4607709      40.4613206      72.2812879      18.0000000      68.0000000
black             4607709       0.1164681       1.9190270               0       1.0000000
grade             4607709      10.1148824      16.9920908       1.0000000      16.0000000
educ              4607709      13.0305573      17.9656527               0      20.0000000
english           1178489       1.8197902       5.0736519       1.0000000       4.0000000
pob               4607709      65.1634142     547.1553811       1.0000000     528.0000000
weeks             4607709      37.1128017     125.4931382               0      52.0000000
wagesal           4607709        26254.09       221454.24               0       385000.00
selfinc           4607709         2030.38        89576.52       -10000.00       355000.00
imm               4607709       0.1432789       2.0959324               0       1.0000000
female            4607709       0.4998781       2.9911377               0       1.0000000
hispanic          4607709       0.1212668       1.9528369               0       1.0000000
annhrs            4607709         1545.74         6094.52               0         5148.00
emp               4607709       0.8106695       2.3436819               0       1.0000000
dropout           4607709       0.1755129       2.2756888               0       1.0000000
somecoll          4607709       0.2933906       2.7238251               0       1.0000000
collplus          4607709       0.2498068       2.5897338               0       1.0000000
eclass            4607709       2.6174913       6.2366055       1.0000000       4.0000000
c                 4607709       1.0000000               0       1.0000000       1.0000000
advanced          4607709       0.0881415       1.6959790               0       1.0000000
inschool          4607709       0.0882385       1.6968213               0       1.0000000
exp               4607709      20.4018508      71.5919990       1.0000000      45.0000000
xclass            4607709       4.4874040      14.2505824       1.0000000       9.0000000
wage              3468467      18.3482124     130.1991103       3.8624992     257.5000000
wage2             3325320      18.1771579     128.0231600       3.8624992     257.5000000
exp2              4607709       5.5945289      32.0846526       0.0100000      20.2500000
exp3              4607709      17.5954934     134.1357060     0.000999999      91.1250000
logwage2          3325320       2.6154736       4.1509372       1.3513145       5.5510178
owage             3468467      19.3923177         1243.82     0.000961538       320000.00
ic                4607709       0.9196228      39.8144767      -1.0000000      38.0000000
euro              4607709       0.0237204       0.9103634               0       1.0000000
hi_asian          4607709       0.0157728       0.7453645               0       1.0000000
mid_asian         4607709       0.0157592       0.7450485               0       1.0000000
mex               4607709       0.0440690       1.2278525               0       1.0000000
yrsinus           4607709       2.2393976      41.7062083               0      72.0000000
pre_exp           4607709       0.5360484      26.7753056     -28.0000000      45.0000000
pre_exp1          4607709       0.0283389       0.9926946               0       1.0000000
yrsinus2          4607709      53.6185175         1361.30               0         5184.00
euro_ed           4607709       0.3271809      12.9147594               0      20.0000000
hi_asian_ed       4607709       0.2340523      11.3245077               0      20.0000000
mid_asian_ed      4607709       0.2083670      10.3073163               0      20.0000000
mex_ed            4607709       0.3779494      11.7852715               0      20.0000000
euro_coll         4607709       0.0086007       0.5524041               0       1.0000000
hi_asian_coll     4607709       0.0089008       0.5618751               0       1.0000000
mid_asian_coll    4607709       0.0060536       0.4640411               0       1.0000000
mex_coll          4607709       0.0016345       0.2416579               0       1.0000000
euro_yrs          4607709       0.4928227      23.5792390               0      72.0000000
hi_asian_yrs      4607709       0.2299044      13.2684173               0      70.0000000
mid_asian_yrs     4607709       0.2364211      13.2725286               0      70.0000000
mex_yrs           4607709       0.6157301      21.3766369               0      70.0000000
euro_yrs2         4607709      15.7784278     925.8241807               0         5184.00
-----------------------------------------------------------------------------------------
The SAS System                                                                     17:18 Saturday, December 27, 2008   2

The MEANS Procedure

Variable                N            Mean         Std Dev         Minimum         Maximum
-----------------------------------------------------------------------------------------
hi_asian_yrs2     4607709       4.9721798     364.9618923               0         4900.00
mid_asian_yrs2    4607709       4.9782677     365.9474547               0         4900.00
mex_yrs2          4607709      13.1478012     613.9840250               0         4900.00
imm_ed            4607709       1.6679994      26.4627803               0      20.0000000
imm_coll          4607709       0.0340300       1.0846240               0       1.0000000
asian             4607709       0.0400868       1.1735000               0       1.0000000
asian_ed          4607709       0.5532749      16.8370757               0      20.0000000
black_ed          4607709       1.4537407      24.4922664               0      20.0000000
asian_coll        4607709       0.0177632       0.7901976               0       1.0000000
black_coll        4607709       0.0163711       0.7591388               0       1.0000000
hisp_ed           4607709       1.2841204      22.2905267               0      20.0000000
hisp_coll         4607709       0.0114017       0.6351279               0       1.0000000
p1                4607709       0.0815866       0.4884942     0.000612652       0.6675240
p2                4607709       0.0909201       0.3821150       0.0017073       0.2315477
p3                4607709       0.0889295       0.2984828       0.0032636       0.1591841
p4                4607709       0.0982218       0.2458448       0.0071276       0.1439071
p5                4607709       0.0979044       0.1865005       0.0127150       0.1332594
p6                4607709       0.0946000       0.1323181       0.0155951       0.1217200
p7                4607709       0.1107085       0.1836155       0.0087660       0.1489274
p8                4607709       0.1047297       0.2966525       0.0034117       0.1707784
p9                4607709       0.1073841       0.4488737       0.0014579       0.2328081
p10               4607709       0.1250153       0.7094693     0.000334980       0.6042732
rmsa              4607709         3008.27        17541.21               0         9320.00
dev               3325320       0.0024819       4.1509384      -1.2616779       2.9380272
devsq             3325320       0.4742207       5.1026664    2.002909E-10       8.6320039
nonmover          4607709       0.5245746       2.9875229               0       1.0000000
-----------------------------------------------------------------------------------------
The SAS System                                                                     17:18 Saturday, December 27, 2008   3

The MEANS Procedure

Variable                N            Mean         Std Dev         Minimum         Maximum
-----------------------------------------------------------------------------------------
state             3519255      28.2969357      99.3003737       1.0000000      56.0000000
msa               3519255         5664.60        20273.27      40.0000000         9999.00
age               3519255      40.7755931      76.8576708      18.0000000      68.0000000
black             3519255       0.1252516       2.0971840               0       1.0000000
grade             3519255      10.3357230      16.0185292       1.0000000      16.0000000
educ              3519255      13.2628437      16.4349971               0      20.0000000
english            261229       1.3124379       4.1480396       1.0000000       4.0000000
pob               3519255      30.8381136     149.4798250       1.0000000     528.0000000
weeks             3519255      37.6656396     131.4171885               0      52.0000000
wagesal           3519255        26981.69       236020.16               0       385000.00
selfinc           3519255         2079.08        96359.62       -10000.00       355000.00
imm               3519255               0               0               0               0
female            3519255       0.5017155       3.1678949               0       1.0000000
hispanic          3519255       0.0626403       1.5352652               0       1.0000000
annhrs            3519255         1569.11         6416.93               0         5148.00
emp               3519255       0.8193429       2.4376071               0       1.0000000
dropout           3519255       0.1422682       2.2132631               0       1.0000000
somecoll          3519255       0.3103404       2.9311623               0       1.0000000
collplus          3519255       0.2518636       2.7502767               0       1.0000000
eclass            3519255       2.6717993       6.3634816       1.0000000       4.0000000
c                 3519255       1.0000000               0       1.0000000       1.0000000
advanced          3519255       0.0862011       1.7782180               0       1.0000000
inschool          3519255       0.0854715       1.7713831               0       1.0000000
exp               3519255      20.5742627      76.2064974       1.0000000      45.0000000
xclass            3519255       4.5223990      15.1613625       1.0000000       9.0000000
wage              2693811      18.4784108     135.7902096       3.8624992     257.5000000
wage2             2573296      18.3111831     133.5559593       3.8624992     257.5000000
exp2              3519255       5.6796977      34.1854757       0.0100000      20.2500000
exp3              3519255      17.9349021     143.1715538     0.000999999      91.1250000
logwage2          2573296       2.6309806       4.3370498       1.3513145       5.5510178
owage             2693811      19.5155941         1395.55       0.0010256       320000.00
ic                3519255      -1.0000000               0      -1.0000000      -1.0000000
euro              3519255               0               0               0               0
hi_asian          3519255               0               0               0               0
mid_asian         3519255               0               0               0               0
mex               3519255               0               0               0               0
yrsinus           3519255               0               0               0               0
pre_exp           3519255               0               0               0               0
pre_exp1          3519255               0               0               0               0
yrsinus2          3519255               0               0               0               0
euro_ed           3519255               0               0               0               0
hi_asian_ed       3519255               0               0               0               0
mid_asian_ed      3519255               0               0               0               0
mex_ed            3519255               0               0               0               0
euro_coll         3519255               0               0               0               0
hi_asian_coll     3519255               0               0               0               0
mid_asian_coll    3519255               0               0               0               0
mex_coll          3519255               0               0               0               0
euro_yrs          3519255               0               0               0               0
hi_asian_yrs      3519255               0               0               0               0
mid_asian_yrs     3519255               0               0               0               0
mex_yrs           3519255               0               0               0               0
euro_yrs2         3519255               0               0               0               0
-----------------------------------------------------------------------------------------
The SAS System                                                                     17:18 Saturday, December 27, 2008   4

The MEANS Procedure

Variable                N            Mean         Std Dev         Minimum         Maximum
-----------------------------------------------------------------------------------------
hi_asian_yrs2     3519255               0               0               0               0
mid_asian_yrs2    3519255               0               0               0               0
mex_yrs2          3519255               0               0               0               0
imm_ed            3519255               0               0               0               0
imm_coll          3519255               0               0               0               0
asian             3519255       0.0077669       0.5562038               0       1.0000000
asian_ed          3519255       0.1096427       8.0114990               0      20.0000000
black_ed          3519255       1.5596071      26.6765909               0      20.0000000
asian_coll        3519255       0.0032294       0.3594713               0       1.0000000
black_coll        3519255       0.0166650       0.8110666               0       1.0000000
hisp_ed           3519255       0.7519113      18.9920124               0      20.0000000
hisp_coll         3519255       0.0074107       0.5433994               0       1.0000000
p1                3519255       0.0763391       0.4954799       0.0010635       0.6671970
p2                3519255       0.0878334       0.4006679       0.0027291       0.2315473
p3                3519255       0.0869764       0.3185997       0.0049487       0.1591841
p4                3519255       0.0968201       0.2655833       0.0103030       0.1439071
p5                3519255       0.0972940       0.2021932       0.0175462       0.1332594
p6                3519255       0.0946419       0.1396828       0.0155951       0.1217199
p7                3519255       0.1116687       0.1892266       0.0087660       0.1489274
p8                3519255       0.1067264       0.3129372       0.0034117       0.1707784
p9                3519255       0.1108002       0.4792704       0.0014579       0.2328081
p10               3519255       0.1308998       0.7597208     0.000336084       0.5411772
rmsa              3519255         2818.72        18608.35               0         9320.00
dev               2573296       0.0179890       4.3370510      -1.2616779       2.9380272
devsq             2573296       0.4637284       5.3394536    2.002909E-10       8.6320039
nonmover          3519255       0.6123050       3.0869693               0       1.0000000
-----------------------------------------------------------------------------------------
The SAS System                                                                     17:18 Saturday, December 27, 2008   5

The MEANS Procedure

Variable                N            Mean         Std Dev         Minimum         Maximum
-----------------------------------------------------------------------------------------
state             1088454      23.1672444      76.3513669       1.0000000      56.0000000
msa               1088454         5110.52        11650.25      40.0000000         9999.00
age               1088454      38.5821616      54.1143498      18.0000000      68.0000000
black             1088454       0.0639484       1.1398820               0       1.0000000
grade             1088454       8.7943889      18.6671321       1.0000000      16.0000000
educ              1088454      11.6416252      21.0745398               0      20.0000000
english            917260       2.0976342       4.8415291       1.0000000       4.0000000
pob               1088454     270.4079204     357.4731151     100.0000000     528.0000000
weeks             1088454      33.8071659     102.7171808               0      52.0000000
wagesal           1088454        21903.54       164370.04               0       385000.00
selfinc           1088454         1739.16        62800.83       -10000.00       355000.00
imm               1088454       1.0000000               0       1.0000000       1.0000000
female            1088454       0.4888917       2.3289383               0       1.0000000
hispanic          1088454       0.4718180       2.3258100               0       1.0000000
annhrs            1088454         1405.99         4858.62               0         5148.00
emp               1088454       0.7588077       1.9931627               0       1.0000000
dropout           1088454       0.3742958       2.2546919               0       1.0000000
somecoll          1088454       0.1920410       1.8352145               0       1.0000000
collplus          1088454       0.2375088       1.9826792               0       1.0000000
eclass            1088454       2.2927628       5.5726748       1.0000000       4.0000000
c                 1088454       1.0000000               0       1.0000000       1.0000000
advanced          1088454       0.0997443       1.3961183               0       1.0000000
inschool          1088454       0.1047837       1.4269411               0       1.0000000
exp               1088454      19.3709319      53.7899152       1.0000000      45.0000000
xclass            1088454       4.2781549      10.7404784       1.0000000       9.0000000
wage               774656      17.5056178     108.4548010       3.8624992     257.5000000
wage2              752024      17.3220358     106.8608611       3.8624992     257.5000000
exp2              1088454       5.0852710      23.9314501       0.0100000      20.2500000
exp3              1088454      15.5660353      98.9264598     0.000999999      91.1250000
logwage2           752024       2.5165339       3.4026847       1.3513145       5.5510178
owage              774656      18.5945201     393.0325389     0.000961538        36111.11
ic                1088454      12.3978045      58.0728375       1.0000000      38.0000000
euro              1088454       0.1655542       1.7316670               0       1.0000000
hi_asian          1088454       0.1100847       1.4582534               0       1.0000000
mid_asian         1088454       0.1099898       1.4577027               0       1.0000000
mex               1088454       0.3075748       2.1500917               0       1.0000000
yrsinus           1088454      15.6296388      53.1086452               0      72.0000000
pre_exp           1088454       3.7412932      52.6744606     -28.0000000      45.0000000
pre_exp1          1088454       0.1977887       1.8558389               0       1.0000000
yrsinus2          1088454     374.2247738         2289.21               0         5184.00
euro_ed           1088454       2.2835244      24.6799394               0      20.0000000
hi_asian_ed       1088454       1.6335432      22.2096531               0      20.0000000
mid_asian_ed      1088454       1.4542754      20.2587070               0      20.0000000
mex_ed            1088454       2.6378581      21.4142359               0      20.0000000
euro_coll         1088454       0.0600275       1.1066945               0       1.0000000
hi_asian_coll     1088454       0.0621223       1.1245841               0       1.0000000
mid_asian_coll    1088454       0.0422508       0.9372135               0       1.0000000
mex_coll          1088454       0.0114077       0.4947690               0       1.0000000
euro_yrs          1088454       3.4396038      46.1909047               0      72.0000000
hi_asian_yrs      1088454       1.6045932      26.4081268               0      70.0000000
mid_asian_yrs     1088454       1.6500757      26.3647159               0      70.0000000
mex_yrs           1088454       4.2974229      39.8873205               0      70.0000000
euro_yrs2         1088454     110.1238684         1844.73               0         5184.00
-----------------------------------------------------------------------------------------
The SAS System                                                                     17:18 Saturday, December 27, 2008   6

The MEANS Procedure

Variable                N            Mean         Std Dev         Minimum         Maximum
-----------------------------------------------------------------------------------------
hi_asian_yrs2     1088454      34.7028030     735.8419141               0         4900.00
mid_asian_yrs2    1088454      34.7452932     737.8739100               0         4900.00
mex_yrs2          1088454      91.7636881         1199.69               0         4900.00
imm_ed            1088454      11.6416252      21.0745398               0      20.0000000
imm_coll          1088454       0.2375088       1.9826792               0       1.0000000
asian             1088454       0.2333403       1.9705677               0       1.0000000
asian_ed          1088454       3.2059271      28.5353786               0      20.0000000
black_ed          1088454       0.8207243      15.1108975               0      20.0000000
asian_coll        1088454       0.1046666       1.4262370               0       1.0000000
black_coll        1088454       0.0146139       0.5590906               0       1.0000000
hisp_ed           1088454       4.4664085      26.0875554               0      20.0000000
hisp_coll         1088454       0.0352652       0.8593542               0       1.0000000
p1                1088454       0.1129637       0.4375590     0.000612652       0.6675240
p2                1088454       0.1093765       0.3007078       0.0017073       0.2315477
p3                1088454       0.1006079       0.2133061       0.0032636       0.1591841
p4                1088454       0.1066031       0.1613096       0.0071276       0.1439071
p5                1088454       0.1015543       0.1213392       0.0127150       0.1332594
p6                1088454       0.0943497       0.1050222       0.0207191       0.1217200
p7                1088454       0.1049670       0.1616022       0.0139095       0.1489274
p8                1088454       0.0927907       0.2286804       0.0062203       0.1707784
p9                1088454       0.0869579       0.3157500       0.0021461       0.2328081
p10               1088454       0.0898293       0.4829805     0.000334980       0.6042732
rmsa              1088454         4141.65        12264.57               0         9320.00
dev                752024      -0.0964578       3.4026858      -1.2616779       2.9380272
devsq              752024       0.5411653       4.1789599    2.002909E-10       8.6320039
nonmover          1088454               0               0               0               0
-----------------------------------------------------------------------------------------
