The SAS System                                                                     17:24 Saturday, December 27, 2008   1

The MEANS Procedure

Variable          N            Mean         Std Dev         Minimum         Maximum
-----------------------------------------------------------------------------------
imm         1318910               0               0               0               0
female      1318910               0               0               0               0
logwage2    1318910       2.7485263       4.4599750       1.3513145       5.5510178
educ        1318910      13.3741392      16.1301324               0      20.0000000
exp         1318910      19.1733429      73.1910151       1.0000000      45.0000000
rmsa0       1318910       0.2040236       2.5764315               0       1.0000000
rmsa1       1318910       0.1565754       2.3233422               0       1.0000000
-----------------------------------------------------------------------------------
The SAS System                                                                     17:24 Saturday, December 27, 2008   2

The MEANS Procedure

Variable          N            Mean         Std Dev         Minimum         Maximum
-----------------------------------------------------------------------------------
imm         1254386               0               0               0               0
female      1254386       1.0000000               0       1.0000000       1.0000000
logwage2    1254386       2.5056015       4.0553427       1.3513145       5.5510178
educ        1254386      13.5168725      14.8940223               0      20.0000000
exp         1254386      19.2507823      72.5300498       1.0000000      45.0000000
rmsa0       1254386       0.2022128       2.5495233               0       1.0000000
rmsa1       1254386       0.1537848       2.2898562               0       1.0000000
-----------------------------------------------------------------------------------
The SAS System                                                                     17:24 Saturday, December 27, 2008   3

The MEANS Procedure

Variable         N            Mean         Std Dev         Minimum         Maximum
----------------------------------------------------------------------------------
imm         434633       1.0000000               0       1.0000000       1.0000000
female      434633               0               0               0               0
logwage2    434633       2.5779167       3.4867462       1.3513145       5.5510178
educ        434633      11.6784266      21.5920980               0      20.0000000
exp         434633      18.3261068      50.6870859       1.0000000      45.0000000
rmsa0       434633       0.0572139       1.0846249               0       1.0000000
rmsa1       434633       0.0823413       1.2837243               0       1.0000000
----------------------------------------------------------------------------------
The SAS System                                                                     17:24 Saturday, December 27, 2008   4

The MEANS Procedure

Variable         N            Mean         Std Dev         Minimum         Maximum
----------------------------------------------------------------------------------
imm         317391       1.0000000               0       1.0000000       1.0000000
female      317391       1.0000000               0       1.0000000       1.0000000
logwage2    317391       2.4321091       3.2431366       1.3513145       5.5510178
educ        317391      12.2658999      19.2985131               0      20.0000000
exp         317391      19.3896949      51.9481366       1.0000000      45.0000000
rmsa0       317391       0.0505068       1.0204593               0       1.0000000
rmsa1       317391       0.0809196       1.2708038               0       1.0000000
----------------------------------------------------------------------------------
The SAS System                                                                     17:24 Saturday, December 27, 2008   5

The GLM Procedure

         Class Level Information
 
Class         Levels    Values

eclass             4    1 2 3 4           

xclass             9    1 2 3 4 5 6 7 8 9 

homey              2    0 1               


Number of Observations Read     1318910
Number of Observations Used     1318910
The SAS System                                                                     17:24 Saturday, December 27, 2008   6

The GLM Procedure
 
Dependent Variable: logwage2   

Weight: wt   

                                        Sum of
Source                      DF         Squares     Mean Square    F Value    Pr > F

Model                       55      7211851.46       131124.57    9090.76    <.0001

Error                   1.32E6     19023064.82           14.42                     

Corrected Total         1.32E6     26234916.28                                     


R-Square     Coeff Var      Root MSE    logwage2 Mean

0.274895      138.1790      3.797886         2.748526


Source                      DF       Type I SS     Mean Square    F Value    Pr > F

exp                          1     1768396.902     1768396.902     122602    <.0001
exp2                         1      813830.378      813830.378    56422.2    <.0001
exp3                         1       38658.161       38658.161    2680.14    <.0001
educ                         1     3729437.189     3729437.189     258559    <.0001
eclass*xclass               35      338188.257        9662.522     669.89    <.0001
inschool                     1       31267.901       31267.901    2167.78    <.0001
advanced                     1       19993.476       19993.476    1386.13    <.0001
ft                           1        4219.038        4219.038     292.50    <.0001
lowhrs                       1       53211.910       53211.910    3689.14    <.0001
hisp_ed                      1        8405.757        8405.757     582.76    <.0001
hisp_coll                    1         874.102         874.102      60.60    <.0001
black_ed                     1      107572.638      107572.638    7457.93    <.0001
black_coll                   1         118.095         118.095       8.19    0.0042
asian_ed                     1          63.002          63.002       4.37    0.0366
asian_coll                   1           8.455           8.455       0.59    0.4439
eclass*homey                 4        9329.879        2332.470     161.71    <.0001
rmsa0                        1      204084.218      204084.218    14149.0    <.0001
rmsa1                        1       84192.099       84192.099    5836.97    <.0001


Source                      DF     Type III SS     Mean Square    F Value    Pr > F

exp                          1      47688.6354      47688.6354    3306.22    <.0001
exp2                         1      11783.3056      11783.3056     816.93    <.0001
exp3                         1       3027.0817       3027.0817     209.87    <.0001
educ                         1      31704.3840      31704.3840    2198.04    <.0001
eclass*xclass               32      50304.9215       1572.0288     108.99    <.0001
inschool                     1      32047.8842      32047.8842    2221.85    <.0001
advanced                     1      16156.4636      16156.4636    1120.11    <.0001
ft                           1      30452.0949      30452.0949    2111.22    <.0001
lowhrs                       1      56965.0707      56965.0707    3949.34    <.0001
hisp_ed                      1      21443.8452      21443.8452    1486.68    <.0001
hisp_coll                    1          5.9263          5.9263       0.41    0.5215
black_ed                     1     115198.9910     115198.9910    7986.65    <.0001
black_coll                   1        591.6596        591.6596      41.02    <.0001
The SAS System                                                                     17:24 Saturday, December 27, 2008   7

The GLM Procedure
 
Dependent Variable: logwage2   

Source                      DF     Type III SS     Mean Square    F Value    Pr > F

asian_ed                     1        199.2275        199.2275      13.81    0.0002
asian_coll                   1         88.3632         88.3632       6.13    0.0133
eclass*homey                 4       9936.5169       2484.1292     172.22    <.0001
rmsa0                        1     256564.8097     256564.8097    17787.4    <.0001
rmsa1                        1      84192.0990      84192.0990    5836.97    <.0001


                                            Standard
Parameter                 Estimate             Error    t Value    Pr > |t|

Intercept              1.885950447 B      0.02043057      92.31      <.0001
exp                    0.064696786        0.00112517      57.50      <.0001
exp2                  -0.173659974        0.00607586     -28.58      <.0001
exp3                   0.013603778        0.00093905      14.49      <.0001
educ                   0.030155824        0.00064321      46.88      <.0001
eclass*xclass 1 1     -0.387788915 B      0.01738104     -22.31      <.0001
eclass*xclass 1 2     -0.385958917 B      0.01694317     -22.78      <.0001
eclass*xclass 1 3     -0.410657910 B      0.01629556     -25.20      <.0001
eclass*xclass 1 4     -0.450157741 B      0.01548071     -29.08      <.0001
eclass*xclass 1 5     -0.430587763 B      0.01455492     -29.58      <.0001
eclass*xclass 1 6     -0.420113049 B      0.01367728     -30.72      <.0001
eclass*xclass 1 7     -0.346171390 B      0.01251740     -27.66      <.0001
eclass*xclass 1 8     -0.277817316 B      0.01072067     -25.91      <.0001
eclass*xclass 1 9     -0.217127100 B      0.00958916     -22.64      <.0001
eclass*xclass 2 1     -0.217785471 B      0.01710286     -12.73      <.0001
eclass*xclass 2 2     -0.211140249 B      0.01633712     -12.92      <.0001
eclass*xclass 2 3     -0.267586745 B      0.01562427     -17.13      <.0001
eclass*xclass 2 4     -0.276709512 B      0.01475741     -18.75      <.0001
eclass*xclass 2 5     -0.280095728 B      0.01384967     -20.22      <.0001
eclass*xclass 2 6     -0.253596855 B      0.01283348     -19.76      <.0001
eclass*xclass 2 7     -0.192789468 B      0.01138467     -16.93      <.0001
eclass*xclass 2 8     -0.139945600 B      0.00936923     -14.94      <.0001
eclass*xclass 2 9     -0.136906389 B      0.00830082     -16.49      <.0001
eclass*xclass 3 1     -0.091897864 B      0.01698755      -5.41      <.0001
eclass*xclass 3 2     -0.079100245 B      0.01620477      -4.88      <.0001
eclass*xclass 3 3     -0.108477267 B      0.01548984      -7.00      <.0001
eclass*xclass 3 4     -0.128763650 B      0.01465333      -8.79      <.0001
eclass*xclass 3 5     -0.141397985 B      0.01373037     -10.30      <.0001
eclass*xclass 3 6     -0.127492982 B      0.01265181     -10.08      <.0001
eclass*xclass 3 7     -0.071869642 B      0.01129044      -6.37      <.0001
eclass*xclass 3 8     -0.033310763 B      0.00947120      -3.52      0.0004
eclass*xclass 3 9     -0.095706636 B      0.00886321     -10.80      <.0001
eclass*xclass 4 1      0.100822568 B      0.01683060       5.99      <.0001
eclass*xclass 4 2      0.105867886 B      0.01604820       6.60      <.0001
eclass*xclass 4 3      0.136052719 B      0.01531795       8.88      <.0001
eclass*xclass 4 4      0.128585672 B      0.01446947       8.89      <.0001
eclass*xclass 4 5      0.081113432 B      0.01351603       6.00      <.0001
eclass*xclass 4 6      0.078113928 B      0.01237744       6.31      <.0001
eclass*xclass 4 7      0.133078921 B      0.01099972      12.10      <.0001
eclass*xclass 4 8      0.106370407 B      0.00929149      11.45      <.0001
eclass*xclass 4 9      0.000000000 B       .                .         .    
inschool              -0.098734604        0.00209465     -47.14      <.0001
The SAS System                                                                     17:24 Saturday, December 27, 2008   8

The GLM Procedure
 
Dependent Variable: logwage2   

                                            Standard
Parameter                 Estimate             Error    t Value    Pr > |t|

advanced               0.089963324        0.00268803      33.47      <.0001
ft                     0.085295926        0.00185636      45.95      <.0001
lowhrs                 0.153047996        0.00243537      62.84      <.0001
hisp_ed               -0.007646640        0.00019832     -38.56      <.0001
hisp_coll             -0.004406615        0.00687472      -0.64      0.5215
black_ed              -0.013659438        0.00015284     -89.37      <.0001
black_coll             0.032954437        0.00514541       6.40      <.0001
asian_ed              -0.002241189        0.00060304      -3.72      0.0002
asian_coll             0.033444582        0.01351238       2.48      0.0133
eclass*homey  1 0     -0.004739604 B      0.00316393      -1.50      0.1341
eclass*homey  1 1      0.000000000 B       .                .         .    
eclass*homey  2 0     -0.026780974 B      0.00207062     -12.93      <.0001
eclass*homey  2 1      0.000000000 B       .                .         .    
eclass*homey  3 0     -0.023786243 B      0.00192045     -12.39      <.0001
eclass*homey  3 1      0.000000000 B       .                .         .    
eclass*homey  4 0      0.038687849 B      0.00202296      19.12      <.0001
eclass*homey  4 1      0.000000000 B       .                .         .    
rmsa0                 -0.179231667        0.00134387    -133.37      <.0001
rmsa1                 -0.111970592        0.00146558     -76.40      <.0001

NOTE: The X'X matrix has been found to be singular, and a generalized inverse was used to solve the normal equations.  
      Terms whose estimates are followed by the letter 'B' are not uniquely estimable.
The SAS System                                                                     17:24 Saturday, December 27, 2008   9

The GLM Procedure

         Class Level Information
 
Class         Levels    Values

eclass             4    1 2 3 4           

xclass             9    1 2 3 4 5 6 7 8 9 

homey              2    0 1               


Number of Observations Read     1254386
Number of Observations Used     1254386
The SAS System                                                                     17:24 Saturday, December 27, 2008  10

The GLM Procedure
 
Dependent Variable: logwage2   

Weight: wt   

                                        Sum of
Source                      DF         Squares     Mean Square    F Value    Pr > F

Model                       55      4819047.51        87619.05    6951.36    <.0001

Error                   1.25E6     15810322.49           12.60                     

Corrected Total         1.25E6     20629370.00                                     


R-Square     Coeff Var      Root MSE    logwage2 Mean

0.233601      141.6943      3.550295         2.505602


Source                      DF       Type I SS     Mean Square    F Value    Pr > F

exp                          1      329837.957      329837.957    26168.1    <.0001
exp2                         1      413655.617      413655.617    32817.8    <.0001
exp3                         1       27042.560       27042.560    2145.45    <.0001
educ                         1     3343491.272     3343491.272     265260    <.0001
eclass*xclass               35      239486.497        6842.471     542.86    <.0001
inschool                     1        5837.281        5837.281     463.11    <.0001
advanced                     1       28282.608       28282.608    2243.83    <.0001
ft                           1       29757.193       29757.193    2360.82    <.0001
lowhrs                       1       24439.346       24439.346    1938.92    <.0001
hisp_ed                      1         147.340         147.340      11.69    0.0006
hisp_coll                    1         232.336         232.336      18.43    <.0001
black_ed                     1         116.379         116.379       9.23    0.0024
black_coll                   1          11.508          11.508       0.91    0.3393
asian_ed                     1        4899.560        4899.560     388.71    <.0001
asian_coll                   1         123.686         123.686       9.81    0.0017
eclass*homey                 4         355.697          88.924       7.05    <.0001
rmsa0                        1      265310.781      265310.781    21048.7    <.0001
rmsa1                        1      106019.888      106019.888    8411.21    <.0001


Source                      DF     Type III SS     Mean Square    F Value    Pr > F

exp                          1      28698.5870      28698.5870    2276.84    <.0001
exp2                         1      10098.0656      10098.0656     801.14    <.0001
exp3                         1       4279.5659       4279.5659     339.52    <.0001
educ                         1      20050.7615      20050.7615    1590.75    <.0001
eclass*xclass               32      29152.2116        911.0066      72.28    <.0001
inschool                     1       5219.5146       5219.5146     414.10    <.0001
advanced                     1      27816.9213      27816.9213    2206.89    <.0001
ft                           1      48398.0550      48398.0550    3839.71    <.0001
lowhrs                       1      24773.8157      24773.8157    1965.46    <.0001
hisp_ed                      1       1476.8308       1476.8308     117.17    <.0001
hisp_coll                    1         12.8004         12.8004       1.02    0.3136
black_ed                     1       6051.2797       6051.2797     480.09    <.0001
black_coll                   1        488.8299        488.8299      38.78    <.0001
The SAS System                                                                     17:24 Saturday, December 27, 2008  11

The GLM Procedure
 
Dependent Variable: logwage2   

Source                      DF     Type III SS     Mean Square    F Value    Pr > F

asian_ed                     1       1143.9153       1143.9153      90.75    <.0001
asian_coll                   1         25.1505         25.1505       2.00    0.1578
eclass*homey                 4        313.7349         78.4337       6.22    <.0001
rmsa0                        1     331417.0759     331417.0759    26293.4    <.0001
rmsa1                        1     106019.8881     106019.8881    8411.21    <.0001


                                            Standard
Parameter                 Estimate             Error    t Value    Pr > |t|

Intercept              1.789019195 B      0.02122500      84.29      <.0001
exp                    0.051237440        0.00107380      47.72      <.0001
exp2                  -0.164889727        0.00582558     -28.30      <.0001
exp3                   0.016696419        0.00090612      18.43      <.0001
educ                   0.029082273        0.00072917      39.88      <.0001
eclass*xclass 1 1     -0.326845878 B      0.01773568     -18.43      <.0001
eclass*xclass 1 2     -0.369615869 B      0.01748669     -21.14      <.0001
eclass*xclass 1 3     -0.381560543 B      0.01693392     -22.53      <.0001
eclass*xclass 1 4     -0.415725224 B      0.01615137     -25.74      <.0001
eclass*xclass 1 5     -0.402601336 B      0.01532779     -26.27      <.0001
eclass*xclass 1 6     -0.372059736 B      0.01457383     -25.53      <.0001
eclass*xclass 1 7     -0.317266138 B      0.01353990     -23.43      <.0001
eclass*xclass 1 8     -0.300124562 B      0.01197884     -25.05      <.0001
eclass*xclass 1 9     -0.281488054 B      0.01112084     -25.31      <.0001
eclass*xclass 2 1     -0.210063774 B      0.01737407     -12.09      <.0001
eclass*xclass 2 2     -0.226222502 B      0.01667245     -13.57      <.0001
eclass*xclass 2 3     -0.273945657 B      0.01600500     -17.12      <.0001
eclass*xclass 2 4     -0.281249315 B      0.01521363     -18.49      <.0001
eclass*xclass 2 5     -0.279594238 B      0.01440384     -19.41      <.0001
eclass*xclass 2 6     -0.248436100 B      0.01348379     -18.42      <.0001
eclass*xclass 2 7     -0.218572155 B      0.01218218     -17.94      <.0001
eclass*xclass 2 8     -0.202165111 B      0.01045629     -19.33      <.0001
eclass*xclass 2 9     -0.217499294 B      0.00953762     -22.80      <.0001
eclass*xclass 3 1     -0.075787971 B      0.01717726      -4.41      <.0001
eclass*xclass 3 2     -0.071843752 B      0.01644071      -4.37      <.0001
eclass*xclass 3 3     -0.103793625 B      0.01577079      -6.58      <.0001
eclass*xclass 3 4     -0.119757084 B      0.01502415      -7.97      <.0001
eclass*xclass 3 5     -0.103962316 B      0.01421474      -7.31      <.0001
eclass*xclass 3 6     -0.083046481 B      0.01328208      -6.25      <.0001
eclass*xclass 3 7     -0.061381430 B      0.01207383      -5.08      <.0001
eclass*xclass 3 8     -0.061931486 B      0.01049103      -5.90      <.0001
eclass*xclass 3 9     -0.092982792 B      0.01008390      -9.22      <.0001
eclass*xclass 4 1      0.184335092 B      0.01697535      10.86      <.0001
eclass*xclass 4 2      0.193306342 B      0.01627259      11.88      <.0001
eclass*xclass 4 3      0.189366674 B      0.01561583      12.13      <.0001
eclass*xclass 4 4      0.142223207 B      0.01485879       9.57      <.0001
eclass*xclass 4 5      0.120517219 B      0.01401912       8.60      <.0001
eclass*xclass 4 6      0.125453614 B      0.01307835       9.59      <.0001
eclass*xclass 4 7      0.141631657 B      0.01193860      11.86      <.0001
eclass*xclass 4 8      0.107005691 B      0.01074211       9.96      <.0001
eclass*xclass 4 9      0.000000000 B       .                .         .    
inschool              -0.037369637        0.00183640     -20.35      <.0001
The SAS System                                                                     17:24 Saturday, December 27, 2008  12

The GLM Procedure
 
Dependent Variable: logwage2   

                                            Standard
Parameter                 Estimate             Error    t Value    Pr > |t|

advanced               0.125562105        0.00267281      46.98      <.0001
ft                     0.085177175        0.00137459      61.97      <.0001
lowhrs                 0.076159718        0.00171788      44.33      <.0001
hisp_ed               -0.002096702        0.00019370     -10.82      <.0001
hisp_coll              0.006279910        0.00623169       1.01      0.3136
black_ed              -0.002963284        0.00013524     -21.91      <.0001
black_coll             0.025355459        0.00407152       6.23      <.0001
asian_ed               0.005858760        0.00061500       9.53      <.0001
asian_coll            -0.018776351        0.01329237      -1.41      0.1578
eclass*homey  1 0      0.009666430 B      0.00352722       2.74      0.0061
eclass*homey  1 1      0.000000000 B       .                .         .    
eclass*homey  2 0     -0.002083196 B      0.00204312      -1.02      0.3079
eclass*homey  2 1      0.000000000 B       .                .         .    
eclass*homey  3 0     -0.003250211 B      0.00175686      -1.85      0.0643
eclass*homey  3 1      0.000000000 B       .                .         .    
eclass*homey  4 0     -0.006973852 B      0.00194016      -3.59      0.0003
eclass*homey  4 1      0.000000000 B       .                .         .    
rmsa0                 -0.210379997        0.00129742    -162.15      <.0001
rmsa1                 -0.130660751        0.00142468     -91.71      <.0001

NOTE: The X'X matrix has been found to be singular, and a generalized inverse was used to solve the normal equations.  
      Terms whose estimates are followed by the letter 'B' are not uniquely estimable.
The SAS System                                                                     17:24 Saturday, December 27, 2008  13

The GLM Procedure

                                                Class Level Information
 
Class       Levels  Values

ic              38  1 2 3 4 5 6 7 8 9 10 11 12 13 14 15 16 17 18 19 20 21 22 23 24 25 26 27 28 29 30 31 32 33 34 35 36  
                    37 38                                                                                               

eclass           4  1 2 3 4                                                                                             

xclass           9  1 2 3 4 5 6 7 8 9                                                                                   


Number of Observations Read      434633
Number of Observations Used      434633
The SAS System                                                                     17:24 Saturday, December 27, 2008  14

The GLM Procedure
 
Dependent Variable: logwage2   

Weight: wt   

                                        Sum of
Source                      DF         Squares     Mean Square    F Value    Pr > F

Model                      168     1582784.346        9421.335    1105.92    <.0001

Error                   434464     3701210.299           8.519                     

Corrected Total         434632     5283994.645                                     


R-Square     Coeff Var      Root MSE    logwage2 Mean

0.299543      113.2208      2.918737         2.577917


Source                      DF       Type I SS     Mean Square    F Value    Pr > F

exp                          1     117959.4321     117959.4321    13846.6    <.0001
exp2                         1      42201.4555      42201.4555    4953.79    <.0001
exp3                         1        960.0591        960.0591     112.70    <.0001
educ                         1     881706.2540     881706.2540     103498    <.0001
eclass*xclass               35     213919.9025       6111.9972     717.45    <.0001
inschool                     1       6648.1414       6648.1414     780.39    <.0001
advanced                     1      18482.8626      18482.8626    2169.60    <.0001
ft                           1      20945.9003      20945.9003    2458.72    <.0001
lowhrs                       1      49154.7915      49154.7915    5770.00    <.0001
mex_ed                       1      21901.8214      21901.8214    2570.93    <.0001
mex_coll                     1       3444.6002       3444.6002     404.34    <.0001
euro_ed                      1      25990.3703      25990.3703    3050.86    <.0001
euro_coll                    1       5255.1288       5255.1288     616.87    <.0001
hisp_ed                      1       5939.1677       5939.1677     697.17    <.0001
hisp_coll                    1       2360.0064       2360.0064     277.03    <.0001
hi_asian_ed                  1       8604.0608       8604.0608    1009.98    <.0001
hi_asian_coll                1       2081.1066       2081.1066     244.29    <.0001
mid_asian_ed                 1         37.3832         37.3832       4.39    0.0362
mid_asian_coll               1        694.0370        694.0370      81.47    <.0001
ic                          37      43292.1516       1170.0582     137.35    <.0001
yrsinus*ic                  38      98049.6154       2580.2530     302.88    <.0001
yrsinus2*ic                 38       4845.3125        127.5082      14.97    <.0001
rmsa0                        1       5236.0248       5236.0248     614.63    <.0001
rmsa1                        1       3074.7597       3074.7597     360.93    <.0001


Source                      DF     Type III SS     Mean Square    F Value    Pr > F

exp                          1      4540.93133      4540.93133     533.03    <.0001
exp2                         1      1844.67861      1844.67861     216.54    <.0001
exp3                         1       809.01515       809.01515      94.97    <.0001
educ                         1      1551.31032      1551.31032     182.10    <.0001
eclass*xclass               35     44328.24163      1266.52119     148.67    <.0001
inschool                     1      8656.01254      8656.01254    1016.08    <.0001
advanced                     1     16479.50554     16479.50554    1934.44    <.0001
The SAS System                                                                     17:24 Saturday, December 27, 2008  15

The GLM Procedure
 
Dependent Variable: logwage2   

Source                      DF     Type III SS     Mean Square    F Value    Pr > F

ft                           1         3.44029         3.44029       0.40    0.5251
lowhrs                       1     49350.78214     49350.78214    5793.01    <.0001
mex_ed                       1        38.83216        38.83216       4.56    0.0328
mex_coll                     1       292.38386       292.38386      34.32    <.0001
euro_ed                      1       869.81832       869.81832     102.10    <.0001
euro_coll                    1       348.68609       348.68609      40.93    <.0001
hisp_ed                      1       506.56336       506.56336      59.46    <.0001
hisp_coll                    1       282.47265       282.47265      33.16    <.0001
hi_asian_ed                  1         7.71070         7.71070       0.91    0.3414
hi_asian_coll                1       694.44764       694.44764      81.52    <.0001
mid_asian_ed                 1       321.39723       321.39723      37.73    <.0001
mid_asian_coll               1       236.04725       236.04725      27.71    <.0001
ic                          37     31207.88035       843.45623      99.01    <.0001
yrsinus*ic                  38     26408.47710       694.95992      81.58    <.0001
yrsinus2*ic                 38      4567.17685       120.18886      14.11    <.0001
rmsa0                        1      5937.54707      5937.54707     696.97    <.0001
rmsa1                        1      3074.75973      3074.75973     360.93    <.0001


                                             Standard
Parameter                  Estimate             Error    t Value    Pr > |t|

Intercept               1.974792240 B      0.06311984      31.29      <.0001
exp                     0.050995497        0.00220879      23.09      <.0001
exp2                   -0.175523108        0.01192804     -14.72      <.0001
exp3                    0.017874802        0.00183425       9.75      <.0001
educ                    0.011097545        0.00082238      13.49      <.0001
eclass*xclass  1 1     -0.360138943 B      0.03303225     -10.90      <.0001
eclass*xclass  1 2     -0.364563502 B      0.03192159     -11.42      <.0001
eclass*xclass  1 3     -0.382979195 B      0.03087644     -12.40      <.0001
eclass*xclass  1 4     -0.388043085 B      0.02953795     -13.14      <.0001
eclass*xclass  1 5     -0.384347979 B      0.02797332     -13.74      <.0001
eclass*xclass  1 6     -0.380873440 B      0.02600191     -14.65      <.0001
eclass*xclass  1 7     -0.371808712 B      0.02320403     -16.02      <.0001
eclass*xclass  1 8     -0.340623253 B      0.01957486     -17.40      <.0001
eclass*xclass  1 9     -0.370674876 B      0.01743380     -21.26      <.0001
eclass*xclass  2 1     -0.264617760 B      0.03315481      -7.98      <.0001
eclass*xclass  2 2     -0.233471723 B      0.03196421      -7.30      <.0001
eclass*xclass  2 3     -0.291816520 B      0.03093102      -9.43      <.0001
eclass*xclass  2 4     -0.294322550 B      0.02962707      -9.93      <.0001
eclass*xclass  2 5     -0.296282495 B      0.02808794     -10.55      <.0001
eclass*xclass  2 6     -0.262542853 B      0.02628652      -9.99      <.0001
eclass*xclass  2 7     -0.264679720 B      0.02370790     -11.16      <.0001
eclass*xclass  2 8     -0.255974797 B      0.02069984     -12.37      <.0001
eclass*xclass  2 9     -0.267153265 B      0.01945529     -13.73      <.0001
eclass*xclass  3 1     -0.140969431 B      0.03314124      -4.25      <.0001
eclass*xclass  3 2     -0.106778194 B      0.03194268      -3.34      0.0008
eclass*xclass  3 3     -0.140451944 B      0.03085301      -4.55      <.0001
eclass*xclass  3 4     -0.139302798 B      0.02951781      -4.72      <.0001
eclass*xclass  3 5     -0.159132912 B      0.02800953      -5.68      <.0001
eclass*xclass  3 6     -0.126237786 B      0.02617510      -4.82      <.0001
eclass*xclass  3 7     -0.127581133 B      0.02385623      -5.35      <.0001
The SAS System                                                                     17:24 Saturday, December 27, 2008  16

The GLM Procedure
 
Dependent Variable: logwage2   

                                             Standard
Parameter                  Estimate             Error    t Value    Pr > |t|

eclass*xclass  3 8     -0.131655920 B      0.02094067      -6.29      <.0001
eclass*xclass  3 9     -0.179454674 B      0.02100773      -8.54      <.0001
eclass*xclass  4 1      0.151148907 B      0.03224722       4.69      <.0001
eclass*xclass  4 2      0.126091882 B      0.03098822       4.07      <.0001
eclass*xclass  4 3      0.125356887 B      0.02989295       4.19      <.0001
eclass*xclass  4 4      0.095779657 B      0.02852777       3.36      0.0008
eclass*xclass  4 5      0.080135983 B      0.02690788       2.98      0.0029
eclass*xclass  4 6      0.088016283 B      0.02479449       3.55      0.0004
eclass*xclass  4 7      0.111575408 B      0.02212178       5.04      <.0001
eclass*xclass  4 8      0.056432622 B      0.01847936       3.05      0.0023
eclass*xclass  4 9      0.000000000 B       .                .         .    
inschool               -0.113215070        0.00355173     -31.88      <.0001
advanced                0.196987666        0.00447880      43.98      <.0001
ft                      0.001922846        0.00302581       0.64      0.5251
lowhrs                  0.303003137        0.00398103      76.11      <.0001
mex_ed                  0.001676070        0.00078504       2.14      0.0328
mex_coll               -0.073247114        0.01250284      -5.86      <.0001
euro_ed                -0.015186528        0.00150293     -10.10      <.0001
euro_coll               0.072357459        0.01130996       6.40      <.0001
hisp_ed                -0.004662987        0.00060470      -7.71      <.0001
hisp_coll              -0.058364478        0.01013574      -5.76      <.0001
hi_asian_ed             0.001877268        0.00197321       0.95      0.3414
hi_asian_coll           0.124141494        0.01374967       9.03      <.0001
mid_asian_ed            0.008330750        0.00135631       6.14      <.0001
mid_asian_coll          0.061172402        0.01162120       5.26      <.0001
ic             1       -0.012742419 B      0.05266830      -0.24      0.8088
ic             2       -0.133226127 B      0.05602052      -2.38      0.0174
ic             3        0.259758884 B      0.05781353       4.49      <.0001
ic             4       -0.098212044 B      0.05688681      -1.73      0.0843
ic             5        0.036333658 B      0.05433073       0.67      0.5037
ic             6       -0.221833981 B      0.05577034      -3.98      <.0001
ic             7       -0.020936688 B      0.05451331      -0.38      0.7009
ic             8        0.098382152 B      0.05588693       1.76      0.0783
ic             9       -0.045049750 B      0.05987098      -0.75      0.4518
ic             10       0.138473997 B      0.05718819       2.42      0.0155
ic             11       0.724601565 B      0.05683262      12.75      <.0001
ic             12       0.044009445 B      0.05527299       0.80      0.4259
ic             13       0.018902705 B      0.05473438       0.35      0.7298
ic             14       0.584005825 B      0.05836814      10.01      <.0001
ic             15       0.004866988 B      0.05781262       0.08      0.9329
ic             16       0.345968164 B      0.05870861       5.89      <.0001
ic             17       0.008538552 B      0.06575076       0.13      0.8967
ic             18       0.839270562 B      0.05710908      14.70      <.0001
ic             19       0.498932759 B      0.06315647       7.90      <.0001
ic             20      -0.024422862 B      0.05702203      -0.43      0.6684
ic             21       0.604561500 B      0.06008952      10.06      <.0001
ic             22      -0.125337129 B      0.06653650      -1.88      0.0596
ic             23       0.028156859 B      0.05603151       0.50      0.6153
ic             24      -0.040919064 B      0.05824033      -0.70      0.4823
ic             25       0.201451641 B      0.05960507       3.38      0.0007
ic             26      -0.016670419 B      0.06499081      -0.26      0.7976
The SAS System                                                                     17:24 Saturday, December 27, 2008  17

The GLM Procedure
 
Dependent Variable: logwage2   

                                             Standard
Parameter                  Estimate             Error    t Value    Pr > |t|

ic             27       0.062510885 B      0.06365064       0.98      0.3261
ic             28      -0.125729015 B      0.06242180      -2.01      0.0440
ic             29       0.120526335 B      0.06824453       1.77      0.0774
ic             30       0.194913672 B      0.06581322       2.96      0.0031
ic             31       0.552618124 B      0.05589221       9.89      <.0001
ic             32       0.148632562 B      0.05615930       2.65      0.0081
ic             33      -0.035356227 B      0.05417924      -0.65      0.5140
ic             34       0.071019179 B      0.05468436       1.30      0.1940
ic             35       0.169886996 B      0.05382865       3.16      0.0016
ic             36       0.046891129 B      0.05292458       0.89      0.3756
ic             37       0.101143046 B      0.05712906       1.77      0.0767
ic             38       0.000000000 B       .                .         .    
yrsinus*ic     1        0.016686749        0.00050708      32.91      <.0001
yrsinus*ic     2        0.023069803        0.00165098      13.97      <.0001
yrsinus*ic     3        0.000336104        0.00159113       0.21      0.8327
yrsinus*ic     4        0.023962484        0.00265265       9.03      <.0001
yrsinus*ic     5        0.018496249        0.00205127       9.02      <.0001
yrsinus*ic     6        0.020218014        0.00165015      12.25      <.0001
yrsinus*ic     7        0.015887727        0.00184222       8.62      <.0001
yrsinus*ic     8        0.007701634        0.00245138       3.14      0.0017
yrsinus*ic     9        0.009175388        0.00225113       4.08      <.0001
yrsinus*ic     10       0.014281173        0.00273949       5.21      <.0001
yrsinus*ic     11       0.000573244        0.00155989       0.37      0.7133
yrsinus*ic     12       0.017859078        0.00231034       7.73      <.0001
yrsinus*ic     13       0.015800996        0.00247726       6.38      <.0001
yrsinus*ic     14       0.000815750        0.00185403       0.44      0.6599
yrsinus*ic     15       0.009879051        0.00314983       3.14      0.0017
yrsinus*ic     16       0.018787291        0.00235700       7.97      <.0001
yrsinus*ic     17       0.019988184        0.00380034       5.26      <.0001
yrsinus*ic     18      -0.002182508        0.00165895      -1.32      0.1883
yrsinus*ic     19       0.011730618        0.00246197       4.76      <.0001
yrsinus*ic     20       0.019612072        0.00308570       6.36      <.0001
yrsinus*ic     21      -0.015176614        0.00265151      -5.72      <.0001
yrsinus*ic     22       0.031812162        0.00342006       9.30      <.0001
yrsinus*ic     23       0.014215662        0.00307727       4.62      <.0001
yrsinus*ic     24       0.028013397        0.00326032       8.59      <.0001
yrsinus*ic     25       0.033142603        0.00330757      10.02      <.0001
yrsinus*ic     26       0.018593868        0.00416375       4.47      <.0001
yrsinus*ic     27       0.020732395        0.00412944       5.02      <.0001
yrsinus*ic     28       0.020945891        0.00369466       5.67      <.0001
yrsinus*ic     29       0.011743288        0.00421912       2.78      0.0054
yrsinus*ic     30       0.005594322        0.00490589       1.14      0.2542
yrsinus*ic     31       0.009201771        0.00105408       8.73      <.0001
yrsinus*ic     32       0.034876372        0.00173883      20.06      <.0001
yrsinus*ic     33       0.025153145        0.00211648      11.88      <.0001
yrsinus*ic     34       0.015353776        0.00202949       7.57      <.0001
yrsinus*ic     35       0.015837058        0.00193126       8.20      <.0001
yrsinus*ic     36       0.014214373        0.00161128       8.82      <.0001
yrsinus*ic     37       0.016903682        0.00253664       6.66      <.0001
yrsinus*ic     38       0.010619989        0.00619356       1.71      0.0864
yrsinus2*ic    1       -0.000145520        0.00001328     -10.96      <.0001
The SAS System                                                                     17:24 Saturday, December 27, 2008  18

The GLM Procedure
 
Dependent Variable: logwage2   

                                             Standard
Parameter                  Estimate             Error    t Value    Pr > |t|

yrsinus2*ic    2       -0.000273878        0.00004051      -6.76      <.0001
yrsinus2*ic    3        0.000260878        0.00004701       5.55      <.0001
yrsinus2*ic    4       -0.000336909        0.00008503      -3.96      <.0001
yrsinus2*ic    5       -0.000196358        0.00006337      -3.10      0.0019
yrsinus2*ic    6       -0.000122925        0.00003963      -3.10      0.0019
yrsinus2*ic    7        0.000021680        0.00004203       0.52      0.6060
yrsinus2*ic    8        0.000024160        0.00006219       0.39      0.6977
yrsinus2*ic    9        0.000133678        0.00006242       2.14      0.0322
yrsinus2*ic    10      -0.000149881        0.00006911      -2.17      0.0301
yrsinus2*ic    11       0.000022438        0.00003152       0.71      0.4765
yrsinus2*ic    12      -0.000136401        0.00005965      -2.29      0.0222
yrsinus2*ic    13      -0.000056511        0.00007661      -0.74      0.4607
yrsinus2*ic    14       0.000074584        0.00003480       2.14      0.0321
yrsinus2*ic    15       0.000051554        0.00008548       0.60      0.5464
yrsinus2*ic    16      -0.000162586        0.00004943      -3.29      0.0010
yrsinus2*ic    17      -0.000164317        0.00010333      -1.59      0.1118
yrsinus2*ic    18       0.000012261        0.00003471       0.35      0.7239
yrsinus2*ic    19      -0.000070335        0.00004569      -1.54      0.1237
yrsinus2*ic    20      -0.000082512        0.00008139      -1.01      0.3107
yrsinus2*ic    21       0.000255503        0.00006360       4.02      <.0001
yrsinus2*ic    22      -0.000440807        0.00008195      -5.38      <.0001
yrsinus2*ic    23      -0.000078516        0.00008559      -0.92      0.3589
yrsinus2*ic    24      -0.000312986        0.00008326      -3.76      0.0002
yrsinus2*ic    25      -0.000503066        0.00008461      -5.95      <.0001
yrsinus2*ic    26      -0.000147136        0.00009922      -1.48      0.1381
yrsinus2*ic    27      -0.000206243        0.00010595      -1.95      0.0516
yrsinus2*ic    28      -0.000170149        0.00011138      -1.53      0.1266
yrsinus2*ic    29      -0.000032342        0.00010277      -0.31      0.7530
yrsinus2*ic    30       0.000113021        0.00012622       0.90      0.3706
yrsinus2*ic    31      -0.000078202        0.00002171      -3.60      0.0003
yrsinus2*ic    32      -0.000426478        0.00003779     -11.29      <.0001
yrsinus2*ic    33      -0.000212323        0.00005731      -3.70      0.0002
yrsinus2*ic    34      -0.000112362        0.00005381      -2.09      0.0368
yrsinus2*ic    35      -0.000132927        0.00004915      -2.70      0.0068
yrsinus2*ic    36      -0.000030914        0.00004553      -0.68      0.4971
yrsinus2*ic    37      -0.000145128        0.00005863      -2.48      0.0133
yrsinus2*ic    38       0.000031423        0.00016916       0.19      0.8526
rmsa0                  -0.109492807        0.00414741     -26.40      <.0001
rmsa1                  -0.066244871        0.00348692     -19.00      <.0001

NOTE: The X'X matrix has been found to be singular, and a generalized inverse was used to solve the normal equations.  
      Terms whose estimates are followed by the letter 'B' are not uniquely estimable.
The SAS System                                                                     17:24 Saturday, December 27, 2008  19

The GLM Procedure

                                                Class Level Information
 
Class       Levels  Values

ic              38  1 2 3 4 5 6 7 8 9 10 11 12 13 14 15 16 17 18 19 20 21 22 23 24 25 26 27 28 29 30 31 32 33 34 35 36  
                    37 38                                                                                               

eclass           4  1 2 3 4                                                                                             

xclass           9  1 2 3 4 5 6 7 8 9                                                                                   


Number of Observations Read      317391
Number of Observations Used      317391
The SAS System                                                                     17:24 Saturday, December 27, 2008  20

The GLM Procedure
 
Dependent Variable: logwage2   

Weight: wt   

                                        Sum of
Source                      DF         Squares     Mean Square    F Value    Pr > F

Model                      168      805893.668        4796.986     600.90    <.0001

Error                   317222     2532393.692           7.983                     

Corrected Total         317390     3338287.360                                     


R-Square     Coeff Var      Root MSE    logwage2 Mean

0.241409      116.1718      2.825426         2.432109


Source                      DF       Type I SS     Mean Square    F Value    Pr > F

exp                          1       3444.7425       3444.7425     431.51    <.0001
exp2                         1      14009.7683      14009.7683    1754.94    <.0001
exp3                         1       1996.7248       1996.7248     250.12    <.0001
educ                         1     502066.8687     502066.8687    62891.7    <.0001
eclass*xclass               35     131192.6958       3748.3627     469.54    <.0001
inschool                     1       1646.3610       1646.3610     206.23    <.0001
advanced                     1       6910.7928       6910.7928     865.69    <.0001
ft                           1       2971.3950       2971.3950     372.21    <.0001
lowhrs                       1      17578.7968      17578.7968    2202.02    <.0001
mex_ed                       1      18893.9862      18893.9862    2366.77    <.0001
mex_coll                     1        290.0615        290.0615      36.33    <.0001
euro_ed                      1        916.5480        916.5480     114.81    <.0001
euro_coll                    1        984.0868        984.0868     123.27    <.0001
hisp_ed                      1      10982.3877      10982.3877    1375.72    <.0001
hisp_coll                    1        416.3219        416.3219      52.15    <.0001
hi_asian_ed                  1         54.0403         54.0403       6.77    0.0093
hi_asian_coll                1          1.5855          1.5855       0.20    0.6558
mid_asian_ed                 1        104.9316        104.9316      13.14    0.0003
mid_asian_coll               1       1520.4612       1520.4612     190.46    <.0001
ic                          37      15551.9804        420.3238      52.65    <.0001
yrsinus*ic                  38      61399.1648       1615.7675     202.40    <.0001
yrsinus2*ic                 38       4343.9226        114.3138      14.32    <.0001
rmsa0                        1       5473.8533       5473.8533     685.69    <.0001
rmsa1                        1       3142.1903       3142.1903     393.61    <.0001


Source                      DF     Type III SS     Mean Square    F Value    Pr > F

exp                          1      2427.13539      2427.13539     304.04    <.0001
exp2                         1      1478.21017      1478.21017     185.17    <.0001
exp3                         1       853.23881       853.23881     106.88    <.0001
educ                         1       747.16872       747.16872      93.59    <.0001
eclass*xclass               35     41123.46608      1174.95617     147.18    <.0001
inschool                     1      1730.36508      1730.36508     216.76    <.0001
advanced                     1      8957.54706      8957.54706    1122.07    <.0001
The SAS System                                                                     17:24 Saturday, December 27, 2008  21

The GLM Procedure
 
Dependent Variable: logwage2   

Source                      DF     Type III SS     Mean Square    F Value    Pr > F

ft                           1       653.17554       653.17554      81.82    <.0001
lowhrs                       1     20117.00052     20117.00052    2519.97    <.0001
mex_ed                       1        13.97357        13.97357       1.75    0.1858
mex_coll                     1        20.76310        20.76310       2.60    0.1068
euro_ed                      1         4.57656         4.57656       0.57    0.4490
euro_coll                    1         0.50156         0.50156       0.06    0.8021
hisp_ed                      1       940.48912       940.48912     117.81    <.0001
hisp_coll                    1        84.85924        84.85924      10.63    0.0011
hi_asian_ed                  1       190.04482       190.04482      23.81    <.0001
hi_asian_coll                1        24.69241        24.69241       3.09    0.0786
mid_asian_ed                 1        51.19001        51.19001       6.41    0.0113
mid_asian_coll               1       575.89158       575.89158      72.14    <.0001
ic                          37      8701.77738       235.18317      29.46    <.0001
yrsinus*ic                  38     18037.91280       474.68192      59.46    <.0001
yrsinus2*ic                 38      4021.57697       105.83097      13.26    <.0001
rmsa0                        1      6195.53481      6195.53481     776.09    <.0001
rmsa1                        1      3142.19027      3142.19027     393.61    <.0001


                                             Standard
Parameter                  Estimate             Error    t Value    Pr > |t|

Intercept               1.847015036 B      0.05872202      31.45      <.0001
exp                     0.043143678        0.00247431      17.44      <.0001
exp2                   -0.178935260        0.01314958     -13.61      <.0001
exp3                    0.020733525        0.00200550      10.34      <.0001
educ                    0.008745715        0.00090400       9.67      <.0001
eclass*xclass  1 1     -0.337426115 B      0.03767469      -8.96      <.0001
eclass*xclass  1 2     -0.370478125 B      0.03612208     -10.26      <.0001
eclass*xclass  1 3     -0.384084394 B      0.03473848     -11.06      <.0001
eclass*xclass  1 4     -0.395215869 B      0.03310940     -11.94      <.0001
eclass*xclass  1 5     -0.384689903 B      0.03137919     -12.26      <.0001
eclass*xclass  1 6     -0.362335663 B      0.02938098     -12.33      <.0001
eclass*xclass  1 7     -0.333710628 B      0.02665634     -12.52      <.0001
eclass*xclass  1 8     -0.340351728 B      0.02322583     -14.65      <.0001
eclass*xclass  1 9     -0.353828233 B      0.02112437     -16.75      <.0001
eclass*xclass  2 1     -0.245727213 B      0.03752121      -6.55      <.0001
eclass*xclass  2 2     -0.249652713 B      0.03599808      -6.94      <.0001
eclass*xclass  2 3     -0.304405684 B      0.03463145      -8.79      <.0001
eclass*xclass  2 4     -0.305703822 B      0.03302001      -9.26      <.0001
eclass*xclass  2 5     -0.292335365 B      0.03129138      -9.34      <.0001
eclass*xclass  2 6     -0.268918475 B      0.02931306      -9.17      <.0001
eclass*xclass  2 7     -0.248861873 B      0.02668125      -9.33      <.0001
eclass*xclass  2 8     -0.224814483 B      0.02340694      -9.60      <.0001
eclass*xclass  2 9     -0.273363629 B      0.02196221     -12.45      <.0001
eclass*xclass  3 1     -0.113109201 B      0.03733686      -3.03      0.0025
eclass*xclass  3 2     -0.091223020 B      0.03578966      -2.55      0.0108
eclass*xclass  3 3     -0.118446456 B      0.03443507      -3.44      0.0006
eclass*xclass  3 4     -0.141131237 B      0.03287090      -4.29      <.0001
eclass*xclass  3 5     -0.113959248 B      0.03118338      -3.65      0.0003
eclass*xclass  3 6     -0.086125343 B      0.02924481      -2.94      0.0032
eclass*xclass  3 7     -0.048383217 B      0.02676386      -1.81      0.0706
The SAS System                                                                     17:24 Saturday, December 27, 2008  22

The GLM Procedure
 
Dependent Variable: logwage2   

                                             Standard
Parameter                  Estimate             Error    t Value    Pr > |t|

eclass*xclass  3 8     -0.057126537 B      0.02369274      -2.41      0.0159
eclass*xclass  3 9     -0.146200460 B      0.02354360      -6.21      <.0001
eclass*xclass  4 1      0.166577419 B      0.03644616       4.57      <.0001
eclass*xclass  4 2      0.164084198 B      0.03492851       4.70      <.0001
eclass*xclass  4 3      0.132558386 B      0.03358778       3.95      <.0001
eclass*xclass  4 4      0.117884260 B      0.03201415       3.68      0.0002
eclass*xclass  4 5      0.093054883 B      0.03025063       3.08      0.0021
eclass*xclass  4 6      0.094364837 B      0.02815411       3.35      0.0008
eclass*xclass  4 7      0.121957166 B      0.02572763       4.74      <.0001
eclass*xclass  4 8      0.106668667 B      0.02276268       4.69      <.0001
eclass*xclass  4 9      0.000000000 B       .                .         .    
inschool               -0.053474034        0.00363210     -14.72      <.0001
advanced                0.166032356        0.00495658      33.50      <.0001
ft                      0.027007512        0.00298575       9.05      <.0001
lowhrs                  0.178649738        0.00355881      50.20      <.0001
mex_ed                  0.001249879        0.00094471       1.32      0.1858
mex_coll               -0.022719840        0.01408780      -1.61      0.1068
euro_ed                -0.001251159        0.00165244      -0.76      0.4490
euro_coll               0.002944671        0.01174790       0.25      0.8021
hisp_ed                -0.006666169        0.00061416     -10.85      <.0001
hisp_coll              -0.034194524        0.01048796      -3.26      0.0011
hi_asian_ed             0.010147110        0.00207969       4.88      <.0001
hi_asian_coll          -0.024444082        0.01389876      -1.76      0.0786
mid_asian_ed            0.003376985        0.00133358       2.53      0.0113
mid_asian_coll          0.095839792        0.01128391       8.49      <.0001
ic             1        0.090174170 B      0.04380792       2.06      0.0396
ic             2        0.062700412 B      0.04672930       1.34      0.1797
ic             3        0.128570523 B      0.05156247       2.49      0.0126
ic             4        0.110278457 B      0.04857606       2.27      0.0232
ic             5        0.123400972 B      0.04706009       2.62      0.0087
ic             6       -0.020323448 B      0.04702477      -0.43      0.6656
ic             7        0.015038279 B      0.04659235       0.32      0.7469
ic             8        0.176084461 B      0.04716844       3.73      0.0002
ic             9        0.027999431 B      0.05290400       0.53      0.5966
ic             10       0.309444614 B      0.04776600       6.48      <.0001
ic             11       0.490867273 B      0.04964268       9.89      <.0001
ic             12       0.097788214 B      0.04667025       2.10      0.0361
ic             13       0.185892820 B      0.04981695       3.73      0.0002
ic             14       0.272958777 B      0.05100659       5.35      <.0001
ic             15       0.170473228 B      0.04931293       3.46      0.0005
ic             16       0.148381097 B      0.05225349       2.84      0.0045
ic             17       0.018949235 B      0.05857492       0.32      0.7463
ic             18       0.456451697 B      0.05112658       8.93      <.0001
ic             19       0.289496398 B      0.06148224       4.71      <.0001
ic             20       0.096245459 B      0.05065412       1.90      0.0574
ic             21       0.095896165 B      0.05561649       1.72      0.0847
ic             22      -0.100414351 B      0.06204390      -1.62      0.1056
ic             23       0.052091590 B      0.05018161       1.04      0.2992
ic             24       0.144327164 B      0.05107807       2.83      0.0047
ic             25      -0.029194803 B      0.05240300      -0.56      0.5774
ic             26       0.044779693 B      0.05858262       0.76      0.4446
The SAS System                                                                     17:24 Saturday, December 27, 2008  23

The GLM Procedure
 
Dependent Variable: logwage2   

                                             Standard
Parameter                  Estimate             Error    t Value    Pr > |t|

ic             27       0.207404583 B      0.05857304       3.54      0.0004
ic             28      -0.112358931 B      0.06502695      -1.73      0.0840
ic             29       0.132735521 B      0.06174734       2.15      0.0316
ic             30       0.234522582 B      0.05610713       4.18      <.0001
ic             31       0.328895497 B      0.04843771       6.79      <.0001
ic             32       0.049232146 B      0.04863026       1.01      0.3114
ic             33       0.023623705 B      0.04856089       0.49      0.6266
ic             34       0.143927116 B      0.04651903       3.09      0.0020
ic             35       0.131424044 B      0.04551234       2.89      0.0039
ic             36       0.195658207 B      0.04436992       4.41      <.0001
ic             37       0.200895044 B      0.04823266       4.17      <.0001
ic             38       0.000000000 B       .                .         .    
yrsinus*ic     1        0.010830022        0.00068494      15.81      <.0001
yrsinus*ic     2        0.024936397        0.00146871      16.98      <.0001
yrsinus*ic     3        0.008717370        0.00225467       3.87      0.0001
yrsinus*ic     4        0.014788347        0.00298184       4.96      <.0001
yrsinus*ic     5        0.013619833        0.00243913       5.58      <.0001
yrsinus*ic     6        0.023574036        0.00179373      13.14      <.0001
yrsinus*ic     7        0.022072665        0.00201567      10.95      <.0001
yrsinus*ic     8        0.012190879        0.00243557       5.01      <.0001
yrsinus*ic     9        0.012951008        0.00227886       5.68      <.0001
yrsinus*ic     10       0.011171972        0.00248853       4.49      <.0001
yrsinus*ic     11      -0.000512597        0.00157795      -0.32      0.7453
yrsinus*ic     12       0.018928021        0.00232581       8.14      <.0001
yrsinus*ic     13       0.005380981        0.00327839       1.64      0.1007
yrsinus*ic     14       0.003533696        0.00175014       2.02      0.0435
yrsinus*ic     15       0.010200696        0.00307628       3.32      0.0009
yrsinus*ic     16       0.019352839        0.00252694       7.66      <.0001
yrsinus*ic     17       0.020491507        0.00388204       5.28      <.0001
yrsinus*ic     18       0.002174539        0.00188478       1.15      0.2486
yrsinus*ic     19       0.008122908        0.00308029       2.64      0.0084
yrsinus*ic     20       0.016193466        0.00338192       4.79      <.0001
yrsinus*ic     21       0.012928588        0.00289431       4.47      <.0001
yrsinus*ic     22       0.032334670        0.00398931       8.11      <.0001
yrsinus*ic     23       0.016099510        0.00343447       4.69      <.0001
yrsinus*ic     24       0.016362147        0.00352355       4.64      <.0001
yrsinus*ic     25       0.045074401        0.00329459      13.68      <.0001
yrsinus*ic     26       0.016660280        0.00420224       3.96      <.0001
yrsinus*ic     27       0.017677591        0.00482129       3.67      0.0002
yrsinus*ic     28       0.019833122        0.00606121       3.27      0.0011
yrsinus*ic     29       0.014310203        0.00409362       3.50      0.0005
yrsinus*ic     30       0.017461905        0.00411101       4.25      <.0001
yrsinus*ic     31       0.009364581        0.00119448       7.84      <.0001
yrsinus*ic     32       0.031260553        0.00183877      17.00      <.0001
yrsinus*ic     33       0.026116788        0.00291454       8.96      <.0001
yrsinus*ic     34       0.019984633        0.00224222       8.91      <.0001
yrsinus*ic     35       0.022807498        0.00215636      10.58      <.0001
yrsinus*ic     36       0.018572782        0.00192495       9.65      <.0001
yrsinus*ic     37       0.016525408        0.00237424       6.96      <.0001
yrsinus*ic     38       0.029032167        0.00537835       5.40      <.0001
yrsinus2*ic    1       -0.000040104        0.00001669      -2.40      0.0163
The SAS System                                                                     17:24 Saturday, December 27, 2008  24

The GLM Procedure
 
Dependent Variable: logwage2   

                                             Standard
Parameter                  Estimate             Error    t Value    Pr > |t|

yrsinus2*ic    2       -0.000349407        0.00003721      -9.39      <.0001
yrsinus2*ic    3        0.000021997        0.00006771       0.32      0.7453
yrsinus2*ic    4       -0.000103124        0.00009623      -1.07      0.2839
yrsinus2*ic    5       -0.000061158        0.00006899      -0.89      0.3753
yrsinus2*ic    6       -0.000270663        0.00004496      -6.02      <.0001
yrsinus2*ic    7       -0.000144829        0.00004527      -3.20      0.0014
yrsinus2*ic    8       -0.000069467        0.00006109      -1.14      0.2555
yrsinus2*ic    9       -0.000053311        0.00006068      -0.88      0.3796
yrsinus2*ic    10      -0.000038212        0.00006225      -0.61      0.5393
yrsinus2*ic    11       0.000054613        0.00003112       1.75      0.0793
yrsinus2*ic    12      -0.000158447        0.00005947      -2.66      0.0077
yrsinus2*ic    13       0.000142126        0.00009069       1.57      0.1171
yrsinus2*ic    14       0.000064612        0.00003237       2.00      0.0459
yrsinus2*ic    15       0.000061214        0.00008218       0.74      0.4564
yrsinus2*ic    16      -0.000183323        0.00005295      -3.46      0.0005
yrsinus2*ic    17      -0.000199136        0.00011064      -1.80      0.0719
yrsinus2*ic    18       0.000018585        0.00003715       0.50      0.6169
yrsinus2*ic    19      -0.000022771        0.00005668      -0.40      0.6879
yrsinus2*ic    20      -0.000061802        0.00008619      -0.72      0.4733
yrsinus2*ic    21      -0.000125121        0.00006642      -1.88      0.0596
yrsinus2*ic    22      -0.000493666        0.00009977      -4.95      <.0001
yrsinus2*ic    23      -0.000091006        0.00008889      -1.02      0.3059
yrsinus2*ic    24      -0.000087701        0.00009106      -0.96      0.3355
yrsinus2*ic    25      -0.000757381        0.00008755      -8.65      <.0001
yrsinus2*ic    26      -0.000028311        0.00009733      -0.29      0.7711
yrsinus2*ic    27      -0.000089672        0.00012883      -0.70      0.4864
yrsinus2*ic    28      -0.000109640        0.00018033      -0.61      0.5432
yrsinus2*ic    29      -0.000086670        0.00009720      -0.89      0.3726
yrsinus2*ic    30      -0.000135612        0.00010118      -1.34      0.1801
yrsinus2*ic    31      -0.000078390        0.00002446      -3.21      0.0013
yrsinus2*ic    32      -0.000415701        0.00003942     -10.55      <.0001
yrsinus2*ic    33      -0.000351688        0.00007384      -4.76      <.0001
yrsinus2*ic    34      -0.000239827        0.00005919      -4.05      <.0001
yrsinus2*ic    35      -0.000264351        0.00005366      -4.93      <.0001
yrsinus2*ic    36      -0.000277071        0.00005273      -5.25      <.0001
yrsinus2*ic    37      -0.000144919        0.00005397      -2.69      0.0073
yrsinus2*ic    38      -0.000461083        0.00015261      -3.02      0.0025
rmsa0                  -0.139388857        0.00500349     -27.86      <.0001
rmsa1                  -0.079366685        0.00400042     -19.84      <.0001

NOTE: The X'X matrix has been found to be singular, and a generalized inverse was used to solve the normal equations.  
      Terms whose estimates are followed by the letter 'B' are not uniquely estimable.
The SAS System                                                                     17:24 Saturday, December 27, 2008  25

The CORR Procedure

   7        Variables:    logwage2 pred     res      educ     exp      imm      female   
     Weight Variable:     wt                                                             


                                    Simple Statistics
 
Variable           N          Mean       Std Dev           Sum       Minimum       Maximum

logwage2     3325320       2.61547       4.15094     316010363       1.35131       5.55102
pred         3325320       2.61547       2.20918     316010363       1.34781       4.24886
res          3325320             0       3.51423             0      -2.50258       4.08374
educ         3325320      13.23760      17.13864    1599411018             0      20.00000
exp          3325320      19.15161      68.59088    2313962148       1.00000      45.00000
imm          3325320       0.13550       2.06303      16371048             0       1.00000
female       3325320       0.47536       3.01024      57434041             0       1.00000


                              Pearson Correlation Coefficients, N = 3325320 
                                        Prob > |r| under H0: Rho=0
 
              logwage2          pred           res          educ           exp           imm        female

logwage2       1.00000       0.53221       0.84661       0.37733       0.18085      -0.05688      -0.16406
                              <.0001        <.0001        <.0001        <.0001        <.0001        <.0001

pred           0.53221       1.00000      -0.00000       0.70899       0.33981      -0.10688      -0.30826
                <.0001                      1.0000        <.0001        <.0001        <.0001        <.0001

res            0.84661      -0.00000       1.00000       0.00000       0.00000       0.00000       0.00000
                <.0001        1.0000                      1.0000        1.0000        1.0000        1.0000

educ           0.37733       0.70899       0.00000       1.00000      -0.05277      -0.18266       0.04324
                <.0001        <.0001        1.0000                      <.0001        <.0001        <.0001

exp            0.18085       0.33981       0.00000      -0.05277       1.00000      -0.01314       0.00969
                <.0001        <.0001        1.0000        <.0001                      <.0001        <.0001

imm           -0.05688      -0.10688       0.00000      -0.18266      -0.01314       1.00000      -0.04310
                <.0001        <.0001        1.0000        <.0001        <.0001                      <.0001

female        -0.16406      -0.30826       0.00000       0.04324       0.00969      -0.04310       1.00000
                <.0001        <.0001        1.0000        <.0001        <.0001        <.0001              
The SAS System                                                                     17:24 Saturday, December 27, 2008  26

The FREQ Procedure

Table of xclass2 by eclass

xclass2     eclass

Frequency|
Percent  |
Row Pct  |
Col Pct  |       1|       2|       3|       4|  Total
---------+--------+--------+--------+--------+
       1 | 154264 | 219805 | 270828 | 232907 | 877804
         |   4.64 |   6.61 |   8.14 |   7.00 |  26.40
         |  17.57 |  25.04 |  30.85 |  26.53 |
         |  27.07 |  23.61 |  27.55 |  27.69 |
---------+--------+--------+--------+--------+
       2 | 145393 | 252725 | 286252 | 248564 | 932934
         |   4.37 |   7.60 |   8.61 |   7.47 |  28.06
         |  15.58 |  27.09 |  30.68 |  26.64 |
         |  25.51 |  27.14 |  29.11 |  29.56 |
---------+--------+--------+--------+--------+
       3 | 138033 | 248182 | 261730 | 234056 | 882001
         |   4.15 |   7.46 |   7.87 |   7.04 |  26.52
         |  15.65 |  28.14 |  29.67 |  26.54 |
         |  24.22 |  26.65 |  26.62 |  27.83 |
---------+--------+--------+--------+--------+
       4 | 132284 | 210436 | 164372 | 125489 | 632581
         |   3.98 |   6.33 |   4.94 |   3.77 |  19.02
         |  20.91 |  33.27 |  25.98 |  19.84 |
         |  23.21 |  22.60 |  16.72 |  14.92 |
---------+--------+--------+--------+--------+
Total      569974   931148   983182   841016  3325320
            17.14    28.00    29.57    25.29   100.00
The SAS System                                                                     17:24 Saturday, December 27, 2008  27

Obs    rmsa        count      imm      logwage2       v          res        vres       pred      vpred

  1       .    120823382    0.13550     2.61547    0.47421     0.00000    0.33989    2.61547    0.13432
  2       0     22109648    0.04027     2.43994    0.39442     0.00000    0.30675    2.43994    0.10937
  3       1     17551837    0.07624     2.54409    0.44488     0.00000    0.32474    2.54409    0.12334
  4      80       310258    0.03355     2.61906    0.44047    -0.07096    0.30853    2.69003    0.11616
  5     160       353738    0.05517     2.67531    0.41160    -0.06717    0.29884    2.74248    0.11651
  6     200       311452    0.09149     2.53882    0.44553    -0.13488    0.32622    2.67370    0.13569
  7     240       287765    0.05967     2.64198    0.40999    -0.05759    0.29804    2.69956    0.11147
  8     440       286291    0.07231     2.75839    0.46339     0.00892    0.33544    2.74946    0.12262
  9     520      2004834    0.12525     2.70286    0.47943     0.02364    0.34318    2.67922    0.13375
 10     600       194612    0.03497     2.50973    0.44235    -0.12964    0.31786    2.63937    0.11776
 11     640       616002    0.14970     2.63647    0.46700    -0.03794    0.32999    2.67442    0.14260
 12     680       240645    0.23389     2.48676    0.49981    -0.07343    0.36332    2.56018    0.12152
 13     720      1150014    0.06843     2.73735    0.44529     0.02174    0.32761    2.71560    0.12385
 14     760       258928    0.03766     2.54587    0.46102    -0.10289    0.32566    2.64876    0.11875
 15     875       612109    0.31761     2.86439    0.54048     0.14579    0.38173    2.71860    0.13263
 16    1000       428035    0.02751     2.59447    0.46845    -0.08205    0.34670    2.67652    0.11429
 17    1080       192771    0.06601     2.55543    0.41546    -0.13067    0.30715    2.68611    0.13327
 18    1120      1563288    0.17438     2.85666    0.48441     0.08263    0.35425    2.77403    0.12941
 19    1160       144886    0.16606     2.82307    0.55050     0.12595    0.39607    2.69712    0.13598
 20    1280       502464    0.04270     2.61432    0.43432    -0.10159    0.31852    2.71591    0.11019
 21    1440       251271    0.04392     2.51375    0.43992    -0.15105    0.32379    2.66480    0.11894
 22    1520       726395    0.08268     2.63722    0.42811    -0.03426    0.30793    2.67148    0.12389
 23    1560       192530    0.03365     2.53939    0.38440    -0.11912    0.28910    2.65851    0.11349
 24    1600      3720920    0.21711     2.75539    0.49635     0.07412    0.35664    2.68128    0.13620
 25    1640       720790    0.03251     2.66617    0.44077    -0.02412    0.30648    2.69029    0.12143
 26    1680       991424    0.05371     2.63630    0.43761    -0.05480    0.32056    2.69110    0.11542
 27    1720       236803    0.07497     2.58318    0.44201    -0.12756    0.33094    2.71075    0.14215
 28    1760       251773    0.04450     2.57137    0.44197    -0.11325    0.32557    2.68462    0.12098
 29    1840       736944    0.05406     2.65431    0.40670    -0.03747    0.29828    2.69178    0.11969
 30    1920      1679577    0.20456     2.66630    0.51327     0.02084    0.35123    2.64547    0.14605
 31    2000       417841    0.02835     2.60974    0.41098    -0.06988    0.28992    2.67962    0.11659
 32    2020       170193    0.06682     2.45945    0.43351    -0.20725    0.34345    2.66670    0.11164
 33    2080      1021448    0.12417     2.71567    0.44899     0.00600    0.33221    2.70967    0.13744
 34    2120       181941    0.06207     2.63355    0.36265    -0.06282    0.27187    2.69637    0.11870
 35    2160      1958536    0.08158     2.74951    0.47601     0.06449    0.33677    2.68502    0.11633
 36    2320       256205    0.31496     2.35140    0.45866    -0.17440    0.33838    2.52580    0.11583
 37    2640       219873    0.02277     2.61490    0.47671    -0.03682    0.34339    2.65172    0.10320
 38    2680       722403    0.30559     2.63724    0.46896    -0.02917    0.35697    2.66641    0.12024
 39    2700       164767    0.11425     2.52621    0.43496    -0.12996    0.34524    2.65617    0.11745
 40    2760       212779    0.04135     2.59160    0.38533    -0.06530    0.29036    2.65690    0.11591
 41    2800       770655    0.14250     2.61548    0.45878    -0.03200    0.32947    2.64747    0.13140
 42    2840       345518    0.27401     2.45936    0.49750    -0.10428    0.35933    2.56363    0.12490
 43    2960       277646    0.05737     2.63401    0.46071    -0.01032    0.35582    2.64433    0.10856
 44    3000       520186    0.06340     2.63088    0.39755    -0.03285    0.30307    2.66373    0.11805
 45    3120       580655    0.06879     2.56188    0.39412    -0.08409    0.28165    2.64597    0.11813
 46    3160       429300    0.04448     2.54337    0.41139    -0.10188    0.30467    2.64525    0.11833
 47    3240       284007    0.03702     2.60610    0.38676    -0.07503    0.27322    2.68114    0.11321
 48    3280       521395    0.11788     2.81211    0.43676     0.07814    0.32008    2.73397    0.12538
 49    3320       389284    0.22792     2.62223    0.42420    -0.09298    0.32754    2.71521    0.11936
 50    3360      1835189    0.25161     2.63337    0.53565     0.00394    0.36142    2.62942    0.14428
 51    3480       745540    0.04152     2.64708    0.40583    -0.03695    0.29659    2.68402    0.11863
 52    3560       188445    0.01774     2.53348    0.46407    -0.12970    0.34404    2.66318    0.12247
 53    3600       510347    0.06662     2.58132    0.45440    -0.08514    0.35244    2.66646    0.11917
 54    3640       280413    0.47048     2.65745    0.50009     0.06973    0.39235    2.58772    0.11639
 55    3660       182656    0.01331     2.44842    0.39836    -0.21750    0.29159    2.66592    0.10436
 56    3720       199433    0.03685     2.58875    0.41233    -0.09299    0.28673    2.68174    0.11819
The SAS System                                                                     17:24 Saturday, December 27, 2008  28

Obs    rmsa     count       imm      logwage2       v          res        vres       pred      vpred

 57    3760     776468    0.05973     2.65421    0.42068    -0.04722    0.31350    2.70143    0.12163
 58    3840     297331    0.02355     2.52349    0.43285    -0.16110    0.30904    2.68459    0.11845
 59    3980     194171    0.08196     2.44996    0.38722    -0.16221    0.29699    2.61217    0.10726
 60    4000     193322    0.04377     2.58730    0.37567    -0.07113    0.26789    2.65843    0.11914
 61    4040     197824    0.04747     2.64915    0.42571    -0.06564    0.30849    2.71479    0.12124
 62    4120     712541    0.21082     2.60348    0.43429     0.00412    0.35897    2.59936    0.11490
 63    4280     196382    0.04439     2.52037    0.44388    -0.15080    0.32231    2.67117    0.13156
 64    4400     268501    0.02897     2.52784    0.42374    -0.13953    0.30812    2.66737    0.11973
 65    4480    3807585    0.46310     2.62519    0.57041     0.03871    0.40020    2.58648    0.14086
 66    4520     498985    0.03389     2.58180    0.41003    -0.08939    0.30033    2.67119    0.11483
 67    4720     213429    0.06470     2.69921    0.40089    -0.07003    0.30199    2.76923    0.12962
 68    4880     179200    0.37617     2.20762    0.43993    -0.24880    0.31922    2.45643    0.10377
 69    4900     199250    0.07271     2.58172    0.45214    -0.14554    0.32731    2.72727    0.11855
 70    4920     487598    0.04208     2.59962    0.46351    -0.04426    0.33559    2.64388    0.12096
 71    5000     915125    0.60924     2.50806    0.52139    -0.04508    0.39093    2.55314    0.12376
 72    5015     552423    0.25952     2.91406    0.49526     0.15273    0.34548    2.76132    0.13271
 73    5080     696796    0.05916     2.68616    0.42230    -0.00650    0.30308    2.69266    0.12252
 74    5120    1397893    0.07785     2.77520    0.40953     0.03657    0.30006    2.73863    0.11970
 75    5160     218428    0.02692     2.48827    0.46090    -0.15580    0.34788    2.64408    0.11023
 76    5170     172990    0.24783     2.56097    0.44425    -0.02262    0.32462    2.58358    0.11493
 77    5190     476773    0.09923     2.85570    0.52210     0.11262    0.37415    2.74308    0.11964
 78    5360     564140    0.05831     2.62031    0.43231    -0.05664    0.32094    2.67696    0.12129
 79    5380    1197454    0.17847     2.90539    0.53567     0.15629    0.38032    2.74910    0.12280
 80    5480     269081    0.10006     2.76885    0.43385     0.04951    0.33209    2.71933    0.12488
 81    5560     564504    0.06023     2.51468    0.49003    -0.13147    0.35655    2.64615    0.11993
 82    5600    3771849    0.42011     2.76916    0.60369     0.10916    0.44366    2.65999    0.13144
 83    5640     899859    0.24253     2.86036    0.55618     0.14630    0.38434    2.71407    0.13448
 84    5720     729381    0.05460     2.50415    0.41807    -0.14937    0.30953    2.65352    0.11793
 85    5775    1058823    0.29952     2.87803    0.50689     0.16495    0.36506    2.71309    0.13922
 86    5880     493682    0.06884     2.47408    0.42329    -0.18890    0.31758    2.66298    0.12167
 87    5920     279008    0.06099     2.58744    0.38920    -0.11358    0.29762    2.70101    0.12556
 88    5945    1233273    0.36884     2.75375    0.56538     0.09120    0.37252    2.66255    0.15335
 89    5960     744608    0.14842     2.55092    0.44085    -0.10919    0.32723    2.66011    0.12237
 90    6080     171661    0.04276     2.47588    0.45006    -0.19802    0.34638    2.67390    0.12021
 91    6160    2201886    0.08108     2.75241    0.46785     0.04454    0.33764    2.70788    0.12101
 92    6200    1418136    0.16243     2.62976    0.46526    -0.02139    0.34208    2.65115    0.13526
 93    6280    1002415    0.02608     2.59461    0.45011    -0.13335    0.32293    2.72796    0.11029
 94    6440     894861    0.12673     2.69138    0.43624    -0.02103    0.32549    2.71241    0.12975
 95    6480     560292    0.14092     2.65199    0.40682    -0.03978    0.29259    2.69177    0.12146
 96    6640     570321    0.11164     2.67966    0.43625    -0.04569    0.30269    2.72535    0.13983
 97    6760     467388    0.05277     2.65364    0.42381    -0.04997    0.30446    2.70361    0.12149
 98    6780    1220664    0.25594     2.59865    0.47349     0.00745    0.35729    2.59120    0.11837
 99    6840     503607    0.05961     2.63483    0.42265    -0.08930    0.30489    2.72412    0.11812
100    6920     689954    0.15821     2.70899    0.45888     0.01458    0.33869    2.69441    0.12230
101    7040    1170750    0.03574     2.64856    0.43792    -0.05489    0.31690    2.70345    0.12173
102    7160     585067    0.11185     2.58259    0.43223    -0.06316    0.30767    2.64575    0.13639
103    7240     661691    0.12440     2.48137    0.43724    -0.13588    0.31843    2.61726    0.12578
104    7320    1201149    0.25746     2.64162    0.50020    -0.02353    0.35331    2.66515    0.13545
105    7360     816759    0.36430     2.92562    0.57244     0.16960    0.41306    2.75602    0.14502
106    7400     798041    0.41729     2.95960    0.56236     0.22485    0.37623    2.73475    0.15375
107    7500     196714    0.17270     2.74864    0.45390     0.05608    0.34253    2.69256    0.13448
108    7510     214742    0.10122     2.55103    0.47072    -0.13423    0.37742    2.68526    0.12231
109    7560     256116    0.01933     2.52341    0.38830    -0.16169    0.28694    2.68510    0.10046
110    7600    1132349    0.15916     2.80295    0.44633     0.05197    0.33867    2.75099    0.12678
111    7840     180342    0.04409     2.55889    0.42081    -0.16264    0.30978    2.72153    0.12102
112    8000     248579    0.08464     2.62781    0.39036    -0.06548    0.29281    2.69328    0.12302
The SAS System                                                                     17:24 Saturday, December 27, 2008  29

Obs    rmsa     count       imm      logwage2       v          res        vres       pred      vpred

113    8120     216798    0.25496     2.57949    0.47030    -0.00412    0.34828    2.58361    0.11331
114    8160     310618    0.04588     2.60061    0.41189    -0.10893    0.29716    2.70954    0.11272
115    8200     309747    0.09190     2.64214    0.42521    -0.02591    0.33041    2.66805    0.10994
116    8280    1000748    0.11411     2.56096    0.44887    -0.10734    0.34711    2.66830    0.11825
117    8400     273152    0.03151     2.57750    0.43842    -0.07993    0.32662    2.65743    0.11403
118    8520     349876    0.14101     2.51408    0.45881    -0.15892    0.34893    2.67299    0.13726
119    8560     311556    0.05910     2.54330    0.44794    -0.12492    0.32254    2.66821    0.12619
120    8720     225966    0.22644     2.74207    0.47337     0.08258    0.35393    2.65950    0.12319
121    8735     321116    0.27204     2.74484    0.53942     0.08338    0.35928    2.66147    0.14635
122    8840    2423503    0.20500     2.84236    0.49421     0.09580    0.34283    2.74657    0.14597
123    8960     443394    0.21786     2.67326    0.52983    -0.01522    0.38841    2.68848    0.13308
124    9040     245826    0.07321     2.58271    0.39828    -0.09836    0.29944    2.68107    0.12146
125    9160     281828    0.07001     2.75791    0.43489     0.05417    0.32316    2.70374    0.11986
126    9240     224075    0.09578     2.74328    0.40068     0.01597    0.30249    2.72731    0.11712
127    9320     248359    0.02014     2.51009    0.42183    -0.14731    0.31055    2.65739    0.10119
The SAS System                                                                     17:24 Saturday, December 27, 2008  30

The CORR Procedure

   5        Variables:    v        vres     imm      educ     exp      
     Weight Variable:     count                                        


                                    Simple Statistics
 
Variable           N          Mean       Std Dev           Sum       Minimum       Maximum

v                124       0.47574      45.08080      38611702       0.36265       0.60369
vres             124       0.34420      29.66660      27935997       0.26789       0.44366
imm              124       0.17425     109.39512      14142407       0.01331       0.60924
educ             124      13.37557     362.39135    1085586657      11.18101      14.32805
exp              124      18.96863     591.48441    1539530331      16.76114      21.61636


                Pearson Correlation Coefficients, N = 124 
                        Prob > |r| under H0: Rho=0
 
                 v          vres           imm          educ           exp

v          1.00000       0.94883       0.83546      -0.13255      -0.08931
                          <.0001        <.0001        0.1422        0.3239

vres       0.94883       1.00000       0.83549      -0.15357      -0.01391
            <.0001                      <.0001        0.0886        0.8782

imm        0.83546       0.83549       1.00000      -0.31558      -0.17940
            <.0001        <.0001                      0.0004        0.0462

educ      -0.13255      -0.15357      -0.31558       1.00000       0.06970
            0.1422        0.0886        0.0004                      0.4418

exp       -0.08931      -0.01391      -0.17940       0.06970       1.00000
            0.3239        0.8782        0.0462        0.4418              
