The SAS System                                                                     17:57 Saturday, December 27, 2008   1

The FREQ Procedure

Table of ic by new

ic        new

Frequency|
Percent  |
Row Pct  |
Col Pct  |       0|       1|  Total
---------+--------+--------+
       1 |2127234 |5139693 |7266927
         |   9.00 |  21.75 |  30.76
         |  29.27 |  70.73 |
         |  26.59 |  32.89 |
---------+--------+--------+
       2 | 408783 | 669255 |1078038
         |   1.73 |   2.83 |   4.56
         |  37.92 |  62.08 |
         |   5.11 |   4.28 |
---------+--------+--------+
       3 | 204509 | 633179 | 837688
         |   0.87 |   2.68 |   3.55
         |  24.41 |  75.59 |
         |   2.56 |   4.05 |
---------+--------+--------+
       4 | 266794 | 538917 | 805711
         |   1.13 |   2.28 |   3.41
         |  33.11 |  66.89 |
         |   3.33 |   3.45 |
---------+--------+--------+
       5 | 151400 | 546763 | 698163
         |   0.64 |   2.31 |   2.95
         |  21.69 |  78.31 |
         |   1.89 |   3.50 |
---------+--------+--------+
       6 | 149157 | 565773 | 714930
         |   0.63 |   2.39 |   3.03
         |  20.86 |  79.14 |
         |   1.86 |   3.62 |
---------+--------+--------+
       7 | 357797 | 228177 | 585974
         |   1.51 |   0.97 |   2.48
         |  61.06 |  38.94 |
         |   4.47 |   1.46 |
---------+--------+--------+
       8 | 156730 | 379243 | 535973
         |   0.66 |   1.61 |   2.27
         |  29.24 |  70.76 |
         |   1.96 |   2.43 |
---------+--------+--------+
Total     8000887  1.563E7  2.363E7
            33.86    66.14   100.00
(Continued)
The SAS System                                                                     17:57 Saturday, December 27, 2008   2

The FREQ Procedure

Table of ic by new

ic        new

Frequency|
Percent  |
Row Pct  |
Col Pct  |       0|       1|  Total
---------+--------+--------+
       9 | 252611 | 411094 | 663705
         |   1.07 |   1.74 |   2.81
         |  38.06 |  61.94 |
         |   3.16 |   2.63 |
---------+--------+--------+
      10 | 165619 | 263513 | 429132
         |   0.70 |   1.12 |   1.82
         |  38.59 |  61.41 |
         |   2.07 |   1.69 |
---------+--------+--------+
      11 | 281764 | 235383 | 517147
         |   1.19 |   1.00 |   2.19
         |  54.48 |  45.52 |
         |   3.52 |   1.51 |
---------+--------+--------+
      12 | 129153 | 270668 | 399821
         |   0.55 |   1.15 |   1.69
         |  32.30 |  67.70 |
         |   1.61 |   1.73 |
---------+--------+--------+
      13 |  79405 | 320132 | 399537
         |   0.34 |   1.35 |   1.69
         |  19.87 |  80.13 |
         |   0.99 |   2.05 |
---------+--------+--------+
      14 | 314016 | 141186 | 455202
         |   1.33 |   0.60 |   1.93
         |  68.98 |  31.02 |
         |   3.92 |   0.90 |
---------+--------+--------+
      15 | 105922 | 226705 | 332627
         |   0.45 |   0.96 |   1.41
         |  31.84 |  68.16 |
         |   1.32 |   1.45 |
---------+--------+--------+
      16 |  87789 | 222528 | 310317
         |   0.37 |   0.94 |   1.31
         |  28.29 |  71.71 |
         |   1.10 |   1.42 |
---------+--------+--------+
Total     8000887  1.563E7  2.363E7
            33.86    66.14   100.00
(Continued)
The SAS System                                                                     17:57 Saturday, December 27, 2008   3

The FREQ Procedure

Table of ic by new

ic        new

Frequency|
Percent  |
Row Pct  |
Col Pct  |       0|       1|  Total
---------+--------+--------+
      17 |  89555 | 184725 | 274280
         |   0.38 |   0.78 |   1.16
         |  32.65 |  67.35 |
         |   1.12 |   1.18 |
---------+--------+--------+
      18 | 247748 | 223605 | 471353
         |   1.05 |   0.95 |   2.00
         |  52.56 |  47.44 |
         |   3.10 |   1.43 |
---------+--------+--------+
      19 | 212573 |  52809 | 265382
         |   0.90 |   0.22 |   1.12
         |  80.10 |  19.90 |
         |   2.66 |   0.34 |
---------+--------+--------+
      20 |  74470 | 159335 | 233805
         |   0.32 |   0.67 |   0.99
         |  31.85 |  68.15 |
         |   0.93 |   1.02 |
---------+--------+--------+
      21 |  84286 | 171299 | 255585
         |   0.36 |   0.73 |   1.08
         |  32.98 |  67.02 |
         |   1.05 |   1.10 |
---------+--------+--------+
      22 | 108614 | 117484 | 226098
         |   0.46 |   0.50 |   0.96
         |  48.04 |  51.96 |
         |   1.36 |   0.75 |
---------+--------+--------+
      23 |  39728 | 192394 | 232122
         |   0.17 |   0.81 |   0.98
         |  17.12 |  82.88 |
         |   0.50 |   1.23 |
---------+--------+--------+
      24 |  54178 | 160505 | 214683
         |   0.23 |   0.68 |   0.91
         |  25.24 |  74.76 |
         |   0.68 |   1.03 |
---------+--------+--------+
Total     8000887  1.563E7  2.363E7
            33.86    66.14   100.00
(Continued)
The SAS System                                                                     17:57 Saturday, December 27, 2008   4

The FREQ Procedure

Table of ic by new

ic        new

Frequency|
Percent  |
Row Pct  |
Col Pct  |       0|       1|  Total
---------+--------+--------+
      25 |  39005 | 194490 | 233495
         |   0.17 |   0.82 |   0.99
         |  16.70 |  83.30 |
         |   0.49 |   1.24 |
---------+--------+--------+
      26 |  42412 | 133374 | 175786
         |   0.18 |   0.56 |   0.74
         |  24.13 |  75.87 |
         |   0.53 |   0.85 |
---------+--------+--------+
      27 |  48210 | 120511 | 168721
         |   0.20 |   0.51 |   0.71
         |  28.57 |  71.43 |
         |   0.60 |   0.77 |
---------+--------+--------+
      28 |  34279 | 142953 | 177232
         |   0.15 |   0.61 |   0.75
         |  19.34 |  80.66 |
         |   0.43 |   0.91 |
---------+--------+--------+
      29 |  74678 |  91654 | 166332
         |   0.32 |   0.39 |   0.70
         |  44.90 |  55.10 |
         |   0.93 |   0.59 |
---------+--------+--------+
      30 |  63700 |  93377 | 157077
         |   0.27 |   0.40 |   0.66
         |  40.55 |  59.45 |
         |   0.80 |   0.60 |
---------+--------+--------+
      31 | 594590 | 552915 |1147505
         |   2.52 |   2.34 |   4.86
         |  51.82 |  48.18 |
         |   7.43 |   3.54 |
---------+--------+--------+
      32 | 126942 | 384130 | 511072
         |   0.54 |   1.63 |   2.16
         |  24.84 |  75.16 |
         |   1.59 |   2.46 |
---------+--------+--------+
Total     8000887  1.563E7  2.363E7
            33.86    66.14   100.00
(Continued)
The SAS System                                                                     17:57 Saturday, December 27, 2008   5

The FREQ Procedure

Table of ic by new

ic        new

Frequency|
Percent  |
Row Pct  |
Col Pct  |       0|       1|  Total
---------+--------+--------+
      33 | 129358 | 327895 | 457253
         |   0.55 |   1.39 |   1.94
         |  28.29 |  71.71 |
         |   1.62 |   2.10 |
---------+--------+--------+
      34 | 184866 | 388033 | 572899
         |   0.78 |   1.64 |   2.42
         |  32.27 |  67.73 |
         |   2.31 |   2.48 |
---------+--------+--------+
      35 | 143985 | 342189 | 486174
         |   0.61 |   1.45 |   2.06
         |  29.62 |  70.38 |
         |   1.80 |   2.19 |
---------+--------+--------+
      36 | 161833 | 548156 | 709989
         |   0.68 |   2.32 |   3.01
         |  22.79 |  77.21 |
         |   2.02 |   3.51 |
---------+--------+--------+
      37 | 157028 | 191954 | 348982
         |   0.66 |   0.81 |   1.48
         |  45.00 |  55.00 |
         |   1.96 |   1.23 |
---------+--------+--------+
      38 |  50166 |  59653 | 109819
         |   0.21 |   0.25 |   0.46
         |  45.68 |  54.32 |
         |   0.63 |   0.38 |
---------+--------+--------+
Total     8000887  1.563E7  2.363E7
            33.86    66.14   100.00
The SAS System                                                                     17:57 Saturday, December 27, 2008   6

Obs    rmsa     shric1     shric2      shric3      shric4      shric5      shric6      shric7      shric37     shric38

  1       0    0.09264    0.055024    0.032198    0.026698    0.030348    0.026747    0.022377    0.035930    0.065311
  2       1    0.10892    0.058130    0.077995    0.062212    0.036202    0.060814    0.020865    0.064422    0.096491
  3      80    0.00005    0.000297    0.001677    0.000453    0.000134    0.001773    0.000000    0.000115    0.001039
  4     160    0.00009    0.000520    0.003378    0.000790    0.000240    0.002639    0.000000    0.001391    0.000855
  5     200    0.00344    0.001180    0.000624    0.002169    0.000501    0.001027    0.004080    0.000188    0.001157
  6     240    0.00011    0.000469    0.002352    0.002075    0.000196    0.001175    0.000110    0.000818    0.000352
  7     440    0.00022    0.000796    0.002788    0.000225    0.000134    0.003871    0.000000    0.000594    0.002498
  8     520    0.01790    0.003272    0.023609    0.028771    0.012281    0.009078    0.004913    0.018963    0.016512
  9     600    0.00019    0.000154    0.000817    0.000197    0.000080    0.000262    0.000000    0.001506    0.000000
 10     640    0.01072    0.001959    0.007028    0.006715    0.003623    0.005919    0.003830    0.001750    0.004794
 11     680    0.00752    0.004333    0.002263    0.000727    0.002948    0.000500    0.000061    0.000563    0.001727
 12     720    0.00062    0.003843    0.008870    0.002752    0.004377    0.008198    0.000465    0.004642    0.004627
 13     760    0.00018    0.000238    0.000970    0.003494    0.000188    0.001069    0.000263    0.001292    0.000000
 14     875    0.00293    0.012690    0.017654    0.000568    0.004492    0.006230    0.003072    0.012487    0.005817
 15    1000    0.00096    0.000384    0.000862    0.000451    0.000276    0.001829    0.000000    0.001172    0.001827
 16    1080    0.00122    0.000366    0.000335    0.000555    0.000080    0.000325    0.000486    0.000453    0.000235
 17    1120    0.00075    0.004320    0.020966    0.024080    0.022737    0.033948    0.002770    0.022719    0.014232
 18    1160    0.00034    0.000347    0.000671    0.000859    0.000353    0.000787    0.001056    0.001724    0.003520
 19    1280    0.00008    0.000256    0.002001    0.001189    0.000258    0.001421    0.000377    0.001141    0.000922
 20    1440    0.00066    0.000938    0.000738    0.000399    0.000048    0.000548    0.000000    0.000531    0.001643
 21    1520    0.00538    0.000917    0.003017    0.005849    0.004827    0.001356    0.002594    0.005272    0.001961
 22    1560    0.00018    0.000247    0.000891    0.000189    0.000080    0.000058    0.000232    0.000771    0.000989
 23    1600    0.06376    0.045628    0.068368    0.016045    0.008044    0.033377    0.006434    0.018348    0.034265
 24    1640    0.00041    0.001121    0.003950    0.002128    0.000177    0.003008    0.000000    0.000156    0.002028
 25    1680    0.00049    0.001916    0.006764    0.001902    0.000313    0.004025    0.000000    0.000688    0.001861
 26    1720    0.00089    0.001381    0.001336    0.000330    0.000143    0.000364    0.000394    0.001641    0.001559
 27    1760    0.00053    0.000442    0.000859    0.000390    0.000113    0.001600    0.000145    0.001776    0.001023
 28    1840    0.00096    0.001614    0.006512    0.002208    0.001152    0.004857    0.000206    0.000922    0.006286
 29    1920    0.04337    0.005866    0.026680    0.023987    0.035321    0.012724    0.005741    0.007226    0.015590
 30    2000    0.00019    0.000378    0.001349    0.001106    0.000177    0.001059    0.000114    0.000839    0.002481
 31    2020    0.00047    0.000235    0.000787    0.000258    0.000080    0.000445    0.000671    0.001396    0.000352
 32    2080    0.01447    0.002890    0.006279    0.009688    0.004064    0.003342    0.000337    0.001526    0.010595
 33    2120    0.00071    0.000372    0.001006    0.002362    0.000638    0.000937    0.000000    0.000000    0.001224
 34    2160    0.00316    0.006854    0.025863    0.002774    0.000993    0.009760    0.000780    0.002000    0.004962
 35    2320    0.01272    0.001094    0.000752    0.000184    0.000031    0.000368    0.000000    0.001412    0.000000
 36    2640    0.00003    0.000354    0.000768    0.000000    0.000000    0.000224    0.000000    0.000307    0.000000
 37    2680    0.00138    0.002802    0.004056    0.004236    0.006562    0.003014    0.031901    0.041880    0.005951
 38    2700    0.00117    0.001028    0.000329    0.000239    0.000814    0.000196    0.002077    0.001495    0.000000
 39    2760    0.00055    0.000227    0.000531    0.000661    0.000311    0.000189    0.000408    0.000458    0.000000
 40    2800    0.01289    0.002802    0.005547    0.015529    0.002965    0.002049    0.002257    0.003584    0.004996
 41    2840    0.01348    0.002702    0.005085    0.001846    0.004046    0.001594    0.000000    0.000469    0.018105
 42    2960    0.00098    0.000696    0.001300    0.000000    0.000071    0.000281    0.000000    0.000198    0.000000
 43    3000    0.00250    0.000925    0.001096    0.005849    0.000481    0.000444    0.001056    0.000750    0.000805
 44    3120    0.00479    0.000855    0.001323    0.003468    0.002337    0.001601    0.001407    0.000959    0.003369
 45    3160    0.00131    0.000775    0.001759    0.001405    0.000545    0.001016    0.000000    0.002443    0.002481
 46    3240    0.00018    0.000348    0.001331    0.001965    0.000104    0.000689    0.000202    0.001443    0.000201
 47    3280    0.00021    0.001294    0.004591    0.004682    0.000646    0.003229    0.001280    0.004204    0.000888
 48    3320    0.00016    0.046313    0.000592    0.007662    0.000091    0.009569    0.000136    0.000917    0.014132
 49    3360    0.04732    0.013409    0.026449    0.046593    0.082546    0.019015    0.005952    0.018036    0.014853
 50    3480    0.00201    0.001467    0.002746    0.002047    0.000485    0.002446    0.000368    0.000906    0.001961
 51    3560    0.00012    0.000045    0.000638    0.000354    0.000134    0.000405    0.000210    0.000755    0.000000
 52    3600    0.00023    0.006210    0.002434    0.001924    0.000216    0.000684    0.002660    0.005220    0.001375
 53    3640    0.00104    0.014643    0.017385    0.002386    0.014654    0.005714    0.030932    0.005814    0.002045
 54    3660    0.00007    0.000034    0.000036    0.000000    0.000080    0.000274    0.000285    0.000229    0.000000
 55    3720    0.00031    0.000260    0.000951    0.000199    0.000093    0.000483    0.000000    0.000344    0.000319
 56    3760    0.00334    0.001636    0.004210    0.004917    0.001397    0.002824    0.002594    0.003365    0.006035
The SAS System                                                                     17:57 Saturday, December 27, 2008   7

Obs    rmsa     shric1     shric2     shric3      shric4     shric5     shric6     shric7    shric37    shric38

 57    3840    0.00020    0.00018    0.001129    0.00067    0.00000    0.00074    0.00000    0.00090    0.00196
 58    3980    0.00145    0.00050    0.000982    0.00056    0.00016    0.00010    0.00236    0.00128    0.00097
 59    4000    0.00010    0.00019    0.000193    0.00150    0.00013    0.00103    0.00067    0.00041    0.00109
 60    4040    0.00006    0.00043    0.001330    0.00141    0.00000    0.00103    0.00260    0.00011    0.00087
 61    4120    0.01496    0.01901    0.001151    0.00464    0.01118    0.00453    0.01483    0.00371    0.01859
 62    4280    0.00057    0.00013    0.000960    0.00026    0.00000    0.00161    0.00044    0.00105    0.00176
 63    4400    0.00042    0.00032    0.000662    0.00077    0.00007    0.00048    0.00000    0.00120    0.00111
 64    4480    0.14655    0.15470    0.030003    0.08972    0.27457    0.09192    0.01586    0.05128    0.16122
 65    4520    0.00067    0.00056    0.002009    0.00201    0.00040    0.00166    0.00554    0.00119    0.00000
 66    4720    0.00074    0.00040    0.001883    0.00025    0.00000    0.00199    0.00000    0.00011    0.00449
 67    4880    0.01311    0.00143    0.000229    0.00006    0.00067    0.00016    0.00003    0.00036    0.00116
 68    4900    0.00014    0.00088    0.001259    0.00055    0.00027    0.00029    0.00032    0.00271    0.00173
 69    4920    0.00144    0.00133    0.002571    0.00414    0.00033    0.00281    0.00071    0.00135    0.00226
 70    5000    0.00260    0.00385    0.003595    0.00181    0.01272    0.00290    0.64356    0.06990    0.01177
 71    5015    0.00181    0.01045    0.051643    0.00190    0.00244    0.01427    0.00256    0.02115    0.00102
 72    5080    0.00309    0.00048    0.003843    0.00140    0.00040    0.00112    0.00008    0.00074    0.00528
 73    5120    0.00422    0.00221    0.010308    0.01440    0.00293    0.00688    0.00074    0.00406    0.01975
 74    5160    0.00013    0.00019    0.000262    0.00151    0.00006    0.00015    0.00032    0.00072    0.00142
 75    5170    0.00455    0.00132    0.001887    0.00086    0.00087    0.00040    0.00009    0.00006    0.00369
 76    5190    0.00151    0.00325    0.005453    0.00038    0.00095    0.00313    0.00026    0.00549    0.00027
 77    5360    0.00237    0.00077    0.001707    0.00155    0.00245    0.00128    0.00083    0.00256    0.00614
 78    5380    0.00105    0.00643    0.016585    0.00118    0.06083    0.00868    0.00156    0.01798    0.00617
 79    5480    0.00059    0.00112    0.002560    0.00058    0.00010    0.00309    0.00047    0.00178    0.00079
 80    5560    0.00034    0.00113    0.002047    0.00723    0.00083    0.00166    0.00339    0.00336    0.00292
 81    5600    0.02084    0.04660    0.082094    0.01478    0.03583    0.22158    0.01830    0.29443    0.03408
 82    5640    0.00103    0.01167    0.017008    0.00304    0.01295    0.00920    0.00909    0.02633    0.00260
 83    5720    0.00022    0.01021    0.001499    0.00247    0.00095    0.00193    0.00041    0.00676    0.00387
 84    5775    0.01641    0.05238    0.039090    0.02806    0.01922    0.04707    0.00163    0.00396    0.02577
 85    5880    0.00290    0.00120    0.002922    0.00642    0.00008    0.00176    0.00028    0.00033    0.00164
 86    5920    0.00176    0.00055    0.001154    0.00096    0.00125    0.00119    0.00050    0.00060    0.00230
 87    5945    0.04380    0.02741    0.014885    0.10869    0.01918    0.00931    0.00118    0.00569    0.02672
 88    5960    0.00260    0.00430    0.004504    0.00613    0.00200    0.00353    0.01680    0.02105    0.00461
 89    6080    0.00006    0.00108    0.000199    0.00063    0.00006    0.00017    0.00016    0.00119    0.00126
 90    6160    0.00193    0.00849    0.028021    0.02101    0.00148    0.01965    0.00150    0.01297    0.00761
 91    6200    0.03511    0.00756    0.007424    0.00901    0.00481    0.00627    0.00466    0.00339    0.00723
 92    6280    0.00016    0.00081    0.005877    0.00190    0.00002    0.00277    0.00018    0.00147    0.00277
 93    6440    0.00899    0.00502    0.006442    0.01727    0.00218    0.00455    0.00293    0.00190    0.01116
 94    6480    0.00033    0.00143    0.001475    0.00058    0.00103    0.00233    0.00016    0.00277    0.00319
 95    6640    0.00530    0.00151    0.008192    0.00225    0.00533    0.00600    0.00067    0.00297    0.00379
 96    6760    0.00045    0.00050    0.003396    0.00258    0.00272    0.00123    0.00000    0.00379    0.00317
 97    6780    0.03658    0.02041    0.006497    0.01067    0.01493    0.00401    0.00188    0.00763    0.01401
 98    6840    0.00013    0.00059    0.002363    0.00260    0.00035    0.00231    0.00274    0.00160    0.00248
 99    6920    0.00610    0.01201    0.008301    0.01692    0.00255    0.00678    0.00035    0.00205    0.01349
100    7040    0.00079    0.00186    0.005948    0.00611    0.00028    0.00470    0.00035    0.00150    0.00350
101    7160    0.00582    0.00197    0.001668    0.00432    0.00255    0.00252    0.00032    0.00131    0.00518
102    7240    0.00964    0.00301    0.001674    0.00222    0.00156    0.00169    0.00202    0.00677    0.00424
103    7320    0.02841    0.05698    0.005577    0.02674    0.00268    0.00821    0.00133    0.00654    0.01557
104    7360    0.00882    0.05348    0.011365    0.01957    0.03091    0.06932    0.00107    0.00301    0.01717
105    7400    0.01587    0.04217    0.056881    0.09347    0.00560    0.03859    0.00073    0.00252    0.01639
106    7500    0.00406    0.00109    0.001139    0.00090    0.00127    0.00085    0.00014    0.00042    0.00193
107    7510    0.00153    0.00123    0.000466    0.00063    0.00024    0.00030    0.00259    0.00051    0.00094
108    7560    0.00008    0.00025    0.000564    0.00055    0.00000    0.00023    0.00008    0.00018    0.00000
109    7600    0.00494    0.02176    0.012117    0.03006    0.00266    0.01735    0.00106    0.00244    0.02504
110    7840    0.00006    0.00059    0.000329    0.00140    0.00004    0.00012    0.00000    0.00043    0.00129
111    8000    0.00009    0.00032    0.000730    0.00267    0.00061    0.00188    0.00022    0.00170    0.00139
112    8120    0.00591    0.00820    0.003607    0.00423    0.00086    0.00061    0.00000    0.00018    0.00897
The SAS System                                                                     17:57 Saturday, December 27, 2008   8

Obs    rmsa        shric1     shric2      shric3      shric4      shric5     shric6      shric7      shric37     shric38

113    8160    .000022375    0.000235    0.001098    0.001538    0.00005    0.001011    0.000841    0.000860    0.000788
114    8200    .000956283    0.002681    0.000471    0.005275    0.00079    0.000447    0.000180    0.001943    0.006186
115    8280    .003434057    0.004783    0.006017    0.007125    0.00154    0.002635    0.029937    0.014285    0.011701
116    8400    .000138724    0.000520    0.001191    0.000011    0.00000    0.001561    0.000096    0.000396    0.000000
117    8520    .005784392    0.001563    0.001287    0.002151    0.00068    0.002064    0.000377    0.000573    0.003101
118    8560    .001987084    0.000339    0.000903    0.000894    0.00005    0.000857    0.000110    0.001714    0.000218
119    8720    .004082929    0.015209    0.001516    0.001021    0.00108    0.000939    0.000000    0.000906    0.001106
120    8735    .009262421    0.007695    0.002228    0.001549    0.00159    0.001283    0.000145    0.001224    0.001676
121    8840    .004859434    0.026108    0.042790    0.037932    0.14543    0.031939    0.003243    0.030460    0.045429
122    8960    .002176005    0.001645    0.002131    0.001765    0.00308    0.001532    0.027509    0.011899    0.006940
123    9040    .001591340    0.000726    0.000859    0.006721    0.00070    0.000265    0.000210    0.000000    0.001291
124    9160    .000864643    0.000834    0.003369    0.000187    0.00036    0.002773    0.000377    0.002256    0.002112
125    9240    .000047085    0.000149    0.002619    0.004867    0.00176    0.001098    0.000110    0.001318    0.003420
126    9320    .000065568    0.000284    0.000502    0.000087    0.00012    0.000281    0.000210    0.000182    0.000000
