The SAS System                                                                     14:37 Thursday, December 11, 2008   1

The MEANS Procedure

Variable         Label                                  N           Mean        Std Dev        Minimum        Maximum
---------------------------------------------------------------------------------------------------------------------
age                                               3359699     38.4849800     17.7365828     18.0000000     68.0000000
educ                                              3359699     12.2658974      4.2775677              0     20.0000000
imm                                               3359699      0.0705261      0.3499532              0      1.0000000
state                                             3359699     28.1152733     21.0937091      1.0000000     56.0000000
pob                                               3359699     71.4961168    211.9187595      1.0000000    997.0000000
weeks                                             3359699     34.2077364     29.9254544              0     52.0000000
hispanic         0=not 1=mex 2=pr 3=cuban 4=oth   3359699      0.0609418      0.3269794              0      1.0000000
english                                           3359699      0.1889560      0.8387467              0      4.0000000
wagesal                                           3359699        9313.35       15510.81              0      107250.00
selfinc                                           3359699    798.7410943        6876.23      -19990.00      150000.00
msa                                               3359699        5797.09        4358.00     40.0000000        9999.00
eclass                                            3359699      2.2431782      1.3965361      1.0000000      4.0000000
dropout                                           3359699      0.2643183      0.6027330              0      1.0000000
somecoll                                          3359699      0.1762454      0.5208039              0      1.0000000
collplus                                          3359699      0.1656255      0.5081133              0      1.0000000
advanced                                          3359699      0.0774335      0.3653253              0      1.0000000
exp                                               3359699     19.2629417     18.1248920      1.0000000     45.0000000
xclass                                            3359699      4.2621048      3.6007098      1.0000000      9.0000000
annhrs                                            3359699        1387.20        1386.35              0        5148.00
wage                                              2427937      7.5639326     11.4616245      2.1750000    145.0000000
female                                            3359699      0.5103883      0.6832705              0      1.0000000
owage                                             2427937      7.7402533     36.0462189      0.0011447       18005.00
wage2                                             2329268      7.4676752     11.1549726      2.1750000    145.0000000
logwage2                                          2329268      1.7724015      0.8616151      0.7770287      4.9767337
ic                                                3359699      0.2493654      7.7299687     -1.0000000     38.0000000
euro                                              3359699      0.0265006      0.2195392              0      1.0000000
hi_asian                                          3359699      0.0057321      0.1031873              0      1.0000000
mid_asian                                         3359699      0.0056158      0.1021411              0      1.0000000
mex                                               3359699      0.0121167      0.1495412              0      1.0000000
yrsinus                                           3359699      1.0934048      6.9436666              0     40.0000000
yrsinus2                                          3359699     27.0029702    225.3978303              0        1600.00
pre_exp                                           3359699      0.3070905      4.6884681    -33.0000000     42.5000000
pre_exp1                                          3359699      0.0143567      0.1625936              0      1.0000000
euro_ed                                           3359699      0.3179333      2.7676049              0     20.0000000
hi_asian_ed                                       3359699      0.0810147      1.5108951              0     20.0000000
mid_asian_ed                                      3359699      0.0716092      1.3852480              0     20.0000000
mex_ed                                            3359699      0.0886617      1.2659939              0     20.0000000
euro_coll                                         3359699      0.0048196      0.0946609              0      1.0000000
hi_asian_coll                                     3359699      0.0023694      0.0664537              0      1.0000000
mid_asian_coll                                    3359699      0.0019372      0.0601005              0      1.0000000
mex_coll                                          3359699    0.000320709      0.0244738              0      1.0000000
euro_yrs                                          3359699      0.5767524      5.5054036              0     40.0000000
hi_asian_yrs                                      3359699      0.0501664      1.2216438              0     40.0000000
mid_asian_yrs                                     3359699      0.0557989      1.4141292              0     40.0000000
mex_yrs                                           3359699      0.1470081      2.3796253              0     40.0000000
euro_yrs2                                         3359699     16.5561775    186.7432800              0        1600.00
hi_asian_yrs2                                     3359699      0.8013503     29.8172031              0        1600.00
mid_asian_yrs2                                    3359699      1.0735116     42.4274043              0        1600.00
mex_yrs2                                          3359699      3.0525998     70.4087348              0        1600.00
imm_ed                                            3359699      0.7955552      4.2695639              0     20.0000000
imm_coll                                          3359699      0.0127105      0.1531155              0      1.0000000
inschool                                          3359699      0.0743042      0.3584737              0      1.0000000
exp2                                              3359699      5.4690092      8.1067829      0.0100000     20.2500000
---------------------------------------------------------------------------------------------------------------------
The SAS System                                                                     14:37 Thursday, December 11, 2008   2

The MEANS Procedure

Variable         Label                                  N           Mean        Std Dev        Minimum        Maximum
---------------------------------------------------------------------------------------------------------------------
exp3                                              3359699     18.1484785     33.9304949      0.0010000     91.1250000
asian                                             3359699      0.0166649      0.1749720              0      1.0000000
black                                             3359699      0.1071611      0.4227870              0      1.0000000
asian_ed                                          3359699      0.2201763      2.4210819              0     20.0000000
black_ed                                          3359699      1.2092486      4.9697314              0     20.0000000
asian_coll                                        3359699      0.0055288      0.1013513              0      1.0000000
black_coll                                        3359699      0.0086765      0.1267641              0      1.0000000
hisp_ed                                           3359699      0.6077485      3.5365855              0     20.0000000
hisp_coll                                         3359699      0.0041778      0.0881621              0      1.0000000
p1                                                3359699      0.1064491      0.1214279    0.000655525      0.7157922
p2                                                3359699      0.1091434      0.0927101      0.0018089      0.2315477
p3                                                3359699      0.1003027      0.0679172      0.0034359      0.1591841
p4                                                3359699      0.1052845      0.0514206      0.0074608      0.1439071
p5                                                3359699      0.1000562      0.0364545      0.0132354      0.1332594
p6                                                3359699      0.0928657      0.0286584      0.0155951      0.1217200
p7                                                3359699      0.1043777      0.0475376      0.0087660      0.1489274
p8                                                3359699      0.0946453      0.0719406      0.0034117      0.1707784
p9                                                3359699      0.0917713      0.0994822      0.0014046      0.2328081
p10                                               3359699      0.0951041      0.1434915    0.000200909      0.5967911
c                                                 3359699      1.0000000              0      1.0000000      1.0000000
rmsa                                              3359699        2863.60        3972.83              0        9320.00
dev                                               2329268   -8.473921E-9      0.8616151     -0.9953728      3.2043322
devsq                                             2329268      0.3963737      0.9723292   1.596595E-13     10.2677451
nonmover                                          3359699      0.5819599      0.6741739              0      1.0000000
emp                                               3359699      0.7722019      0.5732670              0      1.0000000
---------------------------------------------------------------------------------------------------------------------
The SAS System                                                                     14:37 Thursday, December 11, 2008   3

The MEANS Procedure

Variable         Label                                  N           Mean        Std Dev        Minimum        Maximum
---------------------------------------------------------------------------------------------------------------------
age                                               2917026     38.4656493     18.4143438     18.0000000     68.0000000
educ                                              2917026     12.3406826      4.2271012              0     20.0000000
imm                                               2917026              0              0              0              0
state                                             2917026     28.4500879     21.7234933      1.0000000     56.0000000
pob                                               2917026     32.4749221     57.4920337      1.0000000    997.0000000
weeks                                             2917026     34.3831889     30.8838139              0     52.0000000
hispanic         0=not 1=mex 2=pr 3=cuban 4=oth   2917026      0.0402832      0.2780663              0      1.0000000
english                                           2917026      0.0898329      0.5451874              0      4.0000000
wagesal                                           2917026        9380.46       16030.90              0      107250.00
selfinc                                           2917026    802.2695838        7120.58      -19990.00      150000.00
msa                                               2917026        5845.82        4567.20     40.0000000        9999.00
eclass                                            2917026      2.2514585      1.4334612      1.0000000      4.0000000
dropout                                           2917026      0.2550711      0.6164575              0      1.0000000
somecoll                                          2917026      0.1774938      0.5403514              0      1.0000000
collplus                                          2917026      0.1645179      0.5243125              0      1.0000000
advanced                                          2917026      0.0756894      0.3740603              0      1.0000000
exp                                               2917026     19.2178033     18.8207209      1.0000000     45.0000000
xclass                                            2917026      4.2534705      3.7382429      1.0000000      9.0000000
annhrs                                            2917026        1395.00        1433.39              0        5148.00
wage                                              2122927      7.5652564     11.7618233      2.1750000    145.0000000
female                                            2917026      0.5093438      0.7069834              0      1.0000000
owage                                             2122927      7.7399953     37.4621060      0.0011447       18005.00
wage2                                             2033288      7.4699401     11.4474961      2.1750000    145.0000000
logwage2                                          2033288      1.7748440      0.8878048      0.7770287      4.9767337
ic                                                2917026     -1.0000000              0     -1.0000000     -1.0000000
euro                                              2917026              0              0              0              0
hi_asian                                          2917026              0              0              0              0
mid_asian                                         2917026              0              0              0              0
mex                                               2917026              0              0              0              0
yrsinus                                           2917026              0              0              0              0
yrsinus2                                          2917026              0              0              0              0
pre_exp                                           2917026              0              0              0              0
pre_exp1                                          2917026              0              0              0              0
euro_ed                                           2917026              0              0              0              0
hi_asian_ed                                       2917026              0              0              0              0
mid_asian_ed                                      2917026              0              0              0              0
mex_ed                                            2917026              0              0              0              0
euro_coll                                         2917026              0              0              0              0
hi_asian_coll                                     2917026              0              0              0              0
mid_asian_coll                                    2917026              0              0              0              0
mex_coll                                          2917026              0              0              0              0
euro_yrs                                          2917026              0              0              0              0
hi_asian_yrs                                      2917026              0              0              0              0
mid_asian_yrs                                     2917026              0              0              0              0
mex_yrs                                           2917026              0              0              0              0
euro_yrs2                                         2917026              0              0              0              0
hi_asian_yrs2                                     2917026              0              0              0              0
mid_asian_yrs2                                    2917026              0              0              0              0
mex_yrs2                                          2917026              0              0              0              0
imm_ed                                            2917026              0              0              0              0
imm_coll                                          2917026              0              0              0              0
inschool                                          2917026      0.0730220      0.3679396              0      1.0000000
exp2                                              2917026      5.4643354      8.4120333      0.0100000     20.2500000
---------------------------------------------------------------------------------------------------------------------
The SAS System                                                                     14:37 Thursday, December 11, 2008   4

The MEANS Procedure

Variable         Label                                  N           Mean        Std Dev        Minimum        Maximum
---------------------------------------------------------------------------------------------------------------------
exp3                                              2917026     18.1650247     35.2055499      0.0010000     91.1250000
asian                                             2917026      0.0054508      0.1041254              0      1.0000000
black                                             2917026      0.1110216      0.4442879              0      1.0000000
asian_ed                                          2917026      0.0724210      1.4178135              0     20.0000000
black_ed                                          2917026      1.2503629      5.2117940              0     20.0000000
asian_coll                                        2917026      0.0013987      0.0528532              0      1.0000000
black_coll                                        2917026      0.0087795      0.1319274              0      1.0000000
hisp_ed                                           2917026      0.4247837      3.1032098              0     20.0000000
hisp_coll                                         2917026      0.0025502      0.0713260              0      1.0000000
p1                                                2917026      0.1051786      0.1246925      0.0010635      0.7157922
p2                                                2917026      0.1084554      0.0960396      0.0027291      0.2315477
p3                                                2917026      0.0998566      0.0705298      0.0049487      0.1591841
p4                                                2917026      0.1049760      0.0534454      0.0103030      0.1439071
p5                                                2917026      0.0999364      0.0377983      0.0175462      0.1332594
p6                                                2917026      0.0929353      0.0295188      0.0155951      0.1217200
p7                                                2917026      0.1047172      0.0491255      0.0087660      0.1489274
p8                                                2917026      0.0952458      0.0746222      0.0034117      0.1707784
p9                                                2917026      0.0926122      0.1032487      0.0014046      0.2328081
p10                                               2917026      0.0960867      0.1486982    0.000200909      0.5411772
c                                                 2917026      1.0000000              0      1.0000000      1.0000000
rmsa                                              2917026        2772.07        4113.80              0        9320.00
dev                                               2033288      0.0024425      0.8878048     -0.9953728      3.2043322
devsq                                             2033288      0.3941045      0.9983672   1.596595E-13     10.2677451
nonmover                                          2917026      0.6261175      0.6842433              0      1.0000000
emp                                               2917026      0.7753287      0.5902443              0      1.0000000
---------------------------------------------------------------------------------------------------------------------
The SAS System                                                                     14:37 Thursday, December 11, 2008   5

The MEANS Procedure

Variable         Label                                  N           Mean        Std Dev        Minimum        Maximum
---------------------------------------------------------------------------------------------------------------------
age                                                442673     38.7397424     12.3717935     18.0000000     68.0000000
educ                                               442673     11.2802927      4.4811555              0     20.0000000
imm                                                442673      1.0000000              0      1.0000000      1.0000000
state                                              442673     23.7027038     15.6941145      1.0000000     56.0000000
pob                                                442673    585.7621314    185.8139418    110.0000000    997.0000000
weeks                                              442673     31.8954217     22.4891113              0     52.0000000
hispanic         0=not 1=mex 2=pr 3=cuban 4=oth    442673      0.3332053      0.4713598              0      1.0000000
english                                            442673      1.4953137      1.2428042              0      4.0000000
wagesal                                            442673        8428.99       11473.70              0      107250.00
selfinc                                            442673    752.2386163        4974.25      -19990.00      135005.00
msa                                                442673        5154.88        2499.03     40.0000000        9999.00
eclass                                             442673      2.1340515      1.1175452      1.0000000      4.0000000
dropout                                            442673      0.3861880      0.4868751              0      1.0000000
somecoll                                           442673      0.1597929      0.3664143              0      1.0000000
collplus                                           442673      0.1802233      0.3843738              0      1.0000000
advanced                                           442673      0.1004195      0.3005589              0      1.0000000
exp                                                442673     19.8578273     12.5987227      1.0000000     45.0000000
xclass                                             442673      4.3758982      2.5099832      1.0000000      9.0000000
annhrs                                             442673        1284.49        1018.10              0        5148.00
wage                                               305010      7.5455044      9.1019104      2.1750000    145.0000000
female                                             442673      0.5241544      0.4994168              0      1.0000000
owage                                              305010      7.7438451     23.9774751      0.0019231        7234.17
wage2                                              295980      7.4365576      8.8888713      2.1750000    145.0000000
logwage2                                           295980      1.7388427      0.6530138      0.7770287      4.9767337
ic                                                 442673     16.7149340     12.7204199      1.0000000     38.0000000
euro                                               442673      0.3757559      0.4843180              0      1.0000000
hi_asian                                           442673      0.0812767      0.2732599              0      1.0000000
mid_asian                                          442673      0.0796276      0.2707161              0      1.0000000
mex                                                442673      0.1718040      0.3772104              0      1.0000000
yrsinus                                            442673     15.5035466     11.9381496      2.5000000     40.0000000
yrsinus2                                           442673    382.8790512    499.3245377      6.2500000        1600.00
pre_exp                                            442673      4.3542807     12.2151402    -33.0000000     42.5000000
pre_exp1                                           442673      0.2035656      0.4026500              0      1.0000000
euro_ed                                            442673      4.5080229      6.2645370              0     20.0000000
hi_asian_ed                                        442673      1.1487193      4.0123617              0     20.0000000
mid_asian_ed                                       442673      1.0153567      3.6885645              0     20.0000000
mex_ed                                             442673      1.2571469      3.2703485              0     20.0000000
euro_coll                                          442673      0.0683371      0.2523238              0      1.0000000
hi_asian_coll                                      442673      0.0335959      0.1801868              0      1.0000000
mid_asian_coll                                     442673      0.0274672      0.1634406              0      1.0000000
mex_coll                                           442673      0.0045474      0.0672808              0      1.0000000
euro_yrs                                           442673      8.1778559     12.9566781              0     40.0000000
hi_asian_yrs                                       442673      0.7113174      3.2949226              0     40.0000000
mid_asian_yrs                                      442673      0.7911811      3.8204114              0     40.0000000
mex_yrs                                            442673      2.0844495      6.2400654              0     40.0000000
euro_yrs2                                          442673    234.7524538    462.0063495              0        1600.00
hi_asian_yrs2                                      442673     11.3624628     81.4103241              0        1600.00
mid_asian_yrs2                                     442673     15.2214778    115.9592467              0        1600.00
mex_yrs2                                           442673     43.2832582    189.4286888              0        1600.00
imm_ed                                             442673     11.2802927      4.4811555              0     20.0000000
imm_coll                                           442673      0.1802233      0.3843738              0      1.0000000
inschool                                           442673      0.0912028      0.2878976              0      1.0000000
exp2                                               442673      5.5306062      5.6998974      0.0100000     20.2500000
---------------------------------------------------------------------------------------------------------------------
The SAS System                                                                     14:37 Thursday, December 11, 2008   6

The MEANS Procedure

Variable         Label                                  N           Mean        Std Dev        Minimum        Maximum
---------------------------------------------------------------------------------------------------------------------
exp3                                               442673     17.9304145     23.8818563      0.0010000     91.1250000
asian                                              442673      0.1644577      0.3706908              0      1.0000000
black                                              442673      0.0562831      0.2304678              0      1.0000000
asian_ed                                           442673      2.1674645      5.2116596              0     20.0000000
black_ed                                           442673      0.6673978      2.8534064              0     20.0000000
asian_coll                                         442673      0.0599607      0.2374144              0      1.0000000
black_coll                                         442673      0.0073192      0.0852386              0      1.0000000
hisp_ed                                            442673      3.0190683      5.0213050              0     20.0000000
hisp_coll                                          442673      0.0256284      0.1580242              0      1.0000000
p1                                                 442673      0.1231945      0.0956469    0.000655525      0.6948819
p2                                                 442673      0.1182110      0.0660727      0.0018089      0.2315477
p3                                                 442673      0.1061818      0.0468197      0.0034359      0.1591841
p4                                                 442673      0.1093505      0.0350301      0.0074608      0.1439071
p5                                                 442673      0.1016351      0.0258607      0.0132354      0.1332594
p6                                                 442673      0.0919488      0.0221477      0.0179343      0.1217200
p7                                                 442673      0.0999031      0.0350263      0.0117484      0.1489274
p8                                                 442673      0.0867310      0.0501820      0.0050994      0.1707784
p9                                                 442673      0.0806891      0.0687964      0.0016977      0.2328081
p10                                                442673      0.0821551      0.1019036    0.000252362      0.5967911
c                                                  442673      1.0000000              0      1.0000000      1.0000000
rmsa                                               442673        4069.91        2589.52              0        9320.00
dev                                                295980     -0.0335588      0.6530138     -0.9953728      3.2043322
devsq                                              295980      0.4275518      0.7693373   2.746506E-11     10.2677451
nonmover                                           442673              0              0              0              0
emp                                                442673      0.7309933      0.4434439              0      1.0000000
---------------------------------------------------------------------------------------------------------------------
The SAS System                                                                     14:37 Thursday, December 11, 2008   7

The FREQ Procedure

Table of ic by hispanic

ic        hispanic(0=not 1=mex 2=pr 3=cuban 4=oth)

Frequency|
Percent  |
Row Pct  |
Col Pct  |       0|       1|  Total
---------+--------+--------+
      -1 |5599038 | 235014 |5834052
         |  89.20 |   3.74 |  92.95
         |  95.97 |   4.03 |
         |  94.99 |  61.44 |
---------+--------+--------+
       1 |   1007 |  75046 |  76053
         |   0.02 |   1.20 |   1.21
         |   1.32 |  98.68 |
         |   0.02 |  19.62 |
---------+--------+--------+
       2 |  15606 |   2192 |  17798
         |   0.25 |   0.03 |   0.28
         |  87.68 |  12.32 |
         |   0.26 |   0.57 |
---------+--------+--------+
       3 |   8082 |     61 |   8143
         |   0.13 |   0.00 |   0.13
         |  99.25 |   0.75 |
         |   0.14 |   0.02 |
---------+--------+--------+
       4 |   6430 |     60 |   6490
         |   0.10 |   0.00 |   0.10
         |  99.08 |   0.92 |
         |   0.11 |   0.02 |
---------+--------+--------+
       5 |     55 |   3654 |   3709
         |   0.00 |   0.06 |   0.06
         |   1.48 |  98.52 |
         |   0.00 |   0.96 |
---------+--------+--------+
       6 |  10909 |     52 |  10961
         |   0.17 |   0.00 |   0.17
         |  99.53 |   0.47 |
         |   0.19 |   0.01 |
---------+--------+--------+
       7 |    317 |  21668 |  21985
         |   0.01 |   0.35 |   0.35
         |   1.44 |  98.56 |
         |   0.01 |   5.66 |
---------+--------+--------+
Total     5894210   382515  6276725
            93.91     6.09   100.00
(Continued)
The SAS System                                                                     14:37 Thursday, December 11, 2008   8

The FREQ Procedure

Table of ic by hispanic

ic        hispanic(0=not 1=mex 2=pr 3=cuban 4=oth)

Frequency|
Percent  |
Row Pct  |
Col Pct  |       0|       1|  Total
---------+--------+--------+
       8 |    138 |   6198 |   6336
         |   0.00 |   0.10 |   0.10
         |   2.18 |  97.82 |
         |   0.00 |   1.62 |
---------+--------+--------+
       9 |   9271 |     77 |   9348
         |   0.15 |   0.00 |   0.15
         |  99.18 |   0.82 |
         |   0.16 |   0.02 |
---------+--------+--------+
      10 |   6722 |    173 |   6895
         |   0.11 |   0.00 |   0.11
         |  97.49 |   2.51 |
         |   0.11 |   0.05 |
---------+--------+--------+
      11 |  25080 |     86 |  25166
         |   0.40 |   0.00 |   0.40
         |  99.66 |   0.34 |
         |   0.43 |   0.02 |
---------+--------+--------+
      12 |    253 |   5310 |   5563
         |   0.00 |   0.08 |   0.09
         |   4.55 |  95.45 |
         |   0.00 |   1.39 |
---------+--------+--------+
      13 |    103 |   2297 |   2400
         |   0.00 |   0.04 |   0.04
         |   4.29 |  95.71 |
         |   0.00 |   0.60 |
---------+--------+--------+
      14 |  26521 |    156 |  26677
         |   0.42 |   0.00 |   0.43
         |  99.42 |   0.58 |
         |   0.45 |   0.04 |
---------+--------+--------+
      15 |   3352 |    203 |   3555
         |   0.05 |   0.00 |   0.06
         |  94.29 |   5.71 |
         |   0.06 |   0.05 |
---------+--------+--------+
Total     5894210   382515  6276725
            93.91     6.09   100.00
(Continued)
The SAS System                                                                     14:37 Thursday, December 11, 2008   9

The FREQ Procedure

Table of ic by hispanic

ic        hispanic(0=not 1=mex 2=pr 3=cuban 4=oth)

Frequency|
Percent  |
Row Pct  |
Col Pct  |       0|       1|  Total
---------+--------+--------+
      16 |   9479 |     35 |   9514
         |   0.15 |   0.00 |   0.15
         |  99.63 |   0.37 |
         |   0.16 |   0.01 |
---------+--------+--------+
      17 |   2763 |      9 |   2772
         |   0.04 |   0.00 |   0.04
         |  99.68 |   0.32 |
         |   0.05 |   0.00 |
---------+--------+--------+
      18 |  20253 |     61 |  20314
         |   0.32 |   0.00 |   0.32
         |  99.70 |   0.30 |
         |   0.34 |   0.02 |
---------+--------+--------+
      19 |  20143 |    153 |  20296
         |   0.32 |   0.00 |   0.32
         |  99.25 |   0.75 |
         |   0.34 |   0.04 |
---------+--------+--------+
      20 |     68 |   3285 |   3353
         |   0.00 |   0.05 |   0.05
         |   2.03 |  97.97 |
         |   0.00 |   0.86 |
---------+--------+--------+
      21 |   8030 |     45 |   8075
         |   0.13 |   0.00 |   0.13
         |  99.44 |   0.56 |
         |   0.14 |   0.01 |
---------+--------+--------+
      22 |   4087 |     37 |   4124
         |   0.07 |   0.00 |   0.07
         |  99.10 |   0.90 |
         |   0.07 |   0.01 |
---------+--------+--------+
      23 |    184 |   1221 |   1405
         |   0.00 |   0.02 |   0.02
         |  13.10 |  86.90 |
         |   0.00 |   0.32 |
---------+--------+--------+
Total     5894210   382515  6276725
            93.91     6.09   100.00
(Continued)
The SAS System                                                                     14:37 Thursday, December 11, 2008  10

The FREQ Procedure

Table of ic by hispanic

ic        hispanic(0=not 1=mex 2=pr 3=cuban 4=oth)

Frequency|
Percent  |
Row Pct  |
Col Pct  |       0|       1|  Total
---------+--------+--------+
      24 |    167 |   2028 |   2195
         |   0.00 |   0.03 |   0.03
         |   7.61 |  92.39 |
         |   0.00 |   0.53 |
---------+--------+--------+
      25 |   3940 |     12 |   3952
         |   0.06 |   0.00 |   0.06
         |  99.70 |   0.30 |
         |   0.07 |   0.00 |
---------+--------+--------+
      26 |     71 |   1443 |   1514
         |   0.00 |   0.02 |   0.02
         |   4.69 |  95.31 |
         |   0.00 |   0.38 |
---------+--------+--------+
      27 |   1617 |     39 |   1656
         |   0.03 |   0.00 |   0.03
         |  97.64 |   2.36 |
         |   0.03 |   0.01 |
---------+--------+--------+
      28 |   1173 |     12 |   1185
         |   0.02 |   0.00 |   0.02
         |  98.99 |   1.01 |
         |   0.02 |   0.00 |
---------+--------+--------+
      29 |   2318 |     14 |   2332
         |   0.04 |   0.00 |   0.04
         |  99.40 |   0.60 |
         |   0.04 |   0.00 |
---------+--------+--------+
      30 |   2374 |    128 |   2502
         |   0.04 |   0.00 |   0.04
         |  94.88 |   5.12 |
         |   0.04 |   0.03 |
---------+--------+--------+
      31 |  46434 |   2987 |  49421
         |   0.74 |   0.05 |   0.79
         |  93.96 |   6.04 |
         |   0.79 |   0.78 |
---------+--------+--------+
Total     5894210   382515  6276725
            93.91     6.09   100.00
(Continued)
The SAS System                                                                     14:37 Thursday, December 11, 2008  11

The FREQ Procedure

Table of ic by hispanic

ic        hispanic(0=not 1=mex 2=pr 3=cuban 4=oth)

Frequency|
Percent  |
Row Pct  |
Col Pct  |       0|       1|  Total
---------+--------+--------+
      32 |  10925 |     72 |  10997
         |   0.17 |   0.00 |   0.18
         |  99.35 |   0.65 |
         |   0.19 |   0.02 |
---------+--------+--------+
      33 |   7541 |    141 |   7682
         |   0.12 |   0.00 |   0.12
         |  98.16 |   1.84 |
         |   0.13 |   0.04 |
---------+--------+--------+
      34 |   7935 |    103 |   8038
         |   0.13 |   0.00 |   0.13
         |  98.72 |   1.28 |
         |   0.13 |   0.03 |
---------+--------+--------+
      35 |   2720 |   5857 |   8577
         |   0.04 |   0.09 |   0.14
         |  31.71 |  68.29 |
         |   0.05 |   1.53 |
---------+--------+--------+
      36 |   7221 |    217 |   7438
         |   0.12 |   0.00 |   0.12
         |  97.08 |   2.92 |
         |   0.12 |   0.06 |
---------+--------+--------+
      37 |   5337 |   3030 |   8367
         |   0.09 |   0.05 |   0.13
         |  63.79 |  36.21 |
         |   0.09 |   0.79 |
---------+--------+--------+
      38 |  16546 |   9339 |  25885
         |   0.26 |   0.15 |   0.41
         |  63.92 |  36.08 |
         |   0.28 |   2.44 |
---------+--------+--------+
Total     5894210   382515  6276725
            93.91     6.09   100.00
