1                                                          The SAS System                          23:25 Thursday, December 11, 2008

NOTE: Copyright (c) 2002-2003 by SAS Institute Inc., Cary, NC, USA. 
NOTE: SAS (r) 9.1 (TS1M3)
      Licensed to UNIVERSITY OF CALIFORNIA SYSTEM-T/R, Site 0029107917.
NOTE: This session is executing on the Linux 2.6.24-19-server platform.



NOTE: SAS 9.1.3 Service Pack 3

You are running SAS 9. Some SAS 8 files will be automatically converted 
by the V9 engine; others are incompatible.  Please see 
http://support.sas.com/rnd/migration/planning/platform/64bit.html

PROC MIGRATE will preserve current SAS file attributes and is 
recommended for converting all your SAS libraries from any 
SAS 8 release to SAS 9.  For details and examples, please see
http://support.sas.com/rnd/migration/index.html


This message is contained in the SAS news file, and is presented upon
initialization.  Edit the file "news" in the "misc/base" directory to
display site-specific news and information in the program log.
The command line option "-nonews" will prevent this display.




NOTE: SAS initialization used:
      real time           0.16 seconds
      cpu time            0.01 seconds
      
1          *cell1 - follows np2;
2          *creates some summary stats by city;
3          
4          
5          options ls=120 nocenter;
6          libname c80 '/var/tmp/card/';
NOTE: Libref C80 was successfully assigned as follows: 
      Engine:        V9 
      Physical Name: /var/tmp/card
6        !                              
7          libname here '.';
NOTE: Libref HERE was successfully assigned as follows: 
      Engine:        V9 
      Physical Name: /accounts/fac/card/ely/data/c80/cells
7        !                   
8          
9          
10         data nm nf im if;
11         set c80.np80;
12         ft=(annhrs>1600);
13         lowhrs=(annhrs<1000);
14         
15         if collplus=1 and advanced=0 then college=1;
16         else college=0;
17         
18         homey=0;
19         
2 The SAS System                                                                       23:25 Thursday, December 11, 2008

20         if imm=0 then do;
21         *code based on quantiles of pob for people born in their current SOB;
22         *code from home.sas;
23         if rmsa= 80  and pob in (39 ,39 ,39 ,39 ,39 ) then homey=1; 
24         if rmsa= 160  and pob in (36 ,36 ,36 ,36 ,36 ) then homey=1; 
25         if rmsa= 200  and pob in (35 ,35 ,35 ,35 ,35 ) then homey=1; 
26         if rmsa= 240  and pob in (42 ,42 ,42 ,42 ,42 ) then homey=1; 
27         if rmsa= 440  and pob in (26 ,26 ,26 ,26 ,26 ) then homey=1; 
28         if rmsa= 520  and pob in (13 ,13 ,13 ,13 ,13 ) then homey=1; 
29         if rmsa= 600  and pob in (13 ,13 ,13 ,45 ,45 ) then homey=1; 
30         if rmsa= 640  and pob in (48 ,48 ,48 ,48 ,48 ) then homey=1; 
31         if rmsa= 680  and pob in (6 ,6 ,6 ,6 ,6 ) then homey=1; 
32         if rmsa= 720  and pob in (24 ,24 ,24 ,24 ,24 ) then homey=1; 
33         if rmsa= 760  and pob in (22 ,22 ,22 ,22 ,22 ) then homey=1; 
34         if rmsa= 875  and pob in (34 ,34 ,34 ,34 ,34 ) then homey=1; 
35         if rmsa= 1000  and pob in (1 ,1 ,1 ,1 ,1 ) then homey=1; 
36         if rmsa= 1080  and pob in (16 ,16 ,16 ,16 ,16 ) then homey=1; 
37         if rmsa= 1120  and pob in (25 ,25 ,25 ,25 ,25 ) then homey=1; 
38         if rmsa= 1160  and pob in (9 ,9 ,9 ,9 ,9 ) then homey=1; 
39         if rmsa= 1280  and pob in (36 ,36 ,36 ,36 ,36 ) then homey=1; 
40         if rmsa= 1440  and pob in (45 ,45 ,45 ,45 ,45 ) then homey=1; 
41         if rmsa= 1520  and pob in (37 ,37 ,37 ,37 ,45 ) then homey=1; 
42         if rmsa= 1560  and pob in (13 ,47 ,47 ,47 ,47 ) then homey=1; 
43         if rmsa= 1600  and pob in (17 ,17 ,17 ,17 ,17 ) then homey=1; 
44         if rmsa= 1640  and pob in (21 ,39 ,39 ,39 ,39 ) then homey=1; 
45         if rmsa= 1680  and pob in (39 ,39 ,39 ,39 ,39 ) then homey=1; 
46         if rmsa= 1720  and pob in (8 ,8 ,8 ,8 ,8 ) then homey=1; 
47         if rmsa= 1760  and pob in (45 ,45 ,45 ,45 ,45 ) then homey=1; 
48         if rmsa= 1840  and pob in (39 ,39 ,39 ,39 ,39 ) then homey=1; 
49         if rmsa= 1920  and pob in (48 ,48 ,48 ,48 ,48 ) then homey=1; 
50         if rmsa= 2000  and pob in (39 ,39 ,39 ,39 ,39 ) then homey=1; 
51         if rmsa= 2020  and pob in (12 ,12 ,12 ,12 ,12 ) then homey=1; 
52         if rmsa= 2080  and pob in (8 ,8 ,8 ,8 ,8 ) then homey=1; 
53         if rmsa= 2120  and pob in (19 ,19 ,19 ,19 ,19 ) then homey=1; 
54         if rmsa= 2160  and pob in (26 ,26 ,26 ,26 ,26 ) then homey=1; 
55         if rmsa= 2320  and pob in (48 ,48 ,48 ,48 ,48 ) then homey=1; 
56         if rmsa= 2640  and pob in (26 ,26 ,26 ,26 ,26 ) then homey=1; 
57         if rmsa= 2680  and pob in (12 ,12 ,12 ,12 ,12 ) then homey=1; 
58         if rmsa= 2700  and pob in (12 ,12 ,12 ,12 ,12 ) then homey=1; 
59         if rmsa= 2760  and pob in (18 ,18 ,18 ,18 ,18 ) then homey=1; 
60         if rmsa= 2800  and pob in (48 ,48 ,48 ,48 ,48 ) then homey=1; 
61         if rmsa= 2840  and pob in (6 ,6 ,6 ,6 ,6 ) then homey=1; 
62         if rmsa= 2960  and pob in (18 ,18 ,18 ,18 ,18 ) then homey=1; 
63         if rmsa= 3000  and pob in (26 ,26 ,26 ,26 ,26 ) then homey=1; 
64         if rmsa= 3120  and pob in (37 ,37 ,37 ,37 ,37 ) then homey=1; 
65         if rmsa= 3160  and pob in (45 ,45 ,45 ,45 ,45 ) then homey=1; 
66         if rmsa= 3240  and pob in (42 ,42 ,42 ,42 ,42 ) then homey=1; 
67         if rmsa= 3280  and pob in (9 ,9 ,9 ,9 ,9 ) then homey=1; 
68         if rmsa= 3320  and pob in (15 ,15 ,15 ,15 ,15 ) then homey=1; 
69         if rmsa= 3360  and pob in (48 ,48 ,48 ,48 ,48 ) then homey=1; 
70         if rmsa= 3480  and pob in (18 ,18 ,18 ,18 ,18 ) then homey=1; 
71         if rmsa= 3560  and pob in (28 ,28 ,28 ,28 ,28 ) then homey=1; 
72         if rmsa= 3600  and pob in (12 ,12 ,12 ,12 ,12 ) then homey=1; 
73         if rmsa= 3640  and pob in (34 ,34 ,34 ,34 ,34 ) then homey=1; 
74         if rmsa= 3660  and pob in (47 ,47 ,47 ,51 ,51 ) then homey=1; 
75         if rmsa= 3720  and pob in (26 ,26 ,26 ,26 ,26 ) then homey=1; 
76         if rmsa= 3760  and pob in (20 ,29 ,29 ,29 ,29 ) then homey=1; 
77         if rmsa= 3840  and pob in (47 ,47 ,47 ,47 ,47 ) then homey=1; 
3 The SAS System                                                                       23:25 Thursday, December 11, 2008

78         if rmsa= 3980  and pob in (12 ,12 ,12 ,12 ,12 ) then homey=1; 
79         if rmsa= 4000  and pob in (42 ,42 ,42 ,42 ,42 ) then homey=1; 
80         if rmsa= 4040  and pob in (26 ,26 ,26 ,26 ,26 ) then homey=1; 
81         if rmsa= 4120  and pob in (4 ,32 ,32 ,32 ,32 ) then homey=1; 
82         if rmsa= 4280  and pob in (21 ,21 ,21 ,21 ,21 ) then homey=1; 
83         if rmsa= 4400  and pob in (5 ,5 ,5 ,5 ,5 ) then homey=1; 
84         if rmsa= 4480  and pob in (6 ,6 ,6 ,6 ,6 ) then homey=1; 
85         if rmsa= 4520  and pob in (18 ,21 ,21 ,21 ,21 ) then homey=1; 
86         if rmsa= 4720  and pob in (55 ,55 ,55 ,55 ,55 ) then homey=1; 
87         if rmsa= 4880  and pob in (48 ,48 ,48 ,48 ,48 ) then homey=1; 
88         if rmsa= 4900  and pob in (12 ,12 ,12 ,12 ,12 ) then homey=1; 
89         if rmsa= 4920  and pob in (28 ,47 ,47 ,47 ,47 ) then homey=1; 
90         if rmsa= 5000  and pob in (12 ,12 ,12 ,12 ,12 ) then homey=1; 
91         if rmsa= 5015  and pob in (34 ,34 ,34 ,34 ,34 ) then homey=1; 
92         if rmsa= 5080  and pob in (55 ,55 ,55 ,55 ,55 ) then homey=1; 
93         if rmsa= 5120  and pob in (27 ,27 ,27 ,27 ,27 ) then homey=1; 
94         if rmsa= 5160  and pob in (1 ,1 ,1 ,1 ,1 ) then homey=1; 
95         if rmsa= 5170  and pob in (6 ,6 ,6 ,6 ,6 ) then homey=1; 
96         if rmsa= 5190  and pob in (34 ,34 ,34 ,34 ,34 ) then homey=1; 
97         if rmsa= 5360  and pob in (47 ,47 ,47 ,47 ,47 ) then homey=1; 
98         if rmsa= 5380  and pob in (36 ,36 ,36 ,36 ,36 ) then homey=1; 
99         if rmsa= 5480  and pob in (9 ,9 ,9 ,9 ,9 ) then homey=1; 
100        if rmsa= 5560  and pob in (22 ,22 ,22 ,22 ,22 ) then homey=1; 
101        if rmsa= 5600  and pob in (36 ,36 ,36 ,36 ,36 ) then homey=1; 
102        if rmsa= 5640  and pob in (34 ,34 ,34 ,34 ,34 ) then homey=1; 
103        if rmsa= 5720  and pob in (51 ,51 ,51 ,51 ,51 ) then homey=1; 
104        if rmsa= 5775  and pob in (6 ,6 ,6 ,6 ,6 ) then homey=1; 
105        if rmsa= 5880  and pob in (40 ,40 ,40 ,40 ,40 ) then homey=1; 
106        if rmsa= 5920  and pob in (31 ,31 ,31 ,31 ,31 ) then homey=1; 
107        if rmsa= 5945  and pob in (6 ,6 ,6 ,6 ,6 ) then homey=1; 
108        if rmsa= 5960  and pob in (12 ,12 ,12 ,12 ,12 ) then homey=1; 
109        if rmsa= 6080  and pob in (12 ,12 ,12 ,12 ,12 ) then homey=1; 
110        if rmsa= 6160  and pob in (34 ,42 ,42 ,42 ,42 ) then homey=1; 
111        if rmsa= 6200  and pob in (4 ,4 ,4 ,4 ,4 ) then homey=1; 
112        if rmsa= 6280  and pob in (42 ,42 ,42 ,42 ,42 ) then homey=1; 
113        if rmsa= 6440  and pob in (41 ,41 ,41 ,41 ,53 ) then homey=1; 
114        if rmsa= 6480  and pob in (25 ,44 ,44 ,44 ,44 ) then homey=1; 
115        if rmsa= 6640  and pob in (37 ,37 ,37 ,37 ,37 ) then homey=1; 
116        if rmsa= 6760  and pob in (51 ,51 ,51 ,51 ,51 ) then homey=1; 
117        if rmsa= 6780  and pob in (6 ,6 ,6 ,6 ,6 ) then homey=1; 
118        if rmsa= 6840  and pob in (36 ,36 ,36 ,36 ,36 ) then homey=1; 
119        if rmsa= 6920  and pob in (6 ,6 ,6 ,6 ,6 ) then homey=1; 
120        if rmsa= 7040  and pob in (17 ,17 ,29 ,29 ,29 ) then homey=1; 
121        if rmsa= 7160  and pob in (49 ,49 ,49 ,49 ,49 ) then homey=1; 
122        if rmsa= 7240  and pob in (48 ,48 ,48 ,48 ,48 ) then homey=1; 
123        if rmsa= 7320  and pob in (6 ,6 ,6 ,6 ,6 ) then homey=1; 
124        if rmsa= 7360  and pob in (6 ,6 ,6 ,6 ,6 ) then homey=1; 
125        if rmsa= 7400  and pob in (6 ,6 ,6 ,6 ,6 ) then homey=1; 
126        if rmsa= 7500  and pob in (6 ,6 ,6 ,6 ,6 ) then homey=1; 
127        if rmsa= 7510  and pob in (12 ,12 ,12 ,12 ,12 ) then homey=1; 
128        if rmsa= 7560  and pob in (42 ,42 ,42 ,42 ,42 ) then homey=1; 
129        if rmsa= 7600  and pob in (53 ,53 ,53 ,53 ,53 ) then homey=1; 
130        if rmsa= 7840  and pob in (53 ,53 ,53 ,53 ,53 ) then homey=1; 
131        if rmsa= 8000  and pob in (25 ,25 ,25 ,25 ,25 ) then homey=1; 
132        if rmsa= 8120  and pob in (6 ,6 ,6 ,6 ,6 ) then homey=1; 
133        if rmsa= 8160  and pob in (36 ,36 ,36 ,36 ,36 ) then homey=1; 
134        if rmsa= 8200  and pob in (53 ,53 ,53 ,53 ,53 ) then homey=1; 
135        if rmsa= 8280  and pob in (12 ,12 ,12 ,12 ,12 ) then homey=1; 
4 The SAS System                                                                       23:25 Thursday, December 11, 2008

136        if rmsa= 8400  and pob in (39 ,39 ,39 ,39 ,39 ) then homey=1; 
137        if rmsa= 8520  and pob in (4 ,4 ,4 ,4 ,4 ) then homey=1; 
138        if rmsa= 8560  and pob in (40 ,40 ,40 ,40 ,40 ) then homey=1; 
139        if rmsa= 8720  and pob in (6 ,6 ,6 ,6 ,6 ) then homey=1; 
140        if rmsa= 8735  and pob in (6 ,6 ,6 ,6 ,6 ) then homey=1; 
141        if rmsa= 8840  and pob in (11 ,24 ,24 ,51 ,54 ) then homey=1; 
142        if rmsa= 8960  and pob in (12 ,12 ,12 ,12 ,12 ) then homey=1; 
143        if rmsa= 9040  and pob in (20 ,20 ,20 ,20 ,20 ) then homey=1; 
144        if rmsa= 9160  and pob in (10 ,10 ,10 ,10 ,24 ) then homey=1; 
145        if rmsa= 9240  and pob in (25 ,25 ,25 ,25 ,25 ) then homey=1; 
146        if rmsa= 9320  and pob in (39 ,39 ,39 ,39 ,39 ) then homey=1; 
147        end;
148        
149        if rmsa in (0,1) then homey=nonmover;
150        
151        rmsa0=(rmsa=0);
152        rmsa1=(rmsa=1);
153        homey_0=(rmsa=0 and homey=1);
154        homey_1=(rmsa=1 and homey=1);
155        
156        if imm=0 and female=0 then output nm;
157        if imm=0 and female=1 then output nf;
158        if imm=1 and female=0 then output im;
159        if imm=1 and female=1 then output if;
160        

NOTE: There were 2329268 observations read from the data set C80.NP80.
NOTE: The data set WORK.NM has 1119803 observations and 81 variables.
NOTE: The data set WORK.NF has 913485 observations and 81 variables.
NOTE: The data set WORK.IM has 164706 observations and 81 variables.
NOTE: The data set WORK.IF has 131274 observations and 81 variables.
NOTE: DATA statement used (Total process time):
      real time           34.60 seconds
      cpu time            32.56 seconds
      

161        proc means data=nm;
162        var imm female logwage2 educ exp rmsa0 rmsa1 homey nonmover;
163        weight wt;

NOTE: There were 1119803 observations read from the data set WORK.NM.
NOTE: The PROCEDURE MEANS printed page 1.
NOTE: PROCEDURE MEANS used (Total process time):
      real time           0.44 seconds
      cpu time            0.77 seconds
      

164        proc means data=nf;
165        var imm female logwage2 educ exp rmsa0 rmsa1 homey nonmover;
166        weight wt;

NOTE: There were 913485 observations read from the data set WORK.NF.
NOTE: The PROCEDURE MEANS printed page 2.
NOTE: PROCEDURE MEANS used (Total process time):
      real time           0.32 seconds
      cpu time            0.60 seconds
      

5 The SAS System                                                                       23:25 Thursday, December 11, 2008

167        proc means data=im;
168        var imm female logwage2 educ exp rmsa0 rmsa1;
169        weight wt;

NOTE: There were 164706 observations read from the data set WORK.IM.
NOTE: The PROCEDURE MEANS printed page 3.
NOTE: PROCEDURE MEANS used (Total process time):
      real time           0.06 seconds
      cpu time            0.09 seconds
      

170        proc means data=if;
171        var imm female logwage2 educ exp rmsa0 rmsa1;
172        weight wt;
173        
174        ***models DO NOT include msa effects but include dummies for rmsa=0,1 ;
175        
176        

NOTE: There were 131274 observations read from the data set WORK.IF.
NOTE: The PROCEDURE MEANS printed page 4.
NOTE: PROCEDURE MEANS used (Total process time):
      real time           0.05 seconds
      cpu time            0.08 seconds
      

177        proc glm data=nm;
178        class eclass xclass homey;
179        model logwage2=exp exp2 exp3 educ eclass*xclass inschool advanced 
180              ft lowhrs 
181           hisp_ed hisp_coll black_ed black_coll  asian_ed asian_coll 
182           homey*eclass rmsa0 rmsa1 / solution;
183        output out=nm2 predicted=pred residual=res;
184        weight wt;
185        

NOTE: The data set WORK.NM2 has 1119803 observations and 83 variables.
NOTE: The PROCEDURE GLM printed pages 5-8.
NOTE: PROCEDURE GLM used (Total process time):
      real time           9.37 seconds
      cpu time            7.80 seconds
      

186        proc glm data=nf;
187        class eclass xclass homey;
188        model logwage2=exp exp2 exp3 educ eclass*xclass inschool advanced 
189              ft lowhrs 
190           hisp_ed hisp_coll black_ed black_coll  asian_ed asian_coll 
191           homey*eclass rmsa0 rmsa1 / solution;
192        output out=nf2 predicted=pred residual=res;
193        weight wt;
194        

NOTE: The data set WORK.NF2 has 913485 observations and 83 variables.
NOTE: The PROCEDURE GLM printed pages 9-12.
NOTE: PROCEDURE GLM used (Total process time):
      real time           16.61 seconds
      cpu time            6.40 seconds
6 The SAS System                                                                       23:25 Thursday, December 11, 2008

      

195        proc glm data=im;
196        class ic eclass xclass ;
197        model logwage2=exp exp2 exp3 educ eclass*xclass inschool advanced
198            ft lowhrs mex_ed mex_coll euro_ed euro_coll hisp_ed hisp_coll 
199            hi_asian_ed hi_asian_coll mid_asian_ed mid_asian_coll
200            ic ic*yrsinus ic*yrsinus2 rmsa0 rmsa1 / solution;
201        output out=im2 predicted=pred residual=res;
202        weight wt;
203        

NOTE: The data set WORK.IM2 has 164706 observations and 83 variables.
NOTE: The PROCEDURE GLM printed pages 13-18.
NOTE: PROCEDURE GLM used (Total process time):
      real time           1.99 seconds
      cpu time            1.44 seconds
      

204        proc glm data=if;
205        class ic eclass xclass ;
206        model logwage2=exp exp2 exp3 educ eclass*xclass inschool advanced
207            ft lowhrs mex_ed mex_coll euro_ed euro_coll hisp_ed hisp_coll 
208            hi_asian_ed hi_asian_coll mid_asian_ed mid_asian_coll
209            ic ic*yrsinus ic*yrsinus2 rmsa0 rmsa1 / solution;
210        output out=if2 predicted=pred residual=res;
211        weight wt;
212        
213        

NOTE: The data set WORK.IF2 has 131274 observations and 83 variables.
NOTE: The PROCEDURE GLM printed pages 19-24.
NOTE: PROCEDURE GLM used (Total process time):
      real time           1.13 seconds
      cpu time            1.13 seconds
      

214        data two;
215        set nm2 nf2 im2 if2;
216        
217        male=1-female;
218        native=1-imm;
219        
220        lw2sq=logwage2**2;
221        ressq=res**2;
222        predsq=pred**2;
223        respred=res*pred;
224        
225        
226        
227        if exp<=10 then xclass2=1;
228        else if exp<=20 then xclass2=2;
229        else if exp<=30 then xclass2=3;
230        else xclass2=4;
231        c=1;
232        
233        
234        
7 The SAS System                                                                       23:25 Thursday, December 11, 2008

235        hs=1-dropout-somecoll-collplus;
236        if collplus=1 and advanced=0 then college=1;
237        else college=0;
238        
239        
240        

NOTE: There were 1119803 observations read from the data set WORK.NM2.
NOTE: There were 913485 observations read from the data set WORK.NF2.
NOTE: There were 164706 observations read from the data set WORK.IM2.
NOTE: There were 131274 observations read from the data set WORK.IF2.
NOTE: The data set WORK.TWO has 2329268 observations and 91 variables.
NOTE: DATA statement used (Total process time):
      real time           8.17 seconds
      cpu time            4.41 seconds
      

241        proc corr;
242        var logwage2 pred res educ exp imm female;
243        weight wt;
244        

NOTE: The PROCEDURE CORR printed page 25.
NOTE: PROCEDURE CORR used (Total process time):
      real time           1.72 seconds
      cpu time            1.72 seconds
      

245        proc means;
246        var dropout hs somecoll college collplus advanced;
247        weight wt;
248        
249        

NOTE: There were 2329268 observations read from the data set WORK.TWO.
NOTE: The PROCEDURE MEANS printed page 26.
NOTE: PROCEDURE MEANS used (Total process time):
      real time           0.93 seconds
      cpu time            1.53 seconds
      

250        proc freq;
251        tables xclass2*eclass ;
252        

NOTE: There were 2329268 observations read from the data set WORK.TWO.
NOTE: The PROCEDURE FREQ printed page 27.
NOTE: PROCEDURE FREQ used (Total process time):
      real time           1.59 seconds
      cpu time            1.59 seconds
      

253        proc summary;
254        class rmsa native male eclass xclass2;
255        var logwage2 lw2sq res ressq pred predsq respred imm female educ exp c
256               dropout hs somecoll collplus college advanced;
257        output out=here.bigcells
258        mean=
8 The SAS System                                                                       23:25 Thursday, December 11, 2008

259        sum(c)=count;
260        weight wt;
261        

NOTE: There were 2329268 observations read from the data set WORK.TWO.
NOTE: The data set HERE.BIGCELLS has 28502 observations and 26 variables.
NOTE: PROCEDURE SUMMARY used (Total process time):
      real time           1.85 seconds
      cpu time            6.19 seconds
      

262        data check1;
263        set here.bigcells;
264        if native=. and male=. and eclass=. and xclass2=.;
265        v=lw2sq-logwage2**2;
266        vres=ressq-res*res;
267        vpred=predsq-pred*pred;
268        
269        

NOTE: There were 28502 observations read from the data set HERE.BIGCELLS.
NOTE: The data set WORK.CHECK1 has 127 observations and 29 variables.
NOTE: DATA statement used (Total process time):
      real time           0.06 seconds
      cpu time            0.01 seconds
      

270        proc print;
271        var rmsa count imm logwage2 v res vres pred vpred;
272        

NOTE: There were 127 observations read from the data set WORK.CHECK1.
NOTE: The PROCEDURE PRINT printed pages 28-30.
NOTE: PROCEDURE PRINT used (Total process time):
      real time           0.00 seconds
      cpu time            0.00 seconds
      

273        proc corr;
274        where (rmsa>3);
275        var v vres imm educ exp;
276        weight count;
277        
278        
279        
NOTE: The PROCEDURE CORR printed page 31.
NOTE: PROCEDURE CORR used (Total process time):
      real time           0.00 seconds
      cpu time            0.01 seconds
      

NOTE: SAS Institute Inc., SAS Campus Drive, Cary, NC USA 27513-2414
NOTE: The SAS System used:
      real time           1:19.18
      cpu time            1:06.36
      
