The SAS System                                                                     23:25 Thursday, December 11, 2008   1

The MEANS Procedure

Variable          N            Mean         Std Dev         Minimum         Maximum
-----------------------------------------------------------------------------------
imm         1119803               0               0               0               0
female      1119803               0               0               0               0
logwage2    1119803       1.9545278       0.8780046       0.7770287       4.9767337
educ        1119803      12.6152761       4.2970800               0      20.0000000
exp         1119803      17.4941003      17.9606316       1.0000000      45.0000000
rmsa0       1119803       0.2290117       0.5942483               0       1.0000000
rmsa1       1119803       0.1355104       0.4840402               0       1.0000000
homey       1119803       0.6300251       0.6827791               0       1.0000000
nonmover    1119803       0.6196581       0.6865598               0       1.0000000
-----------------------------------------------------------------------------------
The SAS System                                                                     23:25 Thursday, December 11, 2008   2

The MEANS Procedure

Variable         N            Mean         Std Dev         Minimum         Maximum
----------------------------------------------------------------------------------
imm         913485               0               0               0               0
female      913485       1.0000000               0       1.0000000       1.0000000
logwage2    913485       1.5545772       0.7957514       0.7770287       4.9767337
educ        913485      12.5683859       3.6039427               0      20.0000000
exp         913485      17.3214021      17.9194554       1.0000000      45.0000000
rmsa0       913485       0.2301012       0.5952392               0       1.0000000
rmsa1       913485       0.1310476       0.4772300               0       1.0000000
homey       913485       0.6407757       0.6785020               0       1.0000000
nonmover    913485       0.6294717       0.6829895               0       1.0000000
----------------------------------------------------------------------------------
The SAS System                                                                     23:25 Thursday, December 11, 2008   3

The MEANS Procedure

Variable         N            Mean         Std Dev         Minimum         Maximum
----------------------------------------------------------------------------------
imm         164706       1.0000000               0       1.0000000       1.0000000
female      164706               0               0               0               0
logwage2    164706       1.8863702       0.6663579       0.7770287       4.9767337
educ        164706      11.5466043       4.7298295               0      20.0000000
exp         164706      18.7078188      12.1733293       1.0000000      45.0000000
rmsa0       164706       0.0636407       0.2441125               0       1.0000000
rmsa1       164706       0.0720678       0.2586009               0       1.0000000
----------------------------------------------------------------------------------
The SAS System                                                                     23:25 Thursday, December 11, 2008   4

The MEANS Procedure

Variable         N            Mean         Std Dev         Minimum         Maximum
----------------------------------------------------------------------------------
imm         131274       1.0000000               0       1.0000000       1.0000000
female      131274       1.0000000               0       1.0000000       1.0000000
logwage2    131274       1.5537440       0.5854669       0.7770287       4.9767337
educ        131274      11.4222771       4.1117149               0      20.0000000
exp         131274      19.4075978      12.1334358       1.0000000      45.0000000
rmsa0       131274       0.0689093       0.2533008               0       1.0000000
rmsa1       131274       0.0735865       0.2610978               0       1.0000000
----------------------------------------------------------------------------------
The SAS System                                                                     23:25 Thursday, December 11, 2008   5

The GLM Procedure

         Class Level Information
 
Class         Levels    Values

eclass             4    1 2 3 4           

xclass             9    1 2 3 4 5 6 7 8 9 

homey              2    0 1               


Number of Observations Read     1119803
Number of Observations Used     1119803
The SAS System                                                                     23:25 Thursday, December 11, 2008   6

The GLM Procedure
 
Dependent Variable: logwage2   

Weight: wt   

                                        Sum of
Source                      DF         Squares     Mean Square    F Value    Pr > F

Model                       55     218979.4580       3981.4447    6919.82    <.0001

Error                   1.12E6     644267.0261          0.5754                     

Corrected Total         1.12E6     863246.4841                                     


R-Square     Coeff Var      Root MSE    logwage2 Mean

0.253670      38.80888      0.758530         1.954528


Source                      DF       Type I SS     Mean Square    F Value    Pr > F

exp                          1     62503.05661     62503.05661     108631    <.0001
exp2                         1     39544.32995     39544.32995    68728.7    <.0001
exp3                         1      1939.32144      1939.32144    3370.57    <.0001
educ                         1     81945.67329     81945.67329     142423    <.0001
eclass*xclass               35      7695.67450       219.87641     382.15    <.0001
inschool                     1       858.57279       858.57279    1492.21    <.0001
advanced                     1       206.83765       206.83765     359.49    <.0001
ft                           1      2173.84368      2173.84368    3778.18    <.0001
lowhrs                       1      8611.90497      8611.90497    14967.6    <.0001
hisp_ed                      1       248.68676       248.68676     432.22    <.0001
hisp_coll                    1         2.90737         2.90737       5.05    0.0246
black_ed                     1      4402.97810      4402.97810    7652.45    <.0001
black_coll                   1       170.28212       170.28212     295.95    <.0001
asian_ed                     1         0.82717         0.82717       1.44    0.2305
asian_coll                   1         0.42762         0.42762       0.74    0.3886
eclass*homey                 4       652.87180       163.21795     283.68    <.0001
rmsa0                        1      6759.71356      6759.71356    11748.5    <.0001
rmsa1                        1      1261.54862      1261.54862    2192.59    <.0001


Source                      DF     Type III SS     Mean Square    F Value    Pr > F

exp                          1     3434.753253     3434.753253    5969.66    <.0001
exp2                         1      709.610265      709.610265    1233.31    <.0001
exp3                         1      196.989056      196.989056     342.37    <.0001
educ                         1     3408.349419     3408.349419    5923.77    <.0001
eclass*xclass               32     2641.623444       82.550733     143.47    <.0001
inschool                     1     1924.176716     1924.176716    3344.25    <.0001
advanced                     1      233.049920      233.049920     405.04    <.0001
ft                           1      277.421443      277.421443     482.16    <.0001
lowhrs                       1     9009.533597     9009.533597    15658.7    <.0001
hisp_ed                      1      616.305317      616.305317    1071.15    <.0001
hisp_coll                    1        4.173026        4.173026       7.25    0.0071
black_ed                     1     5226.342718     5226.342718    9083.47    <.0001
black_coll                   1      213.547081      213.547081     371.15    <.0001
The SAS System                                                                     23:25 Thursday, December 11, 2008   7

The GLM Procedure
 
Dependent Variable: logwage2   

Source                      DF     Type III SS     Mean Square    F Value    Pr > F

asian_ed                     1        7.090510        7.090510      12.32    0.0004
asian_coll                   1        0.038466        0.038466       0.07    0.7960
eclass*homey                 4      652.414408      163.103602     283.48    <.0001
rmsa0                        1     7765.745039     7765.745039    13497.0    <.0001
rmsa1                        1     1261.548623     1261.548623    2192.59    <.0001


                                            Standard
Parameter                 Estimate             Error    t Value    Pr > |t|

Intercept             0.9521777626 B      0.01987141      47.92      <.0001
exp                   0.0739869250        0.00095759      77.26      <.0001
exp2                  -.2010937960        0.00572614     -35.12      <.0001
exp3                  0.0162786906        0.00087977      18.50      <.0001
educ                  0.0350587243        0.00045551      76.97      <.0001
eclass*xclass 1 1     -.2325803009 B      0.01848921     -12.58      <.0001
eclass*xclass 1 2     -.1918269896 B      0.01813215     -10.58      <.0001
eclass*xclass 1 3     -.2237912762 B      0.01736244     -12.89      <.0001
eclass*xclass 1 4     -.2260697538 B      0.01619362     -13.96      <.0001
eclass*xclass 1 5     -.2139042760 B      0.01491095     -14.35      <.0001
eclass*xclass 1 6     -.1922912443 B      0.01366519     -14.07      <.0001
eclass*xclass 1 7     -.1385981325 B      0.01226757     -11.30      <.0001
eclass*xclass 1 8     -.0913141666 B      0.01070183      -8.53      <.0001
eclass*xclass 1 9     -.0779056616 B      0.00990177      -7.87      <.0001
eclass*xclass 2 1     0.0349446000 B      0.01827569       1.91      0.0559
eclass*xclass 2 2     0.0171600701 B      0.01782443       0.96      0.3357
eclass*xclass 2 3     -.0323559992 B      0.01695792      -1.91      0.0564
eclass*xclass 2 4     -.0465366634 B      0.01576115      -2.95      0.0032
eclass*xclass 2 5     -.0725722304 B      0.01450035      -5.00      <.0001
eclass*xclass 2 6     -.0590250353 B      0.01323294      -4.46      <.0001
eclass*xclass 2 7     -.0399785401 B      0.01191135      -3.36      0.0008
eclass*xclass 2 8     -.0176260779 B      0.01036808      -1.70      0.0891
eclass*xclass 2 9     -.0339586946 B      0.00969524      -3.50      0.0005
eclass*xclass 3 1     0.0652006924 B      0.01829235       3.56      0.0004
eclass*xclass 3 2     0.0461211010 B      0.01782059       2.59      0.0097
eclass*xclass 3 3     0.0256213884 B      0.01705626       1.50      0.1331
eclass*xclass 3 4     0.0117869335 B      0.01598350       0.74      0.4609
eclass*xclass 3 5     -.0212307225 B      0.01481714      -1.43      0.1519
eclass*xclass 3 6     -.0235929074 B      0.01364365      -1.73      0.0838
eclass*xclass 3 7     0.0032948939 B      0.01244556       0.26      0.7912
eclass*xclass 3 8     0.0248252128 B      0.01120274       2.22      0.0267
eclass*xclass 3 9     -.0318144634 B      0.01147080      -2.77      0.0055
eclass*xclass 4 1     0.1297711277 B      0.01817088       7.14      <.0001
eclass*xclass 4 2     0.1291167066 B      0.01765177       7.31      <.0001
eclass*xclass 4 3     0.1617996948 B      0.01685156       9.60      <.0001
eclass*xclass 4 4     0.1644021893 B      0.01574958      10.44      <.0001
eclass*xclass 4 5     0.1443361011 B      0.01448344       9.97      <.0001
eclass*xclass 4 6     0.1371480982 B      0.01325148      10.35      <.0001
eclass*xclass 4 7     0.1494759326 B      0.01204618      12.41      <.0001
eclass*xclass 4 8     0.1432443653 B      0.01108742      12.92      <.0001
eclass*xclass 4 9     0.0000000000 B       .                .         .    
inschool              -.1227300663        0.00212227     -57.83      <.0001
The SAS System                                                                     23:25 Thursday, December 11, 2008   8

The GLM Procedure
 
Dependent Variable: logwage2   

                                            Standard
Parameter                 Estimate             Error    t Value    Pr > |t|

advanced              -.0510334431        0.00253573     -20.13      <.0001
ft                    0.0378504381        0.00172375      21.96      <.0001
lowhrs                0.2869268742        0.00229294     125.13      <.0001
hisp_ed               -.0080717802        0.00024663     -32.73      <.0001
hisp_coll             0.0265206059        0.00984761       2.69      0.0071
black_ed              -.0152743176        0.00016026     -95.31      <.0001
black_coll            0.1199077382        0.00622405      19.27      <.0001
asian_ed              -.0022840373        0.00065064      -3.51      0.0004
asian_coll            0.0043592163        0.01685953       0.26      0.7960
eclass*homey  1 0     0.0314310014 B      0.00225643      13.93      <.0001
eclass*homey  1 1     0.0000000000 B       .                .         .    
eclass*homey  2 0     -.0452878599 B      0.00176927     -25.60      <.0001
eclass*homey  2 1     0.0000000000 B       .                .         .    
eclass*homey  3 0     -.0329899912 B      0.00240837     -13.70      <.0001
eclass*homey  3 1     0.0000000000 B       .                .         .    
eclass*homey  4 0     0.0224177091 B      0.00230435       9.73      <.0001
eclass*homey  4 1     0.0000000000 B       .                .         .    
rmsa0                 -.1462563445        0.00125891    -116.18      <.0001
rmsa1                 -.0712979910        0.00152264     -46.83      <.0001

NOTE: The X'X matrix has been found to be singular, and a generalized inverse was used to solve the normal equations.  
      Terms whose estimates are followed by the letter 'B' are not uniquely estimable.
The SAS System                                                                     23:25 Thursday, December 11, 2008   9

The GLM Procedure

         Class Level Information
 
Class         Levels    Values

eclass             4    1 2 3 4           

xclass             9    1 2 3 4 5 6 7 8 9 

homey              2    0 1               


Number of Observations Read      913485
Number of Observations Used      913485
The SAS System                                                                     23:25 Thursday, December 11, 2008  10

The GLM Procedure
 
Dependent Variable: logwage2   

Weight: wt   

                                        Sum of
Source                      DF         Squares     Mean Square    F Value    Pr > F

Model                       55      86478.5166       1572.3367    2919.39    <.0001

Error                   913429     491958.1043          0.5386                     

Corrected Total         913484     578436.6209                                     


R-Square     Coeff Var      Root MSE    logwage2 Mean

0.149504      47.20787      0.733883         1.554577


Source                      DF       Type I SS     Mean Square    F Value    Pr > F

exp                          1      2863.97033      2863.97033    5317.59    <.0001
exp2                         1      4122.72040      4122.72040    7654.74    <.0001
exp3                         1      1369.88129      1369.88129    2543.49    <.0001
educ                         1     59841.07499     59841.07499     111108    <.0001
eclass*xclass               35      6642.14494       189.77557     352.36    <.0001
inschool                     1        79.49399        79.49399     147.60    <.0001
advanced                     1       845.76215       845.76215    1570.34    <.0001
ft                           1        62.85290        62.85290     116.70    <.0001
lowhrs                       1      3142.16291      3142.16291    5834.12    <.0001
hisp_ed                      1        29.14979        29.14979      54.12    <.0001
hisp_coll                    1         7.21355         7.21355      13.39    0.0003
black_ed                     1       395.81163       395.81163     734.91    <.0001
black_coll                   1       122.60108       122.60108     227.64    <.0001
asian_ed                     1        98.97215        98.97215     183.76    <.0001
asian_coll                   1         3.91393         3.91393       7.27    0.0070
eclass*homey                 4       236.74747        59.18687     109.89    <.0001
rmsa0                        1      5249.14273      5249.14273    9746.19    <.0001
rmsa1                        1      1364.90037      1364.90037    2534.24    <.0001


Source                      DF     Type III SS     Mean Square    F Value    Pr > F

exp                          1     1172.179087     1172.179087    2176.41    <.0001
exp2                         1      415.983593      415.983593     772.37    <.0001
exp3                         1      217.491616      217.491616     403.82    <.0001
educ                         1      617.623380      617.623380    1146.75    <.0001
eclass*xclass               32      868.321157       27.135036      50.38    <.0001
inschool                     1       17.979561       17.979561      33.38    <.0001
advanced                     1      931.306098      931.306098    1729.18    <.0001
ft                           1     1547.746352     1547.746352    2873.73    <.0001
lowhrs                       1     3205.961337     3205.961337    5952.58    <.0001
hisp_ed                      1        3.287851        3.287851       6.10    0.0135
hisp_coll                    1        1.387322        1.387322       2.58    0.1085
black_ed                     1       24.067416       24.067416      44.69    <.0001
black_coll                   1      161.045153      161.045153     299.02    <.0001
The SAS System                                                                     23:25 Thursday, December 11, 2008  11

The GLM Procedure
 
Dependent Variable: logwage2   

Source                      DF     Type III SS     Mean Square    F Value    Pr > F

asian_ed                     1       45.543159       45.543159      84.56    <.0001
asian_coll                   1        3.050495        3.050495       5.66    0.0173
eclass*homey                 4      193.816702       48.454176      89.97    <.0001
rmsa0                        1     6220.486481     6220.486481    11549.7    <.0001
rmsa1                        1     1364.900374     1364.900374    2534.24    <.0001


                                            Standard
Parameter                 Estimate             Error    t Value    Pr > |t|

Intercept              1.206204910 B      0.02243863      53.76      <.0001
exp                    0.046188065        0.00099006      46.65      <.0001
exp2                  -0.167087798        0.00601220     -27.79      <.0001
exp3                   0.018804267        0.00093575      20.10      <.0001
educ                   0.019474443        0.00057508      33.86      <.0001
eclass*xclass 1 1     -0.391170770 B      0.02060534     -18.98      <.0001
eclass*xclass 1 2     -0.412590653 B      0.02026457     -20.36      <.0001
eclass*xclass 1 3     -0.428848679 B      0.01943517     -22.07      <.0001
eclass*xclass 1 4     -0.443700541 B      0.01821427     -24.36      <.0001
eclass*xclass 1 5     -0.434534874 B      0.01695035     -25.64      <.0001
eclass*xclass 1 6     -0.404552149 B      0.01573322     -25.71      <.0001
eclass*xclass 1 7     -0.383101498 B      0.01434564     -26.71      <.0001
eclass*xclass 1 8     -0.360068970 B      0.01282015     -28.09      <.0001
eclass*xclass 1 9     -0.379889038 B      0.01203514     -31.56      <.0001
eclass*xclass 2 1     -0.250412466 B      0.02027134     -12.35      <.0001
eclass*xclass 2 2     -0.267591219 B      0.01977674     -13.53      <.0001
eclass*xclass 2 3     -0.315381675 B      0.01887203     -16.71      <.0001
eclass*xclass 2 4     -0.353081307 B      0.01766706     -19.99      <.0001
eclass*xclass 2 5     -0.345512834 B      0.01639741     -21.07      <.0001
eclass*xclass 2 6     -0.312951544 B      0.01513649     -20.68      <.0001
eclass*xclass 2 7     -0.284275408 B      0.01376281     -20.66      <.0001
eclass*xclass 2 8     -0.259723125 B      0.01225762     -21.19      <.0001
eclass*xclass 2 9     -0.260302520 B      0.01156740     -22.50      <.0001
eclass*xclass 3 1     -0.154584413 B      0.02024579      -7.64      <.0001
eclass*xclass 3 2     -0.152148014 B      0.01979109      -7.69      <.0001
eclass*xclass 3 3     -0.203145485 B      0.01898903     -10.70      <.0001
eclass*xclass 3 4     -0.244614925 B      0.01788548     -13.68      <.0001
eclass*xclass 3 5     -0.241403162 B      0.01674735     -14.41      <.0001
eclass*xclass 3 6     -0.219379767 B      0.01555377     -14.10      <.0001
eclass*xclass 3 7     -0.188576055 B      0.01432279     -13.17      <.0001
eclass*xclass 3 8     -0.164979489 B      0.01310830     -12.59      <.0001
eclass*xclass 3 9     -0.193231335 B      0.01345452     -14.36      <.0001
eclass*xclass 4 1      0.026505837 B      0.02010990       1.32      0.1875
eclass*xclass 4 2      0.039892510 B      0.01962583       2.03      0.0421
eclass*xclass 4 3      0.004523121 B      0.01885022       0.24      0.8104
eclass*xclass 4 4     -0.028861633 B      0.01780095      -1.62      0.1049
eclass*xclass 4 5     -0.009018685 B      0.01668417      -0.54      0.5888
eclass*xclass 4 6      0.035864855 B      0.01550253       2.31      0.0207
eclass*xclass 4 7      0.091083207 B      0.01447047       6.29      <.0001
eclass*xclass 4 8      0.110476231 B      0.01356580       8.14      <.0001
eclass*xclass 4 9      0.000000000 B       .                .         .    
inschool               0.012275073        0.00212452       5.78      <.0001
The SAS System                                                                     23:25 Thursday, December 11, 2008  12

The GLM Procedure
 
Dependent Variable: logwage2   

                                            Standard
Parameter                 Estimate             Error    t Value    Pr > |t|

advanced               0.125042454        0.00300703      41.58      <.0001
ft                     0.078015535        0.00145532      53.61      <.0001
lowhrs                 0.127774585        0.00165612      77.15      <.0001
hisp_ed                0.000669311        0.00027089       2.47      0.0135
hisp_coll             -0.018866252        0.01175503      -1.60      0.1085
black_ed               0.001035516        0.00015491       6.68      <.0001
black_coll             0.096491165        0.00558008      17.29      <.0001
asian_ed               0.006012562        0.00065384       9.20      <.0001
asian_coll            -0.041455309        0.01741894      -2.38      0.0173
eclass*homey  1 0      0.016030315 B      0.00263711       6.08      <.0001
eclass*homey  1 1      0.000000000 B       .                .         .    
eclass*homey  2 0      0.004009717 B      0.00173871       2.31      0.0211
eclass*homey  2 1      0.000000000 B       .                .         .    
eclass*homey  3 0     -0.007475258 B      0.00252629      -2.96      0.0031
eclass*homey  3 1      0.000000000 B       .                .         .    
eclass*homey  4 0     -0.048515118 B      0.00276207     -17.56      <.0001
eclass*homey  4 1      0.000000000 B       .                .         .    
rmsa0                 -0.144210021        0.00134187    -107.47      <.0001
rmsa1                 -0.083243820        0.00165359     -50.34      <.0001

NOTE: The X'X matrix has been found to be singular, and a generalized inverse was used to solve the normal equations.  
      Terms whose estimates are followed by the letter 'B' are not uniquely estimable.
The SAS System                                                                     23:25 Thursday, December 11, 2008  13

The GLM Procedure

                                                Class Level Information
 
Class       Levels  Values

ic              38  1 2 3 4 5 6 7 8 9 10 11 12 13 14 15 16 17 18 19 20 21 22 23 24 25 26 27 28 29 30 31 32 33 34 35 36  
                    37 38                                                                                               

eclass           4  1 2 3 4                                                                                             

xclass           9  1 2 3 4 5 6 7 8 9                                                                                   


Number of Observations Read      164706
Number of Observations Used      164706
The SAS System                                                                     23:25 Thursday, December 11, 2008  14

The GLM Procedure
 
Dependent Variable: logwage2   

Weight: wt   

                                        Sum of
Source                      DF         Squares     Mean Square    F Value    Pr > F

Model                      168     20197.47207       120.22305     373.67    <.0001

Error                   164537     52936.95633         0.32173                     

Corrected Total         164705     73134.42841                                     


R-Square     Coeff Var      Root MSE    logwage2 Mean

0.276169      30.06912      0.567215         1.886370


Source                      DF       Type I SS     Mean Square    F Value    Pr > F

exp                          1     2982.799787     2982.799787    9271.05    <.0001
exp2                         1     1636.767757     1636.767757    5087.35    <.0001
exp3                         1       66.800562       66.800562     207.63    <.0001
educ                         1     9716.123499     9716.123499    30199.4    <.0001
eclass*xclass               35      551.691274       15.762608      48.99    <.0001
inschool                     1      107.328397      107.328397     333.59    <.0001
advanced                     1       24.220032       24.220032      75.28    <.0001
ft                           1      414.448508      414.448508    1288.18    <.0001
lowhrs                       1     1110.707863     1110.707863    3452.27    <.0001
mex_ed                       1       65.241591       65.241591     202.78    <.0001
mex_coll                     1        2.409839        2.409839       7.49    0.0062
euro_ed                      1     1108.975399     1108.975399    3446.88    <.0001
euro_coll                    1      140.293093      140.293093     436.05    <.0001
hisp_ed                      1       16.094356       16.094356      50.02    <.0001
hisp_coll                    1        2.115132        2.115132       6.57    0.0103
hi_asian_ed                  1       11.245073       11.245073      34.95    <.0001
hi_asian_coll                1        4.208835        4.208835      13.08    0.0003
mid_asian_ed                 1       31.410479       31.410479      97.63    <.0001
mid_asian_coll               1        5.465762        5.465762      16.99    <.0001
ic                          37      711.838482       19.238878      59.80    <.0001
yrsinus*ic                  38     1027.476230       27.038848      84.04    <.0001
yrsinus2*ic                 38      279.251387        7.348721      22.84    <.0001
rmsa0                        1      135.284484      135.284484     420.49    <.0001
rmsa1                        1       45.274251       45.274251     140.72    <.0001


Source                      DF     Type III SS     Mean Square    F Value    Pr > F

exp                          1      148.198844      148.198844     460.63    <.0001
exp2                         1       43.328731       43.328731     134.67    <.0001
exp3                         1       12.636082       12.636082      39.28    <.0001
educ                         1      118.964677      118.964677     369.76    <.0001
eclass*xclass               35      291.114989        8.317571      25.85    <.0001
inschool                     1      145.755134      145.755134     453.03    <.0001
advanced                     1       62.927653       62.927653     195.59    <.0001
The SAS System                                                                     23:25 Thursday, December 11, 2008  15

The GLM Procedure
 
Dependent Variable: logwage2   

Source                      DF     Type III SS     Mean Square    F Value    Pr > F

ft                           1        3.811327        3.811327      11.85    0.0006
lowhrs                       1     1244.088313     1244.088313    3866.84    <.0001
mex_ed                       1        8.047460        8.047460      25.01    <.0001
mex_coll                     1       10.293827       10.293827      31.99    <.0001
euro_ed                      1       17.419723       17.419723      54.14    <.0001
euro_coll                    1        1.200481        1.200481       3.73    0.0534
hisp_ed                      1       15.026883       15.026883      46.71    <.0001
hisp_coll                    1        0.013658        0.013658       0.04    0.8368
hi_asian_ed                  1        2.138153        2.138153       6.65    0.0099
hi_asian_coll                1        2.427128        2.427128       7.54    0.0060
mid_asian_ed                 1        8.955460        8.955460      27.84    <.0001
mid_asian_coll               1        0.042871        0.042871       0.13    0.7151
ic                          37      667.691057       18.045704      56.09    <.0001
yrsinus*ic                  38      665.152019       17.504001      54.41    <.0001
yrsinus2*ic                 38      273.308278        7.192323      22.35    <.0001
rmsa0                        1      148.836379      148.836379     462.61    <.0001
rmsa1                        1       45.274251       45.274251     140.72    <.0001


                                             Standard
Parameter                  Estimate             Error    t Value    Pr > |t|

Intercept               1.072985360 B      0.05381028      19.94      <.0001
exp                     0.064299309        0.00299593      21.46      <.0001
exp2                   -0.192199424        0.01656196     -11.60      <.0001
exp3                    0.015513774        0.00247548       6.27      <.0001
educ                    0.022820127        0.00118674      19.23      <.0001
eclass*xclass  1 1     -0.247177930 B      0.04818292      -5.13      <.0001
eclass*xclass  1 2     -0.241643505 B      0.04680584      -5.16      <.0001
eclass*xclass  1 3     -0.256862269 B      0.04476010      -5.74      <.0001
eclass*xclass  1 4     -0.282839819 B      0.04192139      -6.75      <.0001
eclass*xclass  1 5     -0.267938706 B      0.03867615      -6.93      <.0001
eclass*xclass  1 6     -0.255756089 B      0.03541943      -7.22      <.0001
eclass*xclass  1 7     -0.197715186 B      0.03177081      -6.22      <.0001
eclass*xclass  1 8     -0.151624557 B      0.02727909      -5.56      <.0001
eclass*xclass  1 9     -0.117203366 B      0.02458093      -4.77      <.0001
eclass*xclass  2 1     -0.160701967 B      0.04798288      -3.35      0.0008
eclass*xclass  2 2     -0.165545584 B      0.04657086      -3.55      0.0004
eclass*xclass  2 3     -0.201624525 B      0.04452953      -4.53      <.0001
eclass*xclass  2 4     -0.204688489 B      0.04176357      -4.90      <.0001
eclass*xclass  2 5     -0.196917232 B      0.03856907      -5.11      <.0001
eclass*xclass  2 6     -0.179479414 B      0.03529907      -5.08      <.0001
eclass*xclass  2 7     -0.151270500 B      0.03173785      -4.77      <.0001
eclass*xclass  2 8     -0.115954400 B      0.02718534      -4.27      <.0001
eclass*xclass  2 9     -0.102547840 B      0.02563624      -4.00      <.0001
eclass*xclass  3 1     -0.069481462 B      0.04793503      -1.45      0.1472
eclass*xclass  3 2     -0.084670245 B      0.04654625      -1.82      0.0689
eclass*xclass  3 3     -0.101725112 B      0.04472866      -2.27      0.0230
eclass*xclass  3 4     -0.106826787 B      0.04211036      -2.54      0.0112
eclass*xclass  3 5     -0.117245648 B      0.03928971      -2.98      0.0028
eclass*xclass  3 6     -0.122418048 B      0.03636252      -3.37      0.0008
eclass*xclass  3 7     -0.094141148 B      0.03307971      -2.85      0.0044
The SAS System                                                                     23:25 Thursday, December 11, 2008  16

The GLM Procedure
 
Dependent Variable: logwage2   

                                             Standard
Parameter                  Estimate             Error    t Value    Pr > |t|

eclass*xclass  3 8     -0.021716301 B      0.02964295      -0.73      0.4638
eclass*xclass  3 9     -0.017648480 B      0.03046369      -0.58      0.5624
eclass*xclass  4 1      0.004300101 B      0.04684091       0.09      0.9269
eclass*xclass  4 2      0.000961098 B      0.04511424       0.02      0.9830
eclass*xclass  4 3      0.047415798 B      0.04306349       1.10      0.2709
eclass*xclass  4 4      0.037542089 B      0.04011864       0.94      0.3494
eclass*xclass  4 5      0.051184876 B      0.03701685       1.38      0.1667
eclass*xclass  4 6      0.080055440 B      0.03373728       2.37      0.0176
eclass*xclass  4 7      0.075459264 B      0.03014709       2.50      0.0123
eclass*xclass  4 8      0.057484206 B      0.02711069       2.12      0.0340
eclass*xclass  4 9      0.000000000 B       .                .         .    
inschool               -0.117857680        0.00553724     -21.28      <.0001
advanced                0.093769126        0.00670482      13.99      <.0001
ft                      0.015399520        0.00447421       3.44      0.0006
lowhrs                  0.360400948        0.00579573      62.18      <.0001
mex_ed                  0.006399707        0.00127961       5.00      <.0001
mex_coll               -0.132229021        0.02337685      -5.66      <.0001
euro_ed                -0.009482008        0.00128863      -7.36      <.0001
euro_coll               0.025859544        0.01338723       1.93      0.0534
hisp_ed                -0.004364793        0.00063867      -6.83      <.0001
hisp_coll               0.002875160        0.01395469       0.21      0.8368
hi_asian_ed            -0.007180228        0.00278526      -2.58      0.0099
hi_asian_coll           0.058033620        0.02112910       2.75      0.0060
mid_asian_ed            0.010343192        0.00196046       5.28      <.0001
mid_asian_coll          0.006753107        0.01849997       0.37      0.7151
ic             1       -0.125015507 B      0.01895483      -6.60      <.0001
ic             2       -0.299658003 B      0.03027732      -9.90      <.0001
ic             3       -0.108325958 B      0.04179079      -2.59      0.0095
ic             4       -0.244790021 B      0.04031625      -6.07      <.0001
ic             5       -0.174058736 B      0.03520938      -4.94      <.0001
ic             6       -0.415250947 B      0.03135388     -13.24      <.0001
ic             7       -0.147935273 B      0.02949767      -5.02      <.0001
ic             8       -0.174803030 B      0.03368525      -5.19      <.0001
ic             9       -0.137710187 B      0.04245939      -3.24      0.0012
ic             10      -0.084676636 B      0.03074557      -2.75      0.0059
ic             11       0.466244885 B      0.02877340      16.20      <.0001
ic             12      -0.118462894 B      0.03481837      -3.40      0.0007
ic             13      -0.189756975 B      0.04492894      -4.22      <.0001
ic             14       0.525242205 B      0.03471554      15.13      <.0001
ic             15      -0.279385130 B      0.04018303      -6.95      <.0001
ic             16       0.022589862 B      0.03524262       0.64      0.5215
ic             17      -0.145692167 B      0.05220218      -2.79      0.0053
ic             18       0.469710019 B      0.02759598      17.02      <.0001
ic             19       0.229223607 B      0.02912900       7.87      <.0001
ic             20      -0.131231657 B      0.04478913      -2.93      0.0034
ic             21       0.396050969 B      0.04349795       9.11      <.0001
ic             22      -0.109726149 B      0.04731764      -2.32      0.0204
ic             23       0.006007480 B      0.06556897       0.09      0.9270
ic             24      -0.107476995 B      0.04960536      -2.17      0.0303
ic             25      -0.165289439 B      0.03384729      -4.88      <.0001
ic             26      -0.140420594 B      0.05733861      -2.45      0.0143
The SAS System                                                                     23:25 Thursday, December 11, 2008  17

The GLM Procedure
 
Dependent Variable: logwage2   

                                             Standard
Parameter                  Estimate             Error    t Value    Pr > |t|

ic             27      -0.112286780 B      0.05261773      -2.13      0.0328
ic             28      -0.127174396 B      0.06153527      -2.07      0.0388
ic             29      -0.053810166 B      0.05782309      -0.93      0.3521
ic             30      -0.106718120 B      0.04923405      -2.17      0.0302
ic             31       0.223377544 B      0.02205240      10.13      <.0001
ic             32       0.154920928 B      0.03386642       4.57      <.0001
ic             33       0.000740247 B      0.02615579       0.03      0.9774
ic             34      -0.218105965 B      0.02633026      -8.28      <.0001
ic             35       0.053179852 B      0.02798326       1.90      0.0574
ic             36      -0.115989258 B      0.02575656      -4.50      <.0001
ic             37      -0.069167313 B      0.02974558      -2.33      0.0201
ic             38       0.000000000 B       .                .         .    
yrsinus*ic     1        0.023504687        0.00101412      23.18      <.0001
yrsinus*ic     2        0.026592623        0.00238238      11.16      <.0001
yrsinus*ic     3        0.056389311        0.00363794      15.50      <.0001
yrsinus*ic     4        0.033950238        0.01137573       2.98      0.0028
yrsinus*ic     5        0.024597534        0.00593936       4.14      <.0001
yrsinus*ic     6        0.028859247        0.00276871      10.42      <.0001
yrsinus*ic     7        0.026209124        0.00285068       9.19      <.0001
yrsinus*ic     8        0.016542457        0.00454936       3.64      0.0003
yrsinus*ic     9        0.043223948        0.00532065       8.12      <.0001
yrsinus*ic     10       0.023080615        0.00392306       5.88      <.0001
yrsinus*ic     11      -0.002489036        0.00203619      -1.22      0.2216
yrsinus*ic     12       0.027504249        0.00447076       6.15      <.0001
yrsinus*ic     13       0.039553881        0.00699148       5.66      <.0001
yrsinus*ic     14      -0.010461343        0.00239346      -4.37      <.0001
yrsinus*ic     15       0.022639116        0.00615967       3.68      0.0002
yrsinus*ic     16       0.030936002        0.00298464      10.37      <.0001
yrsinus*ic     17       0.048631150        0.00763378       6.37      <.0001
yrsinus*ic     18      -0.000016819        0.00210881      -0.01      0.9936
yrsinus*ic     19       0.013015470        0.00225785       5.76      <.0001
yrsinus*ic     20       0.025564037        0.00603627       4.24      <.0001
yrsinus*ic     21      -0.009411367        0.00435482      -2.16      0.0307
yrsinus*ic     22       0.038723947        0.00570322       6.79      <.0001
yrsinus*ic     23       0.001705230        0.00828520       0.21      0.8369
yrsinus*ic     24       0.025808673        0.00685499       3.76      0.0002
yrsinus*ic     25       0.038536566        0.00515421       7.48      <.0001
yrsinus*ic     26       0.019973301        0.00804439       2.48      0.0130
yrsinus*ic     27       0.015758384        0.00807186       1.95      0.0509
yrsinus*ic     28       0.053107621        0.00931552       5.70      <.0001
yrsinus*ic     29       0.025514156        0.00653333       3.91      <.0001
yrsinus*ic     30       0.025688606        0.00674099       3.81      0.0001
yrsinus*ic     31       0.010537386        0.00130286       8.09      <.0001
yrsinus*ic     32       0.021159852        0.00280290       7.55      <.0001
yrsinus*ic     33       0.020415227        0.00336690       6.06      <.0001
yrsinus*ic     34       0.042918523        0.00385879      11.12      <.0001
yrsinus*ic     35       0.017466578        0.00330982       5.28      <.0001
yrsinus*ic     36       0.025480445        0.00339149       7.51      <.0001
yrsinus*ic     37       0.018113486        0.00333182       5.44      <.0001
yrsinus*ic     38       0.009759546        0.00175519       5.56      <.0001
yrsinus2*ic    1       -0.000415115        0.00002637     -15.74      <.0001
The SAS System                                                                     23:25 Thursday, December 11, 2008  18

The GLM Procedure
 
Dependent Variable: logwage2   

                                             Standard
Parameter                  Estimate             Error    t Value    Pr > |t|

yrsinus2*ic    2       -0.000363156        0.00006153      -5.90      <.0001
yrsinus2*ic    3       -0.001256717        0.00011858     -10.60      <.0001
yrsinus2*ic    4       -0.001030737        0.00039353      -2.62      0.0088
yrsinus2*ic    5       -0.000207443        0.00017172      -1.21      0.2270
yrsinus2*ic    6       -0.000428309        0.00006537      -6.55      <.0001
yrsinus2*ic    7       -0.000386722        0.00007223      -5.35      <.0001
yrsinus2*ic    8       -0.000171549        0.00014313      -1.20      0.2307
yrsinus2*ic    9       -0.000938228        0.00019457      -4.82      <.0001
yrsinus2*ic    10      -0.000457026        0.00010067      -4.54      <.0001
yrsinus2*ic    11       0.000096509        0.00004262       2.26      0.0235
yrsinus2*ic    12      -0.000498868        0.00013238      -3.77      0.0002
yrsinus2*ic    13      -0.000844142        0.00020967      -4.03      <.0001
yrsinus2*ic    14       0.000278628        0.00004831       5.77      <.0001
yrsinus2*ic    15      -0.000197417        0.00020668      -0.96      0.3395
yrsinus2*ic    16      -0.000455457        0.00006416      -7.10      <.0001
yrsinus2*ic    17      -0.001053307        0.00027753      -3.80      0.0001
yrsinus2*ic    18       0.000023486        0.00004782       0.49      0.6234
yrsinus2*ic    19      -0.000154963        0.00004789      -3.24      0.0012
yrsinus2*ic    20      -0.000365940        0.00018512      -1.98      0.0481
yrsinus2*ic    21       0.000239780        0.00013358       1.80      0.0726
yrsinus2*ic    22      -0.000564701        0.00018492      -3.05      0.0023
yrsinus2*ic    23       0.000208325        0.00020764       1.00      0.3157
yrsinus2*ic    24      -0.000458162        0.00020621      -2.22      0.0263
yrsinus2*ic    25      -0.000538921        0.00012734      -4.23      <.0001
yrsinus2*ic    26      -0.000209621        0.00021201      -0.99      0.3228
yrsinus2*ic    27       0.000017440        0.00022717       0.08      0.9388
yrsinus2*ic    28      -0.001109029        0.00029278      -3.79      0.0002
yrsinus2*ic    29      -0.000349429        0.00017314      -2.02      0.0436
yrsinus2*ic    30      -0.000369964        0.00017257      -2.14      0.0320
yrsinus2*ic    31      -0.000075478        0.00002991      -2.52      0.0116
yrsinus2*ic    32      -0.000304078        0.00006102      -4.98      <.0001
yrsinus2*ic    33      -0.000355161        0.00008790      -4.04      <.0001
yrsinus2*ic    34      -0.000850712        0.00012060      -7.05      <.0001
yrsinus2*ic    35      -0.000262676        0.00008991      -2.92      0.0035
yrsinus2*ic    36      -0.000321145        0.00009411      -3.41      0.0006
yrsinus2*ic    37      -0.000244616        0.00008222      -2.97      0.0029
yrsinus2*ic    38      -0.000132851        0.00004086      -3.25      0.0011
rmsa0                  -0.125280857        0.00582476     -21.51      <.0001
rmsa1                  -0.064908544        0.00547172     -11.86      <.0001

NOTE: The X'X matrix has been found to be singular, and a generalized inverse was used to solve the normal equations.  
      Terms whose estimates are followed by the letter 'B' are not uniquely estimable.
The SAS System                                                                     23:25 Thursday, December 11, 2008  19

The GLM Procedure

                                                Class Level Information
 
Class       Levels  Values

ic              38  1 2 3 4 5 6 7 8 9 10 11 12 13 14 15 16 17 18 19 20 21 22 23 24 25 26 27 28 29 30 31 32 33 34 35 36  
                    37 38                                                                                               

eclass           4  1 2 3 4                                                                                             

xclass           9  1 2 3 4 5 6 7 8 9                                                                                   


Number of Observations Read      131274
Number of Observations Used      131274
The SAS System                                                                     23:25 Thursday, December 11, 2008  20

The GLM Procedure
 
Dependent Variable: logwage2   

Weight: wt   

                                        Sum of
Source                      DF         Squares     Mean Square    F Value    Pr > F

Model                      168      6787.05927        40.39916     138.62    <.0001

Error                   131105     38209.58249         0.29144                     

Corrected Total         131273     44996.64176                                     


R-Square     Coeff Var      Root MSE    logwage2 Mean

0.150835      34.74538      0.539854         1.553744


Source                      DF       Type I SS     Mean Square    F Value    Pr > F

exp                          1       32.851185       32.851185     112.72    <.0001
exp2                         1      153.103678      153.103678     525.33    <.0001
exp3                         1       91.904498       91.904498     315.34    <.0001
educ                         1     3868.726393     3868.726393    13274.4    <.0001
eclass*xclass               35      706.171633       20.176332      69.23    <.0001
inschool                     1        4.752849        4.752849      16.31    <.0001
advanced                     1      102.059976      102.059976     350.19    <.0001
ft                           1      124.968102      124.968102     428.79    <.0001
lowhrs                       1      634.898713      634.898713    2178.47    <.0001
mex_ed                       1       37.260720       37.260720     127.85    <.0001
mex_coll                     1        0.816234        0.816234       2.80    0.0942
euro_ed                      1       19.228283       19.228283      65.98    <.0001
euro_coll                    1        3.858300        3.858300      13.24    0.0003
hisp_ed                      1       49.904655       49.904655     171.23    <.0001
hisp_coll                    1        1.061574        1.061574       3.64    0.0563
hi_asian_ed                  1       30.867595       30.867595     105.91    <.0001
hi_asian_coll                1        1.280940        1.280940       4.40    0.0360
mid_asian_ed                 1        1.447323        1.447323       4.97    0.0259
mid_asian_coll               1       10.849146       10.849146      37.23    <.0001
ic                          37      179.001003        4.837865      16.60    <.0001
yrsinus*ic                  38      365.265756        9.612257      32.98    <.0001
yrsinus2*ic                 38      134.863191        3.549031      12.18    <.0001
rmsa0                        1      165.874467      165.874467     569.15    <.0001
rmsa1                        1       66.043056       66.043056     226.61    <.0001


Source                      DF     Type III SS     Mean Square    F Value    Pr > F

exp                          1      49.8141532      49.8141532     170.92    <.0001
exp2                         1      22.5251754      22.5251754      77.29    <.0001
exp3                         1      11.6706904      11.6706904      40.04    <.0001
educ                         1      32.0814661      32.0814661     110.08    <.0001
eclass*xclass               35     319.6036643       9.1315333      31.33    <.0001
inschool                     1       0.0328778       0.0328778       0.11    0.7370
advanced                     1     129.9992513     129.9992513     446.05    <.0001
The SAS System                                                                     23:25 Thursday, December 11, 2008  21

The GLM Procedure
 
Dependent Variable: logwage2   

Source                      DF     Type III SS     Mean Square    F Value    Pr > F

ft                           1      45.2514895      45.2514895     155.27    <.0001
lowhrs                       1     673.7904161     673.7904161    2311.91    <.0001
mex_ed                       1       0.0012235       0.0012235       0.00    0.9483
mex_coll                     1       0.3320149       0.3320149       1.14    0.2858
euro_ed                      1       2.2949798       2.2949798       7.87    0.0050
euro_coll                    1       0.7029255       0.7029255       2.41    0.1204
hisp_ed                      1      10.7984910      10.7984910      37.05    <.0001
hisp_coll                    1       0.1557258       0.1557258       0.53    0.4648
hi_asian_ed                  1       0.6663613       0.6663613       2.29    0.1305
hi_asian_coll                1       0.5963362       0.5963362       2.05    0.1526
mid_asian_ed                 1       0.0254018       0.0254018       0.09    0.7678
mid_asian_coll               1       2.5494473       2.5494473       8.75    0.0031
ic                          37     112.5443312       3.0417387      10.44    <.0001
yrsinus*ic                  38     294.9543980       7.7619578      26.63    <.0001
yrsinus2*ic                 38     132.4129689       3.4845518      11.96    <.0001
rmsa0                        1     186.3846130     186.3846130     639.52    <.0001
rmsa1                        1      66.0430556      66.0430556     226.61    <.0001


                                             Standard
Parameter                  Estimate             Error    t Value    Pr > |t|

Intercept               1.167214096 B      0.06111815      19.10      <.0001
exp                     0.041936696        0.00320770      13.07      <.0001
exp2                   -0.154289163        0.01755003      -8.79      <.0001
exp3                    0.016697294        0.00263860       6.33      <.0001
educ                    0.012939626        0.00123331      10.49      <.0001
eclass*xclass  1 1     -0.232371594 B      0.05538601      -4.20      <.0001
eclass*xclass  1 2     -0.224416107 B      0.05373877      -4.18      <.0001
eclass*xclass  1 3     -0.252787803 B      0.05164972      -4.89      <.0001
eclass*xclass  1 4     -0.278220704 B      0.04904056      -5.67      <.0001
eclass*xclass  1 5     -0.278427923 B      0.04618690      -6.03      <.0001
eclass*xclass  1 6     -0.252601509 B      0.04334961      -5.83      <.0001
eclass*xclass  1 7     -0.254052274 B      0.04013593      -6.33      <.0001
eclass*xclass  1 8     -0.221498886 B      0.03630581      -6.10      <.0001
eclass*xclass  1 9     -0.228206838 B      0.03414823      -6.68      <.0001
eclass*xclass  2 1     -0.128122218 B      0.05497318      -2.33      0.0198
eclass*xclass  2 2     -0.151902623 B      0.05330876      -2.85      0.0044
eclass*xclass  2 3     -0.190216006 B      0.05122222      -3.71      0.0002
eclass*xclass  2 4     -0.215588417 B      0.04857827      -4.44      <.0001
eclass*xclass  2 5     -0.241405373 B      0.04572425      -5.28      <.0001
eclass*xclass  2 6     -0.229960075 B      0.04294253      -5.36      <.0001
eclass*xclass  2 7     -0.199632768 B      0.03959625      -5.04      <.0001
eclass*xclass  2 8     -0.154637479 B      0.03591011      -4.31      <.0001
eclass*xclass  2 9     -0.150488079 B      0.03447995      -4.36      <.0001
eclass*xclass  3 1     -0.011770848 B      0.05496641      -0.21      0.8304
eclass*xclass  3 2     -0.006346642 B      0.05337784      -0.12      0.9054
eclass*xclass  3 3     -0.059935788 B      0.05150729      -1.16      0.2446
eclass*xclass  3 4     -0.094694396 B      0.04896363      -1.93      0.0531
eclass*xclass  3 5     -0.091067843 B      0.04651764      -1.96      0.0503
eclass*xclass  3 6     -0.112615920 B      0.04378859      -2.57      0.0101
eclass*xclass  3 7     -0.084529976 B      0.04081529      -2.07      0.0384
The SAS System                                                                     23:25 Thursday, December 11, 2008  22

The GLM Procedure
 
Dependent Variable: logwage2   

                                             Standard
Parameter                  Estimate             Error    t Value    Pr > |t|

eclass*xclass  3 8     -0.027216477 B      0.03812318      -0.71      0.4753
eclass*xclass  3 9     -0.074392773 B      0.03979395      -1.87      0.0616
eclass*xclass  4 1      0.071132991 B      0.05368867       1.32      0.1852
eclass*xclass  4 2      0.063831039 B      0.05185167       1.23      0.2183
eclass*xclass  4 3      0.036475468 B      0.04994461       0.73      0.4652
eclass*xclass  4 4     -0.001365471 B      0.04745118      -0.03      0.9770
eclass*xclass  4 5     -0.011485983 B      0.04491984      -0.26      0.7982
eclass*xclass  4 6      0.005837867 B      0.04236202       0.14      0.8904
eclass*xclass  4 7      0.036334553 B      0.03949328       0.92      0.3576
eclass*xclass  4 8      0.097855620 B      0.03836679       2.55      0.0108
eclass*xclass  4 9      0.000000000 B       .                .         .    
inschool                0.001968306        0.00586027       0.34      0.7370
advanced                0.165280109        0.00782576      21.12      <.0001
ft                      0.049827469        0.00399879      12.46      <.0001
lowhrs                  0.218486026        0.00454399      48.08      <.0001
mex_ed                  0.000095169        0.00146884       0.06      0.9483
mex_coll               -0.032168316        0.03013881      -1.07      0.2858
euro_ed                -0.003759775        0.00133983      -2.81      0.0050
euro_coll               0.023508674        0.01513735       1.55      0.1204
hisp_ed                -0.004033283        0.00066260      -6.09      <.0001
hisp_coll              -0.011448946        0.01566252      -0.73      0.4648
hi_asian_ed            -0.003654178        0.00241664      -1.51      0.1305
hi_asian_coll           0.030932355        0.02162439       1.43      0.1526
mid_asian_ed            0.000535385        0.00181347       0.30      0.7678
mid_asian_coll          0.054408583        0.01839589       2.96      0.0031
ic             1       -0.113025005 B      0.02208612      -5.12      <.0001
ic             2       -0.187685673 B      0.02892711      -6.49      <.0001
ic             3       -0.101006881 B      0.04147542      -2.44      0.0149
ic             4       -0.058308074 B      0.03699774      -1.58      0.1150
ic             5       -0.252058855 B      0.03523158      -7.15      <.0001
ic             6       -0.250686487 B      0.03192725      -7.85      <.0001
ic             7       -0.179693677 B      0.03196124      -5.62      <.0001
ic             8       -0.163168017 B      0.03387773      -4.82      <.0001
ic             9       -0.097192334 B      0.03777686      -2.57      0.0101
ic             10      -0.077284739 B      0.03027243      -2.55      0.0107
ic             11       0.112317486 B      0.03053130       3.68      0.0002
ic             12      -0.142976674 B      0.03587847      -3.99      <.0001
ic             13      -0.243449073 B      0.04694890      -5.19      <.0001
ic             14      -0.039424706 B      0.03217318      -1.23      0.2204
ic             15      -0.267373803 B      0.04312556      -6.20      <.0001
ic             16      -0.016792101 B      0.03813280      -0.44      0.6597
ic             17      -0.255143337 B      0.05344644      -4.77      <.0001
ic             18       0.025279655 B      0.02998514       0.84      0.3992
ic             19       0.022176187 B      0.03518802       0.63      0.5286
ic             20      -0.154554148 B      0.05015603      -3.08      0.0021
ic             21      -0.060038832 B      0.04500332      -1.33      0.1822
ic             22      -0.096199845 B      0.06023163      -1.60      0.1102
ic             23      -0.209986222 B      0.06606682      -3.18      0.0015
ic             24      -0.120885130 B      0.05359591      -2.26      0.0241
ic             25      -0.308461307 B      0.03633364      -8.49      <.0001
ic             26      -0.166237743 B      0.05747139      -2.89      0.0038
The SAS System                                                                     23:25 Thursday, December 11, 2008  23

The GLM Procedure
 
Dependent Variable: logwage2   

                                             Standard
Parameter                  Estimate             Error    t Value    Pr > |t|

ic             27      -0.057596999 B      0.05171730      -1.11      0.2654
ic             28      -0.308796010 B      0.10037926      -3.08      0.0021
ic             29      -0.150101381 B      0.05312085      -2.83      0.0047
ic             30      -0.054547461 B      0.04890684      -1.12      0.2647
ic             31      -0.004630883 B      0.02428929      -0.19      0.8488
ic             32      -0.019312108 B      0.03871736      -0.50      0.6179
ic             33      -0.004522161 B      0.03557983      -0.13      0.8989
ic             34      -0.131465117 B      0.02953246      -4.45      <.0001
ic             35      -0.131498096 B      0.03229841      -4.07      <.0001
ic             36      -0.106676253 B      0.03367868      -3.17      0.0015
ic             37      -0.090244080 B      0.02961369      -3.05      0.0023
ic             38       0.000000000 B       .                .         .    
yrsinus*ic     1        0.011380389        0.00135784       8.38      <.0001
yrsinus*ic     2        0.034467562        0.00228206      15.10      <.0001
yrsinus*ic     3        0.027840875        0.00482612       5.77      <.0001
yrsinus*ic     4       -0.002842308        0.00813043      -0.35      0.7266
yrsinus*ic     5        0.019627477        0.00521737       3.76      0.0002
yrsinus*ic     6        0.027550465        0.00291972       9.44      <.0001
yrsinus*ic     7        0.017482880        0.00307264       5.69      <.0001
yrsinus*ic     8        0.016447206        0.00424379       3.88      0.0001
yrsinus*ic     9        0.022146371        0.00463376       4.78      <.0001
yrsinus*ic     10       0.025764223        0.00351151       7.34      <.0001
yrsinus*ic     11      -0.000745473        0.00202661      -0.37      0.7130
yrsinus*ic     12       0.020173623        0.00452658       4.46      <.0001
yrsinus*ic     13       0.024836216        0.00703630       3.53      0.0004
yrsinus*ic     14       0.006425331        0.00209499       3.07      0.0022
yrsinus*ic     15       0.031614574        0.00623196       5.07      <.0001
yrsinus*ic     16       0.013873342        0.00330134       4.20      <.0001
yrsinus*ic     17       0.042746438        0.00929232       4.60      <.0001
yrsinus*ic     18       0.004176430        0.00205224       2.04      0.0418
yrsinus*ic     19       0.005536040        0.00283277       1.95      0.0507
yrsinus*ic     20       0.022313325        0.00663661       3.36      0.0008
yrsinus*ic     21       0.005978391        0.00384193       1.56      0.1197
yrsinus*ic     22       0.032795099        0.00851005       3.85      0.0001
yrsinus*ic     23       0.028220670        0.00858398       3.29      0.0010
yrsinus*ic     24       0.025479942        0.00764135       3.33      0.0009
yrsinus*ic     25       0.041608143        0.00524854       7.93      <.0001
yrsinus*ic     26       0.025638296        0.00743567       3.45      0.0006
yrsinus*ic     27       0.022567726        0.00782465       2.88      0.0039
yrsinus*ic     28       0.072916690        0.02188300       3.33      0.0009
yrsinus*ic     29       0.026281788        0.00646901       4.06      <.0001
yrsinus*ic     30       0.024232321        0.00659651       3.67      0.0002
yrsinus*ic     31       0.009895538        0.00145383       6.81      <.0001
yrsinus*ic     32       0.016867185        0.00329509       5.12      <.0001
yrsinus*ic     33       0.004914412        0.00436078       1.13      0.2598
yrsinus*ic     34       0.019449111        0.00425041       4.58      <.0001
yrsinus*ic     35       0.021639751        0.00359907       6.01      <.0001
yrsinus*ic     36       0.018966151        0.00433726       4.37      <.0001
yrsinus*ic     37       0.022576762        0.00318498       7.09      <.0001
yrsinus*ic     38       0.003956606        0.00189418       2.09      0.0367
yrsinus2*ic    1       -0.000170750        0.00003461      -4.93      <.0001
The SAS System                                                                     23:25 Thursday, December 11, 2008  24

The GLM Procedure
 
Dependent Variable: logwage2   

                                             Standard
Parameter                  Estimate             Error    t Value    Pr > |t|

yrsinus2*ic    2       -0.000716353        0.00006591     -10.87      <.0001
yrsinus2*ic    3       -0.000593201        0.00014205      -4.18      <.0001
yrsinus2*ic    4        0.000355867        0.00034488       1.03      0.3021
yrsinus2*ic    5       -0.000136524        0.00014825      -0.92      0.3571
yrsinus2*ic    6       -0.000437047        0.00007228      -6.05      <.0001
yrsinus2*ic    7       -0.000258285        0.00007765      -3.33      0.0009
yrsinus2*ic    8       -0.000227823        0.00012470      -1.83      0.0677
yrsinus2*ic    9       -0.000536846        0.00017872      -3.00      0.0027
yrsinus2*ic    10      -0.000450431        0.00009177      -4.91      <.0001
yrsinus2*ic    11       0.000059747        0.00004175       1.43      0.1524
yrsinus2*ic    12      -0.000338743        0.00012994      -2.61      0.0091
yrsinus2*ic    13      -0.000575788        0.00021569      -2.67      0.0076
yrsinus2*ic    14      -0.000025330        0.00004335      -0.58      0.5590
yrsinus2*ic    15      -0.000493990        0.00020294      -2.43      0.0149
yrsinus2*ic    16      -0.000201097        0.00007093      -2.84      0.0046
yrsinus2*ic    17      -0.001114220        0.00038336      -2.91      0.0037
yrsinus2*ic    18      -0.000048785        0.00004372      -1.12      0.2645
yrsinus2*ic    19      -0.000077468        0.00005889      -1.32      0.1883
yrsinus2*ic    20      -0.000447421        0.00020271      -2.21      0.0273
yrsinus2*ic    21      -0.000033645        0.00010716      -0.31      0.7535
yrsinus2*ic    22      -0.000613076        0.00022778      -2.69      0.0071
yrsinus2*ic    23      -0.000538332        0.00023811      -2.26      0.0238
yrsinus2*ic    24      -0.000590367        0.00023387      -2.52      0.0116
yrsinus2*ic    25      -0.000704915        0.00012996      -5.42      <.0001
yrsinus2*ic    26      -0.000397770        0.00019423      -2.05      0.0406
yrsinus2*ic    27      -0.000463475        0.00021859      -2.12      0.0340
yrsinus2*ic    28      -0.002111146        0.00090400      -2.34      0.0195
yrsinus2*ic    29      -0.000410351        0.00018257      -2.25      0.0246
yrsinus2*ic    30      -0.000318690        0.00017635      -1.81      0.0707
yrsinus2*ic    31      -0.000144527        0.00003231      -4.47      <.0001
yrsinus2*ic    32      -0.000285925        0.00007159      -3.99      <.0001
yrsinus2*ic    33      -0.000026763        0.00010716      -0.25      0.8028
yrsinus2*ic    34      -0.000361239        0.00013052      -2.77      0.0056
yrsinus2*ic    35      -0.000395907        0.00009589      -4.13      <.0001
yrsinus2*ic    36      -0.000372875        0.00011440      -3.26      0.0011
yrsinus2*ic    37      -0.000432806        0.00008010      -5.40      <.0001
yrsinus2*ic    38      -0.000039945        0.00004317      -0.93      0.3548
rmsa0                  -0.152468735        0.00602910     -25.29      <.0001
rmsa1                  -0.087369766        0.00580396     -15.05      <.0001

NOTE: The X'X matrix has been found to be singular, and a generalized inverse was used to solve the normal equations.  
      Terms whose estimates are followed by the letter 'B' are not uniquely estimable.
The SAS System                                                                     23:25 Thursday, December 11, 2008  25

The CORR Procedure

   7        Variables:    logwage2 pred     res      educ     exp      imm      female   
     Weight Variable:     wt                                                             


                                    Simple Statistics
 
Variable           N          Mean       Std Dev           Sum       Minimum       Maximum

logwage2     2329268       1.77240       0.86162       7732201       0.77703       4.97673
pred         2329268       1.77240       0.46416       7732201       0.65520       3.11711
res          2329268    6.6729E-13       0.72590    2.91109E-6      -2.27356       3.88152
educ         2329268      12.51939       4.08056      54616555             0      20.00000
exp          2329268      17.52518      17.32402      76454577       1.00000      45.00000
imm          2329268       0.06785       0.34416        295980             0       1.00000
female       2329268       0.44888       0.68069       1958244             0       1.00000


                              Pearson Correlation Coefficients, N = 2329268 
                                        Prob > |r| under H0: Rho=0
 
              logwage2          pred           res          educ           exp           imm        female

logwage2       1.00000       0.53871       0.84249       0.26671       0.17257      -0.01438      -0.31232
                              <.0001        <.0001        <.0001        <.0001        <.0001        <.0001

pred           0.53871       1.00000      -0.00000       0.49508       0.32033      -0.02669      -0.57976
                <.0001                      1.0000        <.0001        <.0001        <.0001        <.0001

res            0.84249      -0.00000       1.00000      -0.00000       0.00000      -0.00000       0.00000
                <.0001        1.0000                      1.0000        1.0000        1.0000        1.0000

educ           0.26671       0.49508      -0.00000       1.00000      -0.22659      -0.09301      -0.00843
                <.0001        <.0001        1.0000                      <.0001        <.0001        <.0001

exp            0.17257       0.32033       0.00000      -0.22659       1.00000       0.03182      -0.00456
                <.0001        <.0001        1.0000        <.0001                      <.0001        <.0001

imm           -0.01438      -0.02669      -0.00000      -0.09301       0.03182       1.00000      -0.00290
                <.0001        <.0001        1.0000        <.0001        <.0001                      <.0001

female        -0.31232      -0.57976       0.00000      -0.00843      -0.00456      -0.00290       1.00000
                <.0001        <.0001        1.0000        <.0001        <.0001        <.0001              
The SAS System                                                                     23:25 Thursday, December 11, 2008  26

The MEANS Procedure

Variable          N            Mean         Std Dev         Minimum         Maximum
-----------------------------------------------------------------------------------
dropout     2329268       0.2298522       0.5758008               0       1.0000000
hs          2329268       0.4022637       0.6710751               0       1.0000000
somecoll    2329268       0.1883937       0.5351392               0       1.0000000
college     2329268       0.0951548       0.4015719               0       1.0000000
collplus    2329268       0.1794904       0.5251983               0       1.0000000
advanced    2329268       0.0843357       0.3803073               0       1.0000000
-----------------------------------------------------------------------------------
The SAS System                                                                     23:25 Thursday, December 11, 2008  27

The FREQ Procedure

Table of xclass2 by eclass

xclass2     eclass

Frequency|
Percent  |
Row Pct  |
Col Pct  |       1|       2|       3|       4|  Total
---------+--------+--------+--------+--------+
       1 | 149327 | 345538 | 205506 | 191774 | 892145
         |   6.41 |  14.83 |   8.82 |   8.23 |  38.30
         |  16.74 |  38.73 |  23.04 |  21.50 |
         |  26.87 |  37.66 |  47.19 |  45.61 |
---------+--------+--------+--------+--------+
       2 | 106218 | 228672 | 110346 | 109739 | 554975
         |   4.56 |   9.82 |   4.74 |   4.71 |  23.83
         |  19.14 |  41.20 |  19.88 |  19.77 |
         |  19.11 |  24.92 |  25.34 |  26.10 |
---------+--------+--------+--------+--------+
       3 | 108968 | 166517 |  62704 |  68606 | 406795
         |   4.68 |   7.15 |   2.69 |   2.95 |  17.46
         |  26.79 |  40.93 |  15.41 |  16.87 |
         |  19.61 |  18.15 |  14.40 |  16.32 |
---------+--------+--------+--------+--------+
       4 | 191180 | 176815 |  56971 |  50387 | 475353
         |   8.21 |   7.59 |   2.45 |   2.16 |  20.41
         |  40.22 |  37.20 |  11.98 |  10.60 |
         |  34.40 |  19.27 |  13.08 |  11.98 |
---------+--------+--------+--------+--------+
Total      555693   917542   435527   420506  2329268
            23.86    39.39    18.70    18.05   100.00
The SAS System                                                                     23:25 Thursday, December 11, 2008  28

Obs    rmsa      count      imm      logwage2       v          res        vres       pred      vpred

  1       .    4362556    0.06785     1.77240    0.39637     0.00000    0.28134    1.77240    0.11503
  2       0     952812    0.02050     1.64030    0.36436    -0.00000    0.27342    1.64030    0.10104
  3       1     564440    0.03814     1.73276    0.38194    -0.00000    0.27366    1.73276    0.11006
  4      80      13409    0.02871     1.82365    0.38032    -0.01251    0.25707    1.83616    0.10902
  5     160      14592    0.04578     1.79291    0.34722    -0.07633    0.22889    1.86924    0.11370
  6     200      10900    0.04624     1.71904    0.39328    -0.09480    0.29291    1.81384    0.11157
  7     240      14106    0.03374     1.82751    0.34281    -0.00259    0.23242    1.83010    0.10419
  8     440       5799    0.06225     1.91405    0.37063     0.05180    0.28071    1.86225    0.10940
  9     520      46332    0.02473     1.76823    0.39725    -0.03852    0.29029    1.80675    0.11009
 10     600       5840    0.02774     1.60530    0.33959    -0.15280    0.25675    1.75810    0.10063
 11     640      11027    0.04326     1.68231    0.36633    -0.12568    0.26896    1.80798    0.11398
 12     680       7450    0.10604     1.77456    0.42862    -0.01376    0.31094    1.78833    0.10966
 13     720      44703    0.03402     1.82910    0.39265     0.01077    0.27976    1.81833    0.10994
 14     760       9237    0.02068     1.83998    0.43555     0.01187    0.31248    1.82811    0.10793
 15     875      27321    0.15018     1.91537    0.41568     0.05233    0.26886    1.86304    0.11850
 16    1000      16764    0.01062     1.75414    0.42059    -0.05622    0.30739    1.81036    0.10405
 17    1080       6273    0.03969     1.70814    0.39034    -0.10538    0.29710    1.81352    0.11428
 18    1120      59697    0.09506     1.83629    0.37176    -0.03078    0.25783    1.86706    0.11434
 19    1160       7487    0.10431     1.84809    0.37695     0.00911    0.25298    1.83898    0.11322
 20    1280      23920    0.04858     1.81657    0.37274    -0.03048    0.25293    1.84706    0.10528
 21    1440       8891    0.02463     1.63507    0.39718    -0.14101    0.28810    1.77609    0.10023
 22    1520      20693    0.01629     1.67331    0.34008    -0.10227    0.24468    1.77558    0.10617
 23    1560       7885    0.01078     1.70989    0.36306    -0.08976    0.25490    1.79965    0.10303
 24    1600     147160    0.12051     1.92303    0.39156     0.09761    0.27928    1.82542    0.11033
 25    1640      27338    0.01968     1.81687    0.37572     0.00667    0.25588    1.81020    0.11072
 26    1680      43955    0.05317     1.87250    0.37999     0.04095    0.26295    1.83155    0.10670
 27    1720       6628    0.05673     1.64189    0.39062    -0.17032    0.28736    1.81222    0.11544
 28    1760       8475    0.02844     1.67035    0.36980    -0.12929    0.27220    1.79964    0.10964
 29    1840      22830    0.02549     1.77046    0.34538    -0.04337    0.24691    1.81382    0.10703
 30    1920      54247    0.05407     1.77441    0.38613    -0.02446    0.27136    1.79887    0.11567
 31    2000      20151    0.01712     1.80562    0.36272    -0.02277    0.24671    1.82840    0.10598
 32    2020       4156    0.03513     1.57351    0.38004    -0.23165    0.29997    1.80516    0.11434
 33    2080      31732    0.04519     1.84407    0.40183     0.00382    0.28495    1.84025    0.11598
 34    2120       6843    0.02060     1.77943    0.35660    -0.04348    0.24555    1.82291    0.10760
 35    2160      83294    0.05976     1.97812    0.41317     0.15114    0.29061    1.82698    0.10703
 36    2320       8563    0.24980     1.56989    0.37729    -0.17177    0.26572    1.74167    0.10466
 37    2640      11251    0.02089     1.95190    0.41203     0.13880    0.30258    1.81310    0.09930
 38    2680      18944    0.09027     1.76524    0.41185    -0.05417    0.30839    1.81941    0.11054
 39    2700       3404    0.04289     1.63628    0.36142    -0.17045    0.28268    1.80673    0.11194
 40    2760       8487    0.01991     1.76900    0.33002    -0.02484    0.22725    1.79385    0.10580
 41    2800       9781    0.01973     1.79102    0.37966    -0.02776    0.25465    1.81879    0.11365
 42    2840       9618    0.12643     1.73810    0.41642    -0.05040    0.30694    1.78850    0.11116
 43    2960      12644    0.04904     1.96304    0.42083     0.15372    0.30148    1.80931    0.09762
 44    3000      15358    0.02722     1.80156    0.35014    -0.01030    0.24910    1.81186    0.10589
 45    3120      21752    0.01103     1.65384    0.33015    -0.12438    0.24262    1.77822    0.10417
 46    3160      15367    0.01555     1.64174    0.32594    -0.12631    0.24671    1.76805    0.10398
 47    3240      11517    0.01902     1.75955    0.31180    -0.06288    0.21706    1.82243    0.10754
 48    3280      22265    0.09724     1.82593    0.33370    -0.01345    0.22711    1.83938    0.11263
 49    3320      16947    0.15324     1.75802    0.43051    -0.07960    0.31000    1.83762    0.10304
 50    3360      60752    0.08727     1.87095    0.40974     0.07220    0.28507    1.79874    0.11601
 51    3480      27175    0.01645     1.79270    0.37725    -0.01248    0.25991    1.80518    0.10883
 52    3560       9931    0.00816     1.62009    0.37142    -0.15405    0.28464    1.77414    0.10075
 53    3600      14054    0.02932     1.68923    0.39240    -0.11475    0.28517    1.80398    0.10701
 54    3640      11023    0.29529     1.76553    0.34621     0.00300    0.28563    1.76253    0.09618
 55    3660       5897    0.00899     1.64754    0.35183    -0.15920    0.25503    1.80675    0.11102
 56    3720       6346    0.02553     1.79251    0.38068    -0.03215    0.27612    1.82466    0.10714
The SAS System                                                                     23:25 Thursday, December 11, 2008  29

Obs    rmsa     count      imm      logwage2       v          res        vres       pred      vpred

 57    3760     28479    0.02419     1.82733    0.38582    -0.00224    0.27142    1.82957    0.11151
 58    3840      9234    0.01235     1.68079    0.37461    -0.13700    0.24722    1.81779    0.11167
 59    3980      5879    0.03215     1.60786    0.35538    -0.18090    0.27281    1.78876    0.10202
 60    4000      7155    0.02082     1.72578    0.30826    -0.06972    0.22471    1.79550    0.10503
 61    4040      8329    0.03398     1.85303    0.34785     0.01971    0.25337    1.83332    0.10622
 62    4120     10732    0.09150     1.80976    0.40056     0.01701    0.29953    1.79274    0.10620
 63    4280      5974    0.01841     1.67449    0.37871    -0.12391    0.27196    1.79841    0.10780
 64    4400     10069    0.01738     1.66437    0.33464    -0.12729    0.23181    1.79167    0.10436
 65    4480    151648    0.24865     1.84884    0.43381     0.05370    0.31215    1.79514    0.11797
 66    4520     19923    0.01089     1.74892    0.37275    -0.05251    0.26229    1.80143    0.10252
 67    4720      7139    0.03348     1.76211    0.32232    -0.08804    0.23329    1.85015    0.11161
 68    4880      4351    0.24523     1.47549    0.36700    -0.19289    0.30402    1.66838    0.09093
 69    4900      5075    0.04670     1.71703    0.41660    -0.14337    0.28429    1.86041    0.12200
 70    4920     14992    0.01467     1.70459    0.40569    -0.07864    0.29642    1.78322    0.10106
 71    5000     33127    0.37851     1.73267    0.44785    -0.03507    0.34043    1.76774    0.10822
 72    5015     21060    0.08386     1.92817    0.37942     0.06174    0.24030    1.86643    0.11555
 73    5080     29336    0.03845     1.86628    0.35743     0.03522    0.25457    1.83105    0.10864
 74    5120     46950    0.02922     1.86801    0.35857     0.02375    0.24484    1.84426    0.11159
 75    5160      8671    0.01395     1.67836    0.41269    -0.10789    0.31153    1.78625    0.10136
 76    5170      5067    0.11822     1.77354    0.39289    -0.00141    0.28633    1.77496    0.10986
 77    5190     15567    0.05659     1.87828    0.43507     0.00531    0.27692    1.87297    0.11760
 78    5360     17387    0.01559     1.69792    0.35674    -0.09660    0.25517    1.79452    0.10741
 79    5380     50681    0.09335     1.96464    0.44958     0.06288    0.29533    1.90176    0.11833
 80    5480     10709    0.06826     1.79157    0.34703    -0.05118    0.23935    1.84275    0.10749
 81    5560     24610    0.04023     1.78347    0.43614    -0.01837    0.32694    1.80184    0.10527
 82    5600    153059    0.25460     1.88192    0.41731     0.05536    0.31961    1.82656    0.10815
 83    5640     35280    0.14093     1.90724    0.42141     0.05924    0.28460    1.84799    0.11604
 84    5720     24872    0.03820     1.65640    0.40664    -0.12995    0.29518    1.78635    0.10232
 85    5775     36811    0.11657     1.96192    0.40636     0.10515    0.30148    1.85677    0.11247
 86    5880     16873    0.02839     1.72651    0.36899    -0.08603    0.27162    1.81255    0.11263
 87    5920     10534    0.02620     1.76253    0.36370    -0.06933    0.25167    1.83186    0.11014
 88    5945     41867    0.14740     1.91390    0.42867     0.07539    0.28653    1.83851    0.12680
 89    5960     15872    0.04574     1.65055    0.37833    -0.14933    0.27714    1.79988    0.11110
 90    6080      5479    0.02573     1.63880    0.39211    -0.17707    0.28683    1.81587    0.10263
 91    6160     90192    0.04790     1.84178    0.38218     0.00070    0.26425    1.84108    0.11048
 92    6200     32150    0.05555     1.76147    0.39819    -0.05570    0.28791    1.81717    0.11209
 93    6280     48853    0.02160     1.86615    0.37038     0.00229    0.24765    1.86386    0.10568
 94    6440     28003    0.04682     1.84674    0.37020     0.00494    0.27053    1.84180    0.11311
 95    6480     19469    0.11654     1.68383    0.33940    -0.11487    0.23938    1.79870    0.10967
 96    6640     14375    0.02122     1.67110    0.33167    -0.14213    0.23853    1.81323    0.10619
 97    6760     16456    0.02273     1.75178    0.38029    -0.04497    0.28615    1.79674    0.10531
 98    6780     29815    0.10434     1.80118    0.41473    -0.00549    0.30547    1.80667    0.10821
 99    6840     22056    0.05595     1.83444    0.35671    -0.01032    0.23922    1.84477    0.11005
100    6920     20933    0.06635     1.86021    0.40268     0.00590    0.30012    1.85431    0.11200
101    7040     44626    0.02156     1.83252    0.38994     0.01011    0.26993    1.82241    0.10864
102    7160     17397    0.04765     1.77933    0.38370    -0.05112    0.26584    1.83045    0.11624
103    7240     20469    0.07558     1.62183    0.37870    -0.15372    0.27573    1.77555    0.10972
104    7320     37980    0.13033     1.74359    0.43934    -0.06760    0.31321    1.81119    0.11459
105    7360     33283    0.22182     1.93609    0.41553     0.06336    0.32280    1.87272    0.11694
106    7400     28862    0.15467     1.97043    0.39443     0.11979    0.27345    1.85064    0.12220
107    7500      5589    0.07139     1.86433    0.42397     0.01200    0.32775    1.85233    0.10976
108    7510      5436    0.04452     1.65453    0.39904    -0.16580    0.29929    1.82033    0.11453
109    7560     10147    0.01764     1.68147    0.30791    -0.15610    0.22641    1.83757    0.10314
110    7600     35530    0.07031     1.93106    0.37799     0.06178    0.27524    1.86928    0.11608
111    7840      6581    0.03632     1.77477    0.37392    -0.06659    0.27375    1.84136    0.10925
112    8000     12888    0.06083     1.71546    0.32232    -0.12076    0.23419    1.83621    0.10349
The SAS System                                                                     23:25 Thursday, December 11, 2008  30

Obs    rmsa    count      imm      logwage2       v          res        vres       pred      vpred

113    8120     6336    0.11995     1.81291    0.38460     0.01340    0.30083    1.79952    0.10061
114    8160    15309    0.03939     1.75503    0.34601    -0.08424    0.24617    1.83927    0.10879
115    8200     9719    0.06472     1.77859    0.40307    -0.03749    0.28725    1.81608    0.10957
116    8280    27490    0.05260     1.64593    0.38328    -0.16115    0.28818    1.80708    0.10912
117    8400    11104    0.02540     1.84394    0.38168     0.02042    0.26371    1.82352    0.10637
118    8520    10170    0.06726     1.72362    0.42241    -0.10107    0.31735    1.82469    0.10821
119    8560    13600    0.02000     1.76919    0.38606    -0.05365    0.26424    1.82284    0.11012
120    8720     6558    0.11070     1.83228    0.42049     0.01280    0.31060    1.81948    0.10591
121    8735    10592    0.15219     1.85995    0.43887     0.03222    0.30391    1.82773    0.12143
122    8840    73193    0.08800     1.94921    0.42669     0.08221    0.29139    1.86700    0.12538
123    8960    10085    0.08617     1.73559    0.43710    -0.08579    0.32263    1.82137    0.11444
124    9040     7941    0.02808     1.75843    0.33168    -0.06327    0.24448    1.82170    0.11431
125    9160     8286    0.03283     1.85651    0.43970     0.00614    0.30095    1.85037    0.11445
126    9240     8909    0.05040     1.75837    0.31918    -0.08135    0.21686    1.83972    0.10865
127    9320    11920    0.02248     1.85595    0.39264     0.02280    0.26615    1.83315    0.10133
The SAS System                                                                     23:25 Thursday, December 11, 2008  31

The CORR Procedure

   5        Variables:    v        vres     imm      educ     exp      
     Weight Variable:     count                                        


                                    Simple Statistics
 
Variable           N          Mean       Std Dev           Sum       Minimum       Maximum

v                124       0.39252       4.71492       1116832       0.30791       0.44958
vres             124       0.27957       3.98937        795471       0.21686       0.34043
imm              124       0.08959      12.10792        254922       0.00816       0.37851
educ             124      12.70584      60.95956      36151983       9.78580      13.99741
exp              124      17.58949     180.92642      50047453      14.21792      20.14625


                Pearson Correlation Coefficients, N = 124 
                        Prob > |r| under H0: Rho=0
 
                 v          vres           imm          educ           exp

v          1.00000       0.87891       0.55145       0.16773       0.00212
                          <.0001        <.0001        0.0626        0.9814

vres       0.87891       1.00000       0.64327       0.00685      -0.03075
            <.0001                      <.0001        0.9398        0.7346

imm        0.55145       0.64327       1.00000      -0.02439       0.27712
            <.0001        <.0001                      0.7880        0.0018

educ       0.16773       0.00685      -0.02439       1.00000      -0.22304
            0.0626        0.9398        0.7880                      0.0128

exp        0.00212      -0.03075       0.27712      -0.22304       1.00000
            0.9814        0.7346        0.0018        0.0128              
