The SAS System                                                                       23:28 Friday, December 26, 2008   1

The FREQ Procedure

Table of mfg by imm

mfg       imm

Frequency|
Percent  |
Row Pct  |
Col Pct  |       0|       1|  Total
---------+--------+--------+
       0 |3079810 | 206416 |3286226
         |  70.60 |   4.73 |  75.33
         |  93.72 |   6.28 |
         |  75.73 |  69.74 |
---------+--------+--------+
       1 | 986766 |  89564 |1076330
         |  22.62 |   2.05 |  24.67
         |  91.68 |   8.32 |
         |  24.27 |  30.26 |
---------+--------+--------+
Total     4066576   295980  4362556
            93.22     6.78   100.00


Table of mfg by female

mfg       female

Frequency|
Percent  |
Row Pct  |
Col Pct  |       0|       1|  Total
---------+--------+--------+
       0 |1697245 |1588981 |3286226
         |  38.90 |  36.42 |  75.33
         |  51.65 |  48.35 |
         |  70.59 |  81.14 |
---------+--------+--------+
       1 | 707067 | 369263 |1076330
         |  16.21 |   8.46 |  24.67
         |  65.69 |  34.31 |
         |  29.41 |  18.86 |
---------+--------+--------+
Total     2404312  1958244  4362556
            55.11    44.89   100.00


The SAS System                                                                       23:28 Friday, December 26, 2008   2

The FREQ Procedure

Table 1 of mfg by imm
Controlling for female=0

mfg       imm

Frequency|
Percent  |
Row Pct  |
Col Pct  |       0|       1|  Total
---------+--------+--------+
       0 |1585188 | 112057 |1697245
         |  65.93 |   4.66 |  70.59
         |  93.40 |   6.60 |
         |  70.78 |  68.03 |
---------+--------+--------+
       1 | 654418 |  52649 | 707067
         |  27.22 |   2.19 |  29.41
         |  92.55 |   7.45 |
         |  29.22 |  31.97 |
---------+--------+--------+
Total     2239606   164706  2404312
            93.15     6.85   100.00


Table 2 of mfg by imm
Controlling for female=1

mfg       imm

Frequency|
Percent  |
Row Pct  |
Col Pct  |       0|       1|  Total
---------+--------+--------+
       0 |1494622 |  94359 |1588981
         |  76.32 |   4.82 |  81.14
         |  94.06 |   5.94 |
         |  81.81 |  71.88 |
---------+--------+--------+
       1 | 332348 |  36915 | 369263
         |  16.97 |   1.89 |  18.86
         |  90.00 |  10.00 |
         |  18.19 |  28.12 |
---------+--------+--------+
Total     1826970   131274  1958244
            93.30     6.70   100.00
The SAS System                                                                       23:28 Friday, December 26, 2008   3

Obs    rmsa      mfg

  1       .    0.24672
  2       0    0.27010
  3       1    0.25311
  4      80    0.34335
  5     160    0.18400
  6     200    0.09716
  7     240    0.43365
  8     440    0.26246
  9     520    0.20880
 10     600    0.26147
 11     640    0.14646
 12     680    0.08403
 13     720    0.19386
 14     760    0.17105
 15     875    0.29534
 16    1000    0.20747
 17    1080    0.15511
 18    1120    0.22159
 19    1160    0.40911
 20    1280    0.30029
 21    1440    0.18007
 22    1520    0.34935
 23    1560    0.29867
 24    1600    0.28771
 25    1640    0.29969
 26    1680    0.33760
 27    1720    0.13971
 28    1760    0.15917
 29    1840    0.21191
 30    1920    0.23559
 31    2000    0.31343
 32    2020    0.12632
 33    2080    0.15691
 34    2120    0.14760
 35    2160    0.35633
 36    2320    0.20262
 37    2640    0.43801
 38    2680    0.12363
 39    2700    0.07697
 40    2760    0.33345
 41    2800    0.27093
 42    2840    0.13236
 43    2960    0.40557
 44    3000    0.36124
 45    3120    0.40893
 46    3160    0.43379
 47    3240    0.25189
 48    3280    0.30941
 49    3320    0.06709
 50    3360    0.18857
 51    3480    0.29027
 52    3560    0.19635
 53    3600    0.11385
 54    3640    0.32360
 55    3660    0.38833
 56    3720    0.34604
The SAS System                                                                       23:28 Friday, December 26, 2008   4

Obs    rmsa      mfg

 57    3760    0.22343
 58    3840    0.22623
 59    3980    0.16652
 60    4000    0.40042
 61    4040    0.22764
 62    4120    0.03923
 63    4280    0.21744
 64    4400    0.20787
 65    4480    0.27966
 66    4520    0.28645
 67    4720    0.13041
 68    4880    0.13928
 69    4900    0.22128
 70    4920    0.18877
 71    5000    0.14867
 72    5015    0.32346
 73    5080    0.34991
 74    5120    0.24920
 75    5160    0.22754
 76    5170    0.24768
 77    5190    0.18205
 78    5360    0.24121
 79    5380    0.18691
 80    5480    0.30423
 81    5560    0.14080
 82    5600    0.18705
 83    5640    0.28605
 84    5720    0.14434
 85    5775    0.19394
 86    5880    0.16014
 87    5920    0.14904
 88    5945    0.28359
 89    5960    0.13092
 90    6080    0.12995
 91    6160    0.25736
 92    6200    0.18774
 93    6280    0.28246
 94    6440    0.22994
 95    6480    0.38846
 96    6640    0.21990
 97    6760    0.20746
 98    6780    0.17823
 99    6840    0.37953
100    6920    0.08680
101    7040    0.26292
102    7160    0.16813
103    7240    0.12155
104    7320    0.15635
105    7360    0.13217
106    7400    0.38611
107    7500    0.15996
108    7510    0.12344
109    7560    0.34306
110    7600    0.23802
111    7840    0.14937
112    8000    0.31688
The SAS System                                                                       23:28 Friday, December 26, 2008   5

Obs    rmsa      mfg

113    8120    0.19113
114    8160    0.28003
115    8200    0.16658
116    8280    0.14543
117    8400    0.30521
118    8520    0.10905
119    8560    0.23125
120    8720    0.17627
121    8735    0.19779
122    8840    0.06196
123    8960    0.14477
124    9040    0.34907
125    9160    0.25694
126    9240    0.34011
127    9320    0.41477
