The SAS System                                                                       23:17 Friday, December 26, 2008   1

The MEANS Procedure

Variable         Label                                  N           Mean        Std Dev        Minimum        Maximum
---------------------------------------------------------------------------------------------------------------------
age                                               2329268     36.9303720     16.9139577     18.0000000     68.0000000
educ                                              2329268     12.5193934      4.0805606              0     20.0000000
imm                                               2329268      0.0678455      0.3441640              0      1.0000000
state                                             2329268     28.1503525     21.1203466      1.0000000     56.0000000
pob                                               2329268     69.8698623    207.8939509      1.0000000    997.0000000
hispanic         0=not 1=mex 2=pr 3=cuban 4=oth   2329268      0.0597136      0.3242856              0      1.0000000
english                                           2329268      0.1741225      0.7920458              0      4.0000000
ind                                               2329268    530.8525724    389.2663033              0    991.0000000
msa                                               2329268        5693.09        4338.06     40.0000000        9999.00
eclass                                            2329268      2.3175223      1.3925546      1.0000000      4.0000000
dropout                                           2329268      0.2298522      0.5758008              0      1.0000000
somecoll                                          2329268      0.1883937      0.5351392              0      1.0000000
collplus                                          2329268      0.1794904      0.5251983              0      1.0000000
advanced                                          2329268      0.0843357      0.3803073              0      1.0000000
exp                                               2329268     17.5251795     17.3240233      1.0000000     45.0000000
xclass                                            2329268      3.9200980      3.4446094      1.0000000      9.0000000
annhrs                                            2329268        1769.79        1012.42      1.0000000        5148.00
female                                            2329268      0.4488754      0.6806889              0      1.0000000
owage                                             2329268      7.6230949     33.9660075      0.0013355       18005.00
logwage2                                          2329268      1.7724015      0.8616151      0.7770287      4.9767337
ic                                                2329268      0.1781763      7.5063132     -1.0000000     38.0000000
euro                                              2329268      0.0250307      0.2137928              0      1.0000000
hi_asian                                          2329268      0.0050672      0.0971723              0      1.0000000
mid_asian                                         2329268      0.0058711      0.1045543              0      1.0000000
mex                                               2329268      0.0118949      0.1483687              0      1.0000000
yrsinus                                           2329268      1.0366573      6.6607462              0     40.0000000
yrsinus2                                          2329268     24.7624203    211.0367201              0        1600.00
pre_exp                                           2329268      0.2536420      4.5209368    -33.0000000     42.5000000
pre_exp1                                          2329268      0.0151072      0.1669350              0      1.0000000
euro_ed                                           2329268      0.3039562      2.7270030              0     20.0000000
hi_asian_ed                                       2329268      0.0739475      1.4644545              0     20.0000000
mid_asian_ed                                      2329268      0.0774363      1.4538435              0     20.0000000
mex_ed                                            2329268      0.0894957      1.2827579              0     20.0000000
euro_coll                                         2329268      0.0049439      0.0959885              0      1.0000000
hi_asian_coll                                     2329268      0.0023676      0.0665127              0      1.0000000
mid_asian_coll                                    2329268      0.0022219      0.0644372              0      1.0000000
mex_coll                                          2329268    0.000336729      0.0251089              0      1.0000000
euro_yrs                                          2329268      0.5293295      5.2128215              0     40.0000000
hi_asian_yrs                                      2329268      0.0466700      1.1862191              0     40.0000000
mid_asian_yrs                                     2329268      0.0595176      1.4410201              0     40.0000000
mex_yrs                                           2329268      0.1428966      2.3142959              0     40.0000000
euro_yrs2                                         2329268     14.7887385    173.5359983              0        1600.00
hi_asian_yrs2                                     2329268      0.7534689     28.7444139              0        1600.00
mid_asian_yrs2                                    2329268      1.1122532     42.0608662              0        1600.00
mex_yrs2                                          2329268      2.8800902     66.7739068              0        1600.00
imm_ed                                            2329268      0.7796445      4.2634256              0     20.0000000
imm_coll                                          2329268      0.0132892      0.1567132              0      1.0000000
inschool                                          2329268      0.0801083      0.3715079              0      1.0000000
exp2                                              2329268      4.6737359      7.4358767      0.0100000     20.2500000
exp3                                              2329268     14.8294131     30.2411427      0.0010000     91.1250000
asian                                             2329268      0.0166865      0.1753033              0      1.0000000
black                                             2329268      0.1058547      0.4210367              0      1.0000000
asian_ed                                          2329268      0.2270774      2.4815552              0     20.0000000
---------------------------------------------------------------------------------------------------------------------
The SAS System                                                                       23:17 Friday, December 26, 2008   2

The MEANS Procedure

Variable         Label                                  N           Mean        Std Dev        Minimum        Maximum
---------------------------------------------------------------------------------------------------------------------
black_ed                                          2329268      1.2405645      5.1075555              0     20.0000000
asian_coll                                        2329268      0.0060593      0.1062067              0      1.0000000
black_coll                                        2329268      0.0105560      0.1398639              0      1.0000000
hisp_ed                                           2329268      0.6199416      3.6179768              0     20.0000000
hisp_coll                                         2329268      0.0046986      0.0935887              0      1.0000000
p1                                                2329268      0.1001875      0.1170256    0.000655525      0.7157922
p2                                                2329268      0.1023178      0.0905660      0.0018089      0.2315477
p3                                                2329268      0.0953977      0.0672515      0.0034359      0.1591841
p4                                                2329268      0.1023688      0.0515051      0.0074608      0.1439071
p5                                                2329268      0.0989297      0.0363488      0.0132354      0.1332594
p6                                                2329268      0.0940188      0.0279173      0.0155951      0.1217200
p7                                                2329268      0.1081597      0.0463730      0.0087660      0.1489274
p8                                                2329268      0.1003402      0.0713763      0.0034117      0.1707784
p9                                                2329268      0.0982379      0.0997175      0.0014046      0.2328081
p10                                               2329268      0.1000419      0.1443185    0.000200909      0.5967911
c                                                 2329268      1.0000000              0      1.0000000      1.0000000
rmsa                                              2329268        2919.87        3973.67              0        9320.00
dev                                               2329268   -8.473921E-9      0.8616151     -0.9953728      3.2043322
devsq                                             2329268      0.3963737      0.9723292   1.596595E-13     10.2677451
nonmover                                          2329268      0.5817269      0.6750725              0      1.0000000
---------------------------------------------------------------------------------------------------------------------
The SAS System                                                                       23:17 Friday, December 26, 2008   3

The MEANS Procedure

Variable         Label                                  N           Mean        Std Dev        Minimum        Maximum
---------------------------------------------------------------------------------------------------------------------
age                                               2033288     36.8501339     17.5199168     18.0000000     68.0000000
educ                                              2033288     12.5942100      4.0006975              0     20.0000000
imm                                               2033288              0              0              0              0
state                                             2033288     28.4816386     21.7325335      1.0000000     56.0000000
pob                                               2033288     32.5267965     58.8238065      1.0000000    997.0000000
hispanic         0=not 1=mex 2=pr 3=cuban 4=oth   2033288      0.0392232      0.2745350              0      1.0000000
english                                           2033288      0.0819795      0.5053831              0      4.0000000
ind                                               2033288    532.5678251    402.2643444              0    991.0000000
msa                                               2033288        5734.90        4539.80     40.0000000        9999.00
eclass                                            2033288      2.3267432      1.4256995      1.0000000      4.0000000
dropout                                           2033288      0.2198656      0.5857043              0      1.0000000
somecoll                                          2033288      0.1900129      0.5548118              0      1.0000000
collplus                                          2033288      0.1782979      0.5413092              0      1.0000000
advanced                                          2033288      0.0824276      0.3889301              0      1.0000000
exp                                               2033288     17.4165131     17.9425512      1.0000000     45.0000000
xclass                                            2033288      3.8990143      3.5668209      1.0000000      9.0000000
annhrs                                            2033288        1772.15        1046.16      1.0000000        5148.00
female                                            2033288      0.4492649      0.7034573              0      1.0000000
owage                                             2033288      7.6257251     35.6600734      0.0013355       18005.00
logwage2                                          2033288      1.7748440      0.8878048      0.7770287      4.9767337
ic                                                2033288     -1.0000000              0     -1.0000000     -1.0000000
euro                                              2033288              0              0              0              0
hi_asian                                          2033288              0              0              0              0
mid_asian                                         2033288              0              0              0              0
mex                                               2033288              0              0              0              0
yrsinus                                           2033288              0              0              0              0
yrsinus2                                          2033288              0              0              0              0
pre_exp                                           2033288              0              0              0              0
pre_exp1                                          2033288              0              0              0              0
euro_ed                                           2033288              0              0              0              0
hi_asian_ed                                       2033288              0              0              0              0
mid_asian_ed                                      2033288              0              0              0              0
mex_ed                                            2033288              0              0              0              0
euro_coll                                         2033288              0              0              0              0
hi_asian_coll                                     2033288              0              0              0              0
mid_asian_coll                                    2033288              0              0              0              0
mex_coll                                          2033288              0              0              0              0
euro_yrs                                          2033288              0              0              0              0
hi_asian_yrs                                      2033288              0              0              0              0
mid_asian_yrs                                     2033288              0              0              0              0
mex_yrs                                           2033288              0              0              0              0
euro_yrs2                                         2033288              0              0              0              0
hi_asian_yrs2                                     2033288              0              0              0              0
mid_asian_yrs2                                    2033288              0              0              0              0
mex_yrs2                                          2033288              0              0              0              0
imm_ed                                            2033288              0              0              0              0
imm_coll                                          2033288              0              0              0              0
inschool                                          2033288      0.0796341      0.3828643              0      1.0000000
exp2                                              2033288      4.6430230      7.6880414      0.0100000     20.2500000
exp3                                              2033288     14.7436391     31.2462882      0.0010000     91.1250000
asian                                             2033288      0.0058782      0.1081075              0      1.0000000
black                                             2033288      0.1090849      0.4408751              0      1.0000000
asian_ed                                          2033288      0.0794521      1.4927666              0     20.0000000
---------------------------------------------------------------------------------------------------------------------
The SAS System                                                                       23:17 Friday, December 26, 2008   4

The MEANS Procedure

Variable         Label                                  N           Mean        Std Dev        Minimum        Maximum
---------------------------------------------------------------------------------------------------------------------
black_ed                                          2033288      1.2770606      5.3411195              0     20.0000000
asian_coll                                        2033288      0.0016289      0.0570305              0      1.0000000
black_coll                                        2033288      0.0106960      0.1454756              0      1.0000000
hisp_ed                                           2033288      0.4343497      3.1819269              0     20.0000000
hisp_coll                                         2033288      0.0029735      0.0770022              0      1.0000000
p1                                                2033288      0.0991861      0.1200804      0.0010635      0.7157922
p2                                                2033288      0.1018558      0.0937289      0.0027291      0.2315477
p3                                                2033288      0.0950969      0.0697130      0.0049487      0.1591841
p4                                                2033288      0.1021401      0.0533903      0.0103030      0.1439071
p5                                                2033288      0.0988329      0.0375891      0.0175462      0.1332594
p6                                                2033288      0.0940511      0.0287219      0.0155951      0.1217200
p7                                                2033288      0.1083934      0.0478974      0.0087660      0.1489274
p8                                                2033288      0.1007852      0.0739345      0.0034117      0.1707784
p9                                                2033288      0.0988840      0.1032626      0.0014046      0.2328081
p10                                               2033288      0.1007745      0.1490500    0.000200909      0.5411772
c                                                 2033288      1.0000000              0      1.0000000      1.0000000
rmsa                                              2033288        2834.60        4112.21              0        9320.00
dev                                               2033288      0.0024425      0.8878048     -0.9953728      3.2043322
devsq                                             2033288      0.3941045      0.9983672   1.596595E-13     10.2677451
nonmover                                          2033288      0.6240670      0.6849927              0      1.0000000
---------------------------------------------------------------------------------------------------------------------
The SAS System                                                                       23:17 Friday, December 26, 2008   5

The MEANS Procedure

Variable         Label                                  N           Mean        Std Dev        Minimum        Maximum
---------------------------------------------------------------------------------------------------------------------
age                                                295980     38.0327928     11.8928249     18.0000000     68.0000000
educ                                               295980     11.4914623      4.4666703              0     20.0000000
imm                                                295980      1.0000000              0      1.0000000      1.0000000
state                                              295980     23.5986925     15.6085056      1.0000000     56.0000000
pob                                                295980    582.9397155    184.2707762    110.0000000    997.0000000
hispanic         0=not 1=mex 2=pr 3=cuban 4=oth    295980      0.3412393      0.4741263              0      1.0000000
english                                            295980      1.4401074      1.2095342              0      4.0000000
ind                                                295980    507.2860970    283.2933070              0    991.0000000
msa                                                295980        5118.75        2482.16     40.0000000        9999.00
eclass                                             295980      2.1908338      1.1315008      1.0000000      4.0000000
dropout                                            295980      0.3670620      0.4820044              0      1.0000000
somecoll                                           295980      0.1661464      0.3722126              0      1.0000000
collplus                                           295980      0.1958747      0.3968732              0      1.0000000
advanced                                           295980      0.1105514      0.3135763              0      1.0000000
exp                                                295980     19.0181870     12.1606016      1.0000000     45.0000000
xclass                                             295980      4.2097743      2.4266983      1.0000000      9.0000000
annhrs                                             295980        1737.38    739.4003299      1.0000000        5148.00
female                                             295980      0.4435232      0.4968010              0      1.0000000
owage                                              295980      7.5869582     18.5311360      0.0019231        4251.25
logwage2                                           295980      1.7388427      0.6530138      0.7770287      4.9767337
ic                                                 295980     16.3655652     12.7401836      1.0000000     38.0000000
euro                                               295980      0.3689371      0.4825177              0      1.0000000
hi_asian                                           295980      0.0746875      0.2628868              0      1.0000000
mid_asian                                          295980      0.0865363      0.2811548              0      1.0000000
mex                                                295980      0.1753227      0.3802435              0      1.0000000
yrsinus                                            295980     15.2796659     11.4679772      2.5000000     40.0000000
yrsinus2                                           295980    364.9822463    475.7251480      6.2500000        1600.00
pre_exp                                            295980      3.7385212     12.1581046    -33.0000000     42.5000000
pre_exp1                                           295980      0.2226705      0.4160395              0      1.0000000
euro_ed                                            295980      4.4801203      6.3098042              0     20.0000000
hi_asian_ed                                        295980      1.0899385      3.9711719              0     20.0000000
mid_asian_ed                                       295980      1.1413609      3.9267745              0     20.0000000
mex_ed                                             295980      1.3191094      3.3656121              0     20.0000000
euro_coll                                          295980      0.0728698      0.2599231              0      1.0000000
hi_asian_coll                                      295980      0.0348976      0.1835208              0      1.0000000
mid_asian_coll                                     295980      0.0327488      0.1779788              0      1.0000000
mex_coll                                           295980      0.0049632      0.0702749              0      1.0000000
euro_yrs                                           295980      7.8019782     12.5342020              0     40.0000000
hi_asian_yrs                                       295980      0.6878860      3.2607512              0     40.0000000
mid_asian_yrs                                      295980      0.8772518      3.9527691              0     40.0000000
mex_yrs                                            295980      2.1062048      6.1656077              0     40.0000000
euro_yrs2                                          295980    217.9765516    438.9803758              0        1600.00
hi_asian_yrs2                                      295980     11.1056499     79.9206248              0        1600.00
mid_asian_yrs2                                     295980     16.3939016    116.9268811              0        1600.00
mex_yrs2                                           295980     42.4506884    182.7820355              0        1600.00
imm_ed                                             295980     11.4914623      4.4666703              0     20.0000000
imm_coll                                           295980      0.1958747      0.3968732              0      1.0000000
inschool                                           295980      0.0866241      0.2812839              0      1.0000000
exp2                                               295980      5.0957104      5.3760876      0.0100000     20.2500000
exp3                                               295980     16.0078921     22.1012719      0.0010000     91.1250000
asian                                              295980      0.1651868      0.3713497              0      1.0000000
black                                              295980      0.0614737      0.2401977              0      1.0000000
asian_ed                                           295980      2.2553551      5.3610715              0     20.0000000
---------------------------------------------------------------------------------------------------------------------
The SAS System                                                                       23:17 Friday, December 26, 2008   6

The MEANS Procedure

Variable         Label                                  N           Mean        Std Dev        Minimum        Maximum
---------------------------------------------------------------------------------------------------------------------
black_ed                                           295980      0.7391310      3.0087249              0     20.0000000
asian_coll                                         295980      0.0669302      0.2499015              0      1.0000000
black_coll                                         295980      0.0086323      0.0925087              0      1.0000000
hisp_ed                                            295980      3.1698561      5.1462414              0     20.0000000
hisp_coll                                          295980      0.0284006      0.1661146              0      1.0000000
p1                                                 295980      0.1139457      0.0922832    0.000655525      0.6358307
p2                                                 295980      0.1086645      0.0644569      0.0018089      0.2315477
p3                                                 295980      0.0995312      0.0467799      0.0034359      0.1591841
p4                                                 295980      0.1055102      0.0358291      0.0074608      0.1439071
p5                                                 295980      0.1002601      0.0262553      0.0132354      0.1332594
p6                                                 295980      0.0935753      0.0215889      0.0234864      0.1217200
p7                                                 295980      0.1049491      0.0339448      0.0166862      0.1489274
p8                                                 295980      0.0942267      0.0500084      0.0077157      0.1707784
p9                                                 295980      0.0893616      0.0701126      0.0027706      0.2328081
p10                                                295980      0.0899757      0.1057526    0.000456847      0.5967911
c                                                  295980      1.0000000              0      1.0000000      1.0000000
rmsa                                               295980        4091.43        2573.40              0        9320.00
dev                                                295980     -0.0335588      0.6530138     -0.9953728      3.2043322
devsq                                              295980      0.4275518      0.7693373   2.746506E-11     10.2677451
nonmover                                           295980              0              0              0              0
---------------------------------------------------------------------------------------------------------------------
The SAS System                                                                       23:17 Friday, December 26, 2008   7

The FREQ Procedure

Table of ic by hispanic

ic        hispanic(0=not 1=mex 2=pr 3=cuban 4=oth)

Frequency|
Percent  |
Row Pct  |
Col Pct  |       0|       1|  Total
---------+--------+--------+
      -1 |3907072 | 159504 |4066576
         |  89.56 |   3.66 |  93.22
         |  96.08 |   3.92 |
         |  95.25 |  61.23 |
---------+--------+--------+
       1 |    648 |  51244 |  51892
         |   0.01 |   1.17 |   1.19
         |   1.25 |  98.75 |
         |   0.02 |  19.67 |
---------+--------+--------+
       2 |  12406 |   1697 |  14103
         |   0.28 |   0.04 |   0.32
         |  87.97 |  12.03 |
         |   0.30 |   0.65 |
---------+--------+--------+
       3 |   5761 |     44 |   5805
         |   0.13 |   0.00 |   0.13
         |  99.24 |   0.76 |
         |   0.14 |   0.02 |
---------+--------+--------+
       4 |   3812 |     41 |   3853
         |   0.09 |   0.00 |   0.09
         |  98.94 |   1.06 |
         |   0.09 |   0.02 |
---------+--------+--------+
       5 |     31 |   2591 |   2622
         |   0.00 |   0.06 |   0.06
         |   1.18 |  98.82 |
         |   0.00 |   0.99 |
---------+--------+--------+
       6 |   7619 |     38 |   7657
         |   0.17 |   0.00 |   0.18
         |  99.50 |   0.50 |
         |   0.19 |   0.01 |
---------+--------+--------+
       7 |    239 |  15454 |  15693
         |   0.01 |   0.35 |   0.36
         |   1.52 |  98.48 |
         |   0.01 |   5.93 |
---------+--------+--------+
Total     4102052   260504  4362556
            94.03     5.97   100.00
(Continued)
The SAS System                                                                       23:17 Friday, December 26, 2008   8

The FREQ Procedure

Table of ic by hispanic

ic        hispanic(0=not 1=mex 2=pr 3=cuban 4=oth)

Frequency|
Percent  |
Row Pct  |
Col Pct  |       0|       1|  Total
---------+--------+--------+
       8 |     86 |   3883 |   3969
         |   0.00 |   0.09 |   0.09
         |   2.17 |  97.83 |
         |   0.00 |   1.49 |
---------+--------+--------+
       9 |   5569 |     41 |   5610
         |   0.13 |   0.00 |   0.13
         |  99.27 |   0.73 |
         |   0.14 |   0.02 |
---------+--------+--------+
      10 |   5274 |    131 |   5405
         |   0.12 |   0.00 |   0.12
         |  97.58 |   2.42 |
         |   0.13 |   0.05 |
---------+--------+--------+
      11 |  16442 |     55 |  16497
         |   0.38 |   0.00 |   0.38
         |  99.67 |   0.33 |
         |   0.40 |   0.02 |
---------+--------+--------+
      12 |    173 |   3731 |   3904
         |   0.00 |   0.09 |   0.09
         |   4.43 |  95.57 |
         |   0.00 |   1.43 |
---------+--------+--------+
      13 |     74 |   1658 |   1732
         |   0.00 |   0.04 |   0.04
         |   4.27 |  95.73 |
         |   0.00 |   0.64 |
---------+--------+--------+
      14 |  17320 |    112 |  17432
         |   0.40 |   0.00 |   0.40
         |  99.36 |   0.64 |
         |   0.42 |   0.04 |
---------+--------+--------+
      15 |   2374 |    147 |   2521
         |   0.05 |   0.00 |   0.06
         |  94.17 |   5.83 |
         |   0.06 |   0.06 |
---------+--------+--------+
Total     4102052   260504  4362556
            94.03     5.97   100.00
(Continued)
The SAS System                                                                       23:17 Friday, December 26, 2008   9

The FREQ Procedure

Table of ic by hispanic

ic        hispanic(0=not 1=mex 2=pr 3=cuban 4=oth)

Frequency|
Percent  |
Row Pct  |
Col Pct  |       0|       1|  Total
---------+--------+--------+
      16 |   6435 |     25 |   6460
         |   0.15 |   0.00 |   0.15
         |  99.61 |   0.39 |
         |   0.16 |   0.01 |
---------+--------+--------+
      17 |   1714 |      3 |   1717
         |   0.04 |   0.00 |   0.04
         |  99.83 |   0.17 |
         |   0.04 |   0.00 |
---------+--------+--------+
      18 |  13400 |     46 |  13446
         |   0.31 |   0.00 |   0.31
         |  99.66 |   0.34 |
         |   0.33 |   0.02 |
---------+--------+--------+
      19 |  13063 |     98 |  13161
         |   0.30 |   0.00 |   0.30
         |  99.26 |   0.74 |
         |   0.32 |   0.04 |
---------+--------+--------+
      20 |     46 |   2328 |   2374
         |   0.00 |   0.05 |   0.05
         |   1.94 |  98.06 |
         |   0.00 |   0.89 |
---------+--------+--------+
      21 |   4639 |     26 |   4665
         |   0.11 |   0.00 |   0.11
         |  99.44 |   0.56 |
         |   0.11 |   0.01 |
---------+--------+--------+
      22 |   1788 |     15 |   1803
         |   0.04 |   0.00 |   0.04
         |  99.17 |   0.83 |
         |   0.04 |   0.01 |
---------+--------+--------+
      23 |    136 |    865 |   1001
         |   0.00 |   0.02 |   0.02
         |  13.59 |  86.41 |
         |   0.00 |   0.33 |
---------+--------+--------+
Total     4102052   260504  4362556
            94.03     5.97   100.00
(Continued)
The SAS System                                                                       23:17 Friday, December 26, 2008  10

The FREQ Procedure

Table of ic by hispanic

ic        hispanic(0=not 1=mex 2=pr 3=cuban 4=oth)

Frequency|
Percent  |
Row Pct  |
Col Pct  |       0|       1|  Total
---------+--------+--------+
      24 |    108 |   1451 |   1559
         |   0.00 |   0.03 |   0.04
         |   6.93 |  93.07 |
         |   0.00 |   0.56 |
---------+--------+--------+
      25 |   2337 |      8 |   2345
         |   0.05 |   0.00 |   0.05
         |  99.66 |   0.34 |
         |   0.06 |   0.00 |
---------+--------+--------+
      26 |     47 |    909 |    956
         |   0.00 |   0.02 |   0.02
         |   4.92 |  95.08 |
         |   0.00 |   0.35 |
---------+--------+--------+
      27 |   1220 |     29 |   1249
         |   0.03 |   0.00 |   0.03
         |  97.68 |   2.32 |
         |   0.03 |   0.01 |
---------+--------+--------+
      28 |    808 |      7 |    815
         |   0.02 |   0.00 |   0.02
         |  99.14 |   0.86 |
         |   0.02 |   0.00 |
---------+--------+--------+
      29 |   1681 |     10 |   1691
         |   0.04 |   0.00 |   0.04
         |  99.41 |   0.59 |
         |   0.04 |   0.00 |
---------+--------+--------+
      30 |   1822 |     91 |   1913
         |   0.04 |   0.00 |   0.04
         |  95.24 |   4.76 |
         |   0.04 |   0.03 |
---------+--------+--------+
      31 |  30319 |   2070 |  32389
         |   0.69 |   0.05 |   0.74
         |  93.61 |   6.39 |
         |   0.74 |   0.79 |
---------+--------+--------+
Total     4102052   260504  4362556
            94.03     5.97   100.00
(Continued)
The SAS System                                                                       23:17 Friday, December 26, 2008  11

The FREQ Procedure

Table of ic by hispanic

ic        hispanic(0=not 1=mex 2=pr 3=cuban 4=oth)

Frequency|
Percent  |
Row Pct  |
Col Pct  |       0|       1|  Total
---------+--------+--------+
      32 |   7418 |     50 |   7468
         |   0.17 |   0.00 |   0.17
         |  99.33 |   0.67 |
         |   0.18 |   0.02 |
---------+--------+--------+
      33 |   4174 |     80 |   4254
         |   0.10 |   0.00 |   0.10
         |  98.12 |   1.88 |
         |   0.10 |   0.03 |
---------+--------+--------+
      34 |   4828 |     64 |   4892
         |   0.11 |   0.00 |   0.11
         |  98.69 |   1.31 |
         |   0.12 |   0.02 |
---------+--------+--------+
      35 |   1793 |   3714 |   5507
         |   0.04 |   0.09 |   0.13
         |  32.56 |  67.44 |
         |   0.04 |   1.43 |
---------+--------+--------+
      36 |   4567 |    128 |   4695
         |   0.10 |   0.00 |   0.11
         |  97.27 |   2.73 |
         |   0.11 |   0.05 |
---------+--------+--------+
      37 |   4125 |   2108 |   6233
         |   0.09 |   0.05 |   0.14
         |  66.18 |  33.82 |
         |   0.10 |   0.81 |
---------+--------+--------+
      38 |  10684 |   6008 |  16692
         |   0.24 |   0.14 |   0.38
         |  64.01 |  35.99 |
         |   0.26 |   2.31 |
---------+--------+--------+
Total     4102052   260504  4362556
            94.03     5.97   100.00
