1                                                          The SAS System                           20:14 Wednesday, January 7, 2009

NOTE: Copyright (c) 2002-2003 by SAS Institute Inc., Cary, NC, USA. 
NOTE: SAS (r) 9.1 (TS1M3)
      Licensed to UNIVERSITY OF CALIFORNIA SYSTEM-T/R, Site 0029107917.
NOTE: This session is executing on the Linux 2.6.24-19-server platform.



NOTE: SAS 9.1.3 Service Pack 3

You are running SAS 9. Some SAS 8 files will be automatically converted 
by the V9 engine; others are incompatible.  Please see 
http://support.sas.com/rnd/migration/planning/platform/64bit.html

PROC MIGRATE will preserve current SAS file attributes and is 
recommended for converting all your SAS libraries from any 
SAS 8 release to SAS 9.  For details and examples, please see
http://support.sas.com/rnd/migration/index.html


This message is contained in the SAS news file, and is presented upon
initialization.  Edit the file "news" in the "misc/base" directory to
display site-specific news and information in the program log.
The command line option "-nonews" will prevent this display.




NOTE: SAS initialization used:
      real time           1.00 seconds
      cpu time            0.02 seconds
      
1          *immnat1 based on istructure3, based on structure3, follows t1, cell1, supply1 , inflow3;
2          
3          *looks at wage gap between natives and imms within eclass;
4          
5          
6          options ls=120 nocenter;
7          libname here '.';
NOTE: Libref HERE was successfully assigned as follows: 
      Engine:        V9 
      Physical Name: /accounts/fac/card/ely/data/c00/cells
7        !                   
8          
9          libname c80 '~/ely/data/c80/cells';
NOTE: Libref C80 was successfully assigned as follows: 
      Engine:        V9 
      Physical Name: /accounts/fac/card/ely/data/c80/cells
9        !                                    
10         libname c90 '~/ely/data/c90/cells';
NOTE: Libref C90 was successfully assigned as follows: 
      Engine:        V9 
      Physical Name: /accounts/fac/card/ely/data/c90/cells
10       !                                    
11         
12         
13         *this macro gets imm share and count by eclass;
14         %macro all(ed);
15         %let edg=&ed;
2 The SAS System                                                                        20:14 Wednesday, January 7, 2009

16         data all&edg;
17         set here.allcells;
18         if native=. and male=. and eclass=&edg and xclass2=. ;
19         imm&edg=imm;
20         count&edg=count/1000;
21         keep rmsa imm&edg count&edg;
22         proc sort; by rmsa;
23         %mend;
24         
25         
26         *this macro gets native wages by eclass;
27         %macro nwage(ed);
28         %let edg=&ed;
29         data nw&edg;
30         set here.bigcells;
31         if native=1 and male=1 and eclass=&edg and xclass2=. ;
32         nwage&edg=logwage2;
33         nres&edg=res;
34         npred&edg=pred;
35         ncountw&edg=count / 1000;
36         keep rmsa nwage&edg npred&edg nres&edg ncountw&edg;
37         proc sort; by rmsa;
38         %mend;
39         
40         
41         
42         *this macro gets imm wages by eclass;
43         %macro iwage(ed);
44         %let edg=&ed;
45         data iw&edg;
46         set here.bigcells;
47         if native=0 and male=1 and eclass=&edg and xclass2=. ;
48         iwage&edg=logwage2;
49         ires&edg=res;
50         ipred&edg=pred;
51         icountw&edg=count / 1000;
52         keep rmsa iwage&edg ipred&edg ires&edg icountw&edg;
53         proc sort; by rmsa;
54         %mend;
55         
56         *this macro gets native wages in 1990 by eclass;
57         %macro nwage90(ed);
58         %let edg=&ed;
59         data nw90&edg;
60         set c90.bigcells;
61         if native=1 and male=1 and eclass=&edg and xclass2=. ;
62         nwage90&edg=logwage2;
63         nres90&edg=res;
64         npred90&edg=pred;
65         ncountw90&edg=count/1000;
66         keep rmsa nwage90&edg npred90&edg nres90&edg ncountw90&edg;
67         proc sort; by rmsa;
68         %mend;
69         
70         
71         
72         *this macro gets imm wages in 1990 by eclass;
73         %macro iwage90(ed);
3 The SAS System                                                                        20:14 Wednesday, January 7, 2009

74         %let edg=&ed;
75         data iw90&edg;
76         set c90.bigcells;
77         if native=0 and male=1 and eclass=&edg and xclass2=. ;
78         iwage90&edg=logwage2;
79         ires90&edg=res;
80         ipred90&edg=pred;
81         icountw90&edg=count / 1000;
82         keep rmsa iwage90&edg ipred90&edg ires90&edg icountw90&edg;
83         proc sort; by rmsa;
84         %mend;
85         
86         *this macro gets native wages in 1980 by eclass;
87         %macro nwage80(ed);
88         %let edg=&ed;
89         data nw80&edg;
90         set c80.bigcells;
91         if native=1 and male=1 and eclass=&edg and xclass2=. ;
92         nwage80&edg=logwage2;
93         nres80&edg=res;
94         npred80&edg=pred;
95         ncountw80&edg=20*count / 1000;
96         keep rmsa nwage80&edg npred80&edg nres80&edg ncountw80&edg;
97         proc sort; by rmsa;
98         %mend;
99         
100        
101        
102        *this macro gets imm wages in 1980 by eclass;
103        %macro iwage80(ed);
104        %let edg=&ed;
105        data iw80&edg;
106        set c80.bigcells;
107        if native=0 and male=1 and eclass=&edg and xclass2=. ;
108        iwage80&edg=logwage2;
109        ires80&edg=res;
110        ipred80&edg=pred;
111        icountw80&edg=20*count / 1000;
112        keep rmsa iwage80&edg ipred80&edg ires80&edg icountw80&edg;
113        proc sort; by rmsa;
114        %mend;
115        
116        
117        data m1;
118        set here.allcells;
119        if native=. and male=. and eclass=. and xclass2=. ;
120        count=count/1000;
121        imm=imm;
122        mex=mex;
123        emp=emp;
124        black=black;
125        hisp=hispanic;
126        hrs=annhrs;
127        label count='wtd count of adult pop in city'
128              imm='imm share among adult pop in city';
129        
130        keep rmsa count imm mex emp black hisp dropout hs somecoll collplus;

4 The SAS System                                                                        20:14 Wednesday, January 7, 2009

NOTE: There were 28574 observations read from the data set HERE.ALLCELLS.
NOTE: The data set WORK.M1 has 127 observations and 11 variables.
NOTE: DATA statement used (Total process time):
      real time           0.47 seconds
      cpu time            0.01 seconds
      

131        proc sort; by rmsa;
132        
133        

NOTE: There were 127 observations read from the data set WORK.M1.
NOTE: The data set WORK.M1 has 127 observations and 11 variables.
NOTE: PROCEDURE SORT used (Total process time):
      real time           0.04 seconds
      cpu time            0.01 seconds
      

134        data m80;  /*some data for 1980*/
135        set c80.allcells;
136        if native=. and male=. and eclass=. and xclass2=. ;
137        count80=20*count/1000;
138        imm80=imm;
139        mex80=mex;
140        black80=black;
141        hisp80=hispanic;
142        educ80=educ;
143        drop80=dropout;
144        hs80=hs;
145        some80=somecoll;
146        coll80=collplus;
147        label count80='1980 count of adult pop in city'
148              imm80='1980imm share among adult pop in city';
149        keep rmsa count80 imm80 mex80 black80 hisp80
150                  educ80 drop80 hs80 some80 coll80;

NOTE: There were 28554 observations read from the data set C80.ALLCELLS.
NOTE: The data set WORK.M80 has 127 observations and 11 variables.
NOTE: DATA statement used (Total process time):
      real time           0.33 seconds
      cpu time            0.00 seconds
      

151        proc sort; by rmsa;
152        

NOTE: There were 127 observations read from the data set WORK.M80.
NOTE: The data set WORK.M80 has 127 observations and 11 variables.
NOTE: PROCEDURE SORT used (Total process time):
      real time           0.00 seconds
      cpu time            0.00 seconds
      

153        data m90;  /*some data for 1990*/
154        set c90.allcells;
155        if native=. and male=. and eclass=. and xclass2=. ;
156        count90=count/1000;
157        imm90=imm;
5 The SAS System                                                                        20:14 Wednesday, January 7, 2009

158        mex90=mex;
159        black90=black;
160        hisp90=hispanic;
161        educ90=educ;
162        drop90=dropout;
163        hs90=hs;
164        some90=somecoll;
165        coll90=collplus;
166        label count90='1990 count of adult pop in city'
167              imm90='1990imm share among adult pop in city';
168        keep rmsa count90 imm90 mex90 black90 hisp90
169                  educ90 drop90 hs90 some90 coll90;

NOTE: There were 28534 observations read from the data set C90.ALLCELLS.
NOTE: The data set WORK.M90 has 127 observations and 11 variables.
NOTE: DATA statement used (Total process time):
      real time           0.35 seconds
      cpu time            0.00 seconds
      

170        proc sort; by rmsa;
171        

NOTE: There were 127 observations read from the data set WORK.M90.
NOTE: The data set WORK.M90 has 127 observations and 11 variables.
NOTE: PROCEDURE SORT used (Total process time):
      real time           0.00 seconds
      cpu time            0.00 seconds
      

172        data nw;
173        set here.bigcells;
174        if native=1 and male=1 and eclass=. and xclass2=. ;
175        nwage=logwage2;
176        nres=res;
177        npred=pred;
178        ncountw=count / 1000;
179        keep rmsa nwage npred nres ncountw;

NOTE: There were 28568 observations read from the data set HERE.BIGCELLS.
NOTE: The data set WORK.NW has 127 observations and 5 variables.
NOTE: DATA statement used (Total process time):
      real time           0.17 seconds
      cpu time            0.02 seconds
      

180        proc sort; by rmsa;
181        

NOTE: There were 127 observations read from the data set WORK.NW.
NOTE: The data set WORK.NW has 127 observations and 5 variables.
NOTE: PROCEDURE SORT used (Total process time):
      real time           0.00 seconds
      cpu time            0.00 seconds
      

182        data iw;
183        set here.bigcells;
6 The SAS System                                                                        20:14 Wednesday, January 7, 2009

184        if native=0 and male=1 and eclass=. and xclass2=. ;
185        iwage=logwage2;
186        ires=res;
187        ipred=pred;
188        icountw=count / 1000;
189        keep rmsa iwage ipred ires icountw;

NOTE: There were 28568 observations read from the data set HERE.BIGCELLS.
NOTE: The data set WORK.IW has 127 observations and 5 variables.
NOTE: DATA statement used (Total process time):
      real time           0.11 seconds
      cpu time            0.01 seconds
      

190        proc sort; by rmsa;
191        
192        
193        

NOTE: There were 127 observations read from the data set WORK.IW.
NOTE: The data set WORK.IW has 127 observations and 5 variables.
NOTE: PROCEDURE SORT used (Total process time):
      real time           0.00 seconds
      cpu time            0.00 seconds
      

194        data nw80;
195        set c80.bigcells;  
196        if native=1 and male=1 and eclass=. and xclass2=.;
197        nres80=res;
198        label nres80='residual wage native men 1980';
199        keep rmsa nres80;

NOTE: There were 28502 observations read from the data set C80.BIGCELLS.
NOTE: The data set WORK.NW80 has 127 observations and 2 variables.
NOTE: DATA statement used (Total process time):
      real time           0.22 seconds
      cpu time            0.01 seconds
      

200        proc sort; by rmsa;
201        

NOTE: There were 127 observations read from the data set WORK.NW80.
NOTE: The data set WORK.NW80 has 127 observations and 2 variables.
NOTE: PROCEDURE SORT used (Total process time):
      real time           0.00 seconds
      cpu time            0.00 seconds
      

202        data nw90;
203        set c90.bigcells;  
204        if native=1 and male=1 and eclass=. and xclass2=.;
205        nres90=res;
206        label nres90='residual wage native men 1990';
207        keep rmsa nres90;

NOTE: There were 28501 observations read from the data set C90.BIGCELLS.
7 The SAS System                                                                        20:14 Wednesday, January 7, 2009

NOTE: The data set WORK.NW90 has 127 observations and 2 variables.
NOTE: DATA statement used (Total process time):
      real time           0.19 seconds
      cpu time            0.00 seconds
      

208        proc sort; by rmsa;
209        

NOTE: There were 127 observations read from the data set WORK.NW90.
NOTE: The data set WORK.NW90 has 127 observations and 2 variables.
NOTE: PROCEDURE SORT used (Total process time):
      real time           0.00 seconds
      cpu time            0.00 seconds
      

210        data iw80;
211        set c80.bigcells;  
212        if native=0 and male=1 and eclass=. and xclass2=.;
213        ires80=res;
214        label ires80='residual wage imm men 1980';
215        keep rmsa ires80;

NOTE: There were 28502 observations read from the data set C80.BIGCELLS.
NOTE: The data set WORK.IW80 has 127 observations and 2 variables.
NOTE: DATA statement used (Total process time):
      real time           0.07 seconds
      cpu time            0.02 seconds
      

216        proc sort; by rmsa;
217        

NOTE: There were 127 observations read from the data set WORK.IW80.
NOTE: The data set WORK.IW80 has 127 observations and 2 variables.
NOTE: PROCEDURE SORT used (Total process time):
      real time           0.00 seconds
      cpu time            0.00 seconds
      

218        data iw90;
219        set c90.bigcells;  
220        if native=0 and male=1 and eclass=. and xclass2=.;
221        ires90=res;
222        label ires90='residual wage imm men 1990';
223        keep rmsa ires90;

NOTE: There were 28501 observations read from the data set C90.BIGCELLS.
NOTE: The data set WORK.IW90 has 127 observations and 2 variables.
NOTE: DATA statement used (Total process time):
      real time           0.09 seconds
      cpu time            0.02 seconds
      

224        proc sort; by rmsa;
225        

NOTE: There were 127 observations read from the data set WORK.IW90.
8 The SAS System                                                                        20:14 Wednesday, January 7, 2009

NOTE: The data set WORK.IW90 has 127 observations and 2 variables.
NOTE: PROCEDURE SORT used (Total process time):
      real time           0.00 seconds
      cpu time            0.00 seconds
      

226        data mfg80;
227        set c80.mfg;
228        mfg80=mfg;
229        keep rmsa mfg80;
230        

NOTE: There were 127 observations read from the data set C80.MFG.
NOTE: The data set WORK.MFG80 has 127 observations and 2 variables.
NOTE: DATA statement used (Total process time):
      real time           0.02 seconds
      cpu time            0.00 seconds
      

231        proc sort; by rmsa;

NOTE: There were 127 observations read from the data set WORK.MFG80.
NOTE: The data set WORK.MFG80 has 127 observations and 2 variables.
NOTE: PROCEDURE SORT used (Total process time):
      real time           0.00 seconds
      cpu time            0.00 seconds
      

232        data mfg90;
233        set c90.mfg;
234        mfg90=mfg;
235        keep rmsa mfg90;

NOTE: There were 127 observations read from the data set C90.MFG.
NOTE: The data set WORK.MFG90 has 127 observations and 2 variables.
NOTE: DATA statement used (Total process time):
      real time           0.01 seconds
      cpu time            0.00 seconds
      

236        proc sort; by rmsa;
237        
238        

NOTE: There were 127 observations read from the data set WORK.MFG90.
NOTE: The data set WORK.MFG90 has 127 observations and 2 variables.
NOTE: PROCEDURE SORT used (Total process time):
      real time           0.00 seconds
      cpu time            0.00 seconds
      

239        data m2;
240        set here.cellsupply;
241        if native=. and male=. and eclass=. and xclass2=. ;
242        
243        h=supply/1000;
244        h1=supply1/1000;
245        h2=supply2/1000;
9 The SAS System                                                                        20:14 Wednesday, January 7, 2009

246        h3=supply3/1000;
247        h4=supply4/1000;
248        h5=supply5/1000;
249        h6=supply6/1000;
250        sh1=h1/h;
251        sh2=h2/h;
252        sh3=h3/h;
253        sh4=h4/h;
254        sh5=h5/h;
255        sh6=h6/h;
256        label h1='hrs weighted supply of dropouts'
257              h2='hrs weighted supply of hs'
258              h3='hrs weighted supply of somecoll'
259              h4='hrs weighted supply of collplus'
260              h5='hrs weighted supply of exactly college'
261              h6='hrs weighted supply of advanced' 
262              sh1='dropout shr of hrs'
263              sh2='hs shr of hrs'
264              sh3='some coll shr of hrs'
265              sh4='collplus shr of hrs'
266              sh5='exact college (16) shr of hrs'
267              sh6='advanced (>16) shr of hrs' ;
268        
269        keep rmsa h h1-h6 sh1-sh6;
270        
271        
272        

NOTE: There were 28568 observations read from the data set HERE.CELLSUPPLY.
NOTE: The data set WORK.M2 has 127 observations and 14 variables.
NOTE: DATA statement used (Total process time):
      real time           0.10 seconds
      cpu time            0.02 seconds
      

273        data m280;
274        set c80.cellsupply;
275        if native=. and male=. and eclass=. and xclass2=. ;
276        
277        h80=supply/1000;
278        h801=supply1/1000;
279        h802=supply2/1000;
280        h803=supply3/1000;
281        h804=supply4/1000;
282        h805=supply5/1000;
283        h806=supply6/1000;
284        sh801=h801/h80;
285        sh802=h802/h80;
286        sh803=h803/h80;
287        sh804=h804/h80;
288        sh805=h805/h80;
289        sh806=h806/h80;
290        label sh801='80 dropout shr of hrs'
291              sh802='80 hs shr of hrs'
292              sh803='80 some coll shr of hrs'
293              sh804='80 collplus shr of hrs'
294              sh805='80 exact college (16) shr of hrs'
295              sh806='80 advanced (>16) shr of hrs' ;
10 The SAS System                                                                       20:14 Wednesday, January 7, 2009

296        
297        keep rmsa h80 sh801-sh806;
298        

NOTE: There were 28502 observations read from the data set C80.CELLSUPPLY.
NOTE: The data set WORK.M280 has 127 observations and 8 variables.
NOTE: DATA statement used (Total process time):
      real time           0.13 seconds
      cpu time            0.02 seconds
      

299        data m290;
300        set c90.cellsupply;
301        if native=. and male=. and eclass=. and xclass2=. ;
302        
303        h90=supply/1000;
304        h901=supply1/1000;
305        h902=supply2/1000;
306        h903=supply3/1000;
307        h904=supply4/1000;
308        h905=supply5/1000;
309        h906=supply6/1000;
310        sh901=h901/h90;
311        sh902=h902/h90;
312        sh903=h903/h90;
313        sh904=h904/h90;
314        sh905=h905/h90;
315        sh906=h906/h90;
316        label sh901='90 dropout shr of hrs'
317              sh902='90 hs shr of hrs'
318              sh903='90 some coll shr of hrs'
319              sh904='90 collplus shr of hrs'
320              sh905='90 exact college (16) shr of hrs'
321              sh906='90 advanced (>16) shr of hrs' ;
322        
323        keep rmsa h90 sh901-sh906;
324        
325        
326        
327        
328        
329        %all(1);

NOTE: There were 28501 observations read from the data set C90.CELLSUPPLY.
NOTE: The data set WORK.M290 has 127 observations and 8 variables.
NOTE: DATA statement used (Total process time):
      real time           0.11 seconds
      cpu time            0.00 seconds
      


NOTE: There were 28574 observations read from the data set HERE.ALLCELLS.
NOTE: The data set WORK.ALL1 has 127 observations and 3 variables.
NOTE: DATA statement used (Total process time):
      real time           0.37 seconds
      cpu time            0.02 seconds
      

11 The SAS System                                                                       20:14 Wednesday, January 7, 2009

330        %all(2);

NOTE: There were 127 observations read from the data set WORK.ALL1.
NOTE: The data set WORK.ALL1 has 127 observations and 3 variables.
NOTE: PROCEDURE SORT used (Total process time):
      real time           0.00 seconds
      cpu time            0.00 seconds
      


NOTE: There were 28574 observations read from the data set HERE.ALLCELLS.
NOTE: The data set WORK.ALL2 has 127 observations and 3 variables.
NOTE: DATA statement used (Total process time):
      real time           0.13 seconds
      cpu time            0.03 seconds
      

331        %all(3);

NOTE: There were 127 observations read from the data set WORK.ALL2.
NOTE: The data set WORK.ALL2 has 127 observations and 3 variables.
NOTE: PROCEDURE SORT used (Total process time):
      real time           0.00 seconds
      cpu time            0.00 seconds
      


NOTE: There were 28574 observations read from the data set HERE.ALLCELLS.
NOTE: The data set WORK.ALL3 has 127 observations and 3 variables.
NOTE: DATA statement used (Total process time):
      real time           0.12 seconds
      cpu time            0.02 seconds
      

332        %all(4);

NOTE: There were 127 observations read from the data set WORK.ALL3.
NOTE: The data set WORK.ALL3 has 127 observations and 3 variables.
NOTE: PROCEDURE SORT used (Total process time):
      real time           0.00 seconds
      cpu time            0.00 seconds
      


NOTE: There were 28574 observations read from the data set HERE.ALLCELLS.
NOTE: The data set WORK.ALL4 has 127 observations and 3 variables.
NOTE: DATA statement used (Total process time):
      real time           0.13 seconds
      cpu time            0.03 seconds
      

333        
334        %nwage(1);

NOTE: There were 127 observations read from the data set WORK.ALL4.
NOTE: The data set WORK.ALL4 has 127 observations and 3 variables.
NOTE: PROCEDURE SORT used (Total process time):
      real time           0.00 seconds
12 The SAS System                                                                       20:14 Wednesday, January 7, 2009

      cpu time            0.00 seconds
      


NOTE: There were 28568 observations read from the data set HERE.BIGCELLS.
NOTE: The data set WORK.NW1 has 127 observations and 5 variables.
NOTE: DATA statement used (Total process time):
      real time           0.13 seconds
      cpu time            0.01 seconds
      

335        %nwage(2);

NOTE: There were 127 observations read from the data set WORK.NW1.
NOTE: The data set WORK.NW1 has 127 observations and 5 variables.
NOTE: PROCEDURE SORT used (Total process time):
      real time           0.00 seconds
      cpu time            0.00 seconds
      


NOTE: There were 28568 observations read from the data set HERE.BIGCELLS.
NOTE: The data set WORK.NW2 has 127 observations and 5 variables.
NOTE: DATA statement used (Total process time):
      real time           0.07 seconds
      cpu time            0.01 seconds
      

336        %nwage(3);

NOTE: There were 127 observations read from the data set WORK.NW2.
NOTE: The data set WORK.NW2 has 127 observations and 5 variables.
NOTE: PROCEDURE SORT used (Total process time):
      real time           0.00 seconds
      cpu time            0.00 seconds
      


NOTE: There were 28568 observations read from the data set HERE.BIGCELLS.
NOTE: The data set WORK.NW3 has 127 observations and 5 variables.
NOTE: DATA statement used (Total process time):
      real time           0.06 seconds
      cpu time            0.01 seconds
      

337        %nwage(4);

NOTE: There were 127 observations read from the data set WORK.NW3.
NOTE: The data set WORK.NW3 has 127 observations and 5 variables.
NOTE: PROCEDURE SORT used (Total process time):
      real time           0.00 seconds
      cpu time            0.00 seconds
      


NOTE: There were 28568 observations read from the data set HERE.BIGCELLS.
NOTE: The data set WORK.NW4 has 127 observations and 5 variables.
NOTE: DATA statement used (Total process time):
13 The SAS System                                                                       20:14 Wednesday, January 7, 2009

      real time           0.06 seconds
      cpu time            0.00 seconds
      

338        %iwage(1);

NOTE: There were 127 observations read from the data set WORK.NW4.
NOTE: The data set WORK.NW4 has 127 observations and 5 variables.
NOTE: PROCEDURE SORT used (Total process time):
      real time           0.00 seconds
      cpu time            0.01 seconds
      


NOTE: There were 28568 observations read from the data set HERE.BIGCELLS.
NOTE: The data set WORK.IW1 has 127 observations and 5 variables.
NOTE: DATA statement used (Total process time):
      real time           0.06 seconds
      cpu time            0.01 seconds
      

339        %iwage(2);

NOTE: There were 127 observations read from the data set WORK.IW1.
NOTE: The data set WORK.IW1 has 127 observations and 5 variables.
NOTE: PROCEDURE SORT used (Total process time):
      real time           0.00 seconds
      cpu time            0.01 seconds
      


NOTE: There were 28568 observations read from the data set HERE.BIGCELLS.
NOTE: The data set WORK.IW2 has 127 observations and 5 variables.
NOTE: DATA statement used (Total process time):
      real time           0.06 seconds
      cpu time            0.01 seconds
      

340        %iwage(3);

NOTE: There were 127 observations read from the data set WORK.IW2.
NOTE: The data set WORK.IW2 has 127 observations and 5 variables.
NOTE: PROCEDURE SORT used (Total process time):
      real time           0.00 seconds
      cpu time            0.01 seconds
      


NOTE: There were 28568 observations read from the data set HERE.BIGCELLS.
NOTE: The data set WORK.IW3 has 127 observations and 5 variables.
NOTE: DATA statement used (Total process time):
      real time           0.09 seconds
      cpu time            0.00 seconds
      

341        %iwage(4);

NOTE: There were 127 observations read from the data set WORK.IW3.
14 The SAS System                                                                       20:14 Wednesday, January 7, 2009

NOTE: The data set WORK.IW3 has 127 observations and 5 variables.
NOTE: PROCEDURE SORT used (Total process time):
      real time           0.00 seconds
      cpu time            0.01 seconds
      


NOTE: There were 28568 observations read from the data set HERE.BIGCELLS.
NOTE: The data set WORK.IW4 has 127 observations and 5 variables.
NOTE: DATA statement used (Total process time):
      real time           0.07 seconds
      cpu time            0.00 seconds
      

342        
343        %nwage90(1);

NOTE: There were 127 observations read from the data set WORK.IW4.
NOTE: The data set WORK.IW4 has 127 observations and 5 variables.
NOTE: PROCEDURE SORT used (Total process time):
      real time           0.00 seconds
      cpu time            0.00 seconds
      


NOTE: There were 28501 observations read from the data set C90.BIGCELLS.
NOTE: The data set WORK.NW901 has 127 observations and 5 variables.
NOTE: DATA statement used (Total process time):
      real time           0.18 seconds
      cpu time            0.02 seconds
      

344        %nwage90(2);

NOTE: There were 127 observations read from the data set WORK.NW901.
NOTE: The data set WORK.NW901 has 127 observations and 5 variables.
NOTE: PROCEDURE SORT used (Total process time):
      real time           0.00 seconds
      cpu time            0.00 seconds
      


NOTE: There were 28501 observations read from the data set C90.BIGCELLS.
NOTE: The data set WORK.NW902 has 127 observations and 5 variables.
NOTE: DATA statement used (Total process time):
      real time           0.08 seconds
      cpu time            0.01 seconds
      

345        %nwage90(3);

NOTE: There were 127 observations read from the data set WORK.NW902.
NOTE: The data set WORK.NW902 has 127 observations and 5 variables.
NOTE: PROCEDURE SORT used (Total process time):
      real time           0.00 seconds
      cpu time            0.01 seconds
      

15 The SAS System                                                                       20:14 Wednesday, January 7, 2009


NOTE: There were 28501 observations read from the data set C90.BIGCELLS.
NOTE: The data set WORK.NW903 has 127 observations and 5 variables.
NOTE: DATA statement used (Total process time):
      real time           0.06 seconds
      cpu time            0.00 seconds
      

346        %nwage90(4);

NOTE: There were 127 observations read from the data set WORK.NW903.
NOTE: The data set WORK.NW903 has 127 observations and 5 variables.
NOTE: PROCEDURE SORT used (Total process time):
      real time           0.00 seconds
      cpu time            0.01 seconds
      


NOTE: There were 28501 observations read from the data set C90.BIGCELLS.
NOTE: The data set WORK.NW904 has 127 observations and 5 variables.
NOTE: DATA statement used (Total process time):
      real time           0.07 seconds
      cpu time            0.01 seconds
      

347        %iwage90(1);

NOTE: There were 127 observations read from the data set WORK.NW904.
NOTE: The data set WORK.NW904 has 127 observations and 5 variables.
NOTE: PROCEDURE SORT used (Total process time):
      real time           0.00 seconds
      cpu time            0.00 seconds
      


NOTE: There were 28501 observations read from the data set C90.BIGCELLS.
NOTE: The data set WORK.IW901 has 127 observations and 5 variables.
NOTE: DATA statement used (Total process time):
      real time           0.07 seconds
      cpu time            0.01 seconds
      

348        %iwage90(2);

NOTE: There were 127 observations read from the data set WORK.IW901.
NOTE: The data set WORK.IW901 has 127 observations and 5 variables.
NOTE: PROCEDURE SORT used (Total process time):
      real time           0.00 seconds
      cpu time            0.00 seconds
      


NOTE: There were 28501 observations read from the data set C90.BIGCELLS.
NOTE: The data set WORK.IW902 has 127 observations and 5 variables.
NOTE: DATA statement used (Total process time):
      real time           0.06 seconds
      cpu time            0.02 seconds
      
16 The SAS System                                                                       20:14 Wednesday, January 7, 2009


349        %iwage90(3);

NOTE: There were 127 observations read from the data set WORK.IW902.
NOTE: The data set WORK.IW902 has 127 observations and 5 variables.
NOTE: PROCEDURE SORT used (Total process time):
      real time           0.00 seconds
      cpu time            0.00 seconds
      


NOTE: There were 28501 observations read from the data set C90.BIGCELLS.
NOTE: The data set WORK.IW903 has 126 observations and 5 variables.
NOTE: DATA statement used (Total process time):
      real time           0.07 seconds
      cpu time            0.01 seconds
      

350        %iwage90(4);

NOTE: There were 126 observations read from the data set WORK.IW903.
NOTE: The data set WORK.IW903 has 126 observations and 5 variables.
NOTE: PROCEDURE SORT used (Total process time):
      real time           0.00 seconds
      cpu time            0.00 seconds
      


NOTE: There were 28501 observations read from the data set C90.BIGCELLS.
NOTE: The data set WORK.IW904 has 127 observations and 5 variables.
NOTE: DATA statement used (Total process time):
      real time           0.06 seconds
      cpu time            0.01 seconds
      

351        
352        %nwage80(1);

NOTE: There were 127 observations read from the data set WORK.IW904.
NOTE: The data set WORK.IW904 has 127 observations and 5 variables.
NOTE: PROCEDURE SORT used (Total process time):
      real time           0.00 seconds
      cpu time            0.00 seconds
      


NOTE: There were 28502 observations read from the data set C80.BIGCELLS.
NOTE: The data set WORK.NW801 has 127 observations and 5 variables.
NOTE: DATA statement used (Total process time):
      real time           0.17 seconds
      cpu time            0.03 seconds
      

353        %nwage80(2);

NOTE: There were 127 observations read from the data set WORK.NW801.
NOTE: The data set WORK.NW801 has 127 observations and 5 variables.
NOTE: PROCEDURE SORT used (Total process time):
17 The SAS System                                                                       20:14 Wednesday, January 7, 2009

      real time           0.00 seconds
      cpu time            0.00 seconds
      


NOTE: There were 28502 observations read from the data set C80.BIGCELLS.
NOTE: The data set WORK.NW802 has 127 observations and 5 variables.
NOTE: DATA statement used (Total process time):
      real time           0.06 seconds
      cpu time            0.01 seconds
      

354        %nwage80(3);

NOTE: There were 127 observations read from the data set WORK.NW802.
NOTE: The data set WORK.NW802 has 127 observations and 5 variables.
NOTE: PROCEDURE SORT used (Total process time):
      real time           0.00 seconds
      cpu time            0.00 seconds
      


NOTE: There were 28502 observations read from the data set C80.BIGCELLS.
NOTE: The data set WORK.NW803 has 127 observations and 5 variables.
NOTE: DATA statement used (Total process time):
      real time           0.06 seconds
      cpu time            0.01 seconds
      

355        %nwage80(4);

NOTE: There were 127 observations read from the data set WORK.NW803.
NOTE: The data set WORK.NW803 has 127 observations and 5 variables.
NOTE: PROCEDURE SORT used (Total process time):
      real time           0.00 seconds
      cpu time            0.01 seconds
      


NOTE: There were 28502 observations read from the data set C80.BIGCELLS.
NOTE: The data set WORK.NW804 has 127 observations and 5 variables.
NOTE: DATA statement used (Total process time):
      real time           0.14 seconds
      cpu time            0.01 seconds
      

356        %iwage80(1);

NOTE: There were 127 observations read from the data set WORK.NW804.
NOTE: The data set WORK.NW804 has 127 observations and 5 variables.
NOTE: PROCEDURE SORT used (Total process time):
      real time           0.00 seconds
      cpu time            0.00 seconds
      


NOTE: There were 28502 observations read from the data set C80.BIGCELLS.
NOTE: The data set WORK.IW801 has 127 observations and 5 variables.
18 The SAS System                                                                       20:14 Wednesday, January 7, 2009

NOTE: DATA statement used (Total process time):
      real time           0.06 seconds
      cpu time            0.01 seconds
      

357        %iwage80(2);

NOTE: There were 127 observations read from the data set WORK.IW801.
NOTE: The data set WORK.IW801 has 127 observations and 5 variables.
NOTE: PROCEDURE SORT used (Total process time):
      real time           0.00 seconds
      cpu time            0.00 seconds
      


NOTE: There were 28502 observations read from the data set C80.BIGCELLS.
NOTE: The data set WORK.IW802 has 127 observations and 5 variables.
NOTE: DATA statement used (Total process time):
      real time           0.06 seconds
      cpu time            0.02 seconds
      

358        %iwage80(3);

NOTE: There were 127 observations read from the data set WORK.IW802.
NOTE: The data set WORK.IW802 has 127 observations and 5 variables.
NOTE: PROCEDURE SORT used (Total process time):
      real time           0.00 seconds
      cpu time            0.00 seconds
      


NOTE: There were 28502 observations read from the data set C80.BIGCELLS.
NOTE: The data set WORK.IW803 has 126 observations and 5 variables.
NOTE: DATA statement used (Total process time):
      real time           0.06 seconds
      cpu time            0.01 seconds
      

359        %iwage80(4);

NOTE: There were 126 observations read from the data set WORK.IW803.
NOTE: The data set WORK.IW803 has 126 observations and 5 variables.
NOTE: PROCEDURE SORT used (Total process time):
      real time           0.00 seconds
      cpu time            0.00 seconds
      


NOTE: There were 28502 observations read from the data set C80.BIGCELLS.
NOTE: The data set WORK.IW804 has 127 observations and 5 variables.
NOTE: DATA statement used (Total process time):
      real time           0.06 seconds
      cpu time            0.01 seconds
      

360        
361        
19 The SAS System                                                                       20:14 Wednesday, January 7, 2009

362        
363        
364        

NOTE: There were 127 observations read from the data set WORK.IW804.
NOTE: The data set WORK.IW804 has 127 observations and 5 variables.
NOTE: PROCEDURE SORT used (Total process time):
      real time           0.00 seconds
      cpu time            0.00 seconds
      

365        data inflow;  /*from inflow3: 90-2000 arrivals allocated by msa shrs in 80*/
366        set here.newflows90;
367        keep rmsa indrop inhs insome incoll innmdrop innmhs innmsome innmcoll;

NOTE: There were 126 observations read from the data set HERE.NEWFLOWS90.
NOTE: The data set WORK.INFLOW has 126 observations and 9 variables.
NOTE: DATA statement used (Total process time):
      real time           0.02 seconds
      cpu time            0.00 seconds
      

368        proc sort; by rmsa;
369        
370        

NOTE: There were 126 observations read from the data set WORK.INFLOW.
NOTE: The data set WORK.INFLOW has 126 observations and 9 variables.
NOTE: PROCEDURE SORT used (Total process time):
      real time           0.00 seconds
      cpu time            0.00 seconds
      

371        data big;
372        merge m1 m80 m90 m2 m280 m290 
373             nw1 nw2 nw3 nw4 iw1 iw2 iw3 iw4
374             nw901 nw902 nw903 nw904 iw901 iw902 iw903 iw904
375             nw801 nw802 nw803 nw804 iw801 iw802 iw803 iw804
376             inflow nw nw80 nw90 iw iw80 iw90 mfg80 mfg90;
377        by rmsa;
378        
379        resgap=ires-nres;
380        resgap1=ires1-nres1;
381        resgap2=ires2-nres2;
382        resgap3=ires3-nres3;
383        resgap4=ires4-nres4;
384        
385        resgap901=ires901-nres901;
386        resgap902=ires902-nres902;
387        resgap903=ires903-nres903;
388        resgap904=ires904-nres904;
389        
390        wagegap1=iwage1-nwage1;
391        wagegap2=iwage2-nwage2;
392        wagegap3=iwage3-nwage3;
393        wagegap4=iwage4-nwage4;
394        wagegap=iwage-nwage;
395        
20 The SAS System                                                                       20:14 Wednesday, January 7, 2009

396        rels1=log(icountw1/ncountw1);
397        rels2=log(icountw2/ncountw2);
398        rels3=log(icountw3/ncountw3);
399        rels4=log(icountw4/ncountw4);
400        
401        rels=log(icountw/ncountw);
402        
403        
404        c1=.7;
405        c2=1.2;
406        c3=.8;
407        
408        
409        nshs=c1*ncountw1+ncountw2+.5*c2*ncountw3;
410        ishs=c1*icountw1+icountw2+.5*c2*icountw3;
411        relshs=log(ishs/nshs);
412        
413        nshs90=c1*ncountw901+ncountw902+.5*c2*ncountw903;
414        ishs90=c1*icountw901+icountw902+.5*c2*icountw903;
415        relshs90=log(ishs90/nshs90);
416        
417        
418        nscoll=ncountw4+.5*c3*ncountw3;
419        iscoll=icountw4+.5*c3*icountw3;
420        relscoll=log(iscoll/nscoll);
421        
422        nscoll90=ncountw904+.5*c3*ncountw903;
423        iscoll90=icountw904+.5*c3*icountw903;
424        relscoll90=log(iscoll90/nscoll90);
425        
426        
427        infl1=.001*indrop/count;
428        infl2=.001*inhs/count;
429        infl3=.001*insome/count;
430        infl4=.001*incoll/count;
431        inflall=infl1+infl2+infl3+infl4;
432        *without mexicans;
433        innmfl1=.001*innmdrop/count;
434        innmfl2=.001*innmhs/count;
435        innmfl3=.001*innmsome/count;
436        innmfl4=.001*innmcoll/count;
437        
438        hsiv=c1*infl1+infl2+.5*c2*infl3;
439        colliv=.5*c3*infl3+infl4;
440        
441        hsiv2=c1*innmfl1+innmfl2+.5*c2*innmfl3;
442        colliv2=.5*c3*innmfl3+innmfl4;
443        
444        logsize80=log(count80);
445        logsize90=log(count90);
446        
447        check1=ncountw-ncountw1-ncountw2-ncountw3-ncountw4;
448        check2=icountw-icountw1-icountw2-icountw3-icountw4;
449        check3=countw-ncountw-icountw;
450        

NOTE: Variable countw is uninitialized.
NOTE: Missing values were generated as a result of performing an operation on missing values.
21 The SAS System                                                                       20:14 Wednesday, January 7, 2009

      Each place is given by: (Number of times) at (Line):(Column).
      1 at 387:18     1 at 414:38     1 at 415:10     1 at 415:20     1 at 423:26     1 at 424:12     1 at 424:24
      1 at 427:11     1 at 428:11     1 at 429:11     1 at 430:11     1 at 431:14     1 at 433:13     1 at 434:13
      1 at 435:13     1 at 436:13     1 at 438:8      1 at 439:13     1 at 441:9      1 at 442:14     127 at 449:14
NOTE: There were 127 observations read from the data set WORK.M1.
NOTE: There were 127 observations read from the data set WORK.M80.
NOTE: There were 127 observations read from the data set WORK.M90.
NOTE: There were 127 observations read from the data set WORK.M2.
NOTE: There were 127 observations read from the data set WORK.M280.
NOTE: There were 127 observations read from the data set WORK.M290.
NOTE: There were 127 observations read from the data set WORK.NW1.
NOTE: There were 127 observations read from the data set WORK.NW2.
NOTE: There were 127 observations read from the data set WORK.NW3.
NOTE: There were 127 observations read from the data set WORK.NW4.
NOTE: There were 127 observations read from the data set WORK.IW1.
NOTE: There were 127 observations read from the data set WORK.IW2.
NOTE: There were 127 observations read from the data set WORK.IW3.
NOTE: There were 127 observations read from the data set WORK.IW4.
NOTE: There were 127 observations read from the data set WORK.NW901.
NOTE: There were 127 observations read from the data set WORK.NW902.
NOTE: There were 127 observations read from the data set WORK.NW903.
NOTE: There were 127 observations read from the data set WORK.NW904.
NOTE: There were 127 observations read from the data set WORK.IW901.
NOTE: There were 127 observations read from the data set WORK.IW902.
NOTE: There were 126 observations read from the data set WORK.IW903.
NOTE: There were 127 observations read from the data set WORK.IW904.
NOTE: There were 127 observations read from the data set WORK.NW801.
NOTE: There were 127 observations read from the data set WORK.NW802.
NOTE: There were 127 observations read from the data set WORK.NW803.
NOTE: There were 127 observations read from the data set WORK.NW804.
NOTE: There were 127 observations read from the data set WORK.IW801.
NOTE: There were 127 observations read from the data set WORK.IW802.
NOTE: There were 126 observations read from the data set WORK.IW803.
NOTE: There were 127 observations read from the data set WORK.IW804.
NOTE: There were 126 observations read from the data set WORK.INFLOW.
NOTE: There were 127 observations read from the data set WORK.NW.
NOTE: There were 127 observations read from the data set WORK.NW80.
NOTE: There were 127 observations read from the data set WORK.NW90.
NOTE: There were 127 observations read from the data set WORK.IW.
NOTE: There were 127 observations read from the data set WORK.IW80.
NOTE: There were 127 observations read from the data set WORK.IW90.
NOTE: There were 127 observations read from the data set WORK.MFG80.
NOTE: There were 127 observations read from the data set WORK.MFG90.
NOTE: The data set WORK.BIG has 127 observations and 229 variables.
NOTE: DATA statement used (Total process time):
      real time           0.12 seconds
      cpu time            0.03 seconds
      

451        proc means;
452        var check1-check3;
453        

NOTE: There were 127 observations read from the data set WORK.BIG.
NOTE: The PROCEDURE MEANS printed page 1.
NOTE: PROCEDURE MEANS used (Total process time):
      real time           0.29 seconds
      cpu time            0.03 seconds
22 The SAS System                                                                       20:14 Wednesday, January 7, 2009

      

454        proc plot;
455        where (rmsa>3);
456        plot relshs*hsiv;
457        plot relshs*hsiv2;
458        plot relscoll*colliv;
459        plot relscoll*colliv2;
460        

NOTE: There were 124 observations read from the data set WORK.BIG.
      WHERE rmsa>3;
NOTE: The PROCEDURE PLOT printed pages 2-5.
NOTE: PROCEDURE PLOT used (Total process time):
      real time           0.00 seconds
      cpu time            0.01 seconds
      

461        proc corr;
462        where (rmsa > 3);
463        var relshs hsiv hsiv2 relscoll colliv colliv2 imm80 mex80;
464        weight count90;
465        

NOTE: The PROCEDURE CORR printed page 6.
NOTE: PROCEDURE CORR used (Total process time):
      real time           0.08 seconds
      cpu time            0.00 seconds
      

466        proc corr;
467        where (rmsa > 3);
468        var resgap2 relshs resgap4 relscoll imm ;
469        weight count90;
470        
471        

NOTE: The PROCEDURE CORR printed page 7.
NOTE: PROCEDURE CORR used (Total process time):
      real time           0.00 seconds
      cpu time            0.01 seconds
      

472        proc syslin;
473        where (rmsa > 3);
474        
475        model resgap4=colliv;
476        
477        model resgap=rels;
478        model rels=inflall;
479        model resgap=inflall;
480        
481        model resgap2 =relshs;
482        model resgap2 =relshs logsize80 logsize90 coll80 coll90 nres80 ires80 mfg80 
483        mfg90;
484        
485        model resgap2 =relshs resgap902;
486        model resgap2 =relshs resgap902 logsize80 logsize90 coll80 coll90 nres80 ires80
23 The SAS System                                                                       20:14 Wednesday, January 7, 2009

487        mfg80 mfg90;
488        
489        
490        model resgap4 =relscoll;
491        model resgap4 =relscoll logsize80 logsize90 coll80 coll90 nres80 ires80 mfg80 
492        mfg90;
493        
494        model resgap4 =relscoll resgap904;
495        model resgap4 =relscoll resgap904 logsize80 logsize90 coll80 coll90 nres80 ires80
496        mfg80 mfg90;
497        
498        
499        model relshs  =hsiv;
500        model resgap2 =hsiv;
501        model relshs  =hsiv logsize80 logsize90 coll80 coll90 nres80 ires80 mfg80 mfg90;
502        model resgap2 =hsiv logsize80 logsize90 coll80 coll90 nres80 ires80 mfg80 mfg90;
503        
504        model relshs  =hsiv resgap902 logsize80 logsize90 coll80 coll90 nres80 ires80
505        mfg80 mfg90;
506        model resgap2 =hsiv resgap902 logsize80 logsize90 coll80 coll90 nres80 ires80
507        mfg80 mfg90;
508        
509        
510        
511        model relscoll=colliv;
512        model resgap4 =colliv;
513        model relscoll=colliv logsize80 logsize90 coll80 coll90 nres80 ires80 mfg80 
514        mfg90;
515        model resgap4 =colliv logsize80 logsize90 coll80 coll90 nres80 ires80
516        mfg80 mfg90;
517        
518        model relscoll=colliv resgap904 logsize80 logsize90 coll80 coll90 nres80 ires80
519        mfg80 mfg90;
520        model resgap4= colliv resgap904 logsize80 logsize90 coll80 coll90 nres80 ires80
521        mfg80 mfg90;
522        
523        weight count90;
524        
525        
526        
527        

NOTE: 124 observations were read. 
      124 observations were used in the computations.
NOTE: The PROCEDURE SYSLIN printed pages 8-31.
NOTE: PROCEDURE SYSLIN used (Total process time):
      real time           0.10 seconds
      cpu time            0.02 seconds
      

528        proc syslin 2sls;
529        where (rmsa > 3);
530        endogenous relshs;
531        instruments hsiv; 
532        model resgap2=relshs;
533        weight count90;
534        
535        
24 The SAS System                                                                       20:14 Wednesday, January 7, 2009

536        

NOTE: 124 observations were read. 
      124 observations were used in the computations.
NOTE: The PROCEDURE SYSLIN printed page 32.
NOTE: PROCEDURE SYSLIN used (Total process time):
      real time           0.00 seconds
      cpu time            0.00 seconds
      

537        proc syslin 2sls;
538        where (rmsa > 3);
539        endogenous relshs;
540        instruments hsiv logsize80 logsize90 coll80 coll90 nres80 ires80 mfg80 mfg90;
541        model resgap2=relshs logsize80 logsize90 coll80 coll90 nres80 ires80 mfg80 
542        mfg90;
543        weight count90;
544        

NOTE: 124 observations were read. 
      124 observations were used in the computations.
NOTE: The PROCEDURE SYSLIN printed page 33.
NOTE: PROCEDURE SYSLIN used (Total process time):
      real time           0.00 seconds
      cpu time            0.01 seconds
      

545        proc syslin 2sls;
546        where (rmsa > 3);
547        endogenous relshs;
548        instruments hsiv resgap902 logsize80 logsize90 coll80 coll90 nres80 ires80 mfg80 
549        mfg90;
550        model resgap2=relshs resgap902 logsize80 logsize90 coll80 coll90 nres80 ires80
551        mfg80 mfg90;
552        weight count90;
553        
554        

NOTE: 124 observations were read. 
      124 observations were used in the computations.
NOTE: The PROCEDURE SYSLIN printed page 34.
NOTE: PROCEDURE SYSLIN used (Total process time):
      real time           0.00 seconds
      cpu time            0.00 seconds
      

555        proc syslin 2sls;
556        where (rmsa > 3);
557        endogenous relscoll;
558        instruments colliv; 
559        model resgap4=relscoll;
560        weight count90;
561        

NOTE: 124 observations were read. 
      124 observations were used in the computations.
NOTE: The PROCEDURE SYSLIN printed page 35.
NOTE: PROCEDURE SYSLIN used (Total process time):
25 The SAS System                                                                       20:14 Wednesday, January 7, 2009

      real time           0.00 seconds
      cpu time            0.01 seconds
      

562        proc syslin 2sls;
563        where (rmsa > 3);
564        endogenous relscoll;
565        instruments colliv logsize80 logsize90 coll80 coll90 nres80 ires80 mfg80 mfg90;
566        model resgap4=relscoll logsize80 logsize90 coll80 coll90 nres80 ires80 mfg80 
567        mfg90;
568        weight count90;
569        

NOTE: 124 observations were read. 
      124 observations were used in the computations.
NOTE: The PROCEDURE SYSLIN printed page 36.
NOTE: PROCEDURE SYSLIN used (Total process time):
      real time           0.00 seconds
      cpu time            0.00 seconds
      

570        proc syslin 2sls;
571        where (rmsa > 3);
572        endogenous relscoll;
573        instruments colliv resgap904 logsize80 logsize90 coll80 coll90 nres80 ires80 
574        mfg80 mfg90;
575        model resgap4=relscoll resgap904 logsize80 logsize90 coll80 coll90 nres80 ires80 
576        mfg80 mfg90;
577        weight count90;
578        
NOTE: 124 observations were read. 
      124 observations were used in the computations.
NOTE: The PROCEDURE SYSLIN printed page 37.
NOTE: PROCEDURE SYSLIN used (Total process time):
      real time           0.00 seconds
      cpu time            0.00 seconds
      

NOTE: SAS Institute Inc., SAS Campus Drive, Cary, NC USA 27513-2414
NOTE: The SAS System used:
      real time           7.31 seconds
      cpu time            0.73 seconds
      
